          Evm          Svm            E11          E22          E33          E23          E13          E12         SDEV11       SDEV22       SDEV33       SDEV23       SDEV13       SDEV12      TEMP
  0.00000E+00  0.14408E+03    0.00000E+00  0.00000E+00  0.00000E+00  0.00000E+00  0.00000E+00  0.00000E+00    0.53855E+02  0.39398E+02 -0.93253E+02  0.66276E+01  0.98086E+01  0.14312E+02      982.00
  0.24272E-01  0.14363E+03    0.12500E-01  0.12500E-01 -0.25000E-01  0.00000E+00  0.00000E+00  0.00000E+00    0.53156E+02  0.39644E+02 -0.92800E+02  0.59217E+01  0.95667E+01  0.15670E+02      982.00
  0.48501E-01  0.14830E+03    0.25000E-01  0.25000E-01 -0.50000E-01  0.00000E+00  0.00000E+00  0.00000E+00    0.53211E+02  0.42094E+02 -0.95304E+02  0.57129E+01  0.97900E+01  0.18965E+02      982.00
  0.72599E-01  0.16136E+03    0.37500E-01  0.37500E-01 -0.75000E-01  0.00000E+00  0.00000E+00  0.00000E+00    0.53947E+02  0.48391E+02 -0.10234E+03  0.59716E+01  0.10536E+02  0.25887E+02      982.00
  0.96382E-01  0.19053E+03    0.50000E-01  0.50000E-01 -0.10000E+00  0.00000E+00  0.00000E+00  0.00000E+00    0.54544E+02  0.62562E+02 -0.11711E+03  0.66049E+01  0.11995E+02  0.40140E+02      982.00
  0.11943E+00  0.23108E+03    0.62500E-01  0.62500E-01 -0.12500E+00  0.00000E+00  0.00000E+00  0.00000E+00    0.53001E+02  0.82582E+02 -0.13558E+03  0.61252E+01  0.13324E+02  0.59826E+02      982.00
  0.14143E+00  0.25393E+03    0.75000E-01  0.75000E-01 -0.15000E+00  0.00000E+00  0.00000E+00  0.00000E+00    0.53975E+02  0.91135E+02 -0.14511E+03  0.55933E+01  0.13535E+02  0.71704E+02      982.00
  0.16286E+00  0.27667E+03    0.87500E-01  0.87500E-01 -0.17500E+00  0.00000E+00  0.00000E+00  0.00000E+00    0.57935E+02  0.96856E+02 -0.15479E+03  0.66668E+01  0.13615E+02  0.83283E+02      982.00
  0.18384E+00  0.30563E+03    0.10000E+00  0.10000E+00 -0.20000E+00  0.00000E+00  0.00000E+00  0.00000E+00    0.62882E+02  0.10431E+03 -0.16719E+03  0.81991E+01  0.13764E+02  0.97395E+02      982.00
  0.20436E+00  0.33737E+03    0.11250E+00  0.11250E+00 -0.22500E+00  0.00000E+00  0.00000E+00  0.00000E+00    0.68088E+02  0.11269E+03 -0.18078E+03  0.96572E+01  0.13914E+02  0.11245E+03      982.00
  0.22445E+00  0.36750E+03    0.12500E+00  0.12500E+00 -0.25000E+00  0.00000E+00  0.00000E+00  0.00000E+00    0.72805E+02  0.12088E+03 -0.19369E+03  0.10764E+02  0.13948E+02  0.12647E+03      982.00
  0.24422E+00  0.39359E+03    0.13750E+00  0.13750E+00 -0.27500E+00  0.00000E+00  0.00000E+00  0.00000E+00    0.76670E+02  0.12821E+03 -0.20488E+03  0.11463E+02  0.13837E+02  0.13845E+03      982.00
  0.26374E+00  0.41486E+03    0.15000E+00  0.15000E+00 -0.30000E+00  0.00000E+00  0.00000E+00  0.00000E+00    0.79541E+02  0.13453E+03 -0.21407E+03  0.11844E+02  0.13597E+02  0.14805E+03      982.00
  0.28309E+00  0.43164E+03    0.16250E+00  0.16250E+00 -0.32500E+00  0.00000E+00  0.00000E+00  0.00000E+00    0.81601E+02  0.13979E+03 -0.22139E+03  0.11993E+02  0.13262E+02  0.15549E+03      982.00
  0.30232E+00  0.44469E+03    0.17500E+00  0.17500E+00 -0.35000E+00  0.00000E+00  0.00000E+00  0.00000E+00    0.83032E+02  0.14414E+03 -0.22717E+03  0.11983E+02  0.12864E+02  0.16115E+03      982.00
  0.32148E+00  0.45523E+03    0.18750E+00  0.18750E+00 -0.37500E+00  0.00000E+00  0.00000E+00  0.00000E+00    0.83911E+02  0.14795E+03 -0.23187E+03  0.11832E+02  0.12423E+02  0.16565E+03      982.00
  0.34058E+00  0.46341E+03    0.20000E+00  0.20000E+00 -0.40000E+00  0.00000E+00  0.00000E+00  0.00000E+00    0.84419E+02  0.15115E+03 -0.23557E+03  0.11606E+02  0.11953E+02  0.16903E+03      982.00
  0.35964E+00  0.46990E+03    0.21250E+00  0.21250E+00 -0.42500E+00  0.00000E+00  0.00000E+00  0.00000E+00    0.84618E+02  0.15396E+03 -0.23858E+03  0.11321E+02  0.11450E+02  0.17162E+03      982.00
  0.37868E+00  0.47505E+03    0.22500E+00  0.22500E+00 -0.45000E+00  0.00000E+00  0.00000E+00  0.00000E+00    0.84594E+02  0.15644E+03 -0.24103E+03  0.10999E+02  0.10917E+02  0.17355E+03      982.00
  0.39771E+00  0.47919E+03    0.23750E+00  0.23750E+00 -0.47500E+00  0.00000E+00  0.00000E+00  0.00000E+00    0.84257E+02  0.15882E+03 -0.24307E+03  0.10641E+02  0.10355E+02  0.17498E+03      982.00
  0.41673E+00  0.47841E+03    0.25000E+00  0.25000E+00 -0.50000E+00  0.00000E+00  0.00000E+00  0.00000E+00    0.83217E+02  0.15973E+03 -0.24295E+03  0.10239E+02  0.98173E+01  0.17425E+03      982.00
  0.43577E+00  0.47739E+03    0.26250E+00  0.26250E+00 -0.52500E+00  0.00000E+00  0.00000E+00  0.00000E+00    0.82179E+02  0.16058E+03 -0.24276E+03  0.98593E+01  0.92765E+01  0.17335E+03      982.00
  0.45484E+00  0.47622E+03    0.27500E+00  0.27500E+00 -0.55000E+00  0.00000E+00  0.00000E+00  0.00000E+00    0.81157E+02  0.16140E+03 -0.24256E+03  0.94898E+01  0.87359E+01  0.17232E+03      982.00
  0.47394E+00  0.47488E+03    0.28750E+00  0.28750E+00 -0.57500E+00  0.00000E+00  0.00000E+00  0.00000E+00    0.80167E+02  0.16216E+03 -0.24233E+03  0.91263E+01  0.81997E+01  0.17117E+03      982.00
  0.49308E+00  0.47335E+03    0.30000E+00  0.30000E+00 -0.60000E+00  0.00000E+00  0.00000E+00  0.00000E+00    0.79225E+02  0.16284E+03 -0.24207E+03  0.87647E+01  0.76726E+01  0.16987E+03      982.00
  0.51225E+00  0.47161E+03    0.31250E+00  0.31250E+00 -0.62500E+00  0.00000E+00  0.00000E+00  0.00000E+00    0.78349E+02  0.16342E+03 -0.24177E+03  0.84015E+01  0.71591E+01  0.16842E+03      982.00
  0.53148E+00  0.46965E+03    0.32500E+00  0.32500E+00 -0.65000E+00  0.00000E+00  0.00000E+00  0.00000E+00    0.77548E+02  0.16389E+03 -0.24144E+03  0.80346E+01  0.66658E+01  0.16683E+03      982.00
  0.55076E+00  0.46749E+03    0.33750E+00  0.33750E+00 -0.67500E+00  0.00000E+00  0.00000E+00  0.00000E+00    0.76803E+02  0.16427E+03 -0.24107E+03  0.76580E+01  0.61869E+01  0.16508E+03      982.00
  0.57009E+00  0.46504E+03    0.35000E+00  0.35000E+00 -0.70000E+00  0.00000E+00  0.00000E+00  0.00000E+00    0.76193E+02  0.16445E+03 -0.24064E+03  0.72798E+01  0.57346E+01  0.16317E+03      982.00
  0.58950E+00  0.46236E+03    0.36250E+00  0.36250E+00 -0.72500E+00  0.00000E+00  0.00000E+00  0.00000E+00    0.75659E+02  0.16452E+03 -0.24017E+03  0.68953E+01  0.53022E+01  0.16108E+03      982.00
  0.60898E+00  0.45924E+03    0.37500E+00  0.37500E+00 -0.75000E+00  0.00000E+00  0.00000E+00  0.00000E+00    0.75219E+02  0.16437E+03 -0.23958E+03  0.65295E+01  0.48986E+01  0.15873E+03      982.00
  0.62854E+00  0.45600E+03    0.38750E+00  0.38750E+00 -0.77500E+00  0.00000E+00  0.00000E+00  0.00000E+00    0.74925E+02  0.16406E+03 -0.23899E+03  0.61508E+01  0.45210E+01  0.15630E+03      982.00
  0.64820E+00  0.45246E+03    0.40000E+00  0.40000E+00 -0.80000E+00  0.00000E+00  0.00000E+00  0.00000E+00    0.74689E+02  0.16363E+03 -0.23832E+03  0.57792E+01  0.41641E+01  0.15367E+03      982.00
  0.66795E+00  0.44870E+03    0.41250E+00  0.41250E+00 -0.82500E+00  0.00000E+00  0.00000E+00  0.00000E+00    0.74584E+02  0.16302E+03 -0.23761E+03  0.54144E+01  0.38338E+01  0.15089E+03      982.00
  0.68781E+00  0.44452E+03    0.42500E+00  0.42500E+00 -0.85000E+00  0.00000E+00  0.00000E+00  0.00000E+00    0.74579E+02  0.16220E+03 -0.23678E+03  0.50776E+01  0.35361E+01  0.14785E+03      982.00
  0.70778E+00  0.44027E+03    0.43750E+00  0.43750E+00 -0.87500E+00  0.00000E+00  0.00000E+00  0.00000E+00    0.74645E+02  0.16132E+03 -0.23597E+03  0.47438E+01  0.32529E+01  0.14471E+03      982.00
  0.72788E+00  0.43581E+03    0.45000E+00  0.45000E+00 -0.90000E+00  0.00000E+00  0.00000E+00  0.00000E+00    0.74789E+02  0.16032E+03 -0.23510E+03  0.44321E+01  0.29935E+01  0.14141E+03      982.00
  0.74811E+00  0.43116E+03    0.46250E+00  0.46250E+00 -0.92500E+00  0.00000E+00  0.00000E+00  0.00000E+00    0.75009E+02  0.15920E+03 -0.23420E+03  0.41469E+01  0.27583E+01  0.13795E+03      982.00
  0.76848E+00  0.42648E+03    0.47500E+00  0.47500E+00 -0.95000E+00  0.00000E+00  0.00000E+00  0.00000E+00    0.75270E+02  0.15805E+03 -0.23332E+03  0.38672E+01  0.25455E+01  0.13441E+03      982.00
  0.78900E+00  0.42157E+03    0.48750E+00  0.48750E+00 -0.97500E+00  0.00000E+00  0.00000E+00  0.00000E+00    0.75625E+02  0.15675E+03 -0.23237E+03  0.36435E+01  0.23585E+01  0.13069E+03      982.00
  0.80967E+00  0.41660E+03    0.50000E+00  0.50000E+00 -0.10000E+01  0.00000E+00  0.00000E+00  0.00000E+00    0.76059E+02  0.15537E+03 -0.23143E+03  0.34571E+01  0.21964E+01  0.12686E+03      982.00
