          Evm          Svm            E11          E22          E33          E23          E13          E12         SDEV11       SDEV22       SDEV33       SDEV23       SDEV13       SDEV12      TEMP
  0.00000E+00  0.14687E+03    0.00000E+00  0.00000E+00  0.00000E+00  0.00000E+00  0.00000E+00  0.00000E+00    0.48582E+02  0.44265E+02 -0.92847E+02 -0.94602E-01 -0.80433E+00  0.26822E+02      982.00
  0.23707E-01  0.14824E+03    0.12500E-01  0.12500E-01 -0.25000E-01  0.00000E+00  0.00000E+00  0.00000E+00    0.49017E+02  0.44302E+02 -0.93319E+02 -0.19744E+00 -0.11542E+01  0.28046E+02      982.00
  0.47314E-01  0.15122E+03    0.25000E-01  0.25000E-01 -0.50000E-01  0.00000E+00  0.00000E+00  0.00000E+00    0.50111E+02  0.44414E+02 -0.94525E+02 -0.48782E+00 -0.14336E+01  0.30173E+02      982.00
  0.70755E-01  0.15698E+03    0.37500E-01  0.37500E-01 -0.75000E-01  0.00000E+00  0.00000E+00  0.00000E+00    0.52056E+02  0.44880E+02 -0.96936E+02 -0.94838E+00 -0.15840E+01  0.33911E+02      982.00
  0.93912E-01  0.16632E+03    0.50000E-01  0.50000E-01 -0.10000E+00  0.00000E+00  0.00000E+00  0.00000E+00    0.54938E+02  0.45934E+02 -0.10087E+03 -0.14534E+01 -0.17195E+01  0.39552E+02      982.00
  0.11666E+00  0.18063E+03    0.62500E-01  0.62500E-01 -0.12500E+00  0.00000E+00  0.00000E+00  0.00000E+00    0.59062E+02  0.47732E+02 -0.10679E+03 -0.19919E+01 -0.18862E+01  0.47775E+02      982.00
  0.13883E+00  0.20170E+03    0.75000E-01  0.75000E-01 -0.15000E+00  0.00000E+00  0.00000E+00  0.00000E+00    0.64810E+02  0.50473E+02 -0.11528E+03 -0.25591E+01 -0.21528E+01  0.59425E+02      982.00
  0.16026E+00  0.23197E+03    0.87500E-01  0.87500E-01 -0.17500E+00  0.00000E+00  0.00000E+00  0.00000E+00    0.72706E+02  0.54372E+02 -0.12708E+03 -0.32018E+01 -0.25202E+01  0.75656E+02      982.00
  0.18080E+00  0.27274E+03    0.10000E+00  0.10000E+00 -0.20000E+00  0.00000E+00  0.00000E+00  0.00000E+00    0.82956E+02  0.59538E+02 -0.14249E+03 -0.39005E+01 -0.30344E+01  0.96980E+02      982.00
  0.20040E+00  0.32200E+03    0.11250E+00  0.11250E+00 -0.22500E+00  0.00000E+00  0.00000E+00  0.00000E+00    0.94977E+02  0.65682E+02 -0.16066E+03 -0.46274E+01 -0.36217E+01  0.12229E+03      982.00
  0.21911E+00  0.37135E+03    0.12500E+00  0.12500E+00 -0.25000E+00  0.00000E+00  0.00000E+00  0.00000E+00    0.10673E+03  0.71895E+02 -0.17863E+03 -0.52256E+01 -0.42163E+01  0.14727E+03      982.00
  0.23714E+00  0.41353E+03    0.13750E+00  0.13750E+00 -0.27500E+00  0.00000E+00  0.00000E+00  0.00000E+00    0.11655E+03  0.77342E+02 -0.19389E+03 -0.56439E+01 -0.46896E+01  0.16843E+03      982.00
  0.25473E+00  0.44535E+03    0.15000E+00  0.15000E+00 -0.30000E+00  0.00000E+00  0.00000E+00  0.00000E+00    0.12383E+03  0.81638E+02 -0.20547E+03 -0.58403E+01 -0.50688E+01  0.18424E+03      982.00
  0.27203E+00  0.47069E+03    0.16250E+00  0.16250E+00 -0.32500E+00  0.00000E+00  0.00000E+00  0.00000E+00    0.12941E+03  0.85211E+02 -0.21462E+03 -0.59586E+01 -0.52899E+01  0.19685E+03      982.00
  0.28913E+00  0.48888E+03    0.17500E+00  0.17500E+00 -0.35000E+00  0.00000E+00  0.00000E+00  0.00000E+00    0.13338E+03  0.87905E+02 -0.22128E+03 -0.59282E+01 -0.54885E+01  0.20582E+03      982.00
  0.30610E+00  0.50341E+03    0.18750E+00  0.18750E+00 -0.37500E+00  0.00000E+00  0.00000E+00  0.00000E+00    0.13644E+03  0.90121E+02 -0.22657E+03 -0.58605E+01 -0.55933E+01  0.21301E+03      982.00
  0.32298E+00  0.51486E+03    0.20000E+00  0.20000E+00 -0.40000E+00  0.00000E+00  0.00000E+00  0.00000E+00    0.13881E+03  0.91914E+02 -0.23072E+03 -0.57532E+01 -0.56460E+01  0.21868E+03      982.00
  0.33978E+00  0.52402E+03    0.21250E+00  0.21250E+00 -0.42500E+00  0.00000E+00  0.00000E+00  0.00000E+00    0.14066E+03  0.93373E+02 -0.23404E+03 -0.56201E+01 -0.56569E+01  0.22323E+03      982.00
  0.35653E+00  0.53148E+03    0.22500E+00  0.22500E+00 -0.45000E+00  0.00000E+00  0.00000E+00  0.00000E+00    0.14215E+03  0.94572E+02 -0.23672E+03 -0.54714E+01 -0.56339E+01  0.22694E+03      982.00
  0.37323E+00  0.53798E+03    0.23750E+00  0.23750E+00 -0.47500E+00  0.00000E+00  0.00000E+00  0.00000E+00    0.14341E+03  0.95637E+02 -0.23905E+03 -0.53056E+01 -0.55917E+01  0.23019E+03      982.00
  0.38990E+00  0.54285E+03    0.25000E+00  0.25000E+00 -0.50000E+00  0.00000E+00  0.00000E+00  0.00000E+00    0.14443E+03  0.96348E+02 -0.24078E+03 -0.51446E+01 -0.55148E+01  0.23262E+03      982.00
  0.40653E+00  0.54763E+03    0.26250E+00  0.26250E+00 -0.52500E+00  0.00000E+00  0.00000E+00  0.00000E+00    0.14532E+03  0.97119E+02 -0.24244E+03 -0.50045E+01 -0.54035E+01  0.23505E+03      982.00
  0.42313E+00  0.54754E+03    0.27500E+00  0.27500E+00 -0.55000E+00  0.00000E+00  0.00000E+00  0.00000E+00    0.14555E+03  0.96732E+02 -0.24229E+03 -0.47968E+01 -0.51699E+01  0.23507E+03      982.00
  0.43972E+00  0.54787E+03    0.28750E+00  0.28750E+00 -0.57500E+00  0.00000E+00  0.00000E+00  0.00000E+00    0.14566E+03  0.96639E+02 -0.24230E+03 -0.46639E+01 -0.49906E+01  0.23532E+03      982.00
  0.45631E+00  0.54800E+03    0.30000E+00  0.30000E+00 -0.60000E+00  0.00000E+00  0.00000E+00  0.00000E+00    0.14570E+03  0.96555E+02 -0.24225E+03 -0.45359E+01 -0.48207E+01  0.23545E+03      982.00
  0.47289E+00  0.54808E+03    0.31250E+00  0.31250E+00 -0.62500E+00  0.00000E+00  0.00000E+00  0.00000E+00    0.14573E+03  0.96476E+02 -0.24220E+03 -0.44111E+01 -0.46561E+01  0.23555E+03      982.00
  0.48946E+00  0.54815E+03    0.32500E+00  0.32500E+00 -0.65000E+00  0.00000E+00  0.00000E+00  0.00000E+00    0.14575E+03  0.96399E+02 -0.24215E+03 -0.42902E+01 -0.44953E+01  0.23565E+03      982.00
  0.50602E+00  0.54821E+03    0.33750E+00  0.33750E+00 -0.67500E+00  0.00000E+00  0.00000E+00  0.00000E+00    0.14578E+03  0.96326E+02 -0.24211E+03 -0.41733E+01 -0.43382E+01  0.23573E+03      982.00
  0.52259E+00  0.54826E+03    0.35000E+00  0.35000E+00 -0.70000E+00  0.00000E+00  0.00000E+00  0.00000E+00    0.14581E+03  0.96255E+02 -0.24206E+03 -0.40602E+01 -0.41848E+01  0.23580E+03      982.00
  0.53914E+00  0.54831E+03    0.36250E+00  0.36250E+00 -0.72500E+00  0.00000E+00  0.00000E+00  0.00000E+00    0.14584E+03  0.96186E+02 -0.24202E+03 -0.39508E+01 -0.40352E+01  0.23587E+03      982.00
  0.55569E+00  0.54834E+03    0.37500E+00  0.37500E+00 -0.75000E+00  0.00000E+00  0.00000E+00  0.00000E+00    0.14587E+03  0.96120E+02 -0.24199E+03 -0.38448E+01 -0.38893E+01  0.23592E+03      982.00
  0.57224E+00  0.54838E+03    0.38750E+00  0.38750E+00 -0.77500E+00  0.00000E+00  0.00000E+00  0.00000E+00    0.14590E+03  0.96055E+02 -0.24195E+03 -0.37423E+01 -0.37472E+01  0.23597E+03      982.00
  0.58879E+00  0.54841E+03    0.40000E+00  0.40000E+00 -0.80000E+00  0.00000E+00  0.00000E+00  0.00000E+00    0.14593E+03  0.95992E+02 -0.24192E+03 -0.36430E+01 -0.36087E+01  0.23602E+03      982.00
  0.60533E+00  0.54843E+03    0.41250E+00  0.41250E+00 -0.82500E+00  0.00000E+00  0.00000E+00  0.00000E+00    0.14595E+03  0.95957E+02 -0.24191E+03 -0.35750E+01 -0.35241E+01  0.23605E+03      982.00
  0.62187E+00  0.54844E+03    0.42500E+00  0.42500E+00 -0.85000E+00  0.00000E+00  0.00000E+00  0.00000E+00    0.14597E+03  0.95908E+02 -0.24188E+03 -0.34784E+01 -0.33870E+01  0.23608E+03      982.00
  0.63841E+00  0.54846E+03    0.43750E+00  0.43750E+00 -0.87500E+00  0.00000E+00  0.00000E+00  0.00000E+00    0.14602E+03  0.95838E+02 -0.24185E+03 -0.33832E+01 -0.32522E+01  0.23611E+03      982.00
  0.65495E+00  0.54847E+03    0.45000E+00  0.45000E+00 -0.90000E+00  0.00000E+00  0.00000E+00  0.00000E+00    0.14606E+03  0.95774E+02 -0.24183E+03 -0.32918E+01 -0.31217E+01  0.23614E+03      982.00
  0.67148E+00  0.54848E+03    0.46250E+00  0.46250E+00 -0.92500E+00  0.00000E+00  0.00000E+00  0.00000E+00    0.14609E+03  0.95714E+02 -0.24181E+03 -0.32035E+01 -0.29953E+01  0.23616E+03      982.00
  0.68801E+00  0.54849E+03    0.47500E+00  0.47500E+00 -0.95000E+00  0.00000E+00  0.00000E+00  0.00000E+00    0.14613E+03  0.95656E+02 -0.24179E+03 -0.31184E+01 -0.28728E+01  0.23618E+03      982.00
  0.70455E+00  0.54850E+03    0.48750E+00  0.48750E+00 -0.97500E+00  0.00000E+00  0.00000E+00  0.00000E+00    0.14617E+03  0.95599E+02 -0.24177E+03 -0.30362E+01 -0.27540E+01  0.23619E+03      982.00
  0.72107E+00  0.54850E+03    0.50000E+00  0.50000E+00 -0.10000E+01  0.00000E+00  0.00000E+00  0.00000E+00    0.14621E+03  0.95544E+02 -0.24175E+03 -0.29569E+01 -0.26389E+01  0.23621E+03      982.00
