          Evm          Svm            E11          E22          E33          E23          E13          E12         SDEV11       SDEV22       SDEV33       SDEV23       SDEV13       SDEV12      TEMP
  0.00000E+00  0.16438E+03    0.00000E+00  0.00000E+00  0.00000E+00  0.00000E+00  0.00000E+00  0.00000E+00    0.54957E+02  0.46781E+02 -0.10174E+03  0.89561E+01  0.83713E+01  0.32814E+02      982.00
  0.23210E-01  0.16558E+03    0.12500E-01  0.12500E-01 -0.25000E-01  0.00000E+00  0.00000E+00  0.00000E+00    0.53964E+02  0.48017E+02 -0.10198E+03  0.72197E+01  0.65300E+01  0.35145E+02      982.00
  0.46306E-01  0.16461E+03    0.25000E-01  0.25000E-01 -0.50000E-01  0.00000E+00  0.00000E+00  0.00000E+00    0.51830E+02  0.49267E+02 -0.10110E+03  0.56654E+01  0.52298E+01  0.36136E+02      982.00
  0.69337E-01  0.17037E+03    0.37500E-01  0.37500E-01 -0.75000E-01  0.00000E+00  0.00000E+00  0.00000E+00    0.51691E+02  0.51540E+02 -0.10323E+03  0.49739E+01  0.47017E+01  0.40446E+02      982.00
  0.92059E-01  0.18418E+03    0.50000E-01  0.50000E-01 -0.10000E+00  0.00000E+00  0.00000E+00  0.00000E+00    0.53624E+02  0.55210E+02 -0.10883E+03  0.49062E+01  0.46730E+01  0.48763E+02      982.00
  0.11422E+00  0.20734E+03    0.62500E-01  0.62500E-01 -0.12500E+00  0.00000E+00  0.00000E+00  0.00000E+00    0.57554E+02  0.60613E+02 -0.11817E+03  0.53028E+01  0.50102E+01  0.61661E+02      982.00
  0.13559E+00  0.24199E+03    0.75000E-01  0.75000E-01 -0.15000E+00  0.00000E+00  0.00000E+00  0.00000E+00    0.63600E+02  0.68165E+02 -0.13177E+03  0.60744E+01  0.56677E+01  0.80147E+02      982.00
  0.15601E+00  0.28824E+03    0.87500E-01  0.87500E-01 -0.17500E+00  0.00000E+00  0.00000E+00  0.00000E+00    0.71582E+02  0.77841E+02 -0.14942E+03  0.71175E+01  0.65702E+01  0.10414E+03      982.00
  0.17545E+00  0.33995E+03    0.10000E+00  0.10000E+00 -0.20000E+00  0.00000E+00  0.00000E+00  0.00000E+00    0.80324E+02  0.88438E+02 -0.16876E+03  0.82010E+01  0.75050E+01  0.13047E+03      982.00
  0.19406E+00  0.38710E+03    0.11250E+00  0.11250E+00 -0.22500E+00  0.00000E+00  0.00000E+00  0.00000E+00    0.88148E+02  0.98057E+02 -0.18620E+03  0.90837E+01  0.82436E+01  0.15417E+03      982.00
  0.21210E+00  0.42449E+03    0.12500E+00  0.12500E+00 -0.25000E+00  0.00000E+00  0.00000E+00  0.00000E+00    0.94286E+02  0.10572E+03 -0.20001E+03  0.97014E+01  0.87308E+01  0.17279E+03      982.00
  0.22977E+00  0.45298E+03    0.13750E+00  0.13750E+00 -0.27500E+00  0.00000E+00  0.00000E+00  0.00000E+00    0.98925E+02  0.11159E+03 -0.21051E+03  0.10098E+02  0.90194E+01  0.18691E+03      982.00
  0.24720E+00  0.47438E+03    0.15000E+00  0.15000E+00 -0.30000E+00  0.00000E+00  0.00000E+00  0.00000E+00    0.10238E+03  0.11602E+03 -0.21839E+03  0.10339E+02  0.91751E+01  0.19750E+03      982.00
  0.26446E+00  0.49131E+03    0.16250E+00  0.16250E+00 -0.32500E+00  0.00000E+00  0.00000E+00  0.00000E+00    0.10506E+03  0.11951E+03 -0.22457E+03  0.10454E+02  0.92267E+01  0.20589E+03      982.00
  0.28160E+00  0.50431E+03    0.17500E+00  0.17500E+00 -0.35000E+00  0.00000E+00  0.00000E+00  0.00000E+00    0.10705E+03  0.12221E+03 -0.22926E+03  0.10482E+02  0.92101E+01  0.21237E+03      982.00
  0.29865E+00  0.51506E+03    0.18750E+00  0.18750E+00 -0.37500E+00  0.00000E+00  0.00000E+00  0.00000E+00    0.10863E+03  0.12444E+03 -0.23307E+03  0.10420E+02  0.91186E+01  0.21780E+03      982.00
  0.31562E+00  0.52348E+03    0.20000E+00  0.20000E+00 -0.40000E+00  0.00000E+00  0.00000E+00  0.00000E+00    0.10980E+03  0.12620E+03 -0.23600E+03  0.10314E+02  0.89920E+01  0.22208E+03      982.00
  0.33253E+00  0.53023E+03    0.21250E+00  0.21250E+00 -0.42500E+00  0.00000E+00  0.00000E+00  0.00000E+00    0.11071E+03  0.12758E+03 -0.23829E+03  0.10171E+02  0.88339E+01  0.22556E+03      982.00
  0.34938E+00  0.53648E+03    0.22500E+00  0.22500E+00 -0.45000E+00  0.00000E+00  0.00000E+00  0.00000E+00    0.11149E+03  0.12886E+03 -0.24035E+03  0.99690E+01  0.86223E+01  0.22883E+03      982.00
  0.36618E+00  0.54169E+03    0.23750E+00  0.23750E+00 -0.47500E+00  0.00000E+00  0.00000E+00  0.00000E+00    0.11207E+03  0.12995E+03 -0.24202E+03  0.97348E+01  0.83825E+01  0.23159E+03      982.00
  0.38293E+00  0.54637E+03    0.25000E+00  0.25000E+00 -0.50000E+00  0.00000E+00  0.00000E+00  0.00000E+00    0.11256E+03  0.13092E+03 -0.24348E+03  0.94786E+01  0.81204E+01  0.23410E+03      982.00
  0.39964E+00  0.55034E+03    0.26250E+00  0.26250E+00 -0.52500E+00  0.00000E+00  0.00000E+00  0.00000E+00    0.11293E+03  0.13176E+03 -0.24469E+03  0.92064E+01  0.78433E+01  0.23626E+03      982.00
  0.41632E+00  0.55427E+03    0.27500E+00  0.27500E+00 -0.55000E+00  0.00000E+00  0.00000E+00  0.00000E+00    0.11323E+03  0.13264E+03 -0.24586E+03  0.89243E+01  0.75548E+01  0.23841E+03      982.00
  0.43295E+00  0.55746E+03    0.28750E+00  0.28750E+00 -0.57500E+00  0.00000E+00  0.00000E+00  0.00000E+00    0.11347E+03  0.13332E+03 -0.24679E+03  0.86420E+01  0.72637E+01  0.24017E+03      982.00
  0.44955E+00  0.55836E+03    0.30000E+00  0.30000E+00 -0.60000E+00  0.00000E+00  0.00000E+00  0.00000E+00    0.11343E+03  0.13342E+03 -0.24684E+03  0.83318E+01  0.69506E+01  0.24084E+03      982.00
  0.46613E+00  0.55899E+03    0.31250E+00  0.31250E+00 -0.62500E+00  0.00000E+00  0.00000E+00  0.00000E+00    0.11334E+03  0.13348E+03 -0.24682E+03  0.80287E+01  0.66474E+01  0.24137E+03      982.00
  0.48269E+00  0.55971E+03    0.32500E+00  0.32500E+00 -0.65000E+00  0.00000E+00  0.00000E+00  0.00000E+00    0.11327E+03  0.13358E+03 -0.24685E+03  0.77073E+01  0.63259E+01  0.24191E+03      982.00
  0.49923E+00  0.56026E+03    0.33750E+00  0.33750E+00 -0.67500E+00  0.00000E+00  0.00000E+00  0.00000E+00    0.11320E+03  0.13364E+03 -0.24684E+03  0.74310E+01  0.60468E+01  0.24236E+03      982.00
  0.51575E+00  0.56077E+03    0.35000E+00  0.35000E+00 -0.70000E+00  0.00000E+00  0.00000E+00  0.00000E+00    0.11314E+03  0.13370E+03 -0.24684E+03  0.71666E+01  0.57785E+01  0.24276E+03      982.00
  0.53226E+00  0.56135E+03    0.36250E+00  0.36250E+00 -0.72500E+00  0.00000E+00  0.00000E+00  0.00000E+00    0.11311E+03  0.13379E+03 -0.24690E+03  0.68781E+01  0.54839E+01  0.24317E+03      982.00
  0.54875E+00  0.56179E+03    0.37500E+00  0.37500E+00 -0.75000E+00  0.00000E+00  0.00000E+00  0.00000E+00    0.11308E+03  0.13385E+03 -0.24692E+03  0.66106E+01  0.52132E+01  0.24351E+03      982.00
  0.56523E+00  0.56221E+03    0.38750E+00  0.38750E+00 -0.77500E+00  0.00000E+00  0.00000E+00  0.00000E+00    0.11305E+03  0.13389E+03 -0.24694E+03  0.63811E+01  0.49778E+01  0.24382E+03      982.00
  0.58171E+00  0.56259E+03    0.40000E+00  0.40000E+00 -0.80000E+00  0.00000E+00  0.00000E+00  0.00000E+00    0.11303E+03  0.13392E+03 -0.24695E+03  0.61815E+01  0.47721E+01  0.24412E+03      982.00
  0.59817E+00  0.56293E+03    0.41250E+00  0.41250E+00 -0.82500E+00  0.00000E+00  0.00000E+00  0.00000E+00    0.11302E+03  0.13395E+03 -0.24696E+03  0.59732E+01  0.45580E+01  0.24438E+03      982.00
  0.61462E+00  0.56325E+03    0.42500E+00  0.42500E+00 -0.85000E+00  0.00000E+00  0.00000E+00  0.00000E+00    0.11302E+03  0.13397E+03 -0.24699E+03  0.57694E+01  0.43486E+01  0.24462E+03      982.00
  0.63106E+00  0.56355E+03    0.43750E+00  0.43750E+00 -0.87500E+00  0.00000E+00  0.00000E+00  0.00000E+00    0.11302E+03  0.13399E+03 -0.24701E+03  0.55731E+01  0.41469E+01  0.24484E+03      982.00
  0.64750E+00  0.56384E+03    0.45000E+00  0.45000E+00 -0.90000E+00  0.00000E+00  0.00000E+00  0.00000E+00    0.11303E+03  0.13401E+03 -0.24704E+03  0.53837E+01  0.39525E+01  0.24504E+03      982.00
  0.66393E+00  0.56410E+03    0.46250E+00  0.46250E+00 -0.92500E+00  0.00000E+00  0.00000E+00  0.00000E+00    0.11304E+03  0.13403E+03 -0.24707E+03  0.52009E+01  0.37648E+01  0.24522E+03      982.00
  0.68035E+00  0.56435E+03    0.47500E+00  0.47500E+00 -0.95000E+00  0.00000E+00  0.00000E+00  0.00000E+00    0.11306E+03  0.13404E+03 -0.24711E+03  0.50241E+01  0.35837E+01  0.24539E+03      982.00
  0.69677E+00  0.56458E+03    0.48750E+00  0.48750E+00 -0.97500E+00  0.00000E+00  0.00000E+00  0.00000E+00    0.11309E+03  0.13405E+03 -0.24714E+03  0.48530E+01  0.34087E+01  0.24555E+03      982.00
  0.71319E+00  0.56490E+03    0.50000E+00  0.50000E+00 -0.10000E+01  0.00000E+00  0.00000E+00  0.00000E+00    0.11313E+03  0.13407E+03 -0.24720E+03  0.45979E+01  0.31533E+01  0.24576E+03      982.00
