          Evm          Svm            E11          E22          E33          E23          E13          E12         SDEV11       SDEV22       SDEV33       SDEV23       SDEV13       SDEV12      TEMP
  0.00000E+00  0.16448E+03    0.00000E+00  0.00000E+00  0.00000E+00  0.00000E+00  0.00000E+00  0.00000E+00    0.50697E+02  0.52153E+02 -0.10285E+03  0.74712E+01  0.48286E+01  0.31702E+02      982.00
  0.23448E-01  0.16543E+03    0.12500E-01  0.12500E-01 -0.25000E-01  0.00000E+00  0.00000E+00  0.00000E+00    0.47423E+02  0.55358E+02 -0.10278E+03  0.52411E+01  0.49748E+01  0.33635E+02      982.00
  0.46747E-01  0.16647E+03    0.25000E-01  0.25000E-01 -0.50000E-01  0.00000E+00  0.00000E+00  0.00000E+00    0.45699E+02  0.57048E+02 -0.10275E+03  0.44092E+01  0.53201E+01  0.35205E+02      982.00
  0.69893E-01  0.17098E+03    0.37500E-01  0.37500E-01 -0.75000E-01  0.00000E+00  0.00000E+00  0.00000E+00    0.45224E+02  0.59123E+02 -0.10435E+03  0.44040E+01  0.56540E+01  0.38449E+02      982.00
  0.92779E-01  0.17991E+03    0.50000E-01  0.50000E-01 -0.10000E+00  0.00000E+00  0.00000E+00  0.00000E+00    0.45659E+02  0.62257E+02 -0.10792E+03  0.48159E+01  0.60191E+01  0.43888E+02      982.00
  0.11527E+00  0.19431E+03    0.62500E-01  0.62500E-01 -0.12500E+00  0.00000E+00  0.00000E+00  0.00000E+00    0.46952E+02  0.66848E+02 -0.11380E+03  0.55387E+01  0.64946E+01  0.51975E+02      982.00
  0.13724E+00  0.21586E+03    0.75000E-01  0.75000E-01 -0.15000E+00  0.00000E+00  0.00000E+00  0.00000E+00    0.49147E+02  0.73387E+02 -0.12253E+03  0.65408E+01  0.71580E+01  0.63482E+02      982.00
  0.15852E+00  0.24632E+03    0.87500E-01  0.87500E-01 -0.17500E+00  0.00000E+00  0.00000E+00  0.00000E+00    0.52338E+02  0.82322E+02 -0.13466E+03  0.78178E+01  0.80543E+01  0.79207E+02      982.00
  0.17902E+00  0.28685E+03    0.10000E+00  0.10000E+00 -0.20000E+00  0.00000E+00  0.00000E+00  0.00000E+00    0.56510E+02  0.93908E+02 -0.15042E+03  0.92832E+01  0.92007E+01  0.99693E+02      982.00
  0.19869E+00  0.33178E+03    0.11250E+00  0.11250E+00 -0.22500E+00  0.00000E+00  0.00000E+00  0.00000E+00    0.61419E+02  0.10630E+03 -0.16772E+03  0.10897E+02  0.10325E+02  0.12193E+03      982.00
  0.21764E+00  0.37654E+03    0.12500E+00  0.12500E+00 -0.25000E+00  0.00000E+00  0.00000E+00  0.00000E+00    0.66327E+02  0.11832E+03 -0.18465E+03  0.12200E+02  0.11370E+02  0.14400E+03      982.00
  0.23603E+00  0.41274E+03    0.13750E+00  0.13750E+00 -0.27500E+00  0.00000E+00  0.00000E+00  0.00000E+00    0.70726E+02  0.12769E+03 -0.19842E+03  0.13270E+02  0.12024E+02  0.16164E+03      982.00
  0.25406E+00  0.44167E+03    0.15000E+00  0.15000E+00 -0.30000E+00  0.00000E+00  0.00000E+00  0.00000E+00    0.74440E+02  0.13488E+03 -0.20932E+03  0.13943E+02  0.12466E+02  0.17578E+03      982.00
  0.27183E+00  0.46399E+03    0.16250E+00  0.16250E+00 -0.32500E+00  0.00000E+00  0.00000E+00  0.00000E+00    0.77520E+02  0.14016E+03 -0.21768E+03  0.14347E+02  0.12727E+02  0.18675E+03      982.00
  0.28943E+00  0.48133E+03    0.17500E+00  0.17500E+00 -0.35000E+00  0.00000E+00  0.00000E+00  0.00000E+00    0.80064E+02  0.14403E+03 -0.22409E+03  0.14542E+02  0.12868E+02  0.19535E+03      982.00
  0.30688E+00  0.49500E+03    0.18750E+00  0.18750E+00 -0.37500E+00  0.00000E+00  0.00000E+00  0.00000E+00    0.82195E+02  0.14686E+03 -0.22906E+03  0.14574E+02  0.12934E+02  0.20223E+03      982.00
  0.32424E+00  0.50598E+03    0.20000E+00  0.20000E+00 -0.40000E+00  0.00000E+00  0.00000E+00  0.00000E+00    0.83978E+02  0.14897E+03 -0.23295E+03  0.14478E+02  0.12950E+02  0.20786E+03      982.00
  0.34150E+00  0.51493E+03    0.21250E+00  0.21250E+00 -0.42500E+00  0.00000E+00  0.00000E+00  0.00000E+00    0.85517E+02  0.15051E+03 -0.23602E+03  0.14279E+02  0.12932E+02  0.21255E+03      982.00
  0.35869E+00  0.52241E+03    0.22500E+00  0.22500E+00 -0.45000E+00  0.00000E+00  0.00000E+00  0.00000E+00    0.86816E+02  0.15169E+03 -0.23850E+03  0.13999E+02  0.12884E+02  0.21655E+03      982.00
  0.37581E+00  0.52869E+03    0.23750E+00  0.23750E+00 -0.47500E+00  0.00000E+00  0.00000E+00  0.00000E+00    0.87946E+02  0.15256E+03 -0.24051E+03  0.13660E+02  0.12806E+02  0.21999E+03      982.00
  0.39287E+00  0.53411E+03    0.25000E+00  0.25000E+00 -0.50000E+00  0.00000E+00  0.00000E+00  0.00000E+00    0.88882E+02  0.15329E+03 -0.24217E+03  0.13276E+02  0.12698E+02  0.22301E+03      982.00
  0.40987E+00  0.53879E+03    0.26250E+00  0.26250E+00 -0.52500E+00  0.00000E+00  0.00000E+00  0.00000E+00    0.89682E+02  0.15386E+03 -0.24354E+03  0.12864E+02  0.12557E+02  0.22567E+03      982.00
  0.42682E+00  0.53948E+03    0.27500E+00  0.27500E+00 -0.55000E+00  0.00000E+00  0.00000E+00  0.00000E+00    0.89734E+02  0.15362E+03 -0.24335E+03  0.12315E+02  0.12351E+02  0.22643E+03      982.00
  0.44374E+00  0.54011E+03    0.28750E+00  0.28750E+00 -0.57500E+00  0.00000E+00  0.00000E+00  0.00000E+00    0.89741E+02  0.15344E+03 -0.24318E+03  0.11792E+02  0.12124E+02  0.22713E+03      982.00
  0.46062E+00  0.54073E+03    0.30000E+00  0.30000E+00 -0.60000E+00  0.00000E+00  0.00000E+00  0.00000E+00    0.89710E+02  0.15332E+03 -0.24303E+03  0.11298E+02  0.11878E+02  0.22778E+03      982.00
  0.47748E+00  0.54134E+03    0.31250E+00  0.31250E+00 -0.62500E+00  0.00000E+00  0.00000E+00  0.00000E+00    0.89643E+02  0.15326E+03 -0.24290E+03  0.10834E+02  0.11616E+02  0.22840E+03      982.00
  0.49430E+00  0.54192E+03    0.32500E+00  0.32500E+00 -0.65000E+00  0.00000E+00  0.00000E+00  0.00000E+00    0.89555E+02  0.15323E+03 -0.24279E+03  0.10396E+02  0.11341E+02  0.22898E+03      982.00
  0.51110E+00  0.54300E+03    0.33750E+00  0.33750E+00 -0.67500E+00  0.00000E+00  0.00000E+00  0.00000E+00    0.89288E+02  0.15357E+03 -0.24286E+03  0.99596E+01  0.11057E+02  0.22976E+03      982.00
  0.52788E+00  0.54352E+03    0.35000E+00  0.35000E+00 -0.70000E+00  0.00000E+00  0.00000E+00  0.00000E+00    0.89159E+02  0.15361E+03 -0.24277E+03  0.95620E+01  0.10759E+02  0.23026E+03      982.00
  0.54463E+00  0.54400E+03    0.36250E+00  0.36250E+00 -0.72500E+00  0.00000E+00  0.00000E+00  0.00000E+00    0.88989E+02  0.15370E+03 -0.24269E+03  0.91857E+01  0.10454E+02  0.23072E+03      982.00
  0.56136E+00  0.54446E+03    0.37500E+00  0.37500E+00 -0.75000E+00  0.00000E+00  0.00000E+00  0.00000E+00    0.88812E+02  0.15381E+03 -0.24262E+03  0.88296E+01  0.10147E+02  0.23114E+03      982.00
  0.57807E+00  0.54489E+03    0.38750E+00  0.38750E+00 -0.77500E+00  0.00000E+00  0.00000E+00  0.00000E+00    0.88640E+02  0.15391E+03 -0.24255E+03  0.84927E+01  0.98407E+01  0.23153E+03      982.00
  0.59476E+00  0.54529E+03    0.40000E+00  0.40000E+00 -0.80000E+00  0.00000E+00  0.00000E+00  0.00000E+00    0.88479E+02  0.15402E+03 -0.24250E+03  0.81733E+01  0.95365E+01  0.23190E+03      982.00
  0.61144E+00  0.54569E+03    0.41250E+00  0.41250E+00 -0.82500E+00  0.00000E+00  0.00000E+00  0.00000E+00    0.88334E+02  0.15413E+03 -0.24246E+03  0.78714E+01  0.92405E+01  0.23225E+03      982.00
  0.62810E+00  0.54605E+03    0.42500E+00  0.42500E+00 -0.85000E+00  0.00000E+00  0.00000E+00  0.00000E+00    0.88178E+02  0.15424E+03 -0.24242E+03  0.75828E+01  0.89444E+01  0.23256E+03      982.00
  0.64475E+00  0.54637E+03    0.43750E+00  0.43750E+00 -0.87500E+00  0.00000E+00  0.00000E+00  0.00000E+00    0.88049E+02  0.15433E+03 -0.24238E+03  0.73083E+01  0.86551E+01  0.23285E+03      982.00
  0.66138E+00  0.54675E+03    0.45000E+00  0.45000E+00 -0.90000E+00  0.00000E+00  0.00000E+00  0.00000E+00    0.87926E+02  0.15446E+03 -0.24238E+03  0.69985E+01  0.83419E+01  0.23315E+03      982.00
  0.67801E+00  0.54703E+03    0.46250E+00  0.46250E+00 -0.92500E+00  0.00000E+00  0.00000E+00  0.00000E+00    0.87834E+02  0.15452E+03 -0.24235E+03  0.67538E+01  0.80723E+01  0.23340E+03      982.00
  0.69462E+00  0.54727E+03    0.47500E+00  0.47500E+00 -0.95000E+00  0.00000E+00  0.00000E+00  0.00000E+00    0.87759E+02  0.15456E+03 -0.24232E+03  0.65213E+01  0.78108E+01  0.23362E+03      982.00
  0.71122E+00  0.54751E+03    0.48750E+00  0.48750E+00 -0.97500E+00  0.00000E+00  0.00000E+00  0.00000E+00    0.87599E+02  0.15469E+03 -0.24229E+03  0.63139E+01  0.75679E+01  0.23382E+03      982.00
  0.72782E+00  0.54770E+03    0.50000E+00  0.50000E+00 -0.10000E+01  0.00000E+00  0.00000E+00  0.00000E+00    0.87557E+02  0.15470E+03 -0.24225E+03  0.60952E+01  0.73193E+01  0.23400E+03      982.00
