          Evm          Svm            E11          E22          E33          E23          E13          E12         SDEV11       SDEV22       SDEV33       SDEV23       SDEV13       SDEV12      TEMP
  0.00000E+00  0.16795E+03    0.00000E+00  0.00000E+00  0.00000E+00  0.00000E+00  0.00000E+00  0.00000E+00    0.68334E+02  0.39889E+02 -0.10822E+03  0.35991E+01  0.32247E+01  0.19823E+02      982.00
  0.24164E-01  0.16931E+03    0.12500E-01  0.12500E-01 -0.25000E-01  0.00000E+00  0.00000E+00  0.00000E+00    0.69836E+02  0.38619E+02 -0.10845E+03  0.24447E+01  0.22632E+01  0.21885E+02      982.00
  0.48185E-01  0.17583E+03    0.25000E-01  0.25000E-01 -0.50000E-01  0.00000E+00  0.00000E+00  0.00000E+00    0.73980E+02  0.37540E+02 -0.11152E+03  0.16757E+01  0.20441E+01  0.25273E+02      982.00
  0.71969E-01  0.18847E+03    0.37500E-01  0.37500E-01 -0.75000E-01  0.00000E+00  0.00000E+00  0.00000E+00    0.81344E+02  0.36463E+02 -0.11781E+03  0.12729E+01  0.24629E+01  0.30345E+02      982.00
  0.95409E-01  0.20832E+03    0.50000E-01  0.50000E-01 -0.10000E+00  0.00000E+00  0.00000E+00  0.00000E+00    0.92531E+02  0.35133E+02 -0.12766E+03  0.12150E+01  0.34171E+01  0.37493E+02      982.00
  0.11839E+00  0.23575E+03    0.62500E-01  0.62500E-01 -0.12500E+00  0.00000E+00  0.00000E+00  0.00000E+00    0.10776E+03  0.33298E+02 -0.14106E+03  0.14493E+01  0.47150E+01  0.46826E+02      982.00
  0.14083E+00  0.26840E+03    0.75000E-01  0.75000E-01 -0.15000E+00  0.00000E+00  0.00000E+00  0.00000E+00    0.12579E+03  0.30927E+02 -0.15672E+03  0.18433E+01  0.60187E+01  0.57473E+02      982.00
  0.16272E+00  0.30125E+03    0.87500E-01  0.87500E-01 -0.17500E+00  0.00000E+00  0.00000E+00  0.00000E+00    0.14395E+03  0.28349E+02 -0.17230E+03  0.22619E+01  0.69881E+01  0.67759E+02      982.00
  0.18417E+00  0.32972E+03    0.10000E+00  0.10000E+00 -0.20000E+00  0.00000E+00  0.00000E+00  0.00000E+00    0.15965E+03  0.26173E+02 -0.18582E+03  0.26424E+01  0.75525E+01  0.76315E+02      982.00
  0.20530E+00  0.35250E+03    0.11250E+00  0.11250E+00 -0.22500E+00  0.00000E+00  0.00000E+00  0.00000E+00    0.17202E+03  0.24804E+02 -0.19682E+03  0.30121E+01  0.78337E+01  0.82922E+02      982.00
  0.22624E+00  0.36991E+03    0.12500E+00  0.12500E+00 -0.25000E+00  0.00000E+00  0.00000E+00  0.00000E+00    0.18102E+03  0.24539E+02 -0.20556E+03  0.34132E+01  0.79938E+01  0.87873E+02      982.00
  0.24708E+00  0.38285E+03    0.13750E+00  0.13750E+00 -0.27500E+00  0.00000E+00  0.00000E+00  0.00000E+00    0.18717E+03  0.25331E+02 -0.21250E+03  0.38631E+01  0.81530E+01  0.91442E+02      982.00
  0.26790E+00  0.39131E+03    0.15000E+00  0.15000E+00 -0.30000E+00  0.00000E+00  0.00000E+00  0.00000E+00    0.19121E+03  0.26365E+02 -0.21757E+03  0.42735E+01  0.84447E+01  0.93041E+02      982.00
  0.28875E+00  0.39622E+03    0.16250E+00  0.16250E+00 -0.32500E+00  0.00000E+00  0.00000E+00  0.00000E+00    0.19484E+03  0.26047E+02 -0.22089E+03  0.44613E+01  0.88059E+01  0.92281E+02      982.00
  0.30965E+00  0.39842E+03    0.17500E+00  0.17500E+00 -0.35000E+00  0.00000E+00  0.00000E+00  0.00000E+00    0.19775E+03  0.25032E+02 -0.22279E+03  0.44934E+01  0.91681E+01  0.90140E+02      982.00
  0.33062E+00  0.39999E+03    0.18750E+00  0.18750E+00 -0.37500E+00  0.00000E+00  0.00000E+00  0.00000E+00    0.20003E+03  0.24295E+02 -0.22433E+03  0.45359E+01  0.93569E+01  0.88080E+02      982.00
  0.35165E+00  0.40124E+03    0.20000E+00  0.20000E+00 -0.40000E+00  0.00000E+00  0.00000E+00  0.00000E+00    0.20146E+03  0.24380E+02 -0.22584E+03  0.46804E+01  0.93987E+01  0.86386E+02      982.00
  0.37276E+00  0.40201E+03    0.21250E+00  0.21250E+00 -0.42500E+00  0.00000E+00  0.00000E+00  0.00000E+00    0.20203E+03  0.25268E+02 -0.22730E+03  0.48809E+01  0.93448E+01  0.84862E+02      982.00
  0.39396E+00  0.40203E+03    0.22500E+00  0.22500E+00 -0.45000E+00  0.00000E+00  0.00000E+00  0.00000E+00    0.20184E+03  0.26756E+02 -0.22860E+03  0.50705E+01  0.92998E+01  0.83110E+02      982.00
  0.41529E+00  0.40161E+03    0.23750E+00  0.23750E+00 -0.47500E+00  0.00000E+00  0.00000E+00  0.00000E+00    0.20130E+03  0.28445E+02 -0.22975E+03  0.51997E+01  0.91550E+01  0.81206E+02      982.00
  0.43674E+00  0.40067E+03    0.25000E+00  0.25000E+00 -0.50000E+00  0.00000E+00  0.00000E+00  0.00000E+00    0.20046E+03  0.30278E+02 -0.23073E+03  0.52637E+01  0.90428E+01  0.78950E+02      982.00
  0.45833E+00  0.39677E+03    0.26250E+00  0.26250E+00 -0.52500E+00  0.00000E+00  0.00000E+00  0.00000E+00    0.19801E+03  0.32119E+02 -0.23012E+03  0.51812E+01  0.88222E+01  0.75983E+02      982.00
  0.48008E+00  0.39296E+03    0.27500E+00  0.27500E+00 -0.55000E+00  0.00000E+00  0.00000E+00  0.00000E+00    0.19551E+03  0.34066E+02 -0.22958E+03  0.51079E+01  0.86748E+01  0.72981E+02      982.00
  0.50199E+00  0.38930E+03    0.28750E+00  0.28750E+00 -0.57500E+00  0.00000E+00  0.00000E+00  0.00000E+00    0.19300E+03  0.36098E+02 -0.22910E+03  0.50490E+01  0.85665E+01  0.69983E+02      982.00
  0.52406E+00  0.38581E+03    0.30000E+00  0.30000E+00 -0.60000E+00  0.00000E+00  0.00000E+00  0.00000E+00    0.19050E+03  0.38204E+02 -0.22870E+03  0.50053E+01  0.84944E+01  0.67013E+02      982.00
  0.54629E+00  0.38252E+03    0.31250E+00  0.31250E+00 -0.62500E+00  0.00000E+00  0.00000E+00  0.00000E+00    0.18801E+03  0.40379E+02 -0.22839E+03  0.49776E+01  0.84600E+01  0.64083E+02      982.00
  0.56868E+00  0.37946E+03    0.32500E+00  0.32500E+00 -0.65000E+00  0.00000E+00  0.00000E+00  0.00000E+00    0.18555E+03  0.42619E+02 -0.22817E+03  0.49657E+01  0.84610E+01  0.61210E+02      982.00
  0.59123E+00  0.37664E+03    0.33750E+00  0.33750E+00 -0.67500E+00  0.00000E+00  0.00000E+00  0.00000E+00    0.18312E+03  0.44914E+02 -0.22804E+03  0.49687E+01  0.84943E+01  0.58408E+02      982.00
  0.61393E+00  0.37408E+03    0.35000E+00  0.35000E+00 -0.70000E+00  0.00000E+00  0.00000E+00  0.00000E+00    0.18075E+03  0.47256E+02 -0.22801E+03  0.49848E+01  0.85555E+01  0.55689E+02      982.00
  0.63679E+00  0.37179E+03    0.36250E+00  0.36250E+00 -0.72500E+00  0.00000E+00  0.00000E+00  0.00000E+00    0.17844E+03  0.49636E+02 -0.22807E+03  0.50120E+01  0.86403E+01  0.53064E+02      982.00
  0.65979E+00  0.36979E+03    0.37500E+00  0.37500E+00 -0.75000E+00  0.00000E+00  0.00000E+00  0.00000E+00    0.17620E+03  0.52042E+02 -0.22824E+03  0.50479E+01  0.87437E+01  0.50538E+02      982.00
  0.68294E+00  0.36813E+03    0.38750E+00  0.38750E+00 -0.77500E+00  0.00000E+00  0.00000E+00  0.00000E+00    0.17408E+03  0.54459E+02 -0.22854E+03  0.50853E+01  0.88454E+01  0.48138E+02      982.00
  0.70622E+00  0.36669E+03    0.40000E+00  0.40000E+00 -0.80000E+00  0.00000E+00  0.00000E+00  0.00000E+00    0.17202E+03  0.56890E+02 -0.22891E+03  0.51319E+01  0.89741E+01  0.45822E+02      982.00
  0.72963E+00  0.36553E+03    0.41250E+00  0.41250E+00 -0.82500E+00  0.00000E+00  0.00000E+00  0.00000E+00    0.17005E+03  0.59319E+02 -0.22937E+03  0.51802E+01  0.91073E+01  0.43614E+02      982.00
  0.75316E+00  0.36464E+03    0.42500E+00  0.42500E+00 -0.85000E+00  0.00000E+00  0.00000E+00  0.00000E+00    0.16819E+03  0.61738E+02 -0.22993E+03  0.52283E+01  0.92412E+01  0.41514E+02      982.00
  0.77681E+00  0.36401E+03    0.43750E+00  0.43750E+00 -0.87500E+00  0.00000E+00  0.00000E+00  0.00000E+00    0.16644E+03  0.64126E+02 -0.23057E+03  0.52775E+01  0.93781E+01  0.39527E+02      982.00
  0.80056E+00  0.36358E+03    0.45000E+00  0.45000E+00 -0.90000E+00  0.00000E+00  0.00000E+00  0.00000E+00    0.16473E+03  0.66552E+02 -0.23128E+03  0.53195E+01  0.95034E+01  0.37634E+02      982.00
  0.82442E+00  0.36343E+03    0.46250E+00  0.46250E+00 -0.92500E+00  0.00000E+00  0.00000E+00  0.00000E+00    0.16319E+03  0.68897E+02 -0.23209E+03  0.53578E+01  0.96195E+01  0.35845E+02      982.00
  0.84837E+00  0.36350E+03    0.47500E+00  0.47500E+00 -0.95000E+00  0.00000E+00  0.00000E+00  0.00000E+00    0.16176E+03  0.71207E+02 -0.23296E+03  0.53913E+01  0.97264E+01  0.34151E+02      982.00
  0.87240E+00  0.36377E+03    0.48750E+00  0.48750E+00 -0.97500E+00  0.00000E+00  0.00000E+00  0.00000E+00    0.16043E+03  0.73479E+02 -0.23391E+03  0.54195E+01  0.98227E+01  0.32548E+02      982.00
  0.89651E+00  0.36423E+03    0.50000E+00  0.50000E+00 -0.10000E+01  0.00000E+00  0.00000E+00  0.00000E+00    0.15920E+03  0.75712E+02 -0.23491E+03  0.54422E+01  0.99077E+01  0.31032E+02      982.00
