          Evm          Svm            E11          E22          E33          E23          E13          E12         SDEV11       SDEV22       SDEV33       SDEV23       SDEV13       SDEV12      TEMP
  0.00000E+00  0.15347E+03    0.00000E+00  0.00000E+00  0.00000E+00  0.00000E+00  0.00000E+00  0.00000E+00    0.44395E+02  0.55422E+02 -0.99817E+02  0.56596E+01  0.89460E+01  0.15378E+02      982.00
  0.24389E-01  0.15244E+03    0.12500E-01  0.12500E-01 -0.25000E-01  0.00000E+00  0.00000E+00  0.00000E+00    0.44525E+02  0.54471E+02 -0.98996E+02  0.52474E+01  0.77705E+01  0.16828E+02      982.00
  0.48742E-01  0.15718E+03    0.25000E-01  0.25000E-01 -0.50000E-01  0.00000E+00  0.00000E+00  0.00000E+00    0.47510E+02  0.54052E+02 -0.10156E+03  0.53588E+01  0.73509E+01  0.20148E+02      982.00
  0.72972E-01  0.17109E+03    0.37500E-01  0.37500E-01 -0.75000E-01  0.00000E+00  0.00000E+00  0.00000E+00    0.55695E+02  0.53523E+02 -0.10922E+03  0.60679E+01  0.75577E+01  0.26745E+02      982.00
  0.96911E-01  0.19727E+03    0.50000E-01  0.50000E-01 -0.10000E+00  0.00000E+00  0.00000E+00  0.00000E+00    0.72044E+02  0.50876E+02 -0.12292E+03  0.72332E+01  0.77875E+01  0.37613E+02      982.00
  0.12028E+00  0.21859E+03    0.62500E-01  0.62500E-01 -0.12500E+00  0.00000E+00  0.00000E+00  0.00000E+00    0.85984E+02  0.47154E+02 -0.13314E+03  0.81228E+01  0.70717E+01  0.46263E+02      982.00
  0.14312E+00  0.23478E+03    0.75000E-01  0.75000E-01 -0.15000E+00  0.00000E+00  0.00000E+00  0.00000E+00    0.93496E+02  0.47192E+02 -0.14069E+03  0.88771E+01  0.74045E+01  0.53471E+02      982.00
  0.16559E+00  0.25730E+03    0.87500E-01  0.87500E-01 -0.17500E+00  0.00000E+00  0.00000E+00  0.00000E+00    0.10142E+03  0.50059E+02 -0.15148E+03  0.95626E+01  0.87470E+01  0.63483E+02      982.00
  0.18767E+00  0.28548E+03    0.10000E+00  0.10000E+00 -0.20000E+00  0.00000E+00  0.00000E+00  0.00000E+00    0.11043E+03  0.54525E+02 -0.16495E+03  0.10127E+02  0.10108E+02  0.75976E+02      982.00
  0.20934E+00  0.31417E+03    0.11250E+00  0.11250E+00 -0.22500E+00  0.00000E+00  0.00000E+00  0.00000E+00    0.11863E+03  0.60029E+02 -0.17866E+03  0.10438E+02  0.11105E+02  0.88709E+02      982.00
  0.23066E+00  0.33944E+03    0.12500E+00  0.12500E+00 -0.25000E+00  0.00000E+00  0.00000E+00  0.00000E+00    0.12500E+03  0.65803E+02 -0.19080E+03  0.10450E+02  0.11631E+02  0.99908E+02      982.00
  0.25174E+00  0.35985E+03    0.13750E+00  0.13750E+00 -0.27500E+00  0.00000E+00  0.00000E+00  0.00000E+00    0.12951E+03  0.71232E+02 -0.20075E+03  0.10216E+02  0.11772E+02  0.10884E+03      982.00
  0.27266E+00  0.37554E+03    0.15000E+00  0.15000E+00 -0.30000E+00  0.00000E+00  0.00000E+00  0.00000E+00    0.13262E+03  0.75974E+02 -0.20859E+03  0.98109E+01  0.11644E+02  0.11551E+03      982.00
  0.29349E+00  0.38723E+03    0.16250E+00  0.16250E+00 -0.32500E+00  0.00000E+00  0.00000E+00  0.00000E+00    0.13475E+03  0.79946E+02 -0.21469E+03  0.93011E+01  0.11347E+02  0.12020E+03      982.00
  0.31428E+00  0.39565E+03    0.17500E+00  0.17500E+00 -0.35000E+00  0.00000E+00  0.00000E+00  0.00000E+00    0.13610E+03  0.83301E+02 -0.21940E+03  0.87397E+01  0.10959E+02  0.12323E+03      982.00
  0.33508E+00  0.40148E+03    0.18750E+00  0.18750E+00 -0.37500E+00  0.00000E+00  0.00000E+00  0.00000E+00    0.13689E+03  0.86130E+02 -0.22302E+03  0.81598E+01  0.10523E+02  0.12492E+03      982.00
  0.35591E+00  0.40524E+03    0.20000E+00  0.20000E+00 -0.40000E+00  0.00000E+00  0.00000E+00  0.00000E+00    0.13725E+03  0.88541E+02 -0.22579E+03  0.75839E+01  0.10075E+02  0.12550E+03      982.00
  0.37680E+00  0.40732E+03    0.21250E+00  0.21250E+00 -0.42500E+00  0.00000E+00  0.00000E+00  0.00000E+00    0.13727E+03  0.90635E+02 -0.22790E+03  0.70279E+01  0.96404E+01  0.12516E+03      982.00
  0.39778E+00  0.40803E+03    0.22500E+00  0.22500E+00 -0.45000E+00  0.00000E+00  0.00000E+00  0.00000E+00    0.13699E+03  0.92485E+02 -0.22947E+03  0.65041E+01  0.92373E+01  0.12402E+03      982.00
  0.41887E+00  0.40761E+03    0.23750E+00  0.23750E+00 -0.47500E+00  0.00000E+00  0.00000E+00  0.00000E+00    0.13649E+03  0.94131E+02 -0.23062E+03  0.60250E+01  0.88758E+01  0.12218E+03      982.00
  0.44009E+00  0.40340E+03    0.25000E+00  0.25000E+00 -0.50000E+00  0.00000E+00  0.00000E+00  0.00000E+00    0.13558E+03  0.94309E+02 -0.22989E+03  0.56602E+01  0.85191E+01  0.11865E+03      982.00
  0.46146E+00  0.39929E+03    0.26250E+00  0.26250E+00 -0.52500E+00  0.00000E+00  0.00000E+00  0.00000E+00    0.13437E+03  0.94821E+02 -0.22919E+03  0.53290E+01  0.82335E+01  0.11516E+03      982.00
  0.48298E+00  0.39515E+03    0.27500E+00  0.27500E+00 -0.55000E+00  0.00000E+00  0.00000E+00  0.00000E+00    0.13312E+03  0.95377E+02 -0.22850E+03  0.50309E+01  0.80057E+01  0.11155E+03      982.00
  0.50467E+00  0.39120E+03    0.28750E+00  0.28750E+00 -0.57500E+00  0.00000E+00  0.00000E+00  0.00000E+00    0.13194E+03  0.95952E+02 -0.22789E+03  0.47575E+01  0.78179E+01  0.10797E+03      982.00
  0.52651E+00  0.38734E+03    0.30000E+00  0.30000E+00 -0.60000E+00  0.00000E+00  0.00000E+00  0.00000E+00    0.13073E+03  0.96572E+02 -0.22731E+03  0.45164E+01  0.76789E+01  0.10435E+03      982.00
  0.54852E+00  0.38375E+03    0.31250E+00  0.31250E+00 -0.62500E+00  0.00000E+00  0.00000E+00  0.00000E+00    0.12963E+03  0.97204E+02 -0.22684E+03  0.42977E+01  0.75732E+01  0.10078E+03      982.00
  0.57069E+00  0.38022E+03    0.32500E+00  0.32500E+00 -0.65000E+00  0.00000E+00  0.00000E+00  0.00000E+00    0.12853E+03  0.97854E+02 -0.22639E+03  0.41078E+01  0.75163E+01  0.97174E+02      982.00
  0.59301E+00  0.37709E+03    0.33750E+00  0.33750E+00 -0.67500E+00  0.00000E+00  0.00000E+00  0.00000E+00    0.12755E+03  0.98538E+02 -0.22609E+03  0.39395E+01  0.74777E+01  0.93695E+02      982.00
  0.61550E+00  0.37420E+03    0.35000E+00  0.35000E+00 -0.70000E+00  0.00000E+00  0.00000E+00  0.00000E+00    0.12663E+03  0.99254E+02 -0.22589E+03  0.37945E+01  0.74683E+01  0.90276E+02      982.00
  0.63813E+00  0.37158E+03    0.36250E+00  0.36250E+00 -0.72500E+00  0.00000E+00  0.00000E+00  0.00000E+00    0.12579E+03  0.99986E+02 -0.22578E+03  0.36653E+01  0.74892E+01  0.86929E+02      982.00
  0.66092E+00  0.36923E+03    0.37500E+00  0.37500E+00 -0.75000E+00  0.00000E+00  0.00000E+00  0.00000E+00    0.12501E+03  0.10076E+03 -0.22577E+03  0.35628E+01  0.75253E+01  0.83663E+02      982.00
  0.68385E+00  0.36705E+03    0.38750E+00  0.38750E+00 -0.77500E+00  0.00000E+00  0.00000E+00  0.00000E+00    0.12426E+03  0.10155E+03 -0.22580E+03  0.34734E+01  0.75998E+01  0.80425E+02      982.00
  0.70692E+00  0.36529E+03    0.40000E+00  0.40000E+00 -0.80000E+00  0.00000E+00  0.00000E+00  0.00000E+00    0.12364E+03  0.10237E+03 -0.22601E+03  0.34132E+01  0.76443E+01  0.77362E+02      982.00
  0.73012E+00  0.36377E+03    0.41250E+00  0.41250E+00 -0.82500E+00  0.00000E+00  0.00000E+00  0.00000E+00    0.12308E+03  0.10321E+03 -0.22630E+03  0.33580E+01  0.77219E+01  0.74382E+02      982.00
  0.75345E+00  0.36252E+03    0.42500E+00  0.42500E+00 -0.85000E+00  0.00000E+00  0.00000E+00  0.00000E+00    0.12260E+03  0.10408E+03 -0.22668E+03  0.33156E+01  0.78071E+01  0.71501E+02      982.00
  0.77690E+00  0.36134E+03    0.43750E+00  0.43750E+00 -0.87500E+00  0.00000E+00  0.00000E+00  0.00000E+00    0.12210E+03  0.10495E+03 -0.22705E+03  0.32822E+01  0.79184E+01  0.68649E+02      982.00
  0.80046E+00  0.36062E+03    0.45000E+00  0.45000E+00 -0.90000E+00  0.00000E+00  0.00000E+00  0.00000E+00    0.12177E+03  0.10585E+03 -0.22762E+03  0.32605E+01  0.80067E+01  0.65982E+02      982.00
  0.82413E+00  0.36014E+03    0.46250E+00  0.46250E+00 -0.92500E+00  0.00000E+00  0.00000E+00  0.00000E+00    0.12150E+03  0.10677E+03 -0.22827E+03  0.32470E+01  0.80961E+01  0.63419E+02      982.00
  0.84790E+00  0.35989E+03    0.47500E+00  0.47500E+00 -0.95000E+00  0.00000E+00  0.00000E+00  0.00000E+00    0.12130E+03  0.10771E+03 -0.22901E+03  0.32410E+01  0.81852E+01  0.60953E+02      982.00
  0.87176E+00  0.35985E+03    0.48750E+00  0.48750E+00 -0.97500E+00  0.00000E+00  0.00000E+00  0.00000E+00    0.12116E+03  0.10866E+03 -0.22982E+03  0.32408E+01  0.82704E+01  0.58592E+02      982.00
  0.89571E+00  0.36001E+03    0.50000E+00  0.50000E+00 -0.10000E+01  0.00000E+00  0.00000E+00  0.00000E+00    0.12108E+03  0.10962E+03 -0.23070E+03  0.32457E+01  0.83517E+01  0.56328E+02      982.00
