          Evm          Svm            E11          E22          E33          E23          E13          E12         SDEV11       SDEV22       SDEV33       SDEV23       SDEV13       SDEV12      TEMP
  0.00000E+00  0.16221E+03    0.00000E+00  0.00000E+00  0.00000E+00  0.00000E+00  0.00000E+00  0.00000E+00    0.54175E+02  0.45618E+02 -0.99793E+02  0.37797E+01  0.10744E+02  0.33960E+02      982.00
  0.23071E-01  0.18934E+03    0.12500E-01  0.12500E-01 -0.25000E-01  0.00000E+00  0.00000E+00  0.00000E+00    0.57965E+02  0.53472E+02 -0.11144E+03  0.37879E+01  0.10836E+02  0.49989E+02      982.00
  0.45142E-01  0.23295E+03    0.25000E-01  0.25000E-01 -0.50000E-01  0.00000E+00  0.00000E+00  0.00000E+00    0.62853E+02  0.65938E+02 -0.12879E+03  0.40029E+01  0.11458E+02  0.74153E+02      982.00
  0.65875E-01  0.24396E+03    0.37500E-01  0.37500E-01 -0.75000E-01  0.00000E+00  0.00000E+00  0.00000E+00    0.62489E+02  0.70114E+02 -0.13260E+03  0.29515E+01  0.10977E+02  0.80664E+02      982.00
  0.86258E-01  0.24870E+03    0.50000E-01  0.50000E-01 -0.10000E+00  0.00000E+00  0.00000E+00  0.00000E+00    0.62570E+02  0.71303E+02 -0.13387E+03  0.19965E+01  0.10714E+02  0.83897E+02      982.00
  0.10644E+00  0.25816E+03    0.62500E-01  0.62500E-01 -0.12500E+00  0.00000E+00  0.00000E+00  0.00000E+00    0.63938E+02  0.72940E+02 -0.13688E+03  0.15194E+01  0.10719E+02  0.89588E+02      982.00
  0.12633E+00  0.27294E+03    0.75000E-01  0.75000E-01 -0.15000E+00  0.00000E+00  0.00000E+00  0.00000E+00    0.66330E+02  0.75664E+02 -0.14199E+03  0.16800E+01  0.10727E+02  0.97828E+02      982.00
  0.14584E+00  0.29393E+03    0.87500E-01  0.87500E-01 -0.17500E+00  0.00000E+00  0.00000E+00  0.00000E+00    0.69739E+02  0.79798E+02 -0.14954E+03  0.24083E+01  0.10679E+02  0.10900E+03      982.00
  0.16491E+00  0.32350E+03    0.10000E+00  0.10000E+00 -0.20000E+00  0.00000E+00  0.00000E+00  0.00000E+00    0.74297E+02  0.85911E+02 -0.16021E+03  0.34962E+01  0.10656E+02  0.12440E+03      982.00
  0.18349E+00  0.35779E+03    0.11250E+00  0.11250E+00 -0.22500E+00  0.00000E+00  0.00000E+00  0.00000E+00    0.79476E+02  0.93137E+02 -0.17261E+03  0.47563E+01  0.10605E+02  0.14193E+03      982.00
  0.20158E+00  0.39208E+03    0.12500E+00  0.12500E+00 -0.25000E+00  0.00000E+00  0.00000E+00  0.00000E+00    0.84548E+02  0.10051E+03 -0.18506E+03  0.59965E+01  0.10462E+02  0.15921E+03      982.00
  0.21928E+00  0.42291E+03    0.13750E+00  0.13750E+00 -0.27500E+00  0.00000E+00  0.00000E+00  0.00000E+00    0.88991E+02  0.10731E+03 -0.19630E+03  0.70839E+01  0.10213E+02  0.17458E+03      982.00
  0.23668E+00  0.44894E+03    0.15000E+00  0.15000E+00 -0.30000E+00  0.00000E+00  0.00000E+00  0.00000E+00    0.92622E+02  0.11322E+03 -0.20584E+03  0.79672E+01  0.98759E+01  0.18745E+03      982.00
  0.25388E+00  0.47011E+03    0.16250E+00  0.16250E+00 -0.32500E+00  0.00000E+00  0.00000E+00  0.00000E+00    0.95476E+02  0.11816E+03 -0.21364E+03  0.86493E+01  0.94773E+01  0.19784E+03      982.00
  0.27092E+00  0.48724E+03    0.17500E+00  0.17500E+00 -0.35000E+00  0.00000E+00  0.00000E+00  0.00000E+00    0.97715E+02  0.12226E+03 -0.21998E+03  0.91511E+01  0.90501E+01  0.20622E+03      982.00
  0.28785E+00  0.50177E+03    0.18750E+00  0.18750E+00 -0.37500E+00  0.00000E+00  0.00000E+00  0.00000E+00    0.99383E+02  0.12589E+03 -0.22527E+03  0.94057E+01  0.86532E+01  0.21337E+03      982.00
  0.30468E+00  0.51319E+03    0.20000E+00  0.20000E+00 -0.40000E+00  0.00000E+00  0.00000E+00  0.00000E+00    0.10087E+03  0.12865E+03 -0.22952E+03  0.96619E+01  0.82174E+01  0.21892E+03      982.00
  0.32146E+00  0.52249E+03    0.21250E+00  0.21250E+00 -0.42500E+00  0.00000E+00  0.00000E+00  0.00000E+00    0.10209E+03  0.13089E+03 -0.23298E+03  0.97982E+01  0.77912E+01  0.22344E+03      982.00
  0.33818E+00  0.53020E+03    0.22500E+00  0.22500E+00 -0.45000E+00  0.00000E+00  0.00000E+00  0.00000E+00    0.10311E+03  0.13272E+03 -0.23583E+03  0.98346E+01  0.73890E+01  0.22720E+03      982.00
  0.35486E+00  0.53685E+03    0.23750E+00  0.23750E+00 -0.47500E+00  0.00000E+00  0.00000E+00  0.00000E+00    0.10395E+03  0.13431E+03 -0.23826E+03  0.97795E+01  0.70158E+01  0.23047E+03      982.00
  0.37150E+00  0.54266E+03    0.25000E+00  0.25000E+00 -0.50000E+00  0.00000E+00  0.00000E+00  0.00000E+00    0.10470E+03  0.13566E+03 -0.24036E+03  0.96650E+01  0.66712E+01  0.23335E+03      982.00
  0.38811E+00  0.54767E+03    0.26250E+00  0.26250E+00 -0.52500E+00  0.00000E+00  0.00000E+00  0.00000E+00    0.10536E+03  0.13680E+03 -0.24215E+03  0.95028E+01  0.63530E+01  0.23584E+03      982.00
  0.40469E+00  0.55186E+03    0.27500E+00  0.27500E+00 -0.55000E+00  0.00000E+00  0.00000E+00  0.00000E+00    0.10596E+03  0.13770E+03 -0.24366E+03  0.93216E+01  0.60383E+01  0.23793E+03      982.00
  0.42125E+00  0.55555E+03    0.28750E+00  0.28750E+00 -0.57500E+00  0.00000E+00  0.00000E+00  0.00000E+00    0.10649E+03  0.13849E+03 -0.24498E+03  0.91137E+01  0.57400E+01  0.23978E+03      982.00
  0.43779E+00  0.55562E+03    0.30000E+00  0.30000E+00 -0.60000E+00  0.00000E+00  0.00000E+00  0.00000E+00    0.10614E+03  0.13876E+03 -0.24490E+03  0.87199E+01  0.54206E+01  0.23990E+03      982.00
  0.45431E+00  0.55605E+03    0.31250E+00  0.31250E+00 -0.62500E+00  0.00000E+00  0.00000E+00  0.00000E+00    0.10614E+03  0.13879E+03 -0.24493E+03  0.83597E+01  0.51797E+01  0.24022E+03      982.00
  0.47083E+00  0.55631E+03    0.32500E+00  0.32500E+00 -0.65000E+00  0.00000E+00  0.00000E+00  0.00000E+00    0.10616E+03  0.13877E+03 -0.24494E+03  0.80540E+01  0.49736E+01  0.24043E+03      982.00
  0.48734E+00  0.55654E+03    0.33750E+00  0.33750E+00 -0.67500E+00  0.00000E+00  0.00000E+00  0.00000E+00    0.10621E+03  0.13874E+03 -0.24495E+03  0.77593E+01  0.47807E+01  0.24062E+03      982.00
  0.50385E+00  0.55677E+03    0.35000E+00  0.35000E+00 -0.70000E+00  0.00000E+00  0.00000E+00  0.00000E+00    0.10626E+03  0.13870E+03 -0.24497E+03  0.74711E+01  0.45975E+01  0.24080E+03      982.00
  0.52035E+00  0.55699E+03    0.36250E+00  0.36250E+00 -0.72500E+00  0.00000E+00  0.00000E+00  0.00000E+00    0.10631E+03  0.13867E+03 -0.24499E+03  0.71900E+01  0.44227E+01  0.24097E+03      982.00
  0.53684E+00  0.55719E+03    0.37500E+00  0.37500E+00 -0.75000E+00  0.00000E+00  0.00000E+00  0.00000E+00    0.10636E+03  0.13865E+03 -0.24501E+03  0.69165E+01  0.42556E+01  0.24112E+03      982.00
  0.55333E+00  0.55737E+03    0.38750E+00  0.38750E+00 -0.77500E+00  0.00000E+00  0.00000E+00  0.00000E+00    0.10641E+03  0.13862E+03 -0.24503E+03  0.66507E+01  0.40955E+01  0.24126E+03      982.00
  0.56982E+00  0.55754E+03    0.40000E+00  0.40000E+00 -0.80000E+00  0.00000E+00  0.00000E+00  0.00000E+00    0.10645E+03  0.13860E+03 -0.24505E+03  0.63929E+01  0.39418E+01  0.24138E+03      982.00
  0.58630E+00  0.55770E+03    0.41250E+00  0.41250E+00 -0.82500E+00  0.00000E+00  0.00000E+00  0.00000E+00    0.10650E+03  0.13857E+03 -0.24507E+03  0.61430E+01  0.37941E+01  0.24150E+03      982.00
  0.60278E+00  0.55784E+03    0.42500E+00  0.42500E+00 -0.85000E+00  0.00000E+00  0.00000E+00  0.00000E+00    0.10655E+03  0.13854E+03 -0.24509E+03  0.59012E+01  0.36520E+01  0.24160E+03      982.00
  0.61925E+00  0.55798E+03    0.43750E+00  0.43750E+00 -0.87500E+00  0.00000E+00  0.00000E+00  0.00000E+00    0.10660E+03  0.13852E+03 -0.24512E+03  0.56672E+01  0.35151E+01  0.24170E+03      982.00
  0.63573E+00  0.55810E+03    0.45000E+00  0.45000E+00 -0.90000E+00  0.00000E+00  0.00000E+00  0.00000E+00    0.10665E+03  0.13849E+03 -0.24514E+03  0.54410E+01  0.33831E+01  0.24179E+03      982.00
  0.65220E+00  0.55821E+03    0.46250E+00  0.46250E+00 -0.92500E+00  0.00000E+00  0.00000E+00  0.00000E+00    0.10670E+03  0.13846E+03 -0.24516E+03  0.52224E+01  0.32557E+01  0.24187E+03      982.00
  0.66867E+00  0.55832E+03    0.47500E+00  0.47500E+00 -0.95000E+00  0.00000E+00  0.00000E+00  0.00000E+00    0.10675E+03  0.13843E+03 -0.24518E+03  0.50112E+01  0.31326E+01  0.24194E+03      982.00
  0.68514E+00  0.55841E+03    0.48750E+00  0.48750E+00 -0.97500E+00  0.00000E+00  0.00000E+00  0.00000E+00    0.10680E+03  0.13840E+03 -0.24521E+03  0.48074E+01  0.30137E+01  0.24200E+03      982.00
  0.70160E+00  0.55850E+03    0.50000E+00  0.50000E+00 -0.10000E+01  0.00000E+00  0.00000E+00  0.00000E+00    0.10686E+03  0.13837E+03 -0.24523E+03  0.46105E+01  0.28988E+01  0.24206E+03      982.00
