          Evm          Svm            E11          E22          E33          E23          E13          E12         SDEV11       SDEV22       SDEV33       SDEV23       SDEV13       SDEV12      TEMP
  0.00000E+00  0.16777E+03    0.00000E+00  0.00000E+00  0.00000E+00  0.00000E+00  0.00000E+00  0.00000E+00    0.43364E+02  0.61227E+02 -0.10459E+03 -0.53203E+01 -0.25950E+01  0.32599E+02      982.00
  0.23379E-01  0.17108E+03    0.12500E-01  0.12500E-01 -0.25000E-01  0.00000E+00  0.00000E+00  0.00000E+00    0.43425E+02  0.62496E+02 -0.10592E+03 -0.55108E+01 -0.23235E+01  0.34850E+02      982.00
  0.46597E-01  0.16990E+03    0.25000E-01  0.25000E-01 -0.50000E-01  0.00000E+00  0.00000E+00  0.00000E+00    0.42214E+02  0.62865E+02 -0.10508E+03 -0.53850E+01 -0.18441E+01  0.34664E+02      982.00
  0.69790E-01  0.17088E+03    0.37500E-01  0.37500E-01 -0.75000E-01  0.00000E+00  0.00000E+00  0.00000E+00    0.40844E+02  0.64378E+02 -0.10522E+03 -0.55331E+01 -0.20076E+01  0.35447E+02      982.00
  0.92881E-01  0.17788E+03    0.50000E-01  0.50000E-01 -0.10000E+00  0.00000E+00  0.00000E+00  0.00000E+00    0.40090E+02  0.68095E+02 -0.10819E+03 -0.60722E+01 -0.27486E+01  0.39095E+02      982.00
  0.11569E+00  0.19138E+03    0.62500E-01  0.62500E-01 -0.12500E+00  0.00000E+00  0.00000E+00  0.00000E+00    0.39842E+02  0.74194E+02 -0.11404E+03 -0.68742E+01 -0.37293E+01  0.45824E+02      982.00
  0.13803E+00  0.21293E+03    0.75000E-01  0.75000E-01 -0.15000E+00  0.00000E+00  0.00000E+00  0.00000E+00    0.40053E+02  0.83173E+02 -0.12323E+03 -0.79236E+01 -0.48685E+01  0.56334E+02      982.00
  0.15973E+00  0.24352E+03    0.87500E-01  0.87500E-01 -0.17500E+00  0.00000E+00  0.00000E+00  0.00000E+00    0.40766E+02  0.95249E+02 -0.13602E+03 -0.93230E+01 -0.60958E+01  0.70898E+02      982.00
  0.18068E+00  0.28365E+03    0.10000E+00  0.10000E+00 -0.20000E+00  0.00000E+00  0.00000E+00  0.00000E+00    0.41835E+02  0.11057E+03 -0.15240E+03 -0.10974E+02 -0.73874E+01  0.89687E+02      982.00
  0.20083E+00  0.32900E+03    0.11250E+00  0.11250E+00 -0.22500E+00  0.00000E+00  0.00000E+00  0.00000E+00    0.43090E+02  0.12753E+03 -0.17062E+03 -0.12668E+02 -0.85497E+01  0.11060E+03      982.00
  0.22027E+00  0.37246E+03    0.12500E+00  0.12500E+00 -0.25000E+00  0.00000E+00  0.00000E+00  0.00000E+00    0.44235E+02  0.14365E+03 -0.18788E+03 -0.14061E+02 -0.94080E+01  0.13043E+03      982.00
  0.23919E+00  0.40861E+03    0.13750E+00  0.13750E+00 -0.27500E+00  0.00000E+00  0.00000E+00  0.00000E+00    0.45193E+02  0.15702E+03 -0.20221E+03 -0.15071E+02 -0.98913E+01  0.14675E+03      982.00
  0.25775E+00  0.43702E+03    0.15000E+00  0.15000E+00 -0.30000E+00  0.00000E+00  0.00000E+00  0.00000E+00    0.45978E+02  0.16754E+03 -0.21352E+03 -0.15780E+02 -0.10073E+02  0.15945E+03      982.00
  0.27607E+00  0.45896E+03    0.16250E+00  0.16250E+00 -0.32500E+00  0.00000E+00  0.00000E+00  0.00000E+00    0.46599E+02  0.17566E+03 -0.22226E+03 -0.16231E+02 -0.10081E+02  0.16923E+03      982.00
  0.29423E+00  0.47611E+03    0.17500E+00  0.17500E+00 -0.35000E+00  0.00000E+00  0.00000E+00  0.00000E+00    0.47097E+02  0.18196E+03 -0.22906E+03 -0.16510E+02 -0.99845E+01  0.17689E+03      982.00
  0.31227E+00  0.48994E+03    0.18750E+00  0.18750E+00 -0.37500E+00  0.00000E+00  0.00000E+00  0.00000E+00    0.47493E+02  0.18699E+03 -0.23448E+03 -0.16654E+02 -0.98503E+01  0.18313E+03      982.00
  0.33022E+00  0.50090E+03    0.20000E+00  0.20000E+00 -0.40000E+00  0.00000E+00  0.00000E+00  0.00000E+00    0.47855E+02  0.19090E+03 -0.23875E+03 -0.16745E+02 -0.96668E+01  0.18813E+03      982.00
  0.34809E+00  0.51023E+03    0.21250E+00  0.21250E+00 -0.42500E+00  0.00000E+00  0.00000E+00  0.00000E+00    0.48124E+02  0.19417E+03 -0.24229E+03 -0.16750E+02 -0.94863E+01  0.19248E+03      982.00
  0.36590E+00  0.51780E+03    0.22500E+00  0.22500E+00 -0.45000E+00  0.00000E+00  0.00000E+00  0.00000E+00    0.48380E+02  0.19672E+03 -0.24510E+03 -0.16722E+02 -0.93056E+01  0.19609E+03      982.00
  0.38365E+00  0.52473E+03    0.23750E+00  0.23750E+00 -0.47500E+00  0.00000E+00  0.00000E+00  0.00000E+00    0.48546E+02  0.19902E+03 -0.24756E+03 -0.16649E+02 -0.91273E+01  0.19949E+03      982.00
  0.40134E+00  0.53032E+03    0.25000E+00  0.25000E+00 -0.50000E+00  0.00000E+00  0.00000E+00  0.00000E+00    0.48711E+02  0.20076E+03 -0.24947E+03 -0.16566E+02 -0.89587E+01  0.20232E+03      982.00
  0.41898E+00  0.53149E+03    0.26250E+00  0.26250E+00 -0.52500E+00  0.00000E+00  0.00000E+00  0.00000E+00    0.48428E+02  0.20105E+03 -0.24948E+03 -0.16303E+02 -0.88151E+01  0.20326E+03      982.00
  0.43659E+00  0.53265E+03    0.27500E+00  0.27500E+00 -0.55000E+00  0.00000E+00  0.00000E+00  0.00000E+00    0.48166E+02  0.20130E+03 -0.24947E+03 -0.16043E+02 -0.86735E+01  0.20421E+03      982.00
  0.45415E+00  0.53380E+03    0.28750E+00  0.28750E+00 -0.57500E+00  0.00000E+00  0.00000E+00  0.00000E+00    0.47912E+02  0.20152E+03 -0.24944E+03 -0.15792E+02 -0.85405E+01  0.20517E+03      982.00
  0.47167E+00  0.53479E+03    0.30000E+00  0.30000E+00 -0.60000E+00  0.00000E+00  0.00000E+00  0.00000E+00    0.47657E+02  0.20168E+03 -0.24934E+03 -0.15542E+02 -0.84122E+01  0.20606E+03      982.00
  0.48916E+00  0.53605E+03    0.31250E+00  0.31250E+00 -0.62500E+00  0.00000E+00  0.00000E+00  0.00000E+00    0.47377E+02  0.20194E+03 -0.24932E+03 -0.15306E+02 -0.82927E+01  0.20709E+03      982.00
  0.50660E+00  0.53694E+03    0.32500E+00  0.32500E+00 -0.65000E+00  0.00000E+00  0.00000E+00  0.00000E+00    0.47094E+02  0.20208E+03 -0.24917E+03 -0.15058E+02 -0.81713E+01  0.20794E+03      982.00
  0.52400E+00  0.53820E+03    0.33750E+00  0.33750E+00 -0.67500E+00  0.00000E+00  0.00000E+00  0.00000E+00    0.46803E+02  0.20232E+03 -0.24913E+03 -0.14828E+02 -0.80597E+01  0.20898E+03      982.00
  0.54136E+00  0.53908E+03    0.35000E+00  0.35000E+00 -0.70000E+00  0.00000E+00  0.00000E+00  0.00000E+00    0.46515E+02  0.20244E+03 -0.24896E+03 -0.14583E+02 -0.79445E+01  0.20984E+03      982.00
  0.55868E+00  0.54020E+03    0.36250E+00  0.36250E+00 -0.72500E+00  0.00000E+00  0.00000E+00  0.00000E+00    0.46196E+02  0.20266E+03 -0.24885E+03 -0.14344E+02 -0.78314E+01  0.21080E+03      982.00
  0.57595E+00  0.54114E+03    0.37500E+00  0.37500E+00 -0.75000E+00  0.00000E+00  0.00000E+00  0.00000E+00    0.45879E+02  0.20281E+03 -0.24869E+03 -0.14095E+02 -0.77161E+01  0.21168E+03      982.00
  0.59319E+00  0.54224E+03    0.38750E+00  0.38750E+00 -0.77500E+00  0.00000E+00  0.00000E+00  0.00000E+00    0.45525E+02  0.20306E+03 -0.24858E+03 -0.13836E+02 -0.76005E+01  0.21263E+03      982.00
  0.61038E+00  0.54308E+03    0.40000E+00  0.40000E+00 -0.80000E+00  0.00000E+00  0.00000E+00  0.00000E+00    0.45190E+02  0.20320E+03 -0.24839E+03 -0.13574E+02 -0.74812E+01  0.21344E+03      982.00
  0.62753E+00  0.54388E+03    0.41250E+00  0.41250E+00 -0.82500E+00  0.00000E+00  0.00000E+00  0.00000E+00    0.44838E+02  0.20335E+03 -0.24819E+03 -0.13306E+02 -0.73591E+01  0.21422E+03      982.00
  0.64464E+00  0.54462E+03    0.42500E+00  0.42500E+00 -0.85000E+00  0.00000E+00  0.00000E+00  0.00000E+00    0.44477E+02  0.20350E+03 -0.24798E+03 -0.13031E+02 -0.72342E+01  0.21496E+03      982.00
  0.66172E+00  0.54558E+03    0.43750E+00  0.43750E+00 -0.87500E+00  0.00000E+00  0.00000E+00  0.00000E+00    0.44058E+02  0.20378E+03 -0.24784E+03 -0.12731E+02 -0.71115E+01  0.21577E+03      982.00
  0.67875E+00  0.54622E+03    0.45000E+00  0.45000E+00 -0.90000E+00  0.00000E+00  0.00000E+00  0.00000E+00    0.43696E+02  0.20392E+03 -0.24761E+03 -0.12446E+02 -0.69823E+01  0.21644E+03      982.00
  0.69575E+00  0.54682E+03    0.46250E+00  0.46250E+00 -0.92500E+00  0.00000E+00  0.00000E+00  0.00000E+00    0.43323E+02  0.20406E+03 -0.24739E+03 -0.12156E+02 -0.68506E+01  0.21706E+03      982.00
  0.71272E+00  0.54760E+03    0.47500E+00  0.47500E+00 -0.95000E+00  0.00000E+00  0.00000E+00  0.00000E+00    0.42888E+02  0.20436E+03 -0.24725E+03 -0.11849E+02 -0.67176E+01  0.21772E+03      982.00
  0.72965E+00  0.54809E+03    0.48750E+00  0.48750E+00 -0.97500E+00  0.00000E+00  0.00000E+00  0.00000E+00    0.42525E+02  0.20449E+03 -0.24702E+03 -0.11554E+02 -0.65837E+01  0.21826E+03      982.00
  0.74655E+00  0.54856E+03    0.50000E+00  0.50000E+00 -0.10000E+01  0.00000E+00  0.00000E+00  0.00000E+00    0.42151E+02  0.20465E+03 -0.24680E+03 -0.11257E+02 -0.64487E+01  0.21875E+03      982.00
