          Evm          Svm            E11          E22          E33          E23          E13          E12         SDEV11       SDEV22       SDEV33       SDEV23       SDEV13       SDEV12      TEMP
  0.00000E+00  0.19275E+03    0.00000E+00  0.00000E+00  0.00000E+00  0.00000E+00  0.00000E+00  0.00000E+00    0.60672E+02  0.64624E+02 -0.12530E+03 -0.10149E+02 -0.11294E+02  0.19382E+02      982.00
  0.24376E-01  0.19765E+03    0.12500E-01  0.12500E-01 -0.25000E-01  0.00000E+00  0.00000E+00  0.00000E+00    0.64445E+02  0.63667E+02 -0.12811E+03 -0.93690E+01 -0.10874E+02  0.22493E+02      982.00
  0.48683E-01  0.18966E+03    0.25000E-01  0.25000E-01 -0.50000E-01  0.00000E+00  0.00000E+00  0.00000E+00    0.63731E+02  0.59488E+02 -0.12322E+03 -0.73476E+01 -0.93315E+01  0.21395E+02      982.00
  0.73046E-01  0.18587E+03    0.37500E-01  0.37500E-01 -0.75000E-01  0.00000E+00  0.00000E+00  0.00000E+00    0.63406E+02  0.57389E+02 -0.12080E+03 -0.56502E+01 -0.78846E+01  0.21666E+02      982.00
  0.97417E-01  0.19046E+03    0.50000E-01  0.50000E-01 -0.10000E+00  0.00000E+00  0.00000E+00  0.00000E+00    0.65524E+02  0.57786E+02 -0.12331E+03 -0.47154E+01 -0.69323E+01  0.24544E+02      982.00
  0.12170E+00  0.20244E+03    0.62500E-01  0.62500E-01 -0.12500E+00  0.00000E+00  0.00000E+00  0.00000E+00    0.69894E+02  0.60161E+02 -0.13006E+03 -0.43326E+01 -0.64619E+01  0.29845E+02      982.00
  0.14579E+00  0.22119E+03    0.75000E-01  0.75000E-01 -0.15000E+00  0.00000E+00  0.00000E+00  0.00000E+00    0.76344E+02  0.64179E+02 -0.14052E+03 -0.43163E+01 -0.63631E+01  0.37445E+02      982.00
  0.16961E+00  0.24487E+03    0.87500E-01  0.87500E-01 -0.17500E+00  0.00000E+00  0.00000E+00  0.00000E+00    0.84320E+02  0.69281E+02 -0.15360E+03 -0.44946E+01 -0.64653E+01  0.46620E+02      982.00
  0.19313E+00  0.26976E+03    0.10000E+00  0.10000E+00 -0.20000E+00  0.00000E+00  0.00000E+00  0.00000E+00    0.92717E+02  0.74581E+02 -0.16730E+03 -0.47171E+01 -0.65971E+01  0.55840E+02      982.00
  0.21639E+00  0.29227E+03    0.11250E+00  0.11250E+00 -0.22500E+00  0.00000E+00  0.00000E+00  0.00000E+00    0.10044E+03  0.79335E+02 -0.17978E+03 -0.49107E+01 -0.66727E+01  0.63665E+02      982.00
  0.23946E+00  0.31057E+03    0.12500E+00  0.12500E+00 -0.25000E+00  0.00000E+00  0.00000E+00  0.00000E+00    0.10689E+03  0.83268E+02 -0.19016E+03 -0.50773E+01 -0.66909E+01  0.69426E+02      982.00
  0.26242E+00  0.32487E+03    0.13750E+00  0.13750E+00 -0.27500E+00  0.00000E+00  0.00000E+00  0.00000E+00    0.11208E+03  0.86458E+02 -0.19854E+03 -0.52029E+01 -0.66592E+01  0.73361E+02      982.00
  0.28534E+00  0.33557E+03    0.15000E+00  0.15000E+00 -0.30000E+00  0.00000E+00  0.00000E+00  0.00000E+00    0.11610E+03  0.89072E+02 -0.20517E+03 -0.53408E+01 -0.66341E+01  0.75571E+02      982.00
  0.30826E+00  0.34363E+03    0.16250E+00  0.16250E+00 -0.32500E+00  0.00000E+00  0.00000E+00  0.00000E+00    0.11922E+03  0.91259E+02 -0.21048E+03 -0.54700E+01 -0.66108E+01  0.76578E+02      982.00
  0.33123E+00  0.34961E+03    0.17500E+00  0.17500E+00 -0.35000E+00  0.00000E+00  0.00000E+00  0.00000E+00    0.12166E+03  0.93143E+02 -0.21481E+03 -0.56375E+01 -0.66399E+01  0.76537E+02      982.00
  0.35427E+00  0.35393E+03    0.18750E+00  0.18750E+00 -0.37500E+00  0.00000E+00  0.00000E+00  0.00000E+00    0.12346E+03  0.94890E+02 -0.21835E+03 -0.58588E+01 -0.67254E+01  0.75579E+02      982.00
  0.37741E+00  0.35727E+03    0.20000E+00  0.20000E+00 -0.40000E+00  0.00000E+00  0.00000E+00  0.00000E+00    0.12486E+03  0.96552E+02 -0.22142E+03 -0.60779E+01 -0.68257E+01  0.74131E+02      982.00
  0.40065E+00  0.35986E+03    0.21250E+00  0.21250E+00 -0.42500E+00  0.00000E+00  0.00000E+00  0.00000E+00    0.12602E+03  0.98092E+02 -0.22411E+03 -0.63449E+01 -0.69958E+01  0.72187E+02      982.00
  0.42400E+00  0.36197E+03    0.22500E+00  0.22500E+00 -0.45000E+00  0.00000E+00  0.00000E+00  0.00000E+00    0.12699E+03  0.99589E+02 -0.22658E+03 -0.66357E+01 -0.72062E+01  0.69914E+02      982.00
  0.44748E+00  0.36381E+03    0.23750E+00  0.23750E+00 -0.47500E+00  0.00000E+00  0.00000E+00  0.00000E+00    0.12783E+03  0.10107E+03 -0.22890E+03 -0.69619E+01 -0.74667E+01  0.67373E+02      982.00
  0.47107E+00  0.36321E+03    0.25000E+00  0.25000E+00 -0.50000E+00  0.00000E+00  0.00000E+00  0.00000E+00    0.12768E+03  0.10198E+03 -0.22966E+03 -0.71457E+01 -0.76159E+01  0.64360E+02      982.00
  0.49478E+00  0.36275E+03    0.26250E+00  0.26250E+00 -0.52500E+00  0.00000E+00  0.00000E+00  0.00000E+00    0.12759E+03  0.10287E+03 -0.23046E+03 -0.73402E+01 -0.77823E+01  0.61337E+02      982.00
  0.51861E+00  0.36263E+03    0.27500E+00  0.27500E+00 -0.55000E+00  0.00000E+00  0.00000E+00  0.00000E+00    0.12761E+03  0.10378E+03 -0.23139E+03 -0.75177E+01 -0.79358E+01  0.58469E+02      982.00
  0.54253E+00  0.36271E+03    0.28750E+00  0.28750E+00 -0.57500E+00  0.00000E+00  0.00000E+00  0.00000E+00    0.12767E+03  0.10470E+03 -0.23237E+03 -0.76722E+01 -0.80732E+01  0.55685E+02      982.00
  0.56656E+00  0.36318E+03    0.30000E+00  0.30000E+00 -0.60000E+00  0.00000E+00  0.00000E+00  0.00000E+00    0.12783E+03  0.10569E+03 -0.23353E+03 -0.78724E+01 -0.82506E+01  0.53033E+02      982.00
  0.59067E+00  0.36378E+03    0.31250E+00  0.31250E+00 -0.62500E+00  0.00000E+00  0.00000E+00  0.00000E+00    0.12802E+03  0.10670E+03 -0.23472E+03 -0.80459E+01 -0.84118E+01  0.50420E+02      982.00
  0.61487E+00  0.36460E+03    0.32500E+00  0.32500E+00 -0.65000E+00  0.00000E+00  0.00000E+00  0.00000E+00    0.12827E+03  0.10771E+03 -0.23598E+03 -0.81637E+01 -0.85239E+01  0.47962E+02      982.00
  0.63914E+00  0.36572E+03    0.33750E+00  0.33750E+00 -0.67500E+00  0.00000E+00  0.00000E+00  0.00000E+00    0.12860E+03  0.10877E+03 -0.23737E+03 -0.82990E+01 -0.86516E+01  0.45623E+02      982.00
  0.66348E+00  0.36703E+03    0.35000E+00  0.35000E+00 -0.70000E+00  0.00000E+00  0.00000E+00  0.00000E+00    0.12898E+03  0.10985E+03 -0.23883E+03 -0.84196E+01 -0.87672E+01  0.43389E+02      982.00
  0.68788E+00  0.36851E+03    0.36250E+00  0.36250E+00 -0.72500E+00  0.00000E+00  0.00000E+00  0.00000E+00    0.12941E+03  0.11094E+03 -0.24036E+03 -0.85248E+01 -0.88694E+01  0.41258E+02      982.00
  0.71234E+00  0.37013E+03    0.37500E+00  0.37500E+00 -0.75000E+00  0.00000E+00  0.00000E+00  0.00000E+00    0.12987E+03  0.11206E+03 -0.24193E+03 -0.86753E+01 -0.90074E+01  0.39149E+02      982.00
  0.73685E+00  0.37194E+03    0.38750E+00  0.38750E+00 -0.77500E+00  0.00000E+00  0.00000E+00  0.00000E+00    0.13038E+03  0.11319E+03 -0.24357E+03 -0.87424E+01 -0.90752E+01  0.37228E+02      982.00
  0.76141E+00  0.37388E+03    0.40000E+00  0.40000E+00 -0.80000E+00  0.00000E+00  0.00000E+00  0.00000E+00    0.13093E+03  0.11432E+03 -0.24525E+03 -0.87942E+01 -0.91291E+01  0.35403E+02      982.00
  0.78601E+00  0.37593E+03    0.41250E+00  0.41250E+00 -0.82500E+00  0.00000E+00  0.00000E+00  0.00000E+00    0.13151E+03  0.11546E+03 -0.24697E+03 -0.88322E+01 -0.91703E+01  0.33668E+02      982.00
  0.81064E+00  0.37807E+03    0.42500E+00  0.42500E+00 -0.85000E+00  0.00000E+00  0.00000E+00  0.00000E+00    0.13212E+03  0.11660E+03 -0.24872E+03 -0.88572E+01 -0.91993E+01  0.32020E+02      982.00
  0.83531E+00  0.38035E+03    0.43750E+00  0.43750E+00 -0.87500E+00  0.00000E+00  0.00000E+00  0.00000E+00    0.13276E+03  0.11778E+03 -0.25054E+03 -0.89157E+01 -0.92524E+01  0.30412E+02      982.00
  0.86001E+00  0.38256E+03    0.45000E+00  0.45000E+00 -0.90000E+00  0.00000E+00  0.00000E+00  0.00000E+00    0.13338E+03  0.11888E+03 -0.25226E+03 -0.88699E+01 -0.92236E+01  0.28965E+02      982.00
  0.88474E+00  0.38496E+03    0.46250E+00  0.46250E+00 -0.92500E+00  0.00000E+00  0.00000E+00  0.00000E+00    0.13406E+03  0.12004E+03 -0.25411E+03 -0.88991E+01 -0.92487E+01  0.27524E+02      982.00
  0.90949E+00  0.38734E+03    0.47500E+00  0.47500E+00 -0.95000E+00  0.00000E+00  0.00000E+00  0.00000E+00    0.13473E+03  0.12117E+03 -0.25591E+03 -0.88719E+01 -0.92286E+01  0.26194E+02      982.00
  0.93427E+00  0.38975E+03    0.48750E+00  0.48750E+00 -0.97500E+00  0.00000E+00  0.00000E+00  0.00000E+00    0.13541E+03  0.12229E+03 -0.25770E+03 -0.88359E+01 -0.91999E+01  0.24932E+02      982.00
  0.95906E+00  0.39217E+03    0.50000E+00  0.50000E+00 -0.10000E+01  0.00000E+00  0.00000E+00  0.00000E+00    0.13610E+03  0.12339E+03 -0.25949E+03 -0.87923E+01 -0.91636E+01  0.23734E+02      982.00
