          Evm          Svm            E11          E22          E33          E23          E13          E12         SDEV11       SDEV22       SDEV33       SDEV23       SDEV13       SDEV12      TEMP
  0.00000E+00  0.17777E+03    0.00000E+00  0.00000E+00  0.00000E+00  0.00000E+00  0.00000E+00  0.00000E+00    0.59648E+02  0.49798E+02 -0.10945E+03 -0.74253E+01 -0.44284E+01  0.38090E+02      982.00
  0.23088E-01  0.16484E+03    0.12500E-01  0.12500E-01 -0.25000E-01  0.00000E+00  0.00000E+00  0.00000E+00    0.56574E+02  0.46284E+02 -0.10286E+03 -0.58327E+01 -0.25482E+01  0.32491E+02      982.00
  0.46487E-01  0.16225E+03    0.25000E-01  0.25000E-01 -0.50000E-01  0.00000E+00  0.00000E+00  0.00000E+00    0.56639E+02  0.44535E+02 -0.10117E+03 -0.58744E+01 -0.23725E+01  0.31946E+02      982.00
  0.69872E-01  0.16558E+03    0.37500E-01  0.37500E-01 -0.75000E-01  0.00000E+00  0.00000E+00  0.00000E+00    0.58501E+02  0.43896E+02 -0.10240E+03 -0.63080E+01 -0.27502E+01  0.34263E+02      982.00
  0.93063E-01  0.17427E+03    0.50000E-01  0.50000E-01 -0.10000E+00  0.00000E+00  0.00000E+00  0.00000E+00    0.62032E+02  0.44043E+02 -0.10608E+03 -0.69380E+01 -0.33174E+01  0.39302E+02      982.00
  0.11589E+00  0.18843E+03    0.62500E-01  0.62500E-01 -0.12500E+00  0.00000E+00  0.00000E+00  0.00000E+00    0.67129E+02  0.45021E+02 -0.11215E+03 -0.76871E+01 -0.41090E+01  0.46952E+02      982.00
  0.13821E+00  0.20964E+03    0.75000E-01  0.75000E-01 -0.15000E+00  0.00000E+00  0.00000E+00  0.00000E+00    0.74296E+02  0.46838E+02 -0.12113E+03 -0.85960E+01 -0.51498E+01  0.57929E+02      982.00
  0.15988E+00  0.24010E+03    0.87500E-01  0.87500E-01 -0.17500E+00  0.00000E+00  0.00000E+00  0.00000E+00    0.84175E+02  0.49547E+02 -0.13372E+03 -0.97307E+01 -0.64537E+01  0.73269E+02      982.00
  0.18076E+00  0.28029E+03    0.10000E+00  0.10000E+00 -0.20000E+00  0.00000E+00  0.00000E+00  0.00000E+00    0.96789E+02  0.53146E+02 -0.14994E+03 -0.11043E+02 -0.80006E+01  0.93085E+02      982.00
  0.20082E+00  0.32641E+03    0.11250E+00  0.11250E+00 -0.22500E+00  0.00000E+00  0.00000E+00  0.00000E+00    0.11083E+03  0.57386E+02 -0.16821E+03 -0.12352E+02 -0.96252E+01  0.11547E+03      982.00
  0.22015E+00  0.37104E+03    0.12500E+00  0.12500E+00 -0.25000E+00  0.00000E+00  0.00000E+00  0.00000E+00    0.12403E+03  0.61673E+02 -0.18570E+03 -0.13429E+02 -0.11014E+02  0.13694E+03      982.00
  0.23891E+00  0.40743E+03    0.13750E+00  0.13750E+00 -0.27500E+00  0.00000E+00  0.00000E+00  0.00000E+00    0.13451E+03  0.65488E+02 -0.19999E+03 -0.14097E+02 -0.12078E+02  0.15427E+03      982.00
  0.25732E+00  0.43646E+03    0.15000E+00  0.15000E+00 -0.30000E+00  0.00000E+00  0.00000E+00  0.00000E+00    0.14261E+03  0.68723E+02 -0.21134E+03 -0.14492E+02 -0.12791E+02  0.16812E+03      982.00
  0.27548E+00  0.45876E+03    0.16250E+00  0.16250E+00 -0.32500E+00  0.00000E+00  0.00000E+00  0.00000E+00    0.14872E+03  0.71310E+02 -0.22003E+03 -0.14659E+02 -0.13266E+02  0.17876E+03      982.00
  0.29347E+00  0.47610E+03    0.17500E+00  0.17500E+00 -0.35000E+00  0.00000E+00  0.00000E+00  0.00000E+00    0.15337E+03  0.73367E+02 -0.22674E+03 -0.14688E+02 -0.13577E+02  0.18708E+03      982.00
  0.31132E+00  0.48977E+03    0.18750E+00  0.18750E+00 -0.37500E+00  0.00000E+00  0.00000E+00  0.00000E+00    0.15701E+03  0.74943E+02 -0.23195E+03 -0.14617E+02 -0.13770E+02  0.19370E+03      982.00
  0.32908E+00  0.50095E+03    0.20000E+00  0.20000E+00 -0.40000E+00  0.00000E+00  0.00000E+00  0.00000E+00    0.15998E+03  0.76144E+02 -0.23612E+03 -0.14483E+02 -0.13879E+02  0.19919E+03      982.00
  0.34676E+00  0.51002E+03    0.21250E+00  0.21250E+00 -0.42500E+00  0.00000E+00  0.00000E+00  0.00000E+00    0.16240E+03  0.77000E+02 -0.23940E+03 -0.14311E+02 -0.13919E+02  0.20372E+03      982.00
  0.36436E+00  0.51760E+03    0.22500E+00  0.22500E+00 -0.45000E+00  0.00000E+00  0.00000E+00  0.00000E+00    0.16444E+03  0.77596E+02 -0.24203E+03 -0.14112E+02 -0.13909E+02  0.20758E+03      982.00
  0.38190E+00  0.52424E+03    0.23750E+00  0.23750E+00 -0.47500E+00  0.00000E+00  0.00000E+00  0.00000E+00    0.16625E+03  0.77984E+02 -0.24423E+03 -0.13894E+02 -0.13857E+02  0.21105E+03      982.00
  0.39937E+00  0.52951E+03    0.25000E+00  0.25000E+00 -0.50000E+00  0.00000E+00  0.00000E+00  0.00000E+00    0.16766E+03  0.78206E+02 -0.24587E+03 -0.13658E+02 -0.13775E+02  0.21388E+03      982.00
  0.41678E+00  0.53071E+03    0.26250E+00  0.26250E+00 -0.52500E+00  0.00000E+00  0.00000E+00  0.00000E+00    0.16827E+03  0.77495E+02 -0.24577E+03 -0.13365E+02 -0.13508E+02  0.21485E+03      982.00
  0.43415E+00  0.53160E+03    0.27500E+00  0.27500E+00 -0.55000E+00  0.00000E+00  0.00000E+00  0.00000E+00    0.16858E+03  0.76984E+02 -0.24556E+03 -0.13063E+02 -0.13241E+02  0.21571E+03      982.00
  0.45147E+00  0.53245E+03    0.28750E+00  0.28750E+00 -0.57500E+00  0.00000E+00  0.00000E+00  0.00000E+00    0.16881E+03  0.76539E+02 -0.24535E+03 -0.12765E+02 -0.12973E+02  0.21655E+03      982.00
  0.46875E+00  0.53327E+03    0.30000E+00  0.30000E+00 -0.60000E+00  0.00000E+00  0.00000E+00  0.00000E+00    0.16900E+03  0.76126E+02 -0.24512E+03 -0.12467E+02 -0.12701E+02  0.21738E+03      982.00
  0.48598E+00  0.53406E+03    0.31250E+00  0.31250E+00 -0.62500E+00  0.00000E+00  0.00000E+00  0.00000E+00    0.16916E+03  0.75735E+02 -0.24489E+03 -0.12168E+02 -0.12422E+02  0.21820E+03      982.00
  0.50318E+00  0.53482E+03    0.32500E+00  0.32500E+00 -0.65000E+00  0.00000E+00  0.00000E+00  0.00000E+00    0.16929E+03  0.75362E+02 -0.24466E+03 -0.11868E+02 -0.12136E+02  0.21899E+03      982.00
  0.52033E+00  0.53556E+03    0.33750E+00  0.33750E+00 -0.67500E+00  0.00000E+00  0.00000E+00  0.00000E+00    0.16942E+03  0.75006E+02 -0.24442E+03 -0.11568E+02 -0.11843E+02  0.21977E+03      982.00
  0.53745E+00  0.53626E+03    0.35000E+00  0.35000E+00 -0.70000E+00  0.00000E+00  0.00000E+00  0.00000E+00    0.16952E+03  0.74666E+02 -0.24419E+03 -0.11267E+02 -0.11544E+02  0.22052E+03      982.00
  0.55453E+00  0.53717E+03    0.36250E+00  0.36250E+00 -0.72500E+00  0.00000E+00  0.00000E+00  0.00000E+00    0.16977E+03  0.74271E+02 -0.24404E+03 -0.10966E+02 -0.11221E+02  0.22134E+03      982.00
  0.57156E+00  0.53782E+03    0.37500E+00  0.37500E+00 -0.75000E+00  0.00000E+00  0.00000E+00  0.00000E+00    0.16985E+03  0.73969E+02 -0.24382E+03 -0.10665E+02 -0.10914E+02  0.22204E+03      982.00
  0.58856E+00  0.53843E+03    0.38750E+00  0.38750E+00 -0.77500E+00  0.00000E+00  0.00000E+00  0.00000E+00    0.16992E+03  0.73679E+02 -0.24360E+03 -0.10366E+02 -0.10604E+02  0.22269E+03      982.00
  0.60553E+00  0.53901E+03    0.40000E+00  0.40000E+00 -0.80000E+00  0.00000E+00  0.00000E+00  0.00000E+00    0.17000E+03  0.73401E+02 -0.24340E+03 -0.10070E+02 -0.10292E+02  0.22332E+03      982.00
  0.62246E+00  0.53957E+03    0.41250E+00  0.41250E+00 -0.82500E+00  0.00000E+00  0.00000E+00  0.00000E+00    0.17007E+03  0.73135E+02 -0.24320E+03 -0.97766E+01 -0.99803E+01  0.22392E+03      982.00
  0.63936E+00  0.54005E+03    0.42500E+00  0.42500E+00 -0.85000E+00  0.00000E+00  0.00000E+00  0.00000E+00    0.17008E+03  0.72933E+02 -0.24302E+03 -0.94991E+01 -0.96869E+01  0.22446E+03      982.00
  0.65624E+00  0.54077E+03    0.43750E+00  0.43750E+00 -0.87500E+00  0.00000E+00  0.00000E+00  0.00000E+00    0.17034E+03  0.72570E+02 -0.24291E+03 -0.92021E+01 -0.93461E+01  0.22508E+03      982.00
  0.67308E+00  0.54125E+03    0.45000E+00  0.45000E+00 -0.90000E+00  0.00000E+00  0.00000E+00  0.00000E+00    0.17040E+03  0.72354E+02 -0.24276E+03 -0.89245E+01 -0.90420E+01  0.22558E+03      982.00
  0.68990E+00  0.54169E+03    0.46250E+00  0.46250E+00 -0.92500E+00  0.00000E+00  0.00000E+00  0.00000E+00    0.17047E+03  0.72140E+02 -0.24261E+03 -0.86525E+01 -0.87420E+01  0.22605E+03      982.00
  0.70670E+00  0.54215E+03    0.47500E+00  0.47500E+00 -0.95000E+00  0.00000E+00  0.00000E+00  0.00000E+00    0.17055E+03  0.71939E+02 -0.24249E+03 -0.83915E+01 -0.84494E+01  0.22650E+03      982.00
  0.72347E+00  0.54255E+03    0.48750E+00  0.48750E+00 -0.97500E+00  0.00000E+00  0.00000E+00  0.00000E+00    0.17064E+03  0.71720E+02 -0.24236E+03 -0.81323E+01 -0.81593E+01  0.22690E+03      982.00
  0.74022E+00  0.54292E+03    0.50000E+00  0.50000E+00 -0.10000E+01  0.00000E+00  0.00000E+00  0.00000E+00    0.17073E+03  0.71525E+02 -0.24225E+03 -0.78812E+01 -0.78765E+01  0.22728E+03      982.00
