          Evm          Svm            E11          E22          E33          E23          E13          E12         SDEV11       SDEV22       SDEV33       SDEV23       SDEV13       SDEV12      TEMP
  0.00000E+00  0.19603E+03    0.00000E+00  0.00000E+00  0.00000E+00  0.00000E+00  0.00000E+00  0.00000E+00    0.60691E+02  0.66296E+02 -0.12699E+03  0.12241E+02  0.10832E+02  0.20966E+02      982.00
  0.24293E-01  0.20288E+03    0.12500E-01  0.12500E-01 -0.25000E-01  0.00000E+00  0.00000E+00  0.00000E+00    0.65451E+02  0.65508E+02 -0.13096E+03  0.11302E+02  0.10878E+02  0.24719E+02      982.00
  0.48499E-01  0.19570E+03    0.25000E-01  0.25000E-01 -0.50000E-01  0.00000E+00  0.00000E+00  0.00000E+00    0.65389E+02  0.61193E+02 -0.12658E+03  0.88097E+01  0.97209E+01  0.23930E+02      982.00
  0.72754E-01  0.19129E+03    0.37500E-01  0.37500E-01 -0.75000E-01  0.00000E+00  0.00000E+00  0.00000E+00    0.64886E+02  0.58890E+02 -0.12378E+03  0.67673E+01  0.83108E+01  0.24140E+02      982.00
  0.97020E-01  0.19579E+03    0.50000E-01  0.50000E-01 -0.10000E+00  0.00000E+00  0.00000E+00  0.00000E+00    0.66965E+02  0.59208E+02 -0.12617E+03  0.57027E+01  0.73473E+01  0.27145E+02      982.00
  0.12119E+00  0.20807E+03    0.62500E-01  0.62500E-01 -0.12500E+00  0.00000E+00  0.00000E+00  0.00000E+00    0.71465E+02  0.61516E+02 -0.13298E+03  0.52863E+01  0.68699E+01  0.32693E+02      982.00
  0.14515E+00  0.22730E+03    0.75000E-01  0.75000E-01 -0.15000E+00  0.00000E+00  0.00000E+00  0.00000E+00    0.78219E+02  0.65359E+02 -0.14358E+03  0.52824E+01  0.67728E+01  0.40562E+02      982.00
  0.16884E+00  0.25125E+03    0.87500E-01  0.87500E-01 -0.17500E+00  0.00000E+00  0.00000E+00  0.00000E+00    0.86695E+02  0.69973E+02 -0.15667E+03  0.54836E+01  0.68756E+01  0.49865E+02      982.00
  0.19222E+00  0.27604E+03    0.10000E+00  0.10000E+00 -0.20000E+00  0.00000E+00  0.00000E+00  0.00000E+00    0.95771E+02  0.74413E+02 -0.17018E+03  0.57351E+01  0.70023E+01  0.59005E+02      982.00
  0.21534E+00  0.29826E+03    0.11250E+00  0.11250E+00 -0.22500E+00  0.00000E+00  0.00000E+00  0.00000E+00    0.10433E+03  0.78056E+02 -0.18239E+03  0.59388E+01  0.70561E+01  0.66675E+02      982.00
  0.23827E+00  0.31640E+03    0.12500E+00  0.12500E+00 -0.25000E+00  0.00000E+00  0.00000E+00  0.00000E+00    0.11179E+03  0.80766E+02 -0.19256E+03  0.60837E+01  0.70500E+01  0.72345E+02      982.00
  0.26110E+00  0.33045E+03    0.13750E+00  0.13750E+00 -0.27500E+00  0.00000E+00  0.00000E+00  0.00000E+00    0.11788E+03  0.82826E+02 -0.20071E+03  0.61999E+01  0.69970E+01  0.76100E+02      982.00
  0.28387E+00  0.34106E+03    0.15000E+00  0.15000E+00 -0.30000E+00  0.00000E+00  0.00000E+00  0.00000E+00    0.12277E+03  0.84425E+02 -0.20719E+03  0.63074E+01  0.69348E+01  0.78248E+02      982.00
  0.30665E+00  0.34894E+03    0.16250E+00  0.16250E+00 -0.32500E+00  0.00000E+00  0.00000E+00  0.00000E+00    0.12659E+03  0.85769E+02 -0.21236E+03  0.64258E+01  0.68790E+01  0.79109E+02      982.00
  0.32948E+00  0.35477E+03    0.17500E+00  0.17500E+00 -0.35000E+00  0.00000E+00  0.00000E+00  0.00000E+00    0.12960E+03  0.86962E+02 -0.21656E+03  0.65588E+01  0.68412E+01  0.78980E+02      982.00
  0.35237E+00  0.35901E+03    0.18750E+00  0.18750E+00 -0.37500E+00  0.00000E+00  0.00000E+00  0.00000E+00    0.13192E+03  0.88077E+02 -0.22000E+03  0.67157E+01  0.68324E+01  0.78051E+02      982.00
  0.37535E+00  0.36218E+03    0.20000E+00  0.20000E+00 -0.40000E+00  0.00000E+00  0.00000E+00  0.00000E+00    0.13372E+03  0.89236E+02 -0.22296E+03  0.69205E+01  0.68715E+01  0.76500E+02      982.00
  0.39843E+00  0.36451E+03    0.21250E+00  0.21250E+00 -0.42500E+00  0.00000E+00  0.00000E+00  0.00000E+00    0.13513E+03  0.90416E+02 -0.22554E+03  0.71704E+01  0.69659E+01  0.74418E+02      982.00
  0.42163E+00  0.36638E+03    0.22500E+00  0.22500E+00 -0.45000E+00  0.00000E+00  0.00000E+00  0.00000E+00    0.13623E+03  0.91671E+02 -0.22790E+03  0.74625E+01  0.71121E+01  0.72022E+02      982.00
  0.44496E+00  0.36799E+03    0.23750E+00  0.23750E+00 -0.47500E+00  0.00000E+00  0.00000E+00  0.00000E+00    0.13715E+03  0.92994E+02 -0.23014E+03  0.77796E+01  0.72974E+01  0.69381E+02      982.00
  0.46841E+00  0.36707E+03    0.25000E+00  0.25000E+00 -0.50000E+00  0.00000E+00  0.00000E+00  0.00000E+00    0.13681E+03  0.93984E+02 -0.23079E+03  0.79505E+01  0.73983E+01  0.66255E+02      982.00
  0.49199E+00  0.36637E+03    0.26250E+00  0.26250E+00 -0.52500E+00  0.00000E+00  0.00000E+00  0.00000E+00    0.13661E+03  0.94890E+02 -0.23150E+03  0.81091E+01  0.75053E+01  0.63171E+02      982.00
  0.51569E+00  0.36596E+03    0.27500E+00  0.27500E+00 -0.55000E+00  0.00000E+00  0.00000E+00  0.00000E+00    0.13647E+03  0.95847E+02 -0.23232E+03  0.82425E+01  0.75989E+01  0.60202E+02      982.00
  0.53949E+00  0.36568E+03    0.28750E+00  0.28750E+00 -0.57500E+00  0.00000E+00  0.00000E+00  0.00000E+00    0.13632E+03  0.96850E+02 -0.23317E+03  0.84178E+01  0.77351E+01  0.57257E+02      982.00
  0.56340E+00  0.36586E+03    0.30000E+00  0.30000E+00 -0.60000E+00  0.00000E+00  0.00000E+00  0.00000E+00    0.13630E+03  0.97915E+02 -0.23422E+03  0.85980E+01  0.78764E+01  0.54513E+02      982.00
  0.58741E+00  0.36624E+03    0.31250E+00  0.31250E+00 -0.62500E+00  0.00000E+00  0.00000E+00  0.00000E+00    0.13632E+03  0.99002E+02 -0.23532E+03  0.87377E+01  0.79914E+01  0.51866E+02      982.00
  0.61150E+00  0.36687E+03    0.32500E+00  0.32500E+00 -0.65000E+00  0.00000E+00  0.00000E+00  0.00000E+00    0.13639E+03  0.10013E+03 -0.23652E+03  0.88323E+01  0.80729E+01  0.49356E+02      982.00
  0.63568E+00  0.36756E+03    0.33750E+00  0.33750E+00 -0.67500E+00  0.00000E+00  0.00000E+00  0.00000E+00    0.13644E+03  0.10127E+03 -0.23771E+03  0.89652E+01  0.81923E+01  0.46869E+02      982.00
  0.65993E+00  0.36861E+03    0.35000E+00  0.35000E+00 -0.70000E+00  0.00000E+00  0.00000E+00  0.00000E+00    0.13661E+03  0.10245E+03 -0.23906E+03  0.90667E+01  0.82851E+01  0.44569E+02      982.00
  0.68425E+00  0.36984E+03    0.36250E+00  0.36250E+00 -0.72500E+00  0.00000E+00  0.00000E+00  0.00000E+00    0.13682E+03  0.10365E+03 -0.24047E+03  0.91532E+01  0.83677E+01  0.42379E+02      982.00
  0.70864E+00  0.37124E+03    0.37500E+00  0.37500E+00 -0.75000E+00  0.00000E+00  0.00000E+00  0.00000E+00    0.13708E+03  0.10486E+03 -0.24194E+03  0.92247E+01  0.84393E+01  0.40294E+02      982.00
  0.73307E+00  0.37279E+03    0.38750E+00  0.38750E+00 -0.77500E+00  0.00000E+00  0.00000E+00  0.00000E+00    0.13737E+03  0.10609E+03 -0.24346E+03  0.92812E+01  0.84998E+01  0.38313E+02      982.00
  0.75756E+00  0.37445E+03    0.40000E+00  0.40000E+00 -0.80000E+00  0.00000E+00  0.00000E+00  0.00000E+00    0.13766E+03  0.10735E+03 -0.24502E+03  0.93739E+01  0.85866E+01  0.36373E+02      982.00
  0.78210E+00  0.37627E+03    0.41250E+00  0.41250E+00 -0.82500E+00  0.00000E+00  0.00000E+00  0.00000E+00    0.13803E+03  0.10860E+03 -0.24662E+03  0.93965E+01  0.86192E+01  0.34595E+02      982.00
  0.80668E+00  0.37819E+03    0.42500E+00  0.42500E+00 -0.85000E+00  0.00000E+00  0.00000E+00  0.00000E+00    0.13842E+03  0.10984E+03 -0.24826E+03  0.94057E+01  0.86412E+01  0.32909E+02      982.00
  0.83130E+00  0.38018E+03    0.43750E+00  0.43750E+00 -0.87500E+00  0.00000E+00  0.00000E+00  0.00000E+00    0.13884E+03  0.11108E+03 -0.24992E+03  0.94071E+01  0.86582E+01  0.31302E+02      982.00
  0.85595E+00  0.38226E+03    0.45000E+00  0.45000E+00 -0.90000E+00  0.00000E+00  0.00000E+00  0.00000E+00    0.13928E+03  0.11232E+03 -0.25160E+03  0.93933E+01  0.86614E+01  0.29785E+02      982.00
  0.88063E+00  0.38445E+03    0.46250E+00  0.46250E+00 -0.92500E+00  0.00000E+00  0.00000E+00  0.00000E+00    0.13974E+03  0.11359E+03 -0.25333E+03  0.94096E+01  0.86825E+01  0.28315E+02      982.00
  0.90534E+00  0.38664E+03    0.47500E+00  0.47500E+00 -0.95000E+00  0.00000E+00  0.00000E+00  0.00000E+00    0.14022E+03  0.11481E+03 -0.25503E+03  0.93685E+01  0.86627E+01  0.26957E+02      982.00
  0.93007E+00  0.38886E+03    0.48750E+00  0.48750E+00 -0.97500E+00  0.00000E+00  0.00000E+00  0.00000E+00    0.14071E+03  0.11601E+03 -0.25673E+03  0.93190E+01  0.86360E+01  0.25670E+02      982.00
  0.95483E+00  0.39110E+03    0.50000E+00  0.50000E+00 -0.10000E+01  0.00000E+00  0.00000E+00  0.00000E+00    0.14122E+03  0.11720E+03 -0.25842E+03  0.92624E+01  0.86032E+01  0.24450E+02      982.00
