          Evm          Svm            E11          E22          E33          E23          E13          E12         SDEV11       SDEV22       SDEV33       SDEV23       SDEV13       SDEV12      TEMP
  0.00000E+00  0.14427E+03    0.00000E+00  0.00000E+00  0.00000E+00  0.00000E+00  0.00000E+00  0.00000E+00    0.52627E+02  0.39737E+02 -0.92364E+02 -0.64909E+01 -0.13097E+02  0.16859E+02      982.00
  0.24008E-01  0.14413E+03    0.12500E-01  0.12500E-01 -0.25000E-01  0.00000E+00  0.00000E+00  0.00000E+00    0.52358E+02  0.39630E+02 -0.91988E+02 -0.58835E+01 -0.12722E+02  0.18465E+02      982.00
  0.47942E-01  0.14889E+03    0.25000E-01  0.25000E-01 -0.50000E-01  0.00000E+00  0.00000E+00  0.00000E+00    0.53346E+02  0.40920E+02 -0.94266E+02 -0.57275E+01 -0.12754E+02  0.22148E+02      982.00
  0.71685E-01  0.16086E+03    0.37500E-01  0.37500E-01 -0.75000E-01  0.00000E+00  0.00000E+00  0.00000E+00    0.56109E+02  0.44073E+02 -0.10018E+03 -0.59864E+01 -0.13159E+02  0.29209E+02      982.00
  0.95039E-01  0.18449E+03    0.50000E-01  0.50000E-01 -0.10000E+00  0.00000E+00  0.00000E+00  0.00000E+00    0.61524E+02  0.49900E+02 -0.11142E+03 -0.66682E+01 -0.13947E+02  0.41967E+02      982.00
  0.11769E+00  0.22791E+03    0.62500E-01  0.62500E-01 -0.12500E+00  0.00000E+00  0.00000E+00  0.00000E+00    0.70900E+02  0.59957E+02 -0.13086E+03 -0.77687E+01 -0.15130E+02  0.64436E+02      982.00
  0.13922E+00  0.29424E+03    0.75000E-01  0.75000E-01 -0.15000E+00  0.00000E+00  0.00000E+00  0.00000E+00    0.82926E+02  0.75974E+02 -0.15890E+03 -0.86448E+01 -0.16226E+02  0.97836E+02      982.00
  0.15947E+00  0.34764E+03    0.87500E-01  0.87500E-01 -0.17500E+00  0.00000E+00  0.00000E+00  0.00000E+00    0.88011E+02  0.92755E+02 -0.18077E+03 -0.83852E+01 -0.16366E+02  0.12423E+03      982.00
  0.17897E+00  0.38376E+03    0.10000E+00  0.10000E+00 -0.20000E+00  0.00000E+00  0.00000E+00  0.00000E+00    0.89443E+02  0.10585E+03 -0.19529E+03 -0.80738E+01 -0.16220E+02  0.14175E+03      982.00
  0.19805E+00  0.41451E+03    0.11250E+00  0.11250E+00 -0.22500E+00  0.00000E+00  0.00000E+00  0.00000E+00    0.91212E+02  0.11633E+03 -0.20754E+03 -0.78502E+01 -0.16025E+02  0.15650E+03      982.00
  0.21683E+00  0.43976E+03    0.12500E+00  0.12500E+00 -0.25000E+00  0.00000E+00  0.00000E+00  0.00000E+00    0.93188E+02  0.12438E+03 -0.21757E+03 -0.76575E+01 -0.15754E+02  0.16855E+03      982.00
  0.23538E+00  0.45967E+03    0.13750E+00  0.13750E+00 -0.27500E+00  0.00000E+00  0.00000E+00  0.00000E+00    0.95054E+02  0.13042E+03 -0.22548E+03 -0.75122E+01 -0.15425E+02  0.17803E+03      982.00
  0.25378E+00  0.47524E+03    0.15000E+00  0.15000E+00 -0.30000E+00  0.00000E+00  0.00000E+00  0.00000E+00    0.96668E+02  0.13498E+03 -0.23165E+03 -0.74299E+01 -0.15058E+02  0.18545E+03      982.00
  0.27205E+00  0.48750E+03    0.16250E+00  0.16250E+00 -0.32500E+00  0.00000E+00  0.00000E+00  0.00000E+00    0.97956E+02  0.13852E+03 -0.23648E+03 -0.74137E+01 -0.14660E+02  0.19130E+03      982.00
  0.29025E+00  0.49723E+03    0.17500E+00  0.17500E+00 -0.35000E+00  0.00000E+00  0.00000E+00  0.00000E+00    0.98916E+02  0.14137E+03 -0.24029E+03 -0.74732E+01 -0.14238E+02  0.19596E+03      982.00
  0.30837E+00  0.50508E+03    0.18750E+00  0.18750E+00 -0.37500E+00  0.00000E+00  0.00000E+00  0.00000E+00    0.99616E+02  0.14371E+03 -0.24333E+03 -0.76094E+01 -0.13790E+02  0.19974E+03      982.00
  0.32643E+00  0.51152E+03    0.20000E+00  0.20000E+00 -0.40000E+00  0.00000E+00  0.00000E+00  0.00000E+00    0.10008E+03  0.14571E+03 -0.24578E+03 -0.78162E+01 -0.13311E+02  0.20286E+03      982.00
  0.34445E+00  0.51689E+03    0.21250E+00  0.21250E+00 -0.42500E+00  0.00000E+00  0.00000E+00  0.00000E+00    0.10039E+03  0.14741E+03 -0.24780E+03 -0.80831E+01 -0.12804E+02  0.20548E+03      982.00
  0.36243E+00  0.52133E+03    0.22500E+00  0.22500E+00 -0.45000E+00  0.00000E+00  0.00000E+00  0.00000E+00    0.10052E+03  0.14891E+03 -0.24943E+03 -0.84037E+01 -0.12279E+02  0.20767E+03      982.00
  0.38037E+00  0.52511E+03    0.23750E+00  0.23750E+00 -0.47500E+00  0.00000E+00  0.00000E+00  0.00000E+00    0.10059E+03  0.15021E+03 -0.25079E+03 -0.87466E+01 -0.11751E+02  0.20955E+03      982.00
  0.39828E+00  0.52840E+03    0.25000E+00  0.25000E+00 -0.50000E+00  0.00000E+00  0.00000E+00  0.00000E+00    0.10067E+03  0.15128E+03 -0.25195E+03 -0.90839E+01 -0.11234E+02  0.21121E+03      982.00
  0.41616E+00  0.53137E+03    0.26250E+00  0.26250E+00 -0.52500E+00  0.00000E+00  0.00000E+00  0.00000E+00    0.10083E+03  0.15214E+03 -0.25297E+03 -0.93899E+01 -0.10742E+02  0.21274E+03      982.00
  0.43401E+00  0.53446E+03    0.27500E+00  0.27500E+00 -0.55000E+00  0.00000E+00  0.00000E+00  0.00000E+00    0.10109E+03  0.15288E+03 -0.25397E+03 -0.96769E+01 -0.10143E+02  0.21441E+03      982.00
  0.45183E+00  0.53703E+03    0.28750E+00  0.28750E+00 -0.57500E+00  0.00000E+00  0.00000E+00  0.00000E+00    0.10149E+03  0.15332E+03 -0.25481E+03 -0.98837E+01 -0.97573E+01  0.21581E+03      982.00
  0.46963E+00  0.53687E+03    0.30000E+00  0.30000E+00 -0.60000E+00  0.00000E+00  0.00000E+00  0.00000E+00    0.10171E+03  0.15282E+03 -0.25453E+03 -0.10093E+02 -0.94605E+01  0.21598E+03      982.00
  0.48741E+00  0.53734E+03    0.31250E+00  0.31250E+00 -0.62500E+00  0.00000E+00  0.00000E+00  0.00000E+00    0.10195E+03  0.15250E+03 -0.25445E+03 -0.10186E+02 -0.92542E+01  0.21647E+03      982.00
  0.50516E+00  0.53784E+03    0.32500E+00  0.32500E+00 -0.65000E+00  0.00000E+00  0.00000E+00  0.00000E+00    0.10220E+03  0.15218E+03 -0.25438E+03 -0.10247E+02 -0.90450E+01  0.21699E+03      982.00
  0.52290E+00  0.53841E+03    0.33750E+00  0.33750E+00 -0.67500E+00  0.00000E+00  0.00000E+00  0.00000E+00    0.10240E+03  0.15189E+03 -0.25429E+03 -0.10283E+02 -0.88470E+01  0.21756E+03      982.00
  0.54061E+00  0.53908E+03    0.35000E+00  0.35000E+00 -0.70000E+00  0.00000E+00  0.00000E+00  0.00000E+00    0.10272E+03  0.15152E+03 -0.25424E+03 -0.10285E+02 -0.86829E+01  0.21821E+03      982.00
  0.55830E+00  0.53983E+03    0.36250E+00  0.36250E+00 -0.72500E+00  0.00000E+00  0.00000E+00  0.00000E+00    0.10306E+03  0.15114E+03 -0.25420E+03 -0.10267E+02 -0.85538E+01  0.21890E+03      982.00
  0.57596E+00  0.54064E+03    0.37500E+00  0.37500E+00 -0.75000E+00  0.00000E+00  0.00000E+00  0.00000E+00    0.10341E+03  0.15076E+03 -0.25417E+03 -0.10236E+02 -0.84566E+01  0.21964E+03      982.00
  0.59358E+00  0.54151E+03    0.38750E+00  0.38750E+00 -0.77500E+00  0.00000E+00  0.00000E+00  0.00000E+00    0.10375E+03  0.15038E+03 -0.25413E+03 -0.10194E+02 -0.83877E+01  0.22043E+03      982.00
  0.61118E+00  0.54242E+03    0.40000E+00  0.40000E+00 -0.80000E+00  0.00000E+00  0.00000E+00  0.00000E+00    0.10408E+03  0.15001E+03 -0.25410E+03 -0.10143E+02 -0.83433E+01  0.22125E+03      982.00
  0.62875E+00  0.54338E+03    0.41250E+00  0.41250E+00 -0.82500E+00  0.00000E+00  0.00000E+00  0.00000E+00    0.10440E+03  0.14966E+03 -0.25406E+03 -0.10086E+02 -0.83197E+01  0.22210E+03      982.00
  0.64628E+00  0.54438E+03    0.42500E+00  0.42500E+00 -0.85000E+00  0.00000E+00  0.00000E+00  0.00000E+00    0.10469E+03  0.14931E+03 -0.25401E+03 -0.10023E+02 -0.83132E+01  0.22299E+03      982.00
  0.66378E+00  0.54540E+03    0.43750E+00  0.43750E+00 -0.87500E+00  0.00000E+00  0.00000E+00  0.00000E+00    0.10496E+03  0.14898E+03 -0.25395E+03 -0.99547E+01 -0.83201E+01  0.22391E+03      982.00
  0.68124E+00  0.54660E+03    0.45000E+00  0.45000E+00 -0.90000E+00  0.00000E+00  0.00000E+00  0.00000E+00    0.10531E+03  0.14863E+03 -0.25393E+03 -0.98700E+01 -0.83219E+01  0.22493E+03      982.00
  0.69866E+00  0.54765E+03    0.46250E+00  0.46250E+00 -0.92500E+00  0.00000E+00  0.00000E+00  0.00000E+00    0.10552E+03  0.14833E+03 -0.25385E+03 -0.97884E+01 -0.83451E+01  0.22588E+03      982.00
  0.71605E+00  0.54871E+03    0.47500E+00  0.47500E+00 -0.95000E+00  0.00000E+00  0.00000E+00  0.00000E+00    0.10569E+03  0.14806E+03 -0.25374E+03 -0.96977E+01 -0.83714E+01  0.22685E+03      982.00
  0.73339E+00  0.54977E+03    0.48750E+00  0.48750E+00 -0.97500E+00  0.00000E+00  0.00000E+00  0.00000E+00    0.10582E+03  0.14781E+03 -0.25362E+03 -0.95973E+01 -0.83969E+01  0.22782E+03      982.00
  0.75069E+00  0.55082E+03    0.50000E+00  0.50000E+00 -0.10000E+01  0.00000E+00  0.00000E+00  0.00000E+00    0.10592E+03  0.14757E+03 -0.25349E+03 -0.94863E+01 -0.84182E+01  0.22880E+03      982.00
