
*******   STEP   1      *** NEFF=10 CALCULATION                
    1   0.421E+00   0.882E+00   0.823E+00
    2   0.587E+00   0.136E+01   0.123E+01
    3   0.648E+00   0.141E+01   0.133E+01
    4   0.542E+00   0.134E+01   0.126E+01
    5   0.367E+00   0.119E+01   0.108E+01
    6   0.206E+00   0.980E+00   0.793E+00
    7   0.993E-01   0.797E+00   0.483E+00
    8   0.575E-01   0.715E+00   0.309E+00
    9   0.528E-01   0.606E+00   0.276E+00
   10   0.426E-01   0.424E+00   0.204E+00
   11   0.353E-01   0.305E+00   0.156E+00
   12   0.402E-01   0.270E+00   0.170E+00
   13   0.432E-01   0.257E+00   0.181E+00
   14   0.398E-01   0.234E+00   0.168E+00
   15   0.332E-01   0.201E+00   0.141E+00
   16   0.261E-01   0.166E+00   0.112E+00
   17   0.195E-01   0.134E+00   0.845E-01
   18   0.147E-01   0.108E+00   0.639E-01
   19   0.112E-01   0.876E-01   0.492E-01
   20   0.895E-02   0.717E-01   0.392E-01
   21   0.740E-02   0.593E-01   0.321E-01
   22   0.606E-02   0.491E-01   0.264E-01
   23   0.501E-02   0.408E-01   0.219E-01
   24   0.417E-02   0.340E-01   0.183E-01
   25   0.349E-02   0.284E-01   0.153E-01
   26   0.293E-02   0.238E-01   0.129E-01
   27   0.247E-02   0.200E-01   0.109E-01
   28   0.208E-02   0.167E-01   0.913E-02
   29   0.186E-02   0.140E-01   0.763E-02
   30   0.155E-02   0.116E-01   0.629E-02
   31   0.128E-02   0.955E-02   0.517E-02
   32   0.105E-02   0.783E-02   0.422E-02
   33   0.861E-03   0.641E-02   0.344E-02
   34   0.702E-03   0.524E-02   0.279E-02
   35   0.570E-03   0.427E-02   0.226E-02
   36   0.462E-03   0.348E-02   0.183E-02
   37   0.375E-03   0.284E-02   0.149E-02
   38   0.305E-03   0.232E-02   0.122E-02
   39   0.250E-03   0.190E-02   0.101E-02
   40   0.206E-03   0.155E-02   0.840E-03
   41   0.171E-03   0.127E-02   0.701E-03
   42   0.142E-03   0.105E-02   0.583E-03
   43   0.118E-03   0.855E-03   0.481E-03

*******   STEP   2      *** NEFF=10 CALCULATION                
    1   0.121E-01   0.479E-01   0.506E-01
    2   0.134E-01   0.596E-01   0.577E-01
    3   0.109E-01   0.503E-01   0.467E-01
    4   0.705E-02   0.340E-01   0.296E-01
    5   0.315E-02   0.180E-01   0.131E-01
    6   0.116E-02   0.960E-02   0.479E-02
    7   0.134E-02   0.895E-02   0.665E-02
    8   0.158E-02   0.918E-02   0.771E-02
    9   0.151E-02   0.825E-02   0.701E-02
   10   0.133E-02   0.691E-02   0.580E-02
   11   0.111E-02   0.544E-02   0.442E-02
   12   0.709E-03   0.352E-02   0.240E-02
   13   0.496E-03   0.253E-02   0.154E-02
   14   0.317E-03   0.187E-02   0.103E-02
   15   0.217E-03   0.174E-02   0.125E-02
   16   0.246E-03   0.191E-02   0.165E-02
   17   0.314E-03   0.208E-02   0.190E-02
   18   0.359E-03   0.214E-02   0.196E-02
   19   0.372E-03   0.204E-02   0.187E-02
   20   0.354E-03   0.183E-02   0.164E-02
   21   0.312E-03   0.153E-02   0.133E-02
   22   0.255E-03   0.118E-02   0.985E-03
   23   0.190E-03   0.837E-03   0.641E-03

*******   STEP   3      *** NEFF=10 CALCULATION                
    1   0.316E-02   0.140E-01   0.107E-01
    2   0.199E-02   0.154E-01   0.791E-02
    3   0.169E-02   0.131E-01   0.704E-02
    4   0.165E-02   0.119E-01   0.721E-02
    5   0.155E-02   0.107E-01   0.696E-02
    6   0.144E-02   0.928E-02   0.619E-02
    7   0.128E-02   0.802E-02   0.551E-02
    8   0.113E-02   0.684E-02   0.475E-02
    9   0.974E-03   0.575E-02   0.398E-02
   10   0.816E-03   0.472E-02   0.320E-02
   11   0.661E-03   0.379E-02   0.247E-02
   12   0.516E-03   0.298E-02   0.182E-02
   13   0.387E-03   0.231E-02   0.129E-02
   14   0.282E-03   0.179E-02   0.923E-03
   15   0.207E-03   0.142E-02   0.737E-03
   16   0.163E-03   0.118E-02   0.687E-03
   17   0.145E-03   0.102E-02   0.681E-03
   18   0.138E-03   0.902E-03   0.657E-03

*******   STEP   4      *** NEFF=10 CALCULATION                
    1   0.960E-02   0.435E-01   0.416E-01
    2   0.120E-01   0.593E-01   0.536E-01
    3   0.102E-01   0.532E-01   0.460E-01
    4   0.792E-02   0.410E-01   0.337E-01
    5   0.484E-02   0.271E-01   0.199E-01
    6   0.253E-02   0.164E-01   0.981E-02
    7   0.143E-02   0.107E-01   0.536E-02
    8   0.105E-02   0.805E-02   0.438E-02
    9   0.884E-03   0.642E-02   0.379E-02
   10   0.797E-03   0.510E-02   0.304E-02
   11   0.642E-03   0.392E-02   0.228E-02
   12   0.484E-03   0.295E-02   0.155E-02
   13   0.342E-03   0.233E-02   0.117E-02
   14   0.263E-03   0.212E-02   0.132E-02
   15   0.276E-03   0.221E-02   0.168E-02
   16   0.335E-03   0.238E-02   0.198E-02
   17   0.387E-03   0.247E-02   0.213E-02
   18   0.413E-03   0.244E-02   0.211E-02
   19   0.410E-03   0.227E-02   0.195E-02
   20   0.379E-03   0.201E-02   0.169E-02
   21   0.330E-03   0.167E-02   0.136E-02
   22   0.268E-03   0.131E-02   0.101E-02
   23   0.201E-03   0.963E-03   0.669E-03

*******   STEP   5      *** NEFF=10 CALCULATION                
    1   0.176E-01   0.828E-01   0.800E-01
    2   0.208E-01   0.108E+00   0.974E-01
    3   0.170E-01   0.919E-01   0.788E-01
    4   0.116E-01   0.644E-01   0.513E-01
    5   0.633E-02   0.385E-01   0.267E-01
    6   0.293E-02   0.214E-01   0.115E-01
    7   0.177E-02   0.140E-01   0.690E-02
    8   0.137E-02   0.105E-01   0.586E-02
    9   0.112E-02   0.809E-02   0.470E-02
   10   0.869E-03   0.616E-02   0.335E-02
   11   0.619E-03   0.484E-02   0.236E-02
   12   0.513E-03   0.436E-02   0.242E-02
   13   0.520E-03   0.397E-02   0.243E-02
   14   0.513E-03   0.384E-02   0.269E-02
   15   0.540E-03   0.375E-02   0.283E-02
   16   0.558E-03   0.363E-02   0.286E-02
   17   0.556E-03   0.341E-02   0.272E-02
   18   0.529E-03   0.309E-02   0.245E-02
   19   0.477E-03   0.268E-02   0.208E-02
   20   0.407E-03   0.221E-02   0.165E-02
   21   0.328E-03   0.173E-02   0.122E-02
   22   0.246E-03   0.129E-02   0.821E-03
   23   0.171E-03   0.910E-03   0.496E-03

*******   STEP   6      *** NEFF=10 CALCULATION                
    1   0.228E-01   0.116E+00   0.108E+00
    2   0.257E-01   0.143E+00   0.126E+00
    3   0.207E-01   0.119E+00   0.981E-01
    4   0.130E-01   0.776E-01   0.592E-01
    5   0.658E-02   0.431E-01   0.284E-01
    6   0.290E-02   0.229E-01   0.116E-01
    7   0.181E-02   0.147E-01   0.734E-02
    8   0.139E-02   0.109E-01   0.586E-02
    9   0.109E-02   0.818E-02   0.444E-02
   10   0.799E-03   0.621E-02   0.308E-02
   11   0.602E-03   0.521E-02   0.263E-02
   12   0.605E-03   0.508E-02   0.314E-02
   13   0.633E-03   0.470E-02   0.309E-02
   14   0.621E-03   0.449E-02   0.321E-02
   15   0.624E-03   0.422E-02   0.314E-02
   16   0.605E-03   0.389E-02   0.295E-02
   17   0.565E-03   0.345E-02   0.261E-02
   18   0.502E-03   0.294E-02   0.218E-02
   19   0.422E-03   0.239E-02   0.170E-02
   20   0.334E-03   0.183E-02   0.122E-02
   21   0.246E-03   0.132E-02   0.796E-03
   22   0.166E-03   0.906E-03   0.463E-03

*******   STEP   7      *** NEFF=10 CALCULATION                
    1   0.245E-01   0.136E+00   0.122E+00
    2   0.266E-01   0.161E+00   0.136E+00
    3   0.205E-01   0.126E+00   0.100E+00
    4   0.120E-01   0.770E-01   0.567E-01
    5   0.573E-02   0.399E-01   0.254E-01
    6   0.256E-02   0.203E-01   0.102E-01
    7   0.148E-02   0.123E-01   0.614E-02
    8   0.111E-02   0.887E-02   0.474E-02
    9   0.838E-03   0.643E-02   0.339E-02
   10   0.592E-03   0.485E-02   0.234E-02
   11   0.471E-03   0.427E-02   0.230E-02
   12   0.515E-03   0.431E-02   0.281E-02
   13   0.540E-03   0.396E-02   0.266E-02
   14   0.516E-03   0.367E-02   0.262E-02
   15   0.495E-03   0.329E-02   0.239E-02
   16   0.452E-03   0.286E-02   0.208E-02
   17   0.394E-03   0.237E-02   0.169E-02
   18   0.323E-03   0.185E-02   0.127E-02
   19   0.247E-03   0.135E-02   0.860E-03
   20   0.172E-03   0.911E-03   0.507E-03

*******   STEP   8      *** NEFF=10 CALCULATION                
    1   0.238E-01   0.142E+00   0.122E+00
    2   0.244E-01   0.158E+00   0.128E+00
    3   0.177E-01   0.115E+00   0.886E-01
    4   0.981E-02   0.659E-01   0.474E-01
    5   0.438E-02   0.316E-01   0.201E-01
    6   0.182E-02   0.146E-01   0.748E-02
    7   0.105E-02   0.848E-02   0.410E-02
    8   0.710E-03   0.570E-02   0.301E-02
    9   0.511E-03   0.394E-02   0.211E-02
   10   0.351E-03   0.282E-02   0.136E-02
   11   0.294E-03   0.221E-02   0.104E-02
   12   0.226E-03   0.190E-02   0.109E-02
   13   0.214E-03   0.188E-02   0.134E-02
   14   0.242E-03   0.199E-02   0.155E-02
   15   0.273E-03   0.200E-02   0.158E-02
   16   0.280E-03   0.187E-02   0.145E-02
   17   0.261E-03   0.159E-02   0.120E-02
   18   0.219E-03   0.122E-02   0.874E-03
   19   0.164E-03   0.834E-03   0.542E-03

*******   STEP   9      *** NEFF=10 CALCULATION                
    1   0.213E-01   0.135E+00   0.111E+00
    2   0.210E-01   0.142E+00   0.111E+00
    3   0.145E-01   0.985E-01   0.734E-01
    4   0.786E-02   0.536E-01   0.381E-01
    5   0.338E-02   0.241E-01   0.156E-01
    6   0.133E-02   0.989E-02   0.529E-02
    7   0.592E-03   0.474E-02   0.238E-02
    8   0.384E-03   0.310E-02   0.194E-02
    9   0.311E-03   0.221E-02   0.146E-02
   10   0.265E-03   0.159E-02   0.963E-03
   11   0.184E-03   0.102E-02   0.505E-03
   12   0.105E-03   0.757E-03   0.479E-03

*******   STEP  10      *** NEFF=10 CALCULATION                
    1   0.185E-01   0.121E+00   0.975E-01
    2   0.178E-01   0.125E+00   0.944E-01
    3   0.118E-01   0.826E-01   0.601E-01
    4   0.618E-02   0.433E-01   0.306E-01
    5   0.289E-02   0.197E-01   0.131E-01
    6   0.101E-02   0.730E-02   0.434E-02
    7   0.391E-03   0.291E-02   0.148E-02
    8   0.203E-03   0.177E-02   0.112E-02
    9   0.185E-03   0.137E-02   0.772E-03
   10   0.149E-03   0.109E-02   0.646E-03
   11   0.118E-03   0.752E-03   0.363E-03

*******   STEP  11      *** NEFF=10 CALCULATION                
    1   0.157E-01   0.103E+00   0.821E-01
    2   0.147E-01   0.106E+00   0.778E-01
    3   0.971E-02   0.687E-01   0.487E-01
    4   0.516E-02   0.359E-01   0.249E-01
    5   0.230E-02   0.159E-01   0.108E-01
    6   0.105E-02   0.659E-02   0.422E-02
    7   0.530E-03   0.268E-02   0.162E-02
    8   0.155E-03   0.132E-02   0.963E-03
    9   0.138E-03   0.113E-02   0.683E-03
   10   0.125E-03   0.108E-02   0.711E-03
   11   0.122E-03   0.813E-03   0.444E-03

*******   STEP  12      *** NEFF=10 CALCULATION                
    1   0.132E-01   0.848E-01   0.695E-01
    2   0.125E-01   0.914E-01   0.657E-01
    3   0.807E-02   0.581E-01   0.403E-01
    4   0.433E-02   0.307E-01   0.212E-01
    5   0.210E-02   0.148E-01   0.102E-01
    6   0.110E-02   0.717E-02   0.487E-02
    7   0.639E-03   0.364E-02   0.244E-02
    8   0.282E-03   0.171E-02   0.115E-02
    9   0.203E-03   0.961E-03   0.439E-03

*******   STEP  13      *** NEFF=10 CALCULATION                
    1   0.115E-01   0.698E-01   0.603E-01
    2   0.110E-01   0.805E-01   0.567E-01
    3   0.691E-02   0.502E-01   0.340E-01
    4   0.379E-02   0.273E-01   0.186E-01
    5   0.218E-02   0.148E-01   0.998E-02
    6   0.115E-02   0.781E-02   0.534E-02
    7   0.719E-03   0.460E-02   0.323E-02
    8   0.407E-03   0.271E-02   0.189E-02
    9   0.232E-03   0.171E-02   0.125E-02
   10   0.205E-03   0.114E-02   0.641E-03
   11   0.140E-03   0.703E-03   0.402E-03

*******   STEP  14      *** NEFF=10 CALCULATION                
    1   0.103E-01   0.570E-01   0.546E-01
    2   0.100E-01   0.738E-01   0.508E-01
    3   0.622E-02   0.455E-01   0.298E-01
    4   0.369E-02   0.259E-01   0.170E-01
    5   0.208E-02   0.145E-01   0.964E-02
    6   0.134E-02   0.889E-02   0.605E-02
    7   0.802E-03   0.550E-02   0.375E-02
    8   0.489E-03   0.362E-02   0.261E-02
    9   0.338E-03   0.261E-02   0.185E-02
   10   0.246E-03   0.198E-02   0.143E-02
   11   0.238E-03   0.142E-02   0.830E-03
   12   0.135E-03   0.112E-02   0.867E-03
   13   0.130E-03   0.916E-03   0.559E-03

*******   STEP  15      *** NEFF=10 CALCULATION                
    1   0.965E-02   0.466E-01   0.506E-01
    2   0.933E-02   0.683E-01   0.460E-01
    3   0.575E-02   0.422E-01   0.264E-01
    4   0.343E-02   0.245E-01   0.157E-01
    5   0.208E-02   0.149E-01   0.965E-02
    6   0.139E-02   0.987E-02   0.666E-02
    7   0.921E-03   0.680E-02   0.454E-02
    8   0.620E-03   0.484E-02   0.339E-02
    9   0.461E-03   0.369E-02   0.253E-02
   10   0.349E-03   0.285E-02   0.200E-02
   11   0.340E-03   0.205E-02   0.117E-02
   12   0.192E-03   0.157E-02   0.121E-02
   13   0.182E-03   0.130E-02   0.765E-03
   14   0.159E-03   0.874E-03   0.512E-03

*******   STEP  16      *** NEFF=10 CALCULATION                
    1   0.934E-02   0.385E-01   0.484E-01
    2   0.866E-02   0.643E-01   0.423E-01
    3   0.556E-02   0.412E-01   0.243E-01
    4   0.328E-02   0.239E-01   0.146E-01
    5   0.204E-02   0.152E-01   0.930E-02
    6   0.139E-02   0.103E-01   0.654E-02
    7   0.932E-03   0.723E-02   0.454E-02
    8   0.633E-03   0.514E-02   0.336E-02
    9   0.462E-03   0.387E-02   0.249E-02
   10   0.344E-03   0.292E-02   0.191E-02
   11   0.334E-03   0.209E-02   0.110E-02
   12   0.176E-03   0.146E-02   0.106E-02
   13   0.163E-03   0.122E-02   0.663E-03
   14   0.142E-03   0.831E-03   0.466E-03

*******   STEP  17      *** NEFF=10 CALCULATION                
    1   0.921E-02   0.329E-01   0.471E-01
    2   0.827E-02   0.612E-01   0.388E-01
    3   0.534E-02   0.404E-01   0.225E-01
    4   0.303E-02   0.227E-01   0.127E-01
    5   0.171E-02   0.133E-01   0.742E-02
    6   0.113E-02   0.813E-02   0.455E-02
    7   0.640E-03   0.486E-02   0.271E-02
    8   0.351E-03   0.286E-02   0.165E-02
    9   0.197E-03   0.175E-02   0.102E-02
   10   0.177E-03   0.107E-02   0.457E-03
   11   0.110E-03   0.448E-03   0.193E-03

*******   STEP  18      *** NEFF=10 CALCULATION                
    1   0.887E-02   0.287E-01   0.467E-01
    2   0.781E-02   0.586E-01   0.358E-01
    3   0.502E-02   0.388E-01   0.209E-01
    4   0.269E-02   0.204E-01   0.103E-01
    5   0.114E-02   0.876E-02   0.402E-02
    6   0.337E-03   0.264E-02   0.100E-02
    7   0.120E-03   0.858E-03   0.918E-03

*******   STEP  19      *** NEFF=10 CALCULATION                
    1   0.849E-02   0.246E-01   0.458E-01
    2   0.706E-02   0.541E-01   0.326E-01
    3   0.455E-02   0.346E-01   0.185E-01
    4   0.215E-02   0.160E-01   0.739E-02
    5   0.558E-03   0.334E-02   0.961E-03
    6   0.424E-03   0.339E-02   0.307E-02
    7   0.457E-03   0.471E-02   0.348E-02
    8   0.527E-03   0.408E-02   0.240E-02
    9   0.353E-03   0.216E-02   0.883E-03
   10   0.130E-03   0.598E-03   0.620E-03

*******   STEP  20      *** NEFF=10 CALCULATION                
    1   0.842E-02   0.254E-01   0.469E-01
    2   0.675E-02   0.537E-01   0.321E-01
    3   0.399E-02   0.319E-01   0.175E-01
    4   0.186E-02   0.138E-01   0.636E-02
    5   0.407E-03   0.181E-02   0.255E-02
    6   0.631E-03   0.509E-02   0.464E-02
    7   0.604E-03   0.560E-02   0.416E-02
    8   0.555E-03   0.388E-02   0.208E-02
    9   0.291E-03   0.110E-02   0.498E-03
   10   0.112E-03   0.194E-02   0.198E-02
   11   0.286E-03   0.303E-02   0.230E-02
   12   0.338E-03   0.260E-02   0.156E-02
   13   0.225E-03   0.126E-02   0.446E-03
   14   0.740E-04   0.339E-03   0.598E-03

*******   STEP  21      *** NEFF=10 CALCULATION                
    1   0.779E-02   0.204E-01   0.459E-01
    2   0.597E-02   0.495E-01   0.297E-01
    3   0.344E-02   0.283E-01   0.159E-01
    4   0.162E-02   0.125E-01   0.622E-02
    5   0.406E-03   0.250E-02   0.292E-02
    6   0.478E-03   0.372E-02   0.398E-02
    7   0.442E-03   0.402E-02   0.326E-02
    8   0.390E-03   0.255E-02   0.130E-02
    9   0.177E-03   0.627E-03   0.878E-03

*******   STEP  22      *** NEFF=10 CALCULATION                
    1   0.528E-02   0.429E-02   0.363E-01
    2   0.476E-02   0.397E-01   0.252E-01
    3   0.333E-02   0.271E-01   0.164E-01
    4   0.183E-02   0.146E-01   0.784E-02
    5   0.586E-03   0.407E-02   0.201E-02
    6   0.347E-03   0.250E-02   0.350E-02
    7   0.381E-03   0.411E-02   0.400E-02
    8   0.468E-03   0.364E-02   0.248E-02
    9   0.316E-03   0.159E-02   0.460E-03
   10   0.890E-04   0.964E-03   0.156E-02
   11   0.189E-03   0.237E-02   0.222E-02
   12   0.273E-03   0.241E-02   0.173E-02
   13   0.219E-03   0.136E-02   0.607E-03
   14   0.864E-04   0.126E-03   0.563E-03

*******   STEP  23      *** NEFF=10 CALCULATION                
    1   0.495E-02   0.574E-02   0.342E-01
    2   0.409E-02   0.347E-01   0.222E-01
    3   0.288E-02   0.240E-01   0.149E-01
    4   0.170E-02   0.139E-01   0.796E-02
    5   0.661E-03   0.508E-02   0.240E-02
    6   0.191E-03   0.101E-02   0.235E-02
    7   0.222E-03   0.278E-02   0.321E-02
    8   0.346E-03   0.309E-02   0.248E-02
    9   0.287E-03   0.177E-02   0.822E-03
   10   0.111E-03   0.297E-03   0.852E-03

*******   STEP  24      *** NEFF=10 CALCULATION                
    1   0.468E-02   0.393E-02   0.331E-01
    2   0.404E-02   0.351E-01   0.226E-01
    3   0.286E-02   0.243E-01   0.152E-01
    4   0.165E-02   0.138E-01   0.793E-02
    5   0.626E-03   0.492E-02   0.243E-02
    6   0.186E-03   0.977E-03   0.237E-02
    7   0.209E-03   0.253E-02   0.300E-02
    8   0.309E-03   0.270E-02   0.219E-02
    9   0.244E-03   0.145E-02   0.633E-03
   10   0.843E-04   0.329E-03   0.853E-03

*******   STEP  25      *** NEFF=10 CALCULATION                
    1   0.440E-02   0.371E-02   0.315E-01
    2   0.371E-02   0.328E-01   0.212E-01
    3   0.263E-02   0.228E-01   0.145E-01
    4   0.156E-02   0.133E-01   0.788E-02
    5   0.642E-03   0.527E-02   0.268E-02
    6   0.150E-03   0.680E-03   0.185E-02
    7   0.139E-03   0.181E-02   0.249E-02
    8   0.240E-03   0.222E-02   0.196E-02
    9   0.208E-03   0.136E-02   0.723E-03
   10   0.860E-04   0.183E-03   0.528E-03

*******   STEP  26      *** NEFF=10 CALCULATION                
    1   0.411E-02   0.368E-02   0.299E-01
    2   0.338E-02   0.304E-01   0.197E-01
    3   0.241E-02   0.212E-01   0.137E-01
    4   0.147E-02   0.128E-01   0.779E-02
    5   0.657E-03   0.558E-02   0.295E-02
    6   0.354E-03   0.134E-02   0.207E-02
    7   0.135E-03   0.221E-02   0.316E-02
    8   0.300E-03   0.294E-02   0.264E-02
    9   0.275E-03   0.195E-02   0.115E-02
   10   0.130E-03   0.399E-03   0.457E-03

*******   STEP  27      *** NEFF=10 CALCULATION                
    1   0.383E-02   0.348E-02   0.285E-01
    2   0.311E-02   0.283E-01   0.183E-01
    3   0.221E-02   0.199E-01   0.129E-01
    4   0.138E-02   0.123E-01   0.762E-02
    5   0.659E-03   0.575E-02   0.316E-02
    6   0.374E-03   0.177E-02   0.164E-02
    7   0.945E-04   0.153E-02   0.255E-02
    8   0.227E-03   0.236E-02   0.226E-02
    9   0.226E-03   0.172E-02   0.112E-02
   10   0.120E-03   0.521E-03   0.249E-03

*******   STEP  28      *** NEFF=10 CALCULATION                
    1   0.358E-02   0.346E-02   0.271E-01
    2   0.280E-02   0.257E-01   0.167E-01
    3   0.199E-02   0.182E-01   0.118E-01
    4   0.128E-02   0.116E-01   0.734E-02
    5   0.868E-03   0.617E-02   0.307E-02
    6   0.346E-03   0.143E-02   0.189E-02
    7   0.112E-03   0.187E-02   0.268E-02
    8   0.241E-03   0.242E-02   0.218E-02
    9   0.216E-03   0.161E-02   0.974E-03
   10   0.104E-03   0.450E-03   0.291E-03

*******   STEP  29      *** NEFF=10 CALCULATION                
    1   0.335E-02   0.323E-02   0.261E-01
    2   0.254E-02   0.234E-01   0.151E-01
    3   0.178E-02   0.165E-01   0.107E-01
    4   0.117E-02   0.108E-01   0.697E-02
    5   0.811E-03   0.614E-02   0.321E-02
    6   0.364E-03   0.195E-02   0.135E-02
    7   0.804E-04   0.120E-02   0.195E-02
    8   0.165E-03   0.181E-02   0.174E-02
    9   0.166E-03   0.137E-02   0.914E-03
   10   0.938E-04   0.557E-03   0.180E-03

*******   STEP  30      *** NEFF=10 CALCULATION                
    1   0.312E-02   0.323E-02   0.252E-01
    2   0.227E-02   0.210E-01   0.136E-01
    3   0.157E-02   0.148E-01   0.955E-02
    4   0.115E-02   0.102E-01   0.639E-02
    5   0.726E-03   0.558E-02   0.286E-02
    6   0.321E-03   0.199E-02   0.117E-02
    7   0.839E-04   0.104E-02   0.141E-02
    8   0.114E-03   0.132E-02   0.120E-02
    9   0.127E-03   0.109E-02   0.687E-03
   10   0.624E-04   0.480E-03   0.196E-03

*******   STEP  31      *** NEFF=10 CALCULATION                
    1   0.292E-02   0.306E-02   0.247E-01
    2   0.191E-02   0.185E-01   0.126E-01
    3   0.141E-02   0.135E-01   0.857E-02
    4   0.105E-02   0.975E-02   0.625E-02
    5   0.708E-03   0.594E-02   0.327E-02
    6   0.371E-03   0.275E-02   0.120E-02
    7   0.133E-03   0.113E-02   0.841E-03
    8   0.688E-04   0.101E-02   0.868E-03
    9   0.832E-04   0.886E-03   0.512E-03

*******   STEP  32      *** NEFF=10 CALCULATION                
    1   0.271E-02   0.336E-02   0.244E-01
    2   0.171E-02   0.163E-01   0.116E-01
    3   0.122E-02   0.118E-01   0.727E-02
    4   0.902E-03   0.885E-02   0.570E-02
    5   0.650E-03   0.588E-02   0.336E-02
    6   0.384E-03   0.323E-02   0.148E-02
    7   0.178E-03   0.158E-02   0.590E-03
    8   0.751E-04   0.102E-02   0.550E-03
    9   0.658E-04   0.841E-03   0.338E-03

*******   STEP  33      *** NEFF=10 CALCULATION                
    1   0.255E-02   0.316E-02   0.247E-01
    2   0.157E-02   0.146E-01   0.111E-01
    3   0.106E-02   0.103E-01   0.602E-02
    4   0.765E-03   0.799E-02   0.504E-02
    5   0.587E-03   0.573E-02   0.332E-02
    6   0.384E-03   0.357E-02   0.176E-02
    7   0.214E-03   0.205E-02   0.748E-03
    8   0.106E-03   0.125E-02   0.384E-03
    9   0.796E-04   0.954E-03   0.245E-03

*******   STEP  34      *** NEFF=10 CALCULATION                
    1   0.240E-02   0.294E-02   0.255E-01
    2   0.147E-02   0.133E-01   0.112E-01
    3   0.926E-03   0.918E-02   0.495E-02
    4   0.645E-03   0.727E-02   0.437E-02
    5   0.528E-03   0.558E-02   0.320E-02
    6   0.379E-03   0.384E-02   0.199E-02
    7   0.240E-03   0.245E-02   0.103E-02
    8   0.138E-03   0.155E-02   0.475E-03
    9   0.105E-03   0.115E-02   0.302E-03
   10   0.725E-04   0.816E-03   0.248E-03

*******   STEP  35      *** NEFF=10 CALCULATION                
    1   0.226E-02   0.286E-02   0.266E-01
    2   0.140E-02   0.123E-01   0.119E-01
    3   0.832E-03   0.831E-02   0.421E-02
    4   0.543E-03   0.667E-02   0.372E-02
    5   0.473E-03   0.541E-02   0.301E-02
    6   0.438E-03   0.417E-02   0.241E-02
    7   0.336E-03   0.289E-02   0.172E-02
    8   0.156E-03   0.158E-02   0.747E-03
    9   0.794E-04   0.100E-02   0.306E-03
   10   0.501E-04   0.785E-03   0.369E-03

*******   STEP  36      *** NEFF=10 CALCULATION                
    1   0.211E-02   0.285E-02   0.284E-01
    2   0.139E-02   0.119E-01   0.133E-01
    3   0.793E-03   0.795E-02   0.408E-02
    4   0.472E-03   0.632E-02   0.319E-02
    5   0.430E-03   0.531E-02   0.279E-02
    6   0.358E-03   0.415E-02   0.220E-02
    7   0.324E-03   0.318E-02   0.167E-02
    8   0.246E-03   0.216E-02   0.104E-02
    9   0.162E-03   0.133E-02   0.492E-03
   10   0.924E-04   0.802E-03   0.289E-03

*******   STEP  37      *** NEFF=10 CALCULATION                
    1   0.199E-02   0.290E-02   0.309E-01
    2   0.143E-02   0.119E-01   0.156E-01
    3   0.806E-03   0.792E-02   0.478E-02
    4   0.476E-03   0.597E-02   0.226E-02
    5   0.374E-03   0.503E-02   0.256E-02
    6   0.338E-03   0.408E-02   0.213E-02
    7   0.311E-03   0.318E-02   0.162E-02
    8   0.240E-03   0.219E-02   0.999E-03
    9   0.101E-03   0.119E-02   0.350E-03
   10   0.566E-04   0.840E-03   0.349E-03

*******   STEP  38      *** NEFF=10 CALCULATION                
    1   0.186E-02   0.261E-02   0.338E-01
    2   0.154E-02   0.130E-01   0.182E-01
    3   0.890E-03   0.880E-02   0.601E-02
    4   0.474E-03   0.608E-02   0.194E-02
    5   0.355E-03   0.495E-02   0.233E-02
    6   0.325E-03   0.407E-02   0.212E-02
    7   0.308E-03   0.320E-02   0.168E-02
    8   0.242E-03   0.225E-02   0.115E-02
    9   0.167E-03   0.141E-02   0.544E-03
   10   0.553E-04   0.741E-03   0.338E-03

*******   STEP  39      *** NEFF=10 CALCULATION                
    1   0.173E-02   0.258E-02   0.377E-01
    2   0.191E-02   0.159E-01   0.205E-01
    3   0.982E-03   0.103E-01   0.740E-02
    4   0.476E-03   0.615E-02   0.184E-02
    5   0.331E-03   0.459E-02   0.201E-02
    6   0.295E-03   0.374E-02   0.202E-02
    7   0.286E-03   0.295E-02   0.168E-02
    8   0.229E-03   0.210E-02   0.126E-02
    9   0.163E-03   0.131E-02   0.655E-03
   10   0.528E-04   0.599E-03   0.234E-03

*******   STEP  40      *** NEFF=10 CALCULATION                
    1   0.162E-02   0.237E-02   0.425E-01
    2   0.241E-02   0.218E-01   0.265E-01
    3   0.130E-02   0.147E-01   0.110E-01
    4   0.592E-03   0.771E-02   0.295E-02
    5   0.378E-03   0.473E-02   0.163E-02
    6   0.273E-03   0.351E-02   0.190E-02
    7   0.240E-03   0.277E-02   0.167E-02
    8   0.224E-03   0.211E-02   0.130E-02
    9   0.171E-03   0.140E-02   0.811E-03
   10   0.112E-03   0.783E-03   0.328E-03

*******   STEP  41      *** NEFF=10 CALCULATION                
    1   0.154E-02   0.215E-02   0.488E-01
    2   0.336E-02   0.318E-01   0.353E-01
    3   0.183E-02   0.215E-01   0.169E-01
    4   0.852E-03   0.110E-01   0.579E-02
    5   0.358E-03   0.499E-02   0.124E-02
    6   0.259E-03   0.314E-02   0.143E-02
    7   0.203E-03   0.242E-02   0.146E-02
    8   0.196E-03   0.187E-02   0.117E-02
    9   0.153E-03   0.129E-02   0.815E-03
   10   0.106E-03   0.781E-03   0.379E-03
