  0.00    1      1.000   1.000   1.000      1.000   0.000   0.000
  0.00    2      1.000   1.000   1.000      1.000   0.000   0.000
  0.03    1      1.000   1.002   0.998      0.000   0.680   0.320
  0.03    2      1.063   1.074   0.863      0.999   0.001   0.000
  0.05    1      1.000   1.003   0.997      0.000   0.680   0.320
  0.05    2      1.131   1.153   0.744      0.999   0.001   0.000
  0.08    1      1.000   1.005   0.995      0.000   0.687   0.313
  0.08    2      1.205   1.238   0.641      0.999   0.001   0.000
  0.10    1      1.000   1.006   0.994      0.000   0.702   0.298
  0.10    2      1.283   1.328   0.553      0.999   0.001   0.000
  0.12    1      1.000   1.008   0.992      0.000   0.729   0.271
  0.12    2      1.365   1.424   0.478      0.999   0.001   0.000
  0.15    1      1.001   1.010   0.990      0.000   0.770   0.230
  0.15    2      1.450   1.525   0.414      0.999   0.001   0.000
  0.17    1      1.002   1.012   0.987      0.000   0.819   0.181
  0.17    2      1.539   1.629   0.360      0.999   0.001   0.000
  0.20    1      1.003   1.015   0.982      0.000   0.864   0.136
  0.20    2      1.629   1.734   0.316      0.999   0.001   0.000
  0.22    1      1.006   1.018   0.977      0.000   0.898   0.102
  0.22    2      1.720   1.839   0.279      0.999   0.001   0.000
  0.25    1      1.009   1.022   0.969      0.000   0.920   0.080
  0.25    2      1.811   1.942   0.249      0.999   0.001   0.000
  0.27    1      1.014   1.027   0.960      0.000   0.935   0.065
  0.27    2      1.901   2.042   0.224      0.999   0.001   0.000
  0.30    1      1.020   1.032   0.950      0.000   0.944   0.056
  0.30    2      1.989   2.137   0.203      0.999   0.001   0.000
  0.33    1      1.027   1.038   0.938      0.001   0.949   0.050
  0.33    2      2.075   2.229   0.185      0.999   0.001   0.000
  0.35    1      1.035   1.045   0.924      0.002   0.952   0.046
  0.35    2      2.160   2.316   0.171      0.999   0.001   0.000
  0.38    1      1.044   1.053   0.910      0.005   0.952   0.043
  0.38    2      2.243   2.398   0.158      0.999   0.001   0.000
  0.40    1      1.053   1.060   0.895      0.011   0.948   0.041
  0.40    2      2.325   2.476   0.147      0.998   0.002   0.000
  0.43    1      1.064   1.068   0.879      0.034   0.928   0.038
  0.43    2      2.408   2.551   0.137      0.997   0.003   0.000
  0.45    1      1.074   1.077   0.863      0.157   0.812   0.030
  0.45    2      2.490   2.625   0.129      0.996   0.004   0.000
  0.48    1      1.085   1.087   0.847      0.656   0.335   0.009
  0.48    2      2.574   2.700   0.121      0.994   0.006   0.000
  0.50    1      1.094   1.098   0.831      0.894   0.104   0.001
  0.50    2      2.658   2.777   0.113      0.992   0.008   0.000
  0.53    1      1.103   1.110   0.815      0.946   0.054   0.000
  0.53    2      2.658   2.777   0.113      0.989   0.011   0.000
  0.55    1      1.113   1.122   0.799      0.964   0.036   0.000
  0.55    2      2.658   2.777   0.113      0.985   0.015   0.000
  0.58    1      1.122   1.134   0.784      0.972   0.028   0.000
  0.58    2      2.658   2.777   0.113      0.981   0.019   0.000
  0.60    1      1.131   1.147   0.769      0.977   0.023   0.000
  0.60    2      2.658   2.777   0.113      0.977   0.023   0.000
  0.63    1      1.140   1.159   0.754      0.980   0.020   0.000
  0.63    2      2.658   2.777   0.113      0.972   0.028   0.000
  0.65    1      1.149   1.171   0.740      0.982   0.018   0.000
  0.65    2      2.658   2.777   0.113      0.967   0.033   0.000
  0.68    1      1.159   1.184   0.726      0.983   0.017   0.000
  0.68    2      2.658   2.777   0.113      0.962   0.038   0.000
  0.70    1      1.168   1.196   0.713      0.984   0.016   0.000
  0.70    2      2.658   2.777   0.113      0.957   0.043   0.000
  0.73    1      1.177   1.208   0.700      0.985   0.015   0.000
  0.73    2      2.658   2.777   0.113      0.952   0.048   0.000
  0.75    1      1.187   1.221   0.687      0.985   0.015   0.000
  0.75    2      2.658   2.777   0.113      0.947   0.053   0.000
  0.78    1      1.196   1.233   0.674      0.986   0.014   0.000
  0.78    2      2.658   2.777   0.113      0.943   0.057   0.000
  0.80    1      1.206   1.246   0.662      0.986   0.014   0.000
  0.80    2      2.658   2.777   0.113      0.939   0.061   0.000
  0.83    1      1.215   1.259   0.650      0.986   0.014   0.000
  0.83    2      2.658   2.777   0.113      0.935   0.065   0.000
  0.85    1      1.225   1.271   0.639      0.987   0.013   0.000
  0.85    2      2.658   2.777   0.113      0.931   0.069   0.000
  0.88    1      1.235   1.284   0.627      0.987   0.013   0.000
  0.88    2      2.658   2.777   0.113      0.927   0.073   0.000
  0.90    1      1.244   1.297   0.616      0.988   0.012   0.000
  0.90    2      2.658   2.777   0.113      0.924   0.076   0.000
  0.93    1      1.254   1.309   0.605      0.988   0.012   0.000
  0.93    2      2.658   2.777   0.113      0.920   0.080   0.000
  0.95    1      1.264   1.322   0.595      0.988   0.012   0.000
  0.95    2      2.658   2.777   0.113      0.917   0.083   0.000
  0.98    1      1.274   1.335   0.584      0.989   0.011   0.000
  0.98    2      2.658   2.777   0.113      0.914   0.086   0.000
  1.00    1      1.284   1.348   0.574      0.990   0.010   0.000
  1.00    2      2.658   2.777   0.113      0.910   0.090   0.000
