          Evm          Svm            E11          E22          E33          E23          E13          E12         SDEV11       SDEV22       SDEV33       SDEV23       SDEV13       SDEV12      TEMP
  0.00000E+00  0.16370E+03    0.00000E+00  0.00000E+00  0.00000E+00  0.00000E+00  0.00000E+00  0.00000E+00    0.59291E+02  0.43773E+02 -0.10306E+03 -0.20901E+01 -0.37372E+01  0.29786E+02      982.00
  0.23610E-01  0.16614E+03    0.12500E-01  0.12500E-01 -0.25000E-01  0.00000E+00  0.00000E+00  0.00000E+00    0.60178E+02  0.43814E+02 -0.10399E+03 -0.19637E+01 -0.38819E+01  0.31697E+02      982.00
  0.47082E-01  0.16488E+03    0.25000E-01  0.25000E-01 -0.50000E-01  0.00000E+00  0.00000E+00  0.00000E+00    0.60465E+02  0.42606E+02 -0.10307E+03 -0.17908E+01 -0.38180E+01  0.31571E+02      982.00
  0.70524E-01  0.16652E+03    0.37500E-01  0.37500E-01 -0.75000E-01  0.00000E+00  0.00000E+00  0.00000E+00    0.62172E+02  0.41389E+02 -0.10356E+03 -0.21965E+01 -0.41340E+01  0.32704E+02      982.00
  0.93845E-01  0.17380E+03    0.50000E-01  0.50000E-01 -0.10000E+00  0.00000E+00  0.00000E+00  0.00000E+00    0.65938E+02  0.40801E+02 -0.10674E+03 -0.30488E+01 -0.47593E+01  0.36517E+02      982.00
  0.11688E+00  0.18758E+03    0.62500E-01  0.62500E-01 -0.12500E+00  0.00000E+00  0.00000E+00  0.00000E+00    0.72129E+02  0.40673E+02 -0.11280E+03 -0.41083E+01 -0.55404E+01  0.43484E+02      982.00
  0.13943E+00  0.20876E+03    0.75000E-01  0.75000E-01 -0.15000E+00  0.00000E+00  0.00000E+00  0.00000E+00    0.80837E+02  0.41143E+02 -0.12198E+03 -0.52602E+01 -0.65960E+01  0.53880E+02      982.00
  0.16134E+00  0.23921E+03    0.87500E-01  0.87500E-01 -0.17500E+00  0.00000E+00  0.00000E+00  0.00000E+00    0.92690E+02  0.42150E+02 -0.13484E+03 -0.65230E+01 -0.79334E+01  0.68505E+02      982.00
  0.18248E+00  0.27933E+03    0.10000E+00  0.10000E+00 -0.20000E+00  0.00000E+00  0.00000E+00  0.00000E+00    0.10771E+03  0.43648E+02 -0.15136E+03 -0.78669E+01 -0.95263E+01  0.87448E+02      982.00
  0.20280E+00  0.32536E+03    0.11250E+00  0.11250E+00 -0.22500E+00  0.00000E+00  0.00000E+00  0.00000E+00    0.12447E+03  0.45450E+02 -0.16992E+03 -0.91460E+01 -0.11138E+02  0.10891E+03      982.00
  0.22238E+00  0.36888E+03    0.12500E+00  0.12500E+00 -0.25000E+00  0.00000E+00  0.00000E+00  0.00000E+00    0.13997E+03  0.47356E+02 -0.18732E+03 -0.10116E+02 -0.12508E+02  0.12899E+03      982.00
  0.24142E+00  0.40522E+03    0.13750E+00  0.13750E+00 -0.27500E+00  0.00000E+00  0.00000E+00  0.00000E+00    0.15269E+03  0.49097E+02 -0.20178E+03 -0.10744E+02 -0.13477E+02  0.14566E+03      982.00
  0.26010E+00  0.43334E+03    0.15000E+00  0.15000E+00 -0.30000E+00  0.00000E+00  0.00000E+00  0.00000E+00    0.16236E+03  0.50642E+02 -0.21300E+03 -0.11074E+02 -0.14149E+02  0.15850E+03      982.00
  0.27853E+00  0.45457E+03    0.16250E+00  0.16250E+00 -0.32500E+00  0.00000E+00  0.00000E+00  0.00000E+00    0.16957E+03  0.51917E+02 -0.22148E+03 -0.11204E+02 -0.14584E+02  0.16819E+03      982.00
  0.29680E+00  0.47168E+03    0.17500E+00  0.17500E+00 -0.35000E+00  0.00000E+00  0.00000E+00  0.00000E+00    0.17528E+03  0.52964E+02 -0.22824E+03 -0.11230E+02 -0.14843E+02  0.17608E+03      982.00
  0.31495E+00  0.48500E+03    0.18750E+00  0.18750E+00 -0.37500E+00  0.00000E+00  0.00000E+00  0.00000E+00    0.17965E+03  0.53806E+02 -0.23345E+03 -0.11184E+02 -0.14997E+02  0.18227E+03      982.00
  0.33300E+00  0.49575E+03    0.20000E+00  0.20000E+00 -0.40000E+00  0.00000E+00  0.00000E+00  0.00000E+00    0.18311E+03  0.54465E+02 -0.23758E+03 -0.11097E+02 -0.15073E+02  0.18735E+03      982.00
  0.35097E+00  0.50454E+03    0.21250E+00  0.21250E+00 -0.42500E+00  0.00000E+00  0.00000E+00  0.00000E+00    0.18590E+03  0.54966E+02 -0.24086E+03 -0.10987E+02 -0.15096E+02  0.19159E+03      982.00
  0.36887E+00  0.51199E+03    0.22500E+00  0.22500E+00 -0.45000E+00  0.00000E+00  0.00000E+00  0.00000E+00    0.18821E+03  0.55339E+02 -0.24355E+03 -0.10866E+02 -0.15075E+02  0.19527E+03      982.00
  0.38671E+00  0.51829E+03    0.23750E+00  0.23750E+00 -0.47500E+00  0.00000E+00  0.00000E+00  0.00000E+00    0.19012E+03  0.55601E+02 -0.24572E+03 -0.10739E+02 -0.15028E+02  0.19847E+03      982.00
  0.40449E+00  0.52354E+03    0.25000E+00  0.25000E+00 -0.50000E+00  0.00000E+00  0.00000E+00  0.00000E+00    0.19169E+03  0.55749E+02 -0.24744E+03 -0.10612E+02 -0.14954E+02  0.20122E+03      982.00
  0.42221E+00  0.52518E+03    0.26250E+00  0.26250E+00 -0.52500E+00  0.00000E+00  0.00000E+00  0.00000E+00    0.19221E+03  0.55316E+02 -0.24752E+03 -0.10466E+02 -0.14719E+02  0.20242E+03      982.00
  0.43989E+00  0.52623E+03    0.27500E+00  0.27500E+00 -0.55000E+00  0.00000E+00  0.00000E+00  0.00000E+00    0.19240E+03  0.55005E+02 -0.24741E+03 -0.10318E+02 -0.14490E+02  0.20338E+03      982.00
  0.45752E+00  0.52700E+03    0.28750E+00  0.28750E+00 -0.57500E+00  0.00000E+00  0.00000E+00  0.00000E+00    0.19246E+03  0.54720E+02 -0.24718E+03 -0.10169E+02 -0.14267E+02  0.20421E+03      982.00
  0.47511E+00  0.52802E+03    0.30000E+00  0.30000E+00 -0.60000E+00  0.00000E+00  0.00000E+00  0.00000E+00    0.19263E+03  0.54400E+02 -0.24703E+03 -0.10026E+02 -0.14041E+02  0.20517E+03      982.00
  0.49265E+00  0.52902E+03    0.31250E+00  0.31250E+00 -0.62500E+00  0.00000E+00  0.00000E+00  0.00000E+00    0.19277E+03  0.54083E+02 -0.24685E+03 -0.98839E+01 -0.13814E+02  0.20612E+03      982.00
  0.51015E+00  0.52999E+03    0.32500E+00  0.32500E+00 -0.65000E+00  0.00000E+00  0.00000E+00  0.00000E+00    0.19289E+03  0.53767E+02 -0.24666E+03 -0.97400E+01 -0.13582E+02  0.20708E+03      982.00
  0.52760E+00  0.53080E+03    0.33750E+00  0.33750E+00 -0.67500E+00  0.00000E+00  0.00000E+00  0.00000E+00    0.19296E+03  0.53450E+02 -0.24641E+03 -0.95917E+01 -0.13338E+02  0.20795E+03      982.00
  0.54501E+00  0.53172E+03    0.35000E+00  0.35000E+00 -0.70000E+00  0.00000E+00  0.00000E+00  0.00000E+00    0.19306E+03  0.53126E+02 -0.24619E+03 -0.94413E+01 -0.13093E+02  0.20888E+03      982.00
  0.56237E+00  0.53257E+03    0.36250E+00  0.36250E+00 -0.72500E+00  0.00000E+00  0.00000E+00  0.00000E+00    0.19315E+03  0.52794E+02 -0.24594E+03 -0.92840E+01 -0.12834E+02  0.20977E+03      982.00
  0.57969E+00  0.53343E+03    0.37500E+00  0.37500E+00 -0.75000E+00  0.00000E+00  0.00000E+00  0.00000E+00    0.19323E+03  0.52475E+02 -0.24570E+03 -0.91237E+01 -0.12571E+02  0.21066E+03      982.00
  0.59696E+00  0.53426E+03    0.38750E+00  0.38750E+00 -0.77500E+00  0.00000E+00  0.00000E+00  0.00000E+00    0.19329E+03  0.52164E+02 -0.24546E+03 -0.89578E+01 -0.12298E+02  0.21154E+03      982.00
  0.61419E+00  0.53506E+03    0.40000E+00  0.40000E+00 -0.80000E+00  0.00000E+00  0.00000E+00  0.00000E+00    0.19335E+03  0.51859E+02 -0.24521E+03 -0.87863E+01 -0.12016E+02  0.21239E+03      982.00
  0.63138E+00  0.53583E+03    0.41250E+00  0.41250E+00 -0.82500E+00  0.00000E+00  0.00000E+00  0.00000E+00    0.19340E+03  0.51559E+02 -0.24496E+03 -0.86094E+01 -0.11725E+02  0.21322E+03      982.00
  0.64852E+00  0.53657E+03    0.42500E+00  0.42500E+00 -0.85000E+00  0.00000E+00  0.00000E+00  0.00000E+00    0.19344E+03  0.51264E+02 -0.24471E+03 -0.84276E+01 -0.11426E+02  0.21402E+03      982.00
  0.66562E+00  0.53729E+03    0.43750E+00  0.43750E+00 -0.87500E+00  0.00000E+00  0.00000E+00  0.00000E+00    0.19349E+03  0.50977E+02 -0.24447E+03 -0.82418E+01 -0.11120E+02  0.21479E+03      982.00
  0.68269E+00  0.53820E+03    0.45000E+00  0.45000E+00 -0.90000E+00  0.00000E+00  0.00000E+00  0.00000E+00    0.19361E+03  0.50694E+02 -0.24431E+03 -0.80581E+01 -0.10812E+02  0.21564E+03      982.00
  0.69971E+00  0.53860E+03    0.46250E+00  0.46250E+00 -0.92500E+00  0.00000E+00  0.00000E+00  0.00000E+00    0.19356E+03  0.50446E+02 -0.24400E+03 -0.78605E+01 -0.10493E+02  0.21622E+03      982.00
  0.71670E+00  0.53957E+03    0.47500E+00  0.47500E+00 -0.95000E+00  0.00000E+00  0.00000E+00  0.00000E+00    0.19376E+03  0.50154E+02 -0.24391E+03 -0.76783E+01 -0.10178E+02  0.21704E+03      982.00
  0.73365E+00  0.53984E+03    0.48750E+00  0.48750E+00 -0.97500E+00  0.00000E+00  0.00000E+00  0.00000E+00    0.19366E+03  0.49934E+02 -0.24360E+03 -0.74753E+01 -0.98577E+01  0.21753E+03      982.00
  0.75057E+00  0.54097E+03    0.50000E+00  0.50000E+00 -0.10000E+01  0.00000E+00  0.00000E+00  0.00000E+00    0.19406E+03  0.49541E+02 -0.24360E+03 -0.72858E+01 -0.95064E+01  0.21836E+03      982.00
