          Evm          Svm            E11          E22          E33          E23          E13          E12         SDEV11       SDEV22       SDEV33       SDEV23       SDEV13       SDEV12      TEMP
  0.00000E+00  0.15956E+03    0.00000E+00  0.00000E+00  0.00000E+00  0.00000E+00  0.00000E+00  0.00000E+00    0.52606E+02  0.47224E+02 -0.99830E+02 -0.77097E+01 -0.71812E+01  0.29902E+02      982.00
  0.23462E-01  0.17755E+03    0.12500E-01  0.12500E-01 -0.25000E-01  0.00000E+00  0.00000E+00  0.00000E+00    0.51546E+02  0.56218E+02 -0.10776E+03 -0.63800E+01 -0.72596E+01  0.41225E+02      982.00
  0.46222E-01  0.18162E+03    0.25000E-01  0.25000E-01 -0.50000E-01  0.00000E+00  0.00000E+00  0.00000E+00    0.49678E+02  0.59297E+02 -0.10897E+03 -0.44065E+01 -0.72111E+01  0.44658E+02      982.00
  0.68722E-01  0.18495E+03    0.37500E-01  0.37500E-01 -0.75000E-01  0.00000E+00  0.00000E+00  0.00000E+00    0.49243E+02  0.60636E+02 -0.10988E+03 -0.36203E+01 -0.72210E+01  0.47424E+02      982.00
  0.91002E-01  0.19236E+03    0.50000E-01  0.50000E-01 -0.10000E+00  0.00000E+00  0.00000E+00  0.00000E+00    0.49875E+02  0.62675E+02 -0.11255E+03 -0.36286E+01 -0.72421E+01  0.52223E+02      982.00
  0.11294E+00  0.20549E+03    0.62500E-01  0.62500E-01 -0.12500E+00  0.00000E+00  0.00000E+00  0.00000E+00    0.51501E+02  0.66081E+02 -0.11758E+03 -0.41702E+01 -0.73521E+01  0.59841E+02      982.00
  0.13440E+00  0.22591E+03    0.75000E-01  0.75000E-01 -0.15000E+00  0.00000E+00  0.00000E+00  0.00000E+00    0.54199E+02  0.71290E+02 -0.12549E+03 -0.50974E+01 -0.76361E+01  0.71021E+02      982.00
  0.15523E+00  0.25520E+03    0.87500E-01  0.87500E-01 -0.17500E+00  0.00000E+00  0.00000E+00  0.00000E+00    0.58082E+02  0.78650E+02 -0.13673E+03 -0.63297E+01 -0.81473E+01  0.86456E+02      982.00
  0.17532E+00  0.29405E+03    0.10000E+00  0.10000E+00 -0.20000E+00  0.00000E+00  0.00000E+00  0.00000E+00    0.63180E+02  0.88258E+02 -0.15144E+03 -0.77937E+01 -0.88925E+01  0.10642E+03      982.00
  0.19464E+00  0.33957E+03    0.11250E+00  0.11250E+00 -0.22500E+00  0.00000E+00  0.00000E+00  0.00000E+00    0.69126E+02  0.99322E+02 -0.16845E+03 -0.93456E+01 -0.97508E+01  0.12940E+03      982.00
  0.21324E+00  0.38469E+03    0.12500E+00  0.12500E+00 -0.25000E+00  0.00000E+00  0.00000E+00  0.00000E+00    0.75101E+02  0.11009E+03 -0.18519E+03 -0.10762E+02 -0.10509E+02  0.15190E+03      982.00
  0.23129E+00  0.42344E+03    0.13750E+00  0.13750E+00 -0.27500E+00  0.00000E+00  0.00000E+00  0.00000E+00    0.80396E+02  0.11914E+03 -0.19954E+03 -0.11887E+02 -0.11039E+02  0.17108E+03      982.00
  0.24896E+00  0.45422E+03    0.15000E+00  0.15000E+00 -0.30000E+00  0.00000E+00  0.00000E+00  0.00000E+00    0.84779E+02  0.12614E+03 -0.21092E+03 -0.12702E+02 -0.11343E+02  0.18625E+03      982.00
  0.26638E+00  0.47794E+03    0.16250E+00  0.16250E+00 -0.32500E+00  0.00000E+00  0.00000E+00  0.00000E+00    0.88342E+02  0.13134E+03 -0.21968E+03 -0.13258E+02 -0.11482E+02  0.19793E+03      982.00
  0.28361E+00  0.49636E+03    0.17500E+00  0.17500E+00 -0.35000E+00  0.00000E+00  0.00000E+00  0.00000E+00    0.91235E+02  0.13521E+03 -0.22644E+03 -0.13596E+02 -0.11521E+02  0.20704E+03      982.00
  0.30072E+00  0.51082E+03    0.18750E+00  0.18750E+00 -0.37500E+00  0.00000E+00  0.00000E+00  0.00000E+00    0.93646E+02  0.13804E+03 -0.23169E+03 -0.13763E+02 -0.11505E+02  0.21426E+03      982.00
  0.31773E+00  0.52229E+03    0.20000E+00  0.20000E+00 -0.40000E+00  0.00000E+00  0.00000E+00  0.00000E+00    0.95669E+02  0.14011E+03 -0.23578E+03 -0.13784E+02 -0.11455E+02  0.22005E+03      982.00
  0.33466E+00  0.53154E+03    0.21250E+00  0.21250E+00 -0.42500E+00  0.00000E+00  0.00000E+00  0.00000E+00    0.97390E+02  0.14162E+03 -0.23901E+03 -0.13684E+02 -0.11389E+02  0.22478E+03      982.00
  0.35152E+00  0.53911E+03    0.22500E+00  0.22500E+00 -0.45000E+00  0.00000E+00  0.00000E+00  0.00000E+00    0.98884E+02  0.14272E+03 -0.24160E+03 -0.13490E+02 -0.11313E+02  0.22872E+03      982.00
  0.36833E+00  0.54538E+03    0.23750E+00  0.23750E+00 -0.47500E+00  0.00000E+00  0.00000E+00  0.00000E+00    0.10020E+03  0.14350E+03 -0.24370E+03 -0.13219E+02 -0.11230E+02  0.23203E+03      982.00
  0.38508E+00  0.55062E+03    0.25000E+00  0.25000E+00 -0.50000E+00  0.00000E+00  0.00000E+00  0.00000E+00    0.10138E+03  0.14403E+03 -0.24540E+03 -0.12893E+02 -0.11139E+02  0.23483E+03      982.00
  0.40179E+00  0.55509E+03    0.26250E+00  0.26250E+00 -0.52500E+00  0.00000E+00  0.00000E+00  0.00000E+00    0.10239E+03  0.14445E+03 -0.24684E+03 -0.12527E+02 -0.11034E+02  0.23726E+03      982.00
  0.41847E+00  0.55518E+03    0.27500E+00  0.27500E+00 -0.55000E+00  0.00000E+00  0.00000E+00  0.00000E+00    0.10257E+03  0.14402E+03 -0.24659E+03 -0.11990E+02 -0.10902E+02  0.23758E+03      982.00
  0.43513E+00  0.55521E+03    0.28750E+00  0.28750E+00 -0.57500E+00  0.00000E+00  0.00000E+00  0.00000E+00    0.10266E+03  0.14369E+03 -0.24636E+03 -0.11482E+02 -0.10748E+02  0.23784E+03      982.00
  0.45177E+00  0.55522E+03    0.30000E+00  0.30000E+00 -0.60000E+00  0.00000E+00  0.00000E+00  0.00000E+00    0.10272E+03  0.14342E+03 -0.24615E+03 -0.11006E+02 -0.10577E+02  0.23805E+03      982.00
  0.46839E+00  0.55533E+03    0.31250E+00  0.31250E+00 -0.62500E+00  0.00000E+00  0.00000E+00  0.00000E+00    0.10258E+03  0.14340E+03 -0.24597E+03 -0.10467E+02 -0.10347E+02  0.23830E+03      982.00
  0.48500E+00  0.55528E+03    0.32500E+00  0.32500E+00 -0.65000E+00  0.00000E+00  0.00000E+00  0.00000E+00    0.10261E+03  0.14319E+03 -0.24580E+03 -0.10067E+02 -0.10143E+02  0.23843E+03      982.00
  0.50160E+00  0.55527E+03    0.33750E+00  0.33750E+00 -0.67500E+00  0.00000E+00  0.00000E+00  0.00000E+00    0.10251E+03  0.14315E+03 -0.24566E+03 -0.96918E+01 -0.99209E+01  0.23856E+03      982.00
  0.51819E+00  0.55527E+03    0.35000E+00  0.35000E+00 -0.70000E+00  0.00000E+00  0.00000E+00  0.00000E+00    0.10232E+03  0.14321E+03 -0.24553E+03 -0.93424E+01 -0.96852E+01  0.23867E+03      982.00
  0.53477E+00  0.55527E+03    0.36250E+00  0.36250E+00 -0.72500E+00  0.00000E+00  0.00000E+00  0.00000E+00    0.10210E+03  0.14332E+03 -0.24542E+03 -0.90172E+01 -0.94408E+01  0.23876E+03      982.00
  0.55135E+00  0.55525E+03    0.37500E+00  0.37500E+00 -0.75000E+00  0.00000E+00  0.00000E+00  0.00000E+00    0.10191E+03  0.14343E+03 -0.24533E+03 -0.87667E+01 -0.92226E+01  0.23882E+03      982.00
  0.56792E+00  0.55524E+03    0.38750E+00  0.38750E+00 -0.77500E+00  0.00000E+00  0.00000E+00  0.00000E+00    0.10164E+03  0.14359E+03 -0.24523E+03 -0.84775E+01 -0.89672E+01  0.23889E+03      982.00
  0.58448E+00  0.55523E+03    0.40000E+00  0.40000E+00 -0.80000E+00  0.00000E+00  0.00000E+00  0.00000E+00    0.10154E+03  0.14361E+03 -0.24515E+03 -0.82379E+01 -0.87412E+01  0.23895E+03      982.00
  0.60104E+00  0.55521E+03    0.41250E+00  0.41250E+00 -0.82500E+00  0.00000E+00  0.00000E+00  0.00000E+00    0.10130E+03  0.14376E+03 -0.24506E+03 -0.79785E+01 -0.84850E+01  0.23901E+03      982.00
  0.61759E+00  0.55518E+03    0.42500E+00  0.42500E+00 -0.85000E+00  0.00000E+00  0.00000E+00  0.00000E+00    0.10107E+03  0.14391E+03 -0.24498E+03 -0.77335E+01 -0.82317E+01  0.23905E+03      982.00
  0.63413E+00  0.55515E+03    0.43750E+00  0.43750E+00 -0.87500E+00  0.00000E+00  0.00000E+00  0.00000E+00    0.10084E+03  0.14405E+03 -0.24489E+03 -0.75006E+01 -0.79821E+01  0.23909E+03      982.00
  0.65068E+00  0.55511E+03    0.45000E+00  0.45000E+00 -0.90000E+00  0.00000E+00  0.00000E+00  0.00000E+00    0.10062E+03  0.14420E+03 -0.24481E+03 -0.72784E+01 -0.77370E+01  0.23912E+03      982.00
  0.66722E+00  0.55507E+03    0.46250E+00  0.46250E+00 -0.92500E+00  0.00000E+00  0.00000E+00  0.00000E+00    0.10040E+03  0.14434E+03 -0.24474E+03 -0.70654E+01 -0.74972E+01  0.23914E+03      982.00
  0.68375E+00  0.55502E+03    0.47500E+00  0.47500E+00 -0.95000E+00  0.00000E+00  0.00000E+00  0.00000E+00    0.10018E+03  0.14448E+03 -0.24466E+03 -0.68606E+01 -0.72631E+01  0.23916E+03      982.00
  0.70028E+00  0.55496E+03    0.48750E+00  0.48750E+00 -0.97500E+00  0.00000E+00  0.00000E+00  0.00000E+00    0.99973E+02  0.14462E+03 -0.24459E+03 -0.66631E+01 -0.70353E+01  0.23917E+03      982.00
  0.71681E+00  0.55491E+03    0.50000E+00  0.50000E+00 -0.10000E+01  0.00000E+00  0.00000E+00  0.00000E+00    0.99767E+02  0.14475E+03 -0.24452E+03 -0.64722E+01 -0.68139E+01  0.23918E+03      982.00
