          Evm          Svm            E11          E22          E33          E23          E13          E12         SDEV11       SDEV22       SDEV33       SDEV23       SDEV13       SDEV12      TEMP
  0.00000E+00  0.14482E+03    0.00000E+00  0.00000E+00  0.00000E+00  0.00000E+00  0.00000E+00  0.00000E+00    0.52048E+02  0.41067E+02 -0.93115E+02 -0.85434E+01 -0.77618E+01  0.18015E+02      982.00
  0.24112E-01  0.15167E+03    0.12500E-01  0.12500E-01 -0.25000E-01  0.00000E+00  0.00000E+00  0.00000E+00    0.51743E+02  0.44903E+02 -0.96645E+02 -0.83445E+01 -0.81278E+01  0.22699E+02      982.00
  0.48007E-01  0.17216E+03    0.25000E-01  0.25000E-01 -0.50000E-01  0.00000E+00  0.00000E+00  0.00000E+00    0.51662E+02  0.55162E+02 -0.10682E+03 -0.87652E+01 -0.89693E+01  0.34067E+02      982.00
  0.71276E-01  0.19495E+03    0.37500E-01  0.37500E-01 -0.75000E-01  0.00000E+00  0.00000E+00  0.00000E+00    0.49771E+02  0.67154E+02 -0.11692E+03 -0.75191E+01 -0.94741E+01  0.46835E+02      982.00
  0.93767E-01  0.20367E+03    0.50000E-01  0.50000E-01 -0.10000E+00  0.00000E+00  0.00000E+00  0.00000E+00    0.49065E+02  0.71082E+02 -0.12015E+03 -0.62684E+01 -0.94751E+01  0.52446E+02      982.00
  0.11589E+00  0.21519E+03    0.62500E-01  0.62500E-01 -0.12500E+00  0.00000E+00  0.00000E+00  0.00000E+00    0.50084E+02  0.74571E+02 -0.12465E+03 -0.64912E+01 -0.95096E+01  0.59155E+02      982.00
  0.13761E+00  0.23444E+03    0.75000E-01  0.75000E-01 -0.15000E+00  0.00000E+00  0.00000E+00  0.00000E+00    0.52326E+02  0.80144E+02 -0.13247E+03 -0.75837E+01 -0.97534E+01  0.69380E+02      982.00
  0.15880E+00  0.26299E+03    0.87500E-01  0.87500E-01 -0.17500E+00  0.00000E+00  0.00000E+00  0.00000E+00    0.55756E+02  0.88304E+02 -0.14406E+03 -0.91748E+01 -0.10282E+02  0.83876E+02      982.00
  0.17934E+00  0.30017E+03    0.10000E+00  0.10000E+00 -0.20000E+00  0.00000E+00  0.00000E+00  0.00000E+00    0.60326E+02  0.98677E+02 -0.15900E+03 -0.11012E+02 -0.11026E+02  0.10228E+03      982.00
  0.19921E+00  0.34207E+03    0.11250E+00  0.11250E+00 -0.22500E+00  0.00000E+00  0.00000E+00  0.00000E+00    0.65706E+02  0.10997E+03 -0.17568E+03 -0.12802E+02 -0.11796E+02  0.12274E+03      982.00
  0.21846E+00  0.38209E+03    0.12500E+00  0.12500E+00 -0.25000E+00  0.00000E+00  0.00000E+00  0.00000E+00    0.71274E+02  0.12025E+03 -0.19153E+03 -0.14283E+02 -0.12365E+02  0.14211E+03      982.00
  0.23726E+00  0.41610E+03    0.13750E+00  0.13750E+00 -0.27500E+00  0.00000E+00  0.00000E+00  0.00000E+00    0.76446E+02  0.12853E+03 -0.20498E+03 -0.15361E+02 -0.12664E+02  0.15851E+03      982.00
  0.25574E+00  0.44340E+03    0.15000E+00  0.15000E+00 -0.30000E+00  0.00000E+00  0.00000E+00  0.00000E+00    0.80913E+02  0.13486E+03 -0.21578E+03 -0.16087E+02 -0.12743E+02  0.17166E+03      982.00
  0.27398E+00  0.46494E+03    0.16250E+00  0.16250E+00 -0.32500E+00  0.00000E+00  0.00000E+00  0.00000E+00    0.84612E+02  0.13965E+03 -0.22427E+03 -0.16544E+02 -0.12675E+02  0.18205E+03      982.00
  0.29207E+00  0.48198E+03    0.17500E+00  0.17500E+00 -0.35000E+00  0.00000E+00  0.00000E+00  0.00000E+00    0.87642E+02  0.14328E+03 -0.23092E+03 -0.16806E+02 -0.12528E+02  0.19034E+03      982.00
  0.31004E+00  0.49566E+03    0.18750E+00  0.18750E+00 -0.37500E+00  0.00000E+00  0.00000E+00  0.00000E+00    0.90114E+02  0.14607E+03 -0.23619E+03 -0.16923E+02 -0.12346E+02  0.19706E+03      982.00
  0.32791E+00  0.50681E+03    0.20000E+00  0.20000E+00 -0.40000E+00  0.00000E+00  0.00000E+00  0.00000E+00    0.92148E+02  0.14823E+03 -0.24038E+03 -0.16931E+02 -0.12157E+02  0.20264E+03      982.00
  0.34570E+00  0.51605E+03    0.21250E+00  0.21250E+00 -0.42500E+00  0.00000E+00  0.00000E+00  0.00000E+00    0.93844E+02  0.14990E+03 -0.24375E+03 -0.16852E+02 -0.11980E+02  0.20735E+03      982.00
  0.36341E+00  0.52388E+03    0.22500E+00  0.22500E+00 -0.45000E+00  0.00000E+00  0.00000E+00  0.00000E+00    0.95254E+02  0.15124E+03 -0.24649E+03 -0.16700E+02 -0.11825E+02  0.21146E+03      982.00
  0.38105E+00  0.53053E+03    0.23750E+00  0.23750E+00 -0.47500E+00  0.00000E+00  0.00000E+00  0.00000E+00    0.96507E+02  0.15221E+03 -0.24872E+03 -0.16491E+02 -0.11702E+02  0.21504E+03      982.00
  0.39863E+00  0.53634E+03    0.25000E+00  0.25000E+00 -0.50000E+00  0.00000E+00  0.00000E+00  0.00000E+00    0.97594E+02  0.15296E+03 -0.25056E+03 -0.16228E+02 -0.11611E+02  0.21826E+03      982.00
  0.41615E+00  0.53742E+03    0.26250E+00  0.26250E+00 -0.52500E+00  0.00000E+00  0.00000E+00  0.00000E+00    0.97645E+02  0.15278E+03 -0.25042E+03 -0.15774E+02 -0.11560E+02  0.21931E+03      982.00
  0.43362E+00  0.53846E+03    0.27500E+00  0.27500E+00 -0.55000E+00  0.00000E+00  0.00000E+00  0.00000E+00    0.97796E+02  0.15249E+03 -0.25028E+03 -0.15315E+02 -0.11534E+02  0.22034E+03      982.00
  0.45106E+00  0.53950E+03    0.28750E+00  0.28750E+00 -0.57500E+00  0.00000E+00  0.00000E+00  0.00000E+00    0.97950E+02  0.15220E+03 -0.25015E+03 -0.14852E+02 -0.11521E+02  0.22136E+03      982.00
  0.46844E+00  0.54047E+03    0.30000E+00  0.30000E+00 -0.60000E+00  0.00000E+00  0.00000E+00  0.00000E+00    0.98138E+02  0.15186E+03 -0.25000E+03 -0.14391E+02 -0.11516E+02  0.22233E+03      982.00
  0.48579E+00  0.54137E+03    0.31250E+00  0.31250E+00 -0.62500E+00  0.00000E+00  0.00000E+00  0.00000E+00    0.98340E+02  0.15150E+03 -0.24984E+03 -0.13939E+02 -0.11508E+02  0.22326E+03      982.00
  0.50309E+00  0.54224E+03    0.32500E+00  0.32500E+00 -0.65000E+00  0.00000E+00  0.00000E+00  0.00000E+00    0.98468E+02  0.15121E+03 -0.24968E+03 -0.13503E+02 -0.11487E+02  0.22415E+03      982.00
  0.52036E+00  0.54304E+03    0.33750E+00  0.33750E+00 -0.67500E+00  0.00000E+00  0.00000E+00  0.00000E+00    0.98566E+02  0.15094E+03 -0.24951E+03 -0.13085E+02 -0.11452E+02  0.22499E+03      982.00
  0.53759E+00  0.54380E+03    0.35000E+00  0.35000E+00 -0.70000E+00  0.00000E+00  0.00000E+00  0.00000E+00    0.98597E+02  0.15074E+03 -0.24933E+03 -0.12690E+02 -0.11395E+02  0.22578E+03      982.00
  0.55479E+00  0.54453E+03    0.36250E+00  0.36250E+00 -0.72500E+00  0.00000E+00  0.00000E+00  0.00000E+00    0.98552E+02  0.15061E+03 -0.24916E+03 -0.12322E+02 -0.11315E+02  0.22654E+03      982.00
  0.57194E+00  0.54549E+03    0.37500E+00  0.37500E+00 -0.75000E+00  0.00000E+00  0.00000E+00  0.00000E+00    0.98454E+02  0.15061E+03 -0.24907E+03 -0.11971E+02 -0.11221E+02  0.22740E+03      982.00
  0.58907E+00  0.54628E+03    0.38750E+00  0.38750E+00 -0.77500E+00  0.00000E+00  0.00000E+00  0.00000E+00    0.98244E+02  0.15070E+03 -0.24894E+03 -0.11655E+02 -0.11098E+02  0.22814E+03      982.00
  0.60616E+00  0.54688E+03    0.40000E+00  0.40000E+00 -0.80000E+00  0.00000E+00  0.00000E+00  0.00000E+00    0.97962E+02  0.15078E+03 -0.24874E+03 -0.11338E+02 -0.10950E+02  0.22878E+03      982.00
  0.62321E+00  0.54771E+03    0.41250E+00  0.41250E+00 -0.82500E+00  0.00000E+00  0.00000E+00  0.00000E+00    0.97541E+02  0.15109E+03 -0.24863E+03 -0.11005E+02 -0.10782E+02  0.22952E+03      982.00
  0.64024E+00  0.54798E+03    0.42500E+00  0.42500E+00 -0.85000E+00  0.00000E+00  0.00000E+00  0.00000E+00    0.97271E+02  0.15107E+03 -0.24834E+03 -0.10754E+02 -0.10603E+02  0.22997E+03      982.00
  0.65723E+00  0.54847E+03    0.43750E+00  0.43750E+00 -0.87500E+00  0.00000E+00  0.00000E+00  0.00000E+00    0.96887E+02  0.15124E+03 -0.24813E+03 -0.10481E+02 -0.10408E+02  0.23052E+03      982.00
  0.67420E+00  0.54894E+03    0.45000E+00  0.45000E+00 -0.90000E+00  0.00000E+00  0.00000E+00  0.00000E+00    0.96497E+02  0.15142E+03 -0.24792E+03 -0.10217E+02 -0.10202E+02  0.23105E+03      982.00
  0.69113E+00  0.54937E+03    0.46250E+00  0.46250E+00 -0.92500E+00  0.00000E+00  0.00000E+00  0.00000E+00    0.96103E+02  0.15161E+03 -0.24771E+03 -0.99627E+01 -0.99870E+01  0.23154E+03      982.00
  0.70804E+00  0.54977E+03    0.47500E+00  0.47500E+00 -0.95000E+00  0.00000E+00  0.00000E+00  0.00000E+00    0.95708E+02  0.15179E+03 -0.24750E+03 -0.97151E+01 -0.97648E+01  0.23201E+03      982.00
  0.72492E+00  0.55014E+03    0.48750E+00  0.48750E+00 -0.97500E+00  0.00000E+00  0.00000E+00  0.00000E+00    0.95315E+02  0.15198E+03 -0.24729E+03 -0.94734E+01 -0.95374E+01  0.23246E+03      982.00
  0.74178E+00  0.55048E+03    0.50000E+00  0.50000E+00 -0.10000E+01  0.00000E+00  0.00000E+00  0.00000E+00    0.94926E+02  0.15216E+03 -0.24709E+03 -0.92368E+01 -0.93066E+01  0.23287E+03      982.00
