          Evm          Svm            E11          E22          E33          E23          E13          E12         SDEV11       SDEV22       SDEV33       SDEV23       SDEV13       SDEV12      TEMP
  0.00000E+00  0.15653E+03    0.00000E+00  0.00000E+00  0.00000E+00  0.00000E+00  0.00000E+00  0.00000E+00    0.57716E+02  0.44315E+02 -0.10203E+03 -0.71907E+01 -0.89579E+01  0.13513E+02      982.00
  0.24444E-01  0.15557E+03    0.12500E-01  0.12500E-01 -0.25000E-01  0.00000E+00  0.00000E+00  0.00000E+00    0.56764E+02  0.44478E+02 -0.10124E+03 -0.63790E+01 -0.83605E+01  0.15212E+02      982.00
  0.48848E-01  0.16097E+03    0.25000E-01  0.25000E-01 -0.50000E-01  0.00000E+00  0.00000E+00  0.00000E+00    0.56941E+02  0.47330E+02 -0.10427E+03 -0.63433E+01 -0.81911E+01  0.18765E+02      982.00
  0.73140E-01  0.17490E+03    0.37500E-01  0.37500E-01 -0.75000E-01  0.00000E+00  0.00000E+00  0.00000E+00    0.58112E+02  0.54083E+02 -0.11219E+03 -0.69696E+01 -0.83587E+01  0.25177E+02      982.00
  0.97195E-01  0.19879E+03    0.50000E-01  0.50000E-01 -0.10000E+00  0.00000E+00  0.00000E+00  0.00000E+00    0.59382E+02  0.65987E+02 -0.12537E+03 -0.80754E+01 -0.87440E+01  0.35093E+02      982.00
  0.12084E+00  0.21732E+03    0.62500E-01  0.62500E-01 -0.12500E+00  0.00000E+00  0.00000E+00  0.00000E+00    0.58697E+02  0.76502E+02 -0.13520E+03 -0.88015E+01 -0.85291E+01  0.42467E+02      982.00
  0.14417E+00  0.22971E+03    0.75000E-01  0.75000E-01 -0.15000E+00  0.00000E+00  0.00000E+00  0.00000E+00    0.59693E+02  0.81809E+02 -0.14150E+03 -0.87069E+01 -0.76472E+01  0.48116E+02      982.00
  0.16727E+00  0.25058E+03    0.87500E-01  0.87500E-01 -0.17500E+00  0.00000E+00  0.00000E+00  0.00000E+00    0.63581E+02  0.88369E+02 -0.15195E+03 -0.83414E+01 -0.70555E+01  0.57803E+02      982.00
  0.19001E+00  0.27860E+03    0.10000E+00  0.10000E+00 -0.20000E+00  0.00000E+00  0.00000E+00  0.00000E+00    0.68986E+02  0.96813E+02 -0.16580E+03 -0.80178E+01 -0.68239E+01  0.70370E+02      982.00
  0.21233E+00  0.30750E+03    0.11250E+00  0.11250E+00 -0.22500E+00  0.00000E+00  0.00000E+00  0.00000E+00    0.74502E+02  0.10550E+03 -0.18001E+03 -0.76899E+01 -0.67356E+01  0.82901E+02      982.00
  0.23428E+00  0.33247E+03    0.12500E+00  0.12500E+00 -0.25000E+00  0.00000E+00  0.00000E+00  0.00000E+00    0.79227E+02  0.11314E+03 -0.19237E+03 -0.73145E+01 -0.66710E+01  0.93294E+02      982.00
  0.25598E+00  0.35209E+03    0.13750E+00  0.13750E+00 -0.27500E+00  0.00000E+00  0.00000E+00  0.00000E+00    0.82949E+02  0.11935E+03 -0.20230E+03 -0.69126E+01 -0.66024E+01  0.10101E+03      982.00
  0.27753E+00  0.36684E+03    0.15000E+00  0.15000E+00 -0.30000E+00  0.00000E+00  0.00000E+00  0.00000E+00    0.85815E+02  0.12424E+03 -0.21005E+03 -0.65072E+01 -0.65258E+01  0.10636E+03      982.00
  0.29900E+00  0.37761E+03    0.16250E+00  0.16250E+00 -0.32500E+00  0.00000E+00  0.00000E+00  0.00000E+00    0.88025E+02  0.12801E+03 -0.21604E+03 -0.61180E+01 -0.64507E+01  0.10976E+03      982.00
  0.32045E+00  0.38519E+03    0.17500E+00  0.17500E+00 -0.35000E+00  0.00000E+00  0.00000E+00  0.00000E+00    0.89729E+02  0.13089E+03 -0.22062E+03 -0.57507E+01 -0.63721E+01  0.11160E+03      982.00
  0.34193E+00  0.39035E+03    0.18750E+00  0.18750E+00 -0.37500E+00  0.00000E+00  0.00000E+00  0.00000E+00    0.91112E+02  0.13307E+03 -0.22418E+03 -0.54364E+01 -0.63344E+01  0.11219E+03      982.00
  0.36347E+00  0.39346E+03    0.20000E+00  0.20000E+00 -0.40000E+00  0.00000E+00  0.00000E+00  0.00000E+00    0.92214E+02  0.13468E+03 -0.22689E+03 -0.51774E+01 -0.63342E+01  0.11169E+03      982.00
  0.38509E+00  0.39523E+03    0.21250E+00  0.21250E+00 -0.42500E+00  0.00000E+00  0.00000E+00  0.00000E+00    0.93248E+02  0.13580E+03 -0.22905E+03 -0.49467E+01 -0.63569E+01  0.11047E+03      982.00
  0.40683E+00  0.39598E+03    0.22500E+00  0.22500E+00 -0.45000E+00  0.00000E+00  0.00000E+00  0.00000E+00    0.94114E+02  0.13665E+03 -0.23077E+03 -0.47603E+01 -0.63965E+01  0.10867E+03      982.00
  0.42868E+00  0.39592E+03    0.23750E+00  0.23750E+00 -0.47500E+00  0.00000E+00  0.00000E+00  0.00000E+00    0.94894E+02  0.13726E+03 -0.23216E+03 -0.46239E+01 -0.64681E+01  0.10638E+03      982.00
  0.45067E+00  0.39267E+03    0.25000E+00  0.25000E+00 -0.50000E+00  0.00000E+00  0.00000E+00  0.00000E+00    0.95211E+02  0.13661E+03 -0.23182E+03 -0.45434E+01 -0.64899E+01  0.10296E+03      982.00
  0.47281E+00  0.38959E+03    0.26250E+00  0.26250E+00 -0.52500E+00  0.00000E+00  0.00000E+00  0.00000E+00    0.95453E+02  0.13609E+03 -0.23154E+03 -0.45002E+01 -0.65332E+01  0.99536E+02      982.00
  0.49510E+00  0.38669E+03    0.27500E+00  0.27500E+00 -0.55000E+00  0.00000E+00  0.00000E+00  0.00000E+00    0.95708E+02  0.13565E+03 -0.23135E+03 -0.44957E+01 -0.66080E+01  0.96101E+02      982.00
  0.51753E+00  0.38392E+03    0.28750E+00  0.28750E+00 -0.57500E+00  0.00000E+00  0.00000E+00  0.00000E+00    0.95956E+02  0.13527E+03 -0.23122E+03 -0.45400E+01 -0.67263E+01  0.92636E+02      982.00
  0.54012E+00  0.38144E+03    0.30000E+00  0.30000E+00 -0.60000E+00  0.00000E+00  0.00000E+00  0.00000E+00    0.96240E+02  0.13497E+03 -0.23121E+03 -0.46059E+01 -0.68524E+01  0.89228E+02      982.00
  0.56285E+00  0.37921E+03    0.31250E+00  0.31250E+00 -0.62500E+00  0.00000E+00  0.00000E+00  0.00000E+00    0.96534E+02  0.13477E+03 -0.23130E+03 -0.47035E+01 -0.69980E+01  0.85852E+02      982.00
  0.58572E+00  0.37723E+03    0.32500E+00  0.32500E+00 -0.65000E+00  0.00000E+00  0.00000E+00  0.00000E+00    0.96836E+02  0.13466E+03 -0.23150E+03 -0.48301E+01 -0.71592E+01  0.82517E+02      982.00
  0.60873E+00  0.37552E+03    0.33750E+00  0.33750E+00 -0.67500E+00  0.00000E+00  0.00000E+00  0.00000E+00    0.97139E+02  0.13466E+03 -0.23180E+03 -0.49831E+01 -0.73313E+01  0.79233E+02      982.00
  0.63188E+00  0.37408E+03    0.35000E+00  0.35000E+00 -0.70000E+00  0.00000E+00  0.00000E+00  0.00000E+00    0.97449E+02  0.13476E+03 -0.23221E+03 -0.51876E+01 -0.75406E+01  0.75968E+02      982.00
  0.65516E+00  0.37286E+03    0.36250E+00  0.36250E+00 -0.72500E+00  0.00000E+00  0.00000E+00  0.00000E+00    0.97695E+02  0.13499E+03 -0.23269E+03 -0.53650E+01 -0.76970E+01  0.72789E+02      982.00
  0.67856E+00  0.37199E+03    0.37500E+00  0.37500E+00 -0.75000E+00  0.00000E+00  0.00000E+00  0.00000E+00    0.97960E+02  0.13535E+03 -0.23331E+03 -0.55775E+01 -0.78716E+01  0.69699E+02      982.00
  0.70208E+00  0.37138E+03    0.38750E+00  0.38750E+00 -0.77500E+00  0.00000E+00  0.00000E+00  0.00000E+00    0.98202E+02  0.13583E+03 -0.23403E+03 -0.58031E+01 -0.80383E+01  0.66680E+02      982.00
  0.72571E+00  0.37105E+03    0.40000E+00  0.40000E+00 -0.80000E+00  0.00000E+00  0.00000E+00  0.00000E+00    0.98426E+02  0.13642E+03 -0.23485E+03 -0.60368E+01 -0.81934E+01  0.63733E+02      982.00
  0.74945E+00  0.37101E+03    0.41250E+00  0.41250E+00 -0.82500E+00  0.00000E+00  0.00000E+00  0.00000E+00    0.98698E+02  0.13708E+03 -0.23578E+03 -0.62618E+01 -0.83287E+01  0.60936E+02      982.00
  0.77328E+00  0.37113E+03    0.42500E+00  0.42500E+00 -0.85000E+00  0.00000E+00  0.00000E+00  0.00000E+00    0.98892E+02  0.13786E+03 -0.23675E+03 -0.64927E+01 -0.84453E+01  0.58145E+02      982.00
  0.79720E+00  0.37150E+03    0.43750E+00  0.43750E+00 -0.87500E+00  0.00000E+00  0.00000E+00  0.00000E+00    0.99127E+02  0.13869E+03 -0.23782E+03 -0.66990E+01 -0.85241E+01  0.55469E+02      982.00
  0.82121E+00  0.37200E+03    0.45000E+00  0.45000E+00 -0.90000E+00  0.00000E+00  0.00000E+00  0.00000E+00    0.99353E+02  0.13956E+03 -0.23891E+03 -0.68993E+01 -0.85941E+01  0.52856E+02      982.00
  0.84529E+00  0.37265E+03    0.46250E+00  0.46250E+00 -0.92500E+00  0.00000E+00  0.00000E+00  0.00000E+00    0.99626E+02  0.14041E+03 -0.24004E+03 -0.70742E+01 -0.86399E+01  0.50343E+02      982.00
  0.86945E+00  0.37342E+03    0.47500E+00  0.47500E+00 -0.95000E+00  0.00000E+00  0.00000E+00  0.00000E+00    0.99921E+02  0.14127E+03 -0.24119E+03 -0.72171E+01 -0.86533E+01  0.47943E+02      982.00
  0.89367E+00  0.37433E+03    0.48750E+00  0.48750E+00 -0.97500E+00  0.00000E+00  0.00000E+00  0.00000E+00    0.10035E+03  0.14203E+03 -0.24238E+03 -0.73334E+01 -0.86604E+01  0.45642E+02      982.00
  0.91795E+00  0.37531E+03    0.50000E+00  0.50000E+00 -0.10000E+01  0.00000E+00  0.00000E+00  0.00000E+00    0.10080E+03  0.14278E+03 -0.24358E+03 -0.74304E+01 -0.86578E+01  0.43406E+02      982.00
