          Evm          Svm            E11          E22          E33          E23          E13          E12         SDEV11       SDEV22       SDEV33       SDEV23       SDEV13       SDEV12      TEMP
  0.00000E+00  0.14229E+03    0.00000E+00  0.00000E+00  0.00000E+00  0.00000E+00  0.00000E+00  0.00000E+00    0.39640E+02  0.51220E+02 -0.90860E+02  0.10944E+02  0.49089E+01  0.19477E+02      982.00
  0.23947E-01  0.15000E+03    0.12500E-01  0.12500E-01 -0.25000E-01  0.00000E+00  0.00000E+00  0.00000E+00    0.42510E+02  0.52118E+02 -0.94628E+02  0.10955E+02  0.45398E+01  0.24915E+02      982.00
  0.47603E-01  0.16846E+03    0.25000E-01  0.25000E-01 -0.50000E-01  0.00000E+00  0.00000E+00  0.00000E+00    0.48604E+02  0.54713E+02 -0.10332E+03  0.11340E+02  0.43865E+01  0.36003E+02      982.00
  0.70602E-01  0.19976E+03    0.37500E-01  0.37500E-01 -0.75000E-01  0.00000E+00  0.00000E+00  0.00000E+00    0.58124E+02  0.58843E+02 -0.11697E+03  0.12020E+02  0.43048E+01  0.53642E+02      982.00
  0.92560E-01  0.23717E+03    0.50000E-01  0.50000E-01 -0.10000E+00  0.00000E+00  0.00000E+00  0.00000E+00    0.69137E+02  0.63080E+02 -0.13222E+03  0.12775E+02  0.43999E+01  0.73805E+02      982.00
  0.11347E+00  0.29360E+03    0.62500E-01  0.62500E-01 -0.12500E+00  0.00000E+00  0.00000E+00  0.00000E+00    0.85829E+02  0.68501E+02 -0.15433E+03  0.14391E+02  0.55025E+01  0.10275E+03      982.00
  0.13318E+00  0.31359E+03    0.75000E-01  0.75000E-01 -0.15000E+00  0.00000E+00  0.00000E+00  0.00000E+00    0.91067E+02  0.70271E+02 -0.16134E+03  0.14685E+02  0.47605E+01  0.11362E+03      982.00
  0.15247E+00  0.32813E+03    0.87500E-01  0.87500E-01 -0.17500E+00  0.00000E+00  0.00000E+00  0.00000E+00    0.92845E+02  0.73442E+02 -0.16629E+03  0.14812E+02  0.46669E+01  0.12172E+03      982.00
  0.17147E+00  0.34731E+03    0.10000E+00  0.10000E+00 -0.20000E+00  0.00000E+00  0.00000E+00  0.00000E+00    0.95683E+02  0.77490E+02 -0.17317E+03  0.14978E+02  0.53716E+01  0.13184E+03      982.00
  0.19017E+00  0.37213E+03    0.11250E+00  0.11250E+00 -0.22500E+00  0.00000E+00  0.00000E+00  0.00000E+00    0.10034E+03  0.81896E+02 -0.18224E+03  0.15097E+02  0.64633E+01  0.14456E+03      982.00
  0.20854E+00  0.39864E+03    0.12500E+00  0.12500E+00 -0.25000E+00  0.00000E+00  0.00000E+00  0.00000E+00    0.10553E+03  0.86494E+02 -0.19202E+03  0.15166E+02  0.77056E+01  0.15792E+03      982.00
  0.22660E+00  0.42382E+03    0.13750E+00  0.13750E+00 -0.27500E+00  0.00000E+00  0.00000E+00  0.00000E+00    0.11045E+03  0.90913E+02 -0.20136E+03  0.15169E+02  0.88732E+01  0.17047E+03      982.00
  0.24442E+00  0.44630E+03    0.15000E+00  0.15000E+00 -0.30000E+00  0.00000E+00  0.00000E+00  0.00000E+00    0.11478E+03  0.94939E+02 -0.20972E+03  0.15121E+02  0.98435E+01  0.18162E+03      982.00
  0.26204E+00  0.46538E+03    0.16250E+00  0.16250E+00 -0.32500E+00  0.00000E+00  0.00000E+00  0.00000E+00    0.11829E+03  0.98497E+02 -0.21678E+03  0.15023E+02  0.10584E+02  0.19108E+03      982.00
  0.27951E+00  0.48142E+03    0.17500E+00  0.17500E+00 -0.35000E+00  0.00000E+00  0.00000E+00  0.00000E+00    0.12109E+03  0.10158E+03 -0.22267E+03  0.14884E+02  0.11100E+02  0.19907E+03      982.00
  0.29685E+00  0.49474E+03    0.18750E+00  0.18750E+00 -0.37500E+00  0.00000E+00  0.00000E+00  0.00000E+00    0.12323E+03  0.10424E+03 -0.22747E+03  0.14706E+02  0.11422E+02  0.20578E+03      982.00
  0.31409E+00  0.50589E+03    0.20000E+00  0.20000E+00 -0.40000E+00  0.00000E+00  0.00000E+00  0.00000E+00    0.12490E+03  0.10650E+03 -0.23140E+03  0.14488E+02  0.11582E+02  0.21147E+03      982.00
  0.33125E+00  0.51529E+03    0.21250E+00  0.21250E+00 -0.42500E+00  0.00000E+00  0.00000E+00  0.00000E+00    0.12619E+03  0.10842E+03 -0.23460E+03  0.14235E+02  0.11611E+02  0.21636E+03      982.00
  0.34832E+00  0.52319E+03    0.22500E+00  0.22500E+00 -0.45000E+00  0.00000E+00  0.00000E+00  0.00000E+00    0.12714E+03  0.11005E+03 -0.23719E+03  0.13943E+02  0.11539E+02  0.22056E+03      982.00
  0.36532E+00  0.53001E+03    0.23750E+00  0.23750E+00 -0.47500E+00  0.00000E+00  0.00000E+00  0.00000E+00    0.12793E+03  0.11140E+03 -0.23933E+03  0.13613E+02  0.11390E+02  0.22426E+03      982.00
  0.38225E+00  0.53590E+03    0.25000E+00  0.25000E+00 -0.50000E+00  0.00000E+00  0.00000E+00  0.00000E+00    0.12855E+03  0.11253E+03 -0.24108E+03  0.13247E+02  0.11184E+02  0.22754E+03      982.00
  0.39912E+00  0.54104E+03    0.26250E+00  0.26250E+00 -0.52500E+00  0.00000E+00  0.00000E+00  0.00000E+00    0.12910E+03  0.11344E+03 -0.24254E+03  0.12839E+02  0.10943E+02  0.23046E+03      982.00
  0.41593E+00  0.54560E+03    0.27500E+00  0.27500E+00 -0.55000E+00  0.00000E+00  0.00000E+00  0.00000E+00    0.12962E+03  0.11414E+03 -0.24376E+03  0.12393E+02  0.10681E+02  0.23310E+03      982.00
  0.43269E+00  0.54698E+03    0.28750E+00  0.28750E+00 -0.57500E+00  0.00000E+00  0.00000E+00  0.00000E+00    0.12986E+03  0.11387E+03 -0.24373E+03  0.11915E+02  0.10327E+02  0.23423E+03      982.00
  0.44940E+00  0.54787E+03    0.30000E+00  0.30000E+00 -0.60000E+00  0.00000E+00  0.00000E+00  0.00000E+00    0.13000E+03  0.11358E+03 -0.24358E+03  0.11394E+02  0.99913E+01  0.23507E+03      982.00
  0.46607E+00  0.54873E+03    0.31250E+00  0.31250E+00 -0.62500E+00  0.00000E+00  0.00000E+00  0.00000E+00    0.13022E+03  0.11325E+03 -0.24346E+03  0.10855E+02  0.96877E+01  0.23586E+03      982.00
  0.48271E+00  0.54956E+03    0.32500E+00  0.32500E+00 -0.65000E+00  0.00000E+00  0.00000E+00  0.00000E+00    0.13047E+03  0.11291E+03 -0.24338E+03  0.10300E+02  0.94164E+01  0.23659E+03      982.00
  0.49932E+00  0.55034E+03    0.33750E+00  0.33750E+00 -0.67500E+00  0.00000E+00  0.00000E+00  0.00000E+00    0.13074E+03  0.11259E+03 -0.24333E+03  0.97365E+01  0.91751E+01  0.23725E+03      982.00
  0.51590E+00  0.55107E+03    0.35000E+00  0.35000E+00 -0.70000E+00  0.00000E+00  0.00000E+00  0.00000E+00    0.13101E+03  0.11230E+03 -0.24331E+03  0.91718E+01  0.89590E+01  0.23785E+03      982.00
  0.53245E+00  0.55176E+03    0.36250E+00  0.36250E+00 -0.72500E+00  0.00000E+00  0.00000E+00  0.00000E+00    0.13126E+03  0.11207E+03 -0.24333E+03  0.86150E+01  0.87617E+01  0.23839E+03      982.00
  0.54899E+00  0.55251E+03    0.37500E+00  0.37500E+00 -0.75000E+00  0.00000E+00  0.00000E+00  0.00000E+00    0.13165E+03  0.11176E+03 -0.24341E+03  0.80565E+01  0.85643E+01  0.23892E+03      982.00
  0.56551E+00  0.55306E+03    0.38750E+00  0.38750E+00 -0.77500E+00  0.00000E+00  0.00000E+00  0.00000E+00    0.13183E+03  0.11165E+03 -0.24347E+03  0.75440E+01  0.83850E+01  0.23931E+03      982.00
  0.58202E+00  0.55354E+03    0.40000E+00  0.40000E+00 -0.80000E+00  0.00000E+00  0.00000E+00  0.00000E+00    0.13195E+03  0.11159E+03 -0.24354E+03  0.70650E+01  0.82037E+01  0.23965E+03      982.00
  0.59852E+00  0.55406E+03    0.41250E+00  0.41250E+00 -0.82500E+00  0.00000E+00  0.00000E+00  0.00000E+00    0.13219E+03  0.11146E+03 -0.24366E+03  0.65702E+01  0.79775E+01  0.23997E+03      982.00
  0.61501E+00  0.55442E+03    0.42500E+00  0.42500E+00 -0.85000E+00  0.00000E+00  0.00000E+00  0.00000E+00    0.13222E+03  0.11152E+03 -0.24374E+03  0.61767E+01  0.77814E+01  0.24020E+03      982.00
  0.63150E+00  0.55476E+03    0.43750E+00  0.43750E+00 -0.87500E+00  0.00000E+00  0.00000E+00  0.00000E+00    0.13222E+03  0.11162E+03 -0.24384E+03  0.58322E+01  0.75586E+01  0.24040E+03      982.00
  0.64798E+00  0.55500E+03    0.45000E+00  0.45000E+00 -0.90000E+00  0.00000E+00  0.00000E+00  0.00000E+00    0.13221E+03  0.11171E+03 -0.24392E+03  0.55199E+01  0.73427E+01  0.24055E+03      982.00
  0.66446E+00  0.55534E+03    0.46250E+00  0.46250E+00 -0.92500E+00  0.00000E+00  0.00000E+00  0.00000E+00    0.13246E+03  0.11157E+03 -0.24403E+03  0.51712E+01  0.70569E+01  0.24073E+03      982.00
  0.68094E+00  0.55553E+03    0.47500E+00  0.47500E+00 -0.95000E+00  0.00000E+00  0.00000E+00  0.00000E+00    0.13235E+03  0.11175E+03 -0.24410E+03  0.49355E+01  0.68158E+01  0.24084E+03      982.00
  0.69742E+00  0.55569E+03    0.48750E+00  0.48750E+00 -0.97500E+00  0.00000E+00  0.00000E+00  0.00000E+00    0.13224E+03  0.11194E+03 -0.24418E+03  0.47310E+01  0.65706E+01  0.24093E+03      982.00
  0.71389E+00  0.55585E+03    0.50000E+00  0.50000E+00 -0.10000E+01  0.00000E+00  0.00000E+00  0.00000E+00    0.13213E+03  0.11211E+03 -0.24425E+03  0.45500E+01  0.63193E+01  0.24101E+03      982.00
