          Evm          Svm            E11          E22          E33          E23          E13          E12         SDEV11       SDEV22       SDEV33       SDEV23       SDEV13       SDEV12      TEMP
  0.00000E+00  0.14484E+03    0.00000E+00  0.00000E+00  0.00000E+00  0.00000E+00  0.00000E+00  0.00000E+00    0.51985E+02  0.40121E+02 -0.92106E+02  0.75128E+01  0.11993E+02  0.19866E+02      982.00
  0.23847E-01  0.14742E+03    0.12500E-01  0.12500E-01 -0.25000E-01  0.00000E+00  0.00000E+00  0.00000E+00    0.52152E+02  0.41051E+02 -0.93202E+02  0.70406E+01  0.11718E+02  0.22612E+02      982.00
  0.47556E-01  0.15729E+03    0.25000E-01  0.25000E-01 -0.50000E-01  0.00000E+00  0.00000E+00  0.00000E+00    0.53823E+02  0.44145E+02 -0.97968E+02  0.70972E+01  0.11805E+02  0.28903E+02      982.00
  0.70913E-01  0.17970E+03    0.37500E-01  0.37500E-01 -0.75000E-01  0.00000E+00  0.00000E+00  0.00000E+00    0.57774E+02  0.50646E+02 -0.10842E+03  0.77415E+01  0.12354E+02  0.41510E+02      982.00
  0.93537E-01  0.22265E+03    0.50000E-01  0.50000E-01 -0.10000E+00  0.00000E+00  0.00000E+00  0.00000E+00    0.64801E+02  0.62337E+02 -0.12714E+03  0.89308E+01  0.13494E+02  0.64331E+02      982.00
  0.11495E+00  0.27369E+03    0.62500E-01  0.62500E-01 -0.12500E+00  0.00000E+00  0.00000E+00  0.00000E+00    0.71216E+02  0.76822E+02 -0.14804E+03  0.96537E+01  0.14371E+02  0.90693E+02      982.00
  0.13523E+00  0.31256E+03    0.75000E-01  0.75000E-01 -0.15000E+00  0.00000E+00  0.00000E+00  0.00000E+00    0.73958E+02  0.89380E+02 -0.16334E+03  0.98743E+01  0.14648E+02  0.11038E+03      982.00
  0.15483E+00  0.35254E+03    0.87500E-01  0.87500E-01 -0.17500E+00  0.00000E+00  0.00000E+00  0.00000E+00    0.76817E+02  0.10203E+03 -0.17885E+03  0.10386E+02  0.15038E+02  0.13018E+03      982.00
  0.17385E+00  0.39052E+03    0.10000E+00  0.10000E+00 -0.20000E+00  0.00000E+00  0.00000E+00  0.00000E+00    0.79723E+02  0.11379E+03 -0.19351E+03  0.11021E+02  0.15355E+02  0.14867E+03      982.00
  0.19244E+00  0.42207E+03    0.11250E+00  0.11250E+00 -0.22500E+00  0.00000E+00  0.00000E+00  0.00000E+00    0.82251E+02  0.12346E+03 -0.20572E+03  0.11656E+02  0.15472E+02  0.16384E+03      982.00
  0.21071E+00  0.44685E+03    0.12500E+00  0.12500E+00 -0.25000E+00  0.00000E+00  0.00000E+00  0.00000E+00    0.84418E+02  0.13094E+03 -0.21536E+03  0.12305E+02  0.15420E+02  0.17563E+03      982.00
  0.22879E+00  0.46618E+03    0.13750E+00  0.13750E+00 -0.27500E+00  0.00000E+00  0.00000E+00  0.00000E+00    0.86424E+02  0.13654E+03 -0.22297E+03  0.13036E+02  0.15270E+02  0.18473E+03      982.00
  0.24672E+00  0.48176E+03    0.15000E+00  0.15000E+00 -0.30000E+00  0.00000E+00  0.00000E+00  0.00000E+00    0.88556E+02  0.14058E+03 -0.22913E+03  0.13798E+02  0.15110E+02  0.19207E+03      982.00
  0.26456E+00  0.49171E+03    0.16250E+00  0.16250E+00 -0.32500E+00  0.00000E+00  0.00000E+00  0.00000E+00    0.91138E+02  0.14188E+03 -0.23302E+03  0.14357E+02  0.15086E+02  0.19696E+03      982.00
  0.28233E+00  0.49786E+03    0.17500E+00  0.17500E+00 -0.35000E+00  0.00000E+00  0.00000E+00  0.00000E+00    0.92985E+02  0.14210E+03 -0.23509E+03  0.14374E+02  0.15074E+02  0.20034E+03      982.00
  0.30004E+00  0.50249E+03    0.18750E+00  0.18750E+00 -0.37500E+00  0.00000E+00  0.00000E+00  0.00000E+00    0.94081E+02  0.14240E+03 -0.23648E+03  0.14364E+02  0.15004E+02  0.20299E+03      982.00
  0.31768E+00  0.50718E+03    0.20000E+00  0.20000E+00 -0.40000E+00  0.00000E+00  0.00000E+00  0.00000E+00    0.94490E+02  0.14334E+03 -0.23783E+03  0.14327E+02  0.14829E+02  0.20567E+03      982.00
  0.33527E+00  0.51158E+03    0.21250E+00  0.21250E+00 -0.42500E+00  0.00000E+00  0.00000E+00  0.00000E+00    0.95209E+02  0.14403E+03 -0.23924E+03  0.14650E+02  0.14611E+02  0.20806E+03      982.00
  0.35281E+00  0.51679E+03    0.22500E+00  0.22500E+00 -0.45000E+00  0.00000E+00  0.00000E+00  0.00000E+00    0.95485E+02  0.14535E+03 -0.24084E+03  0.14781E+02  0.14298E+02  0.21090E+03      982.00
  0.37028E+00  0.52140E+03    0.23750E+00  0.23750E+00 -0.47500E+00  0.00000E+00  0.00000E+00  0.00000E+00    0.96192E+02  0.14608E+03 -0.24227E+03  0.15010E+02  0.13994E+02  0.21344E+03      982.00
  0.38771E+00  0.52570E+03    0.25000E+00  0.25000E+00 -0.50000E+00  0.00000E+00  0.00000E+00  0.00000E+00    0.96835E+02  0.14674E+03 -0.24357E+03  0.15157E+02  0.13664E+02  0.21583E+03      982.00
  0.40508E+00  0.53014E+03    0.26250E+00  0.26250E+00 -0.52500E+00  0.00000E+00  0.00000E+00  0.00000E+00    0.97429E+02  0.14744E+03 -0.24487E+03  0.15207E+02  0.13327E+02  0.21835E+03      982.00
  0.42240E+00  0.53437E+03    0.27500E+00  0.27500E+00 -0.55000E+00  0.00000E+00  0.00000E+00  0.00000E+00    0.98022E+02  0.14803E+03 -0.24605E+03  0.15181E+02  0.12994E+02  0.22080E+03      982.00
  0.43967E+00  0.53833E+03    0.28750E+00  0.28750E+00 -0.57500E+00  0.00000E+00  0.00000E+00  0.00000E+00    0.98564E+02  0.14853E+03 -0.24709E+03  0.15083E+02  0.12660E+02  0.22315E+03      982.00
  0.45688E+00  0.53880E+03    0.30000E+00  0.30000E+00 -0.60000E+00  0.00000E+00  0.00000E+00  0.00000E+00    0.98393E+02  0.14829E+03 -0.24668E+03  0.14761E+02  0.12310E+02  0.22391E+03      982.00
  0.47405E+00  0.53929E+03    0.31250E+00  0.31250E+00 -0.62500E+00  0.00000E+00  0.00000E+00  0.00000E+00    0.98222E+02  0.14808E+03 -0.24630E+03  0.14420E+02  0.11959E+02  0.22467E+03      982.00
  0.49118E+00  0.53983E+03    0.32500E+00  0.32500E+00 -0.65000E+00  0.00000E+00  0.00000E+00  0.00000E+00    0.98055E+02  0.14789E+03 -0.24595E+03  0.14059E+02  0.11611E+02  0.22543E+03      982.00
  0.50826E+00  0.54040E+03    0.33750E+00  0.33750E+00 -0.67500E+00  0.00000E+00  0.00000E+00  0.00000E+00    0.97888E+02  0.14773E+03 -0.24562E+03  0.13682E+02  0.11266E+02  0.22619E+03      982.00
  0.52531E+00  0.54097E+03    0.35000E+00  0.35000E+00 -0.70000E+00  0.00000E+00  0.00000E+00  0.00000E+00    0.97751E+02  0.14757E+03 -0.24532E+03  0.13295E+02  0.10927E+02  0.22693E+03      982.00
  0.54231E+00  0.54159E+03    0.36250E+00  0.36250E+00 -0.72500E+00  0.00000E+00  0.00000E+00  0.00000E+00    0.97586E+02  0.14747E+03 -0.24506E+03  0.12898E+02  0.10590E+02  0.22767E+03      982.00
  0.55928E+00  0.54255E+03    0.37500E+00  0.37500E+00 -0.75000E+00  0.00000E+00  0.00000E+00  0.00000E+00    0.97342E+02  0.14758E+03 -0.24492E+03  0.12481E+02  0.10259E+02  0.22856E+03      982.00
  0.57621E+00  0.54285E+03    0.38750E+00  0.38750E+00 -0.77500E+00  0.00000E+00  0.00000E+00  0.00000E+00    0.97282E+02  0.14732E+03 -0.24461E+03  0.12091E+02  0.99309E+01  0.22909E+03      982.00
  0.59311E+00  0.54381E+03    0.40000E+00  0.40000E+00 -0.80000E+00  0.00000E+00  0.00000E+00  0.00000E+00    0.97012E+02  0.14751E+03 -0.24452E+03  0.11670E+02  0.96097E+01  0.22993E+03      982.00
  0.60997E+00  0.54443E+03    0.41250E+00  0.41250E+00 -0.82500E+00  0.00000E+00  0.00000E+00  0.00000E+00    0.96914E+02  0.14744E+03 -0.24435E+03  0.11270E+02  0.92964E+01  0.23058E+03      982.00
  0.62680E+00  0.54504E+03    0.42500E+00  0.42500E+00 -0.85000E+00  0.00000E+00  0.00000E+00  0.00000E+00    0.96768E+02  0.14744E+03 -0.24421E+03  0.10871E+02  0.89875E+01  0.23120E+03      982.00
  0.64360E+00  0.54584E+03    0.43750E+00  0.43750E+00 -0.87500E+00  0.00000E+00  0.00000E+00  0.00000E+00    0.96513E+02  0.14763E+03 -0.24414E+03  0.10414E+02  0.86551E+01  0.23189E+03      982.00
  0.66037E+00  0.54643E+03    0.45000E+00  0.45000E+00 -0.90000E+00  0.00000E+00  0.00000E+00  0.00000E+00    0.96386E+02  0.14765E+03 -0.24404E+03  0.10034E+02  0.83640E+01  0.23245E+03      982.00
  0.67712E+00  0.54699E+03    0.46250E+00  0.46250E+00 -0.92500E+00  0.00000E+00  0.00000E+00  0.00000E+00    0.96256E+02  0.14770E+03 -0.24395E+03  0.96645E+01  0.80806E+01  0.23297E+03      982.00
  0.69385E+00  0.54756E+03    0.47500E+00  0.47500E+00 -0.95000E+00  0.00000E+00  0.00000E+00  0.00000E+00    0.96133E+02  0.14776E+03 -0.24389E+03  0.93130E+01  0.78118E+01  0.23348E+03      982.00
  0.71055E+00  0.54809E+03    0.48750E+00  0.48750E+00 -0.97500E+00  0.00000E+00  0.00000E+00  0.00000E+00    0.95985E+02  0.14785E+03 -0.24384E+03  0.89607E+01  0.75428E+01  0.23395E+03      982.00
  0.72723E+00  0.54856E+03    0.50000E+00  0.50000E+00 -0.10000E+01  0.00000E+00  0.00000E+00  0.00000E+00    0.95880E+02  0.14792E+03 -0.24380E+03  0.86571E+01  0.73055E+01  0.23436E+03      982.00
