          Evm          Svm            E11          E22          E33          E23          E13          E12         SDEV11       SDEV22       SDEV33       SDEV23       SDEV13       SDEV12      TEMP
  0.00000E+00  0.17061E+03    0.00000E+00  0.00000E+00  0.00000E+00  0.00000E+00  0.00000E+00  0.00000E+00    0.49141E+02  0.53993E+02 -0.10313E+03  0.54735E+01  0.21464E+01  0.41051E+02      982.00
  0.22668E-01  0.17211E+03    0.12500E-01  0.12500E-01 -0.25000E-01  0.00000E+00  0.00000E+00  0.00000E+00    0.50407E+02  0.52970E+02 -0.10338E+03  0.44735E+01  0.16161E+01  0.42827E+02      982.00
  0.45193E-01  0.17824E+03    0.25000E-01  0.25000E-01 -0.50000E-01  0.00000E+00  0.00000E+00  0.00000E+00    0.52251E+02  0.53304E+02 -0.10555E+03  0.39560E+01  0.14040E+01  0.47066E+02      982.00
  0.67401E-01  0.18954E+03    0.37500E-01  0.37500E-01 -0.75000E-01  0.00000E+00  0.00000E+00  0.00000E+00    0.54944E+02  0.54853E+02 -0.10980E+03  0.36662E+01  0.13805E+01  0.54020E+02      982.00
  0.89124E-01  0.20686E+03    0.50000E-01  0.50000E-01 -0.10000E+00  0.00000E+00  0.00000E+00  0.00000E+00    0.58668E+02  0.57671E+02 -0.11634E+03  0.35270E+01  0.15560E+01  0.64012E+02      982.00
  0.11021E+00  0.23176E+03    0.62500E-01  0.62500E-01 -0.12500E+00  0.00000E+00  0.00000E+00  0.00000E+00    0.63728E+02  0.61919E+02 -0.12565E+03  0.34760E+01  0.19073E+01  0.77767E+02      982.00
  0.13054E+00  0.26575E+03    0.75000E-01  0.75000E-01 -0.15000E+00  0.00000E+00  0.00000E+00  0.00000E+00    0.70360E+02  0.67775E+02 -0.13813E+03  0.34840E+01  0.24066E+01  0.95973E+02      982.00
  0.15004E+00  0.30789E+03    0.87500E-01  0.87500E-01 -0.17500E+00  0.00000E+00  0.00000E+00  0.00000E+00    0.78324E+02  0.75051E+02 -0.15337E+03  0.34984E+01  0.29911E+01  0.11804E+03      982.00
  0.16872E+00  0.35335E+03    0.10000E+00  0.10000E+00 -0.20000E+00  0.00000E+00  0.00000E+00  0.00000E+00    0.86656E+02  0.82963E+02 -0.16962E+03  0.34478E+01  0.35514E+01  0.14147E+03      982.00
  0.18672E+00  0.39514E+03    0.11250E+00  0.11250E+00 -0.22500E+00  0.00000E+00  0.00000E+00  0.00000E+00    0.94072E+02  0.90415E+02 -0.18449E+03  0.32854E+01  0.40052E+01  0.16275E+03      982.00
  0.20423E+00  0.42977E+03    0.12500E+00  0.12500E+00 -0.25000E+00  0.00000E+00  0.00000E+00  0.00000E+00    0.99992E+02  0.96839E+02 -0.19683E+03  0.30360E+01  0.43357E+01  0.18022E+03      982.00
  0.22140E+00  0.45697E+03    0.13750E+00  0.13750E+00 -0.27500E+00  0.00000E+00  0.00000E+00  0.00000E+00    0.10445E+03  0.10212E+03 -0.20657E+03  0.27410E+01  0.45783E+01  0.19384E+03      982.00
  0.23835E+00  0.47841E+03    0.15000E+00  0.15000E+00 -0.30000E+00  0.00000E+00  0.00000E+00  0.00000E+00    0.10783E+03  0.10649E+03 -0.21432E+03  0.24442E+01  0.47369E+01  0.20448E+03      982.00
  0.25515E+00  0.49544E+03    0.16250E+00  0.16250E+00 -0.32500E+00  0.00000E+00  0.00000E+00  0.00000E+00    0.11042E+03  0.11011E+03 -0.22052E+03  0.21666E+01  0.48303E+01  0.21288E+03      982.00
  0.27184E+00  0.50899E+03    0.17500E+00  0.17500E+00 -0.35000E+00  0.00000E+00  0.00000E+00  0.00000E+00    0.11243E+03  0.11307E+03 -0.22550E+03  0.19198E+01  0.48617E+01  0.21952E+03      982.00
  0.28846E+00  0.52006E+03    0.18750E+00  0.18750E+00 -0.37500E+00  0.00000E+00  0.00000E+00  0.00000E+00    0.11401E+03  0.11560E+03 -0.22961E+03  0.17056E+01  0.48395E+01  0.22492E+03      982.00
  0.30501E+00  0.52922E+03    0.20000E+00  0.20000E+00 -0.40000E+00  0.00000E+00  0.00000E+00  0.00000E+00    0.11529E+03  0.11774E+03 -0.23304E+03  0.15259E+01  0.47757E+01  0.22935E+03      982.00
  0.32153E+00  0.53676E+03    0.21250E+00  0.21250E+00 -0.42500E+00  0.00000E+00  0.00000E+00  0.00000E+00    0.11631E+03  0.11956E+03 -0.23587E+03  0.13780E+01  0.46799E+01  0.23299E+03      982.00
  0.33801E+00  0.54309E+03    0.22500E+00  0.22500E+00 -0.45000E+00  0.00000E+00  0.00000E+00  0.00000E+00    0.11715E+03  0.12113E+03 -0.23828E+03  0.12601E+01  0.45506E+01  0.23603E+03      982.00
  0.35446E+00  0.54857E+03    0.23750E+00  0.23750E+00 -0.47500E+00  0.00000E+00  0.00000E+00  0.00000E+00    0.11788E+03  0.12249E+03 -0.24036E+03  0.11680E+01  0.43981E+01  0.23865E+03      982.00
  0.37089E+00  0.55314E+03    0.25000E+00  0.25000E+00 -0.50000E+00  0.00000E+00  0.00000E+00  0.00000E+00    0.11846E+03  0.12365E+03 -0.24211E+03  0.10989E+01  0.42295E+01  0.24082E+03      982.00
  0.38730E+00  0.55708E+03    0.26250E+00  0.26250E+00 -0.52500E+00  0.00000E+00  0.00000E+00  0.00000E+00    0.11896E+03  0.12468E+03 -0.24364E+03  0.10494E+01  0.40473E+01  0.24270E+03      982.00
  0.40370E+00  0.56057E+03    0.27500E+00  0.27500E+00 -0.55000E+00  0.00000E+00  0.00000E+00  0.00000E+00    0.11942E+03  0.12557E+03 -0.24499E+03  0.10127E+01  0.38604E+01  0.24435E+03      982.00
  0.42009E+00  0.56391E+03    0.28750E+00  0.28750E+00 -0.57500E+00  0.00000E+00  0.00000E+00  0.00000E+00    0.11975E+03  0.12649E+03 -0.24624E+03  0.99102E+00  0.36505E+01  0.24596E+03      982.00
  0.43647E+00  0.56651E+03    0.30000E+00  0.30000E+00 -0.60000E+00  0.00000E+00  0.00000E+00  0.00000E+00    0.12009E+03  0.12718E+03 -0.24726E+03  0.97599E+00  0.34593E+01  0.24718E+03      982.00
  0.45284E+00  0.56659E+03    0.31250E+00  0.31250E+00 -0.62500E+00  0.00000E+00  0.00000E+00  0.00000E+00    0.12009E+03  0.12722E+03 -0.24732E+03  0.96042E+00  0.31343E+01  0.24721E+03      982.00
  0.46920E+00  0.56692E+03    0.32500E+00  0.32500E+00 -0.65000E+00  0.00000E+00  0.00000E+00  0.00000E+00    0.12014E+03  0.12730E+03 -0.24744E+03  0.96669E+00  0.29423E+01  0.24737E+03      982.00
  0.48557E+00  0.56702E+03    0.33750E+00  0.33750E+00 -0.67500E+00  0.00000E+00  0.00000E+00  0.00000E+00    0.12016E+03  0.12733E+03 -0.24749E+03  0.97674E+00  0.27577E+01  0.24741E+03      982.00
  0.50194E+00  0.56716E+03    0.35000E+00  0.35000E+00 -0.70000E+00  0.00000E+00  0.00000E+00  0.00000E+00    0.12015E+03  0.12739E+03 -0.24754E+03  0.97324E+00  0.25397E+01  0.24748E+03      982.00
  0.51831E+00  0.56721E+03    0.36250E+00  0.36250E+00 -0.72500E+00  0.00000E+00  0.00000E+00  0.00000E+00    0.12020E+03  0.12738E+03 -0.24757E+03  0.99169E+00  0.23969E+01  0.24750E+03      982.00
  0.53467E+00  0.56733E+03    0.37500E+00  0.37500E+00 -0.75000E+00  0.00000E+00  0.00000E+00  0.00000E+00    0.12022E+03  0.12740E+03 -0.24762E+03  0.98690E+00  0.22051E+01  0.24755E+03      982.00
  0.55104E+00  0.56737E+03    0.38750E+00  0.38750E+00 -0.77500E+00  0.00000E+00  0.00000E+00  0.00000E+00    0.12026E+03  0.12738E+03 -0.24764E+03  0.99991E+00  0.20760E+01  0.24756E+03      982.00
  0.56741E+00  0.56746E+03    0.40000E+00  0.40000E+00 -0.80000E+00  0.00000E+00  0.00000E+00  0.00000E+00    0.12029E+03  0.12739E+03 -0.24768E+03  0.99159E+00  0.18955E+01  0.24761E+03      982.00
  0.58378E+00  0.56753E+03    0.41250E+00  0.41250E+00 -0.82500E+00  0.00000E+00  0.00000E+00  0.00000E+00    0.12033E+03  0.12739E+03 -0.24771E+03  0.98740E+00  0.17250E+01  0.24764E+03      982.00
  0.60014E+00  0.56760E+03    0.42500E+00  0.42500E+00 -0.85000E+00  0.00000E+00  0.00000E+00  0.00000E+00    0.12037E+03  0.12737E+03 -0.24774E+03  0.98442E+00  0.15851E+01  0.24767E+03      982.00
  0.61651E+00  0.56765E+03    0.43750E+00  0.43750E+00 -0.87500E+00  0.00000E+00  0.00000E+00  0.00000E+00    0.12042E+03  0.12735E+03 -0.24777E+03  0.97979E+00  0.14541E+01  0.24769E+03      982.00
  0.63288E+00  0.56771E+03    0.45000E+00  0.45000E+00 -0.90000E+00  0.00000E+00  0.00000E+00  0.00000E+00    0.12047E+03  0.12733E+03 -0.24780E+03  0.97311E+00  0.13289E+01  0.24772E+03      982.00
  0.64925E+00  0.56776E+03    0.46250E+00  0.46250E+00 -0.92500E+00  0.00000E+00  0.00000E+00  0.00000E+00    0.12052E+03  0.12731E+03 -0.24782E+03  0.96444E+00  0.12092E+01  0.24774E+03      982.00
  0.66562E+00  0.56781E+03    0.47500E+00  0.47500E+00 -0.95000E+00  0.00000E+00  0.00000E+00  0.00000E+00    0.12056E+03  0.12728E+03 -0.24785E+03  0.95392E+00  0.10947E+01  0.24776E+03      982.00
  0.68199E+00  0.56786E+03    0.48750E+00  0.48750E+00 -0.97500E+00  0.00000E+00  0.00000E+00  0.00000E+00    0.12062E+03  0.12725E+03 -0.24787E+03  0.94173E+00  0.98523E+00  0.24778E+03      982.00
  0.69835E+00  0.56791E+03    0.50000E+00  0.50000E+00 -0.10000E+01  0.00000E+00  0.00000E+00  0.00000E+00    0.12063E+03  0.12726E+03 -0.24789E+03  0.93509E+00  0.89720E+00  0.24780E+03      982.00
