          Evm          Svm            E11          E22          E33          E23          E13          E12         SDEV11       SDEV22       SDEV33       SDEV23       SDEV13       SDEV12      TEMP
  0.00000E+00  0.15478E+03    0.00000E+00  0.00000E+00  0.00000E+00  0.00000E+00  0.00000E+00  0.00000E+00    0.53739E+02  0.45535E+02 -0.99273E+02 -0.83275E+01 -0.80701E+01  0.21057E+02      982.00
  0.24051E-01  0.16363E+03    0.12500E-01  0.12500E-01 -0.25000E-01  0.00000E+00  0.00000E+00  0.00000E+00    0.52364E+02  0.51446E+02 -0.10381E+03 -0.77035E+01 -0.84675E+01  0.26668E+02      982.00
  0.47842E-01  0.17425E+03    0.25000E-01  0.25000E-01 -0.50000E-01  0.00000E+00  0.00000E+00  0.00000E+00    0.49127E+02  0.59759E+02 -0.10889E+03 -0.60545E+01 -0.87752E+01  0.32967E+02      982.00
  0.71275E-01  0.17801E+03    0.37500E-01  0.37500E-01 -0.75000E-01  0.00000E+00  0.00000E+00  0.00000E+00    0.46583E+02  0.63623E+02 -0.11021E+03 -0.46670E+01 -0.88660E+01  0.35779E+02      982.00
  0.94492E-01  0.18501E+03    0.50000E-01  0.50000E-01 -0.10000E+00  0.00000E+00  0.00000E+00  0.00000E+00    0.46082E+02  0.67063E+02 -0.11315E+03 -0.48647E+01 -0.91712E+01  0.39873E+02      982.00
  0.11743E+00  0.19875E+03    0.62500E-01  0.62500E-01 -0.12500E+00  0.00000E+00  0.00000E+00  0.00000E+00    0.46883E+02  0.72350E+02 -0.11923E+03 -0.57781E+01 -0.97076E+01  0.47067E+02      982.00
  0.13992E+00  0.22002E+03    0.75000E-01  0.75000E-01 -0.15000E+00  0.00000E+00  0.00000E+00  0.00000E+00    0.48918E+02  0.79755E+02 -0.12867E+03 -0.71417E+01 -0.10472E+02  0.57623E+02      982.00
  0.16185E+00  0.24977E+03    0.87500E-01  0.87500E-01 -0.17500E+00  0.00000E+00  0.00000E+00  0.00000E+00    0.52109E+02  0.89590E+02 -0.14170E+03 -0.87682E+01 -0.11438E+02  0.71950E+02      982.00
  0.18313E+00  0.28734E+03    0.10000E+00  0.10000E+00 -0.20000E+00  0.00000E+00  0.00000E+00  0.00000E+00    0.56373E+02  0.10148E+03 -0.15785E+03 -0.10438E+02 -0.12497E+02  0.89779E+02      982.00
  0.20373E+00  0.32732E+03    0.11250E+00  0.11250E+00 -0.22500E+00  0.00000E+00  0.00000E+00  0.00000E+00    0.61365E+02  0.11350E+03 -0.17486E+03 -0.11873E+02 -0.13344E+02  0.10854E+03      982.00
  0.22376E+00  0.36447E+03    0.12500E+00  0.12500E+00 -0.25000E+00  0.00000E+00  0.00000E+00  0.00000E+00    0.66593E+02  0.12398E+03 -0.19057E+03 -0.12820E+02 -0.13846E+02  0.12595E+03      982.00
  0.24337E+00  0.39512E+03    0.13750E+00  0.13750E+00 -0.27500E+00  0.00000E+00  0.00000E+00  0.00000E+00    0.71512E+02  0.13204E+03 -0.20355E+03 -0.13311E+02 -0.13970E+02  0.14027E+03      982.00
  0.26269E+00  0.41921E+03    0.15000E+00  0.15000E+00 -0.30000E+00  0.00000E+00  0.00000E+00  0.00000E+00    0.75777E+02  0.13806E+03 -0.21384E+03 -0.13462E+02 -0.13812E+02  0.15146E+03      982.00
  0.28182E+00  0.43778E+03    0.16250E+00  0.16250E+00 -0.32500E+00  0.00000E+00  0.00000E+00  0.00000E+00    0.79361E+02  0.14250E+03 -0.22186E+03 -0.13394E+02 -0.13472E+02  0.16003E+03      982.00
  0.30082E+00  0.45219E+03    0.17500E+00  0.17500E+00 -0.35000E+00  0.00000E+00  0.00000E+00  0.00000E+00    0.82266E+02  0.14590E+03 -0.22817E+03 -0.13177E+02 -0.13023E+02  0.16660E+03      982.00
  0.31974E+00  0.46338E+03    0.18750E+00  0.18750E+00 -0.37500E+00  0.00000E+00  0.00000E+00  0.00000E+00    0.84640E+02  0.14851E+03 -0.23315E+03 -0.12867E+02 -0.12514E+02  0.17165E+03      982.00
  0.33861E+00  0.47215E+03    0.20000E+00  0.20000E+00 -0.40000E+00  0.00000E+00  0.00000E+00  0.00000E+00    0.86529E+02  0.15061E+03 -0.23714E+03 -0.12491E+02 -0.11969E+02  0.17552E+03      982.00
  0.35745E+00  0.47901E+03    0.21250E+00  0.21250E+00 -0.42500E+00  0.00000E+00  0.00000E+00  0.00000E+00    0.88084E+02  0.15226E+03 -0.24035E+03 -0.12078E+02 -0.11409E+02  0.17847E+03      982.00
  0.37626E+00  0.48448E+03    0.22500E+00  0.22500E+00 -0.45000E+00  0.00000E+00  0.00000E+00  0.00000E+00    0.89318E+02  0.15367E+03 -0.24299E+03 -0.11627E+02 -0.10844E+02  0.18075E+03      982.00
  0.39507E+00  0.48874E+03    0.23750E+00  0.23750E+00 -0.47500E+00  0.00000E+00  0.00000E+00  0.00000E+00    0.90345E+02  0.15481E+03 -0.24515E+03 -0.11163E+02 -0.10279E+02  0.18242E+03      982.00
  0.41388E+00  0.49213E+03    0.25000E+00  0.25000E+00 -0.50000E+00  0.00000E+00  0.00000E+00  0.00000E+00    0.91175E+02  0.15580E+03 -0.24697E+03 -0.10669E+02 -0.97149E+01  0.18366E+03      982.00
  0.43270E+00  0.49069E+03    0.26250E+00  0.26250E+00 -0.52500E+00  0.00000E+00  0.00000E+00  0.00000E+00    0.90563E+02  0.15613E+03 -0.24670E+03 -0.10149E+02 -0.92512E+01  0.18262E+03      982.00
  0.45155E+00  0.48928E+03    0.27500E+00  0.27500E+00 -0.55000E+00  0.00000E+00  0.00000E+00  0.00000E+00    0.90320E+02  0.15614E+03 -0.24646E+03 -0.96606E+01 -0.87927E+01  0.18163E+03      982.00
  0.47044E+00  0.48772E+03    0.28750E+00  0.28750E+00 -0.57500E+00  0.00000E+00  0.00000E+00  0.00000E+00    0.90166E+02  0.15602E+03 -0.24619E+03 -0.91903E+01 -0.83429E+01  0.18054E+03      982.00
  0.48937E+00  0.48603E+03    0.30000E+00  0.30000E+00 -0.60000E+00  0.00000E+00  0.00000E+00  0.00000E+00    0.90049E+02  0.15585E+03 -0.24589E+03 -0.87326E+01 -0.79007E+01  0.17936E+03      982.00
  0.50834E+00  0.48417E+03    0.31250E+00  0.31250E+00 -0.62500E+00  0.00000E+00  0.00000E+00  0.00000E+00    0.89959E+02  0.15561E+03 -0.24557E+03 -0.82858E+01 -0.74659E+01  0.17807E+03      982.00
  0.52736E+00  0.48213E+03    0.32500E+00  0.32500E+00 -0.65000E+00  0.00000E+00  0.00000E+00  0.00000E+00    0.89892E+02  0.15531E+03 -0.24521E+03 -0.78489E+01 -0.70384E+01  0.17666E+03      982.00
  0.54644E+00  0.48000E+03    0.33750E+00  0.33750E+00 -0.67500E+00  0.00000E+00  0.00000E+00  0.00000E+00    0.89894E+02  0.15494E+03 -0.24483E+03 -0.74322E+01 -0.66184E+01  0.17517E+03      982.00
  0.56556E+00  0.47756E+03    0.35000E+00  0.35000E+00 -0.70000E+00  0.00000E+00  0.00000E+00  0.00000E+00    0.89871E+02  0.15451E+03 -0.24439E+03 -0.70151E+01 -0.62073E+01  0.17348E+03      982.00
  0.58475E+00  0.47489E+03    0.36250E+00  0.36250E+00 -0.72500E+00  0.00000E+00  0.00000E+00  0.00000E+00    0.89868E+02  0.15402E+03 -0.24389E+03 -0.66074E+01 -0.58037E+01  0.17163E+03      982.00
  0.60401E+00  0.47198E+03    0.37500E+00  0.37500E+00 -0.75000E+00  0.00000E+00  0.00000E+00  0.00000E+00    0.89884E+02  0.15345E+03 -0.24333E+03 -0.62097E+01 -0.54082E+01  0.16961E+03      982.00
  0.62335E+00  0.46881E+03    0.38750E+00  0.38750E+00 -0.77500E+00  0.00000E+00  0.00000E+00  0.00000E+00    0.89919E+02  0.15280E+03 -0.24272E+03 -0.58230E+01 -0.50216E+01  0.16742E+03      982.00
  0.64276E+00  0.46537E+03    0.40000E+00  0.40000E+00 -0.80000E+00  0.00000E+00  0.00000E+00  0.00000E+00    0.89974E+02  0.15207E+03 -0.24205E+03 -0.54488E+01 -0.46449E+01  0.16503E+03      982.00
  0.66226E+00  0.46166E+03    0.41250E+00  0.41250E+00 -0.82500E+00  0.00000E+00  0.00000E+00  0.00000E+00    0.90049E+02  0.15126E+03 -0.24131E+03 -0.50892E+01 -0.42795E+01  0.16245E+03      982.00
  0.68187E+00  0.45759E+03    0.42500E+00  0.42500E+00 -0.85000E+00  0.00000E+00  0.00000E+00  0.00000E+00    0.90095E+02  0.15038E+03 -0.24047E+03 -0.47485E+01 -0.39180E+01  0.15962E+03      982.00
  0.70157E+00  0.45352E+03    0.43750E+00  0.43750E+00 -0.87500E+00  0.00000E+00  0.00000E+00  0.00000E+00    0.90204E+02  0.14948E+03 -0.23969E+03 -0.43971E+01 -0.35826E+01  0.15672E+03      982.00
  0.72139E+00  0.44900E+03    0.45000E+00  0.45000E+00 -0.90000E+00  0.00000E+00  0.00000E+00  0.00000E+00    0.90342E+02  0.14842E+03 -0.23877E+03 -0.40957E+01 -0.32614E+01  0.15353E+03      982.00
  0.74133E+00  0.44423E+03    0.46250E+00  0.46250E+00 -0.92500E+00  0.00000E+00  0.00000E+00  0.00000E+00    0.90500E+02  0.14729E+03 -0.23779E+03 -0.38200E+01 -0.29589E+01  0.15014E+03      982.00
  0.76141E+00  0.43925E+03    0.47500E+00  0.47500E+00 -0.95000E+00  0.00000E+00  0.00000E+00  0.00000E+00    0.90683E+02  0.14608E+03 -0.23677E+03 -0.35733E+01 -0.26773E+01  0.14657E+03      982.00
  0.78162E+00  0.43419E+03    0.48750E+00  0.48750E+00 -0.97500E+00  0.00000E+00  0.00000E+00  0.00000E+00    0.90878E+02  0.14487E+03 -0.23574E+03 -0.33362E+01 -0.24159E+01  0.14288E+03      982.00
  0.80198E+00  0.42888E+03    0.50000E+00  0.50000E+00 -0.10000E+01  0.00000E+00  0.00000E+00  0.00000E+00    0.91110E+02  0.14355E+03 -0.23466E+03 -0.31545E+01 -0.21800E+01  0.13897E+03      982.00
