          Evm          Svm            E11          E22          E33          E23          E13          E12         SDEV11       SDEV22       SDEV33       SDEV23       SDEV13       SDEV12      TEMP
  0.00000E+00  0.18682E+03    0.00000E+00  0.00000E+00  0.00000E+00  0.00000E+00  0.00000E+00  0.00000E+00    0.56512E+02  0.66829E+02 -0.12334E+03 -0.48177E+01 -0.60791E+01  0.11734E+02      982.00
  0.24758E-01  0.19038E+03    0.12500E-01  0.12500E-01 -0.25000E-01  0.00000E+00  0.00000E+00  0.00000E+00    0.61440E+02  0.64256E+02 -0.12570E+03 -0.42711E+01 -0.63831E+01  0.13087E+02      982.00
  0.49516E-01  0.19235E+03    0.25000E-01  0.25000E-01 -0.50000E-01  0.00000E+00  0.00000E+00  0.00000E+00    0.65799E+02  0.61079E+02 -0.12688E+03 -0.34066E+01 -0.66092E+01  0.14082E+02      982.00
  0.74252E-01  0.19500E+03    0.37500E-01  0.37500E-01 -0.75000E-01  0.00000E+00  0.00000E+00  0.00000E+00    0.68751E+02  0.59633E+02 -0.12838E+03 -0.28444E+01 -0.61094E+01  0.15706E+02      982.00
  0.98942E-01  0.20234E+03    0.50000E-01  0.50000E-01 -0.10000E+00  0.00000E+00  0.00000E+00  0.00000E+00    0.72608E+02  0.60196E+02 -0.13280E+03 -0.27478E+01 -0.55311E+01  0.18518E+02      982.00
  0.12355E+00  0.21564E+03    0.62500E-01  0.62500E-01 -0.12500E+00  0.00000E+00  0.00000E+00  0.00000E+00    0.78335E+02  0.62535E+02 -0.14087E+03 -0.29873E+01 -0.52288E+01  0.22764E+02      982.00
  0.14805E+00  0.23416E+03    0.75000E-01  0.75000E-01 -0.15000E+00  0.00000E+00  0.00000E+00  0.00000E+00    0.85885E+02  0.66204E+02 -0.15209E+03 -0.34303E+01 -0.51837E+01  0.28158E+02      982.00
  0.17241E+00  0.25582E+03    0.87500E-01  0.87500E-01 -0.17500E+00  0.00000E+00  0.00000E+00  0.00000E+00    0.94668E+02  0.70551E+02 -0.16522E+03 -0.40155E+01 -0.53307E+01  0.33949E+02      982.00
  0.19663E+00  0.27756E+03    0.10000E+00  0.10000E+00 -0.20000E+00  0.00000E+00  0.00000E+00  0.00000E+00    0.10363E+03  0.74836E+02 -0.17846E+03 -0.46723E+01 -0.55783E+01  0.39138E+02      982.00
  0.22074E+00  0.29718E+03    0.11250E+00  0.11250E+00 -0.22500E+00  0.00000E+00  0.00000E+00  0.00000E+00    0.11199E+03  0.78591E+02 -0.19058E+03 -0.53493E+01 -0.58863E+01  0.43088E+02      982.00
  0.24479E+00  0.31366E+03    0.12500E+00  0.12500E+00 -0.25000E+00  0.00000E+00  0.00000E+00  0.00000E+00    0.11924E+03  0.81705E+02 -0.20095E+03 -0.60154E+01 -0.62232E+01  0.45635E+02      982.00
  0.26881E+00  0.32714E+03    0.13750E+00  0.13750E+00 -0.27500E+00  0.00000E+00  0.00000E+00  0.00000E+00    0.12534E+03  0.84295E+02 -0.20963E+03 -0.66551E+01 -0.65826E+01  0.46954E+02      982.00
  0.29284E+00  0.33806E+03    0.15000E+00  0.15000E+00 -0.30000E+00  0.00000E+00  0.00000E+00  0.00000E+00    0.13038E+03  0.86505E+02 -0.21688E+03 -0.72640E+01 -0.69622E+01  0.47264E+02      982.00
  0.31690E+00  0.34697E+03    0.16250E+00  0.16250E+00 -0.32500E+00  0.00000E+00  0.00000E+00  0.00000E+00    0.13456E+03  0.88436E+02 -0.22299E+03 -0.78399E+01 -0.73645E+01  0.46777E+02      982.00
  0.34100E+00  0.35447E+03    0.17500E+00  0.17500E+00 -0.35000E+00  0.00000E+00  0.00000E+00  0.00000E+00    0.13806E+03  0.90248E+02 -0.22830E+03 -0.83889E+01 -0.77865E+01  0.45707E+02      982.00
  0.36515E+00  0.36094E+03    0.18750E+00  0.18750E+00 -0.37500E+00  0.00000E+00  0.00000E+00  0.00000E+00    0.14105E+03  0.91975E+02 -0.23302E+03 -0.89108E+01 -0.82299E+01  0.44176E+02      982.00
  0.38936E+00  0.36672E+03    0.20000E+00  0.20000E+00 -0.40000E+00  0.00000E+00  0.00000E+00  0.00000E+00    0.14361E+03  0.93738E+02 -0.23735E+03 -0.94118E+01 -0.86880E+01  0.42321E+02      982.00
  0.41363E+00  0.37209E+03    0.21250E+00  0.21250E+00 -0.42500E+00  0.00000E+00  0.00000E+00  0.00000E+00    0.14593E+03  0.95494E+02 -0.24143E+03 -0.98862E+01 -0.91620E+01  0.40208E+02      982.00
  0.43797E+00  0.37718E+03    0.22500E+00  0.22500E+00 -0.45000E+00  0.00000E+00  0.00000E+00  0.00000E+00    0.14800E+03  0.97326E+02 -0.24533E+03 -0.10331E+02 -0.96353E+01  0.37953E+02      982.00
  0.46236E+00  0.37894E+03    0.23750E+00  0.23750E+00 -0.47500E+00  0.00000E+00  0.00000E+00  0.00000E+00    0.14852E+03  0.98533E+02 -0.24706E+03 -0.10373E+02 -0.97618E+01  0.35487E+02      982.00
  0.48681E+00  0.38074E+03    0.25000E+00  0.25000E+00 -0.50000E+00  0.00000E+00  0.00000E+00  0.00000E+00    0.14900E+03  0.99761E+02 -0.24876E+03 -0.10403E+02 -0.98647E+01  0.33159E+02      982.00
  0.51131E+00  0.38281E+03    0.26250E+00  0.26250E+00 -0.52500E+00  0.00000E+00  0.00000E+00  0.00000E+00    0.14944E+03  0.10115E+03 -0.25058E+03 -0.10411E+02 -0.99363E+01  0.31025E+02      982.00
  0.53585E+00  0.38501E+03    0.27500E+00  0.27500E+00 -0.55000E+00  0.00000E+00  0.00000E+00  0.00000E+00    0.14989E+03  0.10257E+03 -0.25246E+03 -0.10467E+02 -0.10014E+02  0.28943E+02      982.00
  0.56044E+00  0.38737E+03    0.28750E+00  0.28750E+00 -0.57500E+00  0.00000E+00  0.00000E+00  0.00000E+00    0.15032E+03  0.10408E+03 -0.25441E+03 -0.10446E+02 -0.10046E+02  0.27060E+02      982.00
  0.58507E+00  0.38990E+03    0.30000E+00  0.30000E+00 -0.60000E+00  0.00000E+00  0.00000E+00  0.00000E+00    0.15078E+03  0.10565E+03 -0.25643E+03 -0.10470E+02 -0.10087E+02  0.25233E+02      982.00
  0.60974E+00  0.39247E+03    0.31250E+00  0.31250E+00 -0.62500E+00  0.00000E+00  0.00000E+00  0.00000E+00    0.15122E+03  0.10723E+03 -0.25845E+03 -0.10419E+02 -0.10089E+02  0.23579E+02      982.00
  0.63443E+00  0.39512E+03    0.32500E+00  0.32500E+00 -0.65000E+00  0.00000E+00  0.00000E+00  0.00000E+00    0.15166E+03  0.10882E+03 -0.26048E+03 -0.10359E+02 -0.10081E+02  0.22024E+02      982.00
  0.65915E+00  0.39782E+03    0.33750E+00  0.33750E+00 -0.67500E+00  0.00000E+00  0.00000E+00  0.00000E+00    0.15211E+03  0.11041E+03 -0.26252E+03 -0.10291E+02 -0.10065E+02  0.20562E+02      982.00
  0.68390E+00  0.40055E+03    0.35000E+00  0.35000E+00 -0.70000E+00  0.00000E+00  0.00000E+00  0.00000E+00    0.15256E+03  0.11200E+03 -0.26456E+03 -0.10217E+02 -0.10040E+02  0.19189E+02      982.00
  0.70867E+00  0.40326E+03    0.36250E+00  0.36250E+00 -0.72500E+00  0.00000E+00  0.00000E+00  0.00000E+00    0.15301E+03  0.11356E+03 -0.26657E+03 -0.10142E+02 -0.10013E+02  0.17892E+02      982.00
  0.73345E+00  0.40601E+03    0.37500E+00  0.37500E+00 -0.75000E+00  0.00000E+00  0.00000E+00  0.00000E+00    0.15346E+03  0.11512E+03 -0.26858E+03 -0.10053E+02 -0.99716E+01  0.16685E+02      982.00
  0.75826E+00  0.40874E+03    0.38750E+00  0.38750E+00 -0.77500E+00  0.00000E+00  0.00000E+00  0.00000E+00    0.15391E+03  0.11665E+03 -0.27056E+03 -0.99579E+01 -0.99230E+01  0.15554E+02      982.00
  0.78308E+00  0.41131E+03    0.40000E+00  0.40000E+00 -0.80000E+00  0.00000E+00  0.00000E+00  0.00000E+00    0.15434E+03  0.11808E+03 -0.27242E+03 -0.98272E+01 -0.98661E+01  0.14501E+02      982.00
  0.80792E+00  0.41397E+03    0.41250E+00  0.41250E+00 -0.82500E+00  0.00000E+00  0.00000E+00  0.00000E+00    0.15478E+03  0.11954E+03 -0.27432E+03 -0.97269E+01 -0.98055E+01  0.13504E+02      982.00
  0.83277E+00  0.41658E+03    0.42500E+00  0.42500E+00 -0.85000E+00  0.00000E+00  0.00000E+00  0.00000E+00    0.15521E+03  0.12097E+03 -0.27618E+03 -0.96211E+01 -0.97388E+01  0.12574E+02      982.00
  0.85763E+00  0.41913E+03    0.43750E+00  0.43750E+00 -0.87500E+00  0.00000E+00  0.00000E+00  0.00000E+00    0.15563E+03  0.12236E+03 -0.27799E+03 -0.95103E+01 -0.96665E+01  0.11705E+02      982.00
  0.88250E+00  0.42161E+03    0.45000E+00  0.45000E+00 -0.90000E+00  0.00000E+00  0.00000E+00  0.00000E+00    0.15604E+03  0.12370E+03 -0.27974E+03 -0.93949E+01 -0.95893E+01  0.10895E+02      982.00
  0.90739E+00  0.42402E+03    0.46250E+00  0.46250E+00 -0.92500E+00  0.00000E+00  0.00000E+00  0.00000E+00    0.15643E+03  0.12501E+03 -0.28144E+03 -0.92756E+01 -0.95074E+01  0.10139E+02      982.00
  0.93228E+00  0.42635E+03    0.47500E+00  0.47500E+00 -0.95000E+00  0.00000E+00  0.00000E+00  0.00000E+00    0.15680E+03  0.12627E+03 -0.28307E+03 -0.91529E+01 -0.94215E+01  0.94339E+01      982.00
  0.95717E+00  0.42860E+03    0.48750E+00  0.48750E+00 -0.97500E+00  0.00000E+00  0.00000E+00  0.00000E+00    0.15716E+03  0.12748E+03 -0.28465E+03 -0.90272E+01 -0.93320E+01  0.87774E+01      982.00
  0.98208E+00  0.43077E+03    0.50000E+00  0.50000E+00 -0.10000E+01  0.00000E+00  0.00000E+00  0.00000E+00    0.15750E+03  0.12865E+03 -0.28616E+03 -0.88990E+01 -0.92392E+01  0.81661E+01      982.00
