          Evm          Svm            E11          E22          E33          E23          E13          E12         SDEV11       SDEV22       SDEV33       SDEV23       SDEV13       SDEV12      TEMP
  0.00000E+00  0.15416E+03    0.00000E+00  0.00000E+00  0.00000E+00  0.00000E+00  0.00000E+00  0.00000E+00    0.52705E+02  0.44018E+02 -0.96722E+02 -0.35679E+01 -0.92708E+01  0.28066E+02      982.00
  0.23528E-01  0.17241E+03    0.12500E-01  0.12500E-01 -0.25000E-01  0.00000E+00  0.00000E+00  0.00000E+00    0.54952E+02  0.49978E+02 -0.10493E+03 -0.29509E+01 -0.91720E+01  0.39387E+02      982.00
  0.46351E-01  0.19402E+03    0.25000E-01  0.25000E-01 -0.50000E-01  0.00000E+00  0.00000E+00  0.00000E+00    0.57212E+02  0.56761E+02 -0.11397E+03 -0.22734E+01 -0.91216E+01  0.52120E+02      982.00
  0.68380E-01  0.23242E+03    0.37500E-01  0.37500E-01 -0.75000E-01  0.00000E+00  0.00000E+00  0.00000E+00    0.61572E+02  0.67710E+02 -0.12928E+03 -0.23520E+01 -0.98497E+01  0.73211E+02      982.00
  0.89239E-01  0.24756E+03    0.50000E-01  0.50000E-01 -0.10000E+00  0.00000E+00  0.00000E+00  0.00000E+00    0.62300E+02  0.72268E+02 -0.13457E+03 -0.13624E+01 -0.10016E+02  0.81979E+02      982.00
  0.10962E+00  0.25534E+03    0.62500E-01  0.62500E-01 -0.12500E+00  0.00000E+00  0.00000E+00  0.00000E+00    0.63416E+02  0.73535E+02 -0.13695E+03 -0.76943E+00 -0.10098E+02  0.86821E+02      982.00
  0.12974E+00  0.26771E+03    0.75000E-01  0.75000E-01 -0.15000E+00  0.00000E+00  0.00000E+00  0.00000E+00    0.65678E+02  0.75545E+02 -0.14122E+03 -0.86981E+00 -0.10209E+02  0.93823E+02      982.00
  0.14952E+00  0.28971E+03    0.87500E-01  0.87500E-01 -0.17500E+00  0.00000E+00  0.00000E+00  0.00000E+00    0.69288E+02  0.79796E+02 -0.14908E+03 -0.14906E+01 -0.10379E+02  0.10568E+03      982.00
  0.16882E+00  0.31982E+03    0.10000E+00  0.10000E+00 -0.20000E+00  0.00000E+00  0.00000E+00  0.00000E+00    0.74171E+02  0.85821E+02 -0.15999E+03 -0.25151E+01 -0.10587E+02  0.12142E+03      982.00
  0.18758E+00  0.35592E+03    0.11250E+00  0.11250E+00 -0.22500E+00  0.00000E+00  0.00000E+00  0.00000E+00    0.79963E+02  0.93130E+02 -0.17309E+03 -0.37245E+01 -0.10841E+02  0.13993E+03      982.00
  0.20581E+00  0.39338E+03    0.12500E+00  0.12500E+00 -0.25000E+00  0.00000E+00  0.00000E+00  0.00000E+00    0.85939E+02  0.10075E+03 -0.18669E+03 -0.49124E+01 -0.11091E+02  0.15887E+03      982.00
  0.22361E+00  0.42738E+03    0.13750E+00  0.13750E+00 -0.27500E+00  0.00000E+00  0.00000E+00  0.00000E+00    0.91387E+02  0.10768E+03 -0.19907E+03 -0.59424E+01 -0.11272E+02  0.17588E+03      982.00
  0.24108E+00  0.45589E+03    0.15000E+00  0.15000E+00 -0.30000E+00  0.00000E+00  0.00000E+00  0.00000E+00    0.95991E+02  0.11350E+03 -0.20949E+03 -0.67588E+01 -0.11369E+02  0.19003E+03      982.00
  0.25831E+00  0.47964E+03    0.16250E+00  0.16250E+00 -0.32500E+00  0.00000E+00  0.00000E+00  0.00000E+00    0.99724E+02  0.11839E+03 -0.21812E+03 -0.73183E+01 -0.11424E+02  0.20182E+03      982.00
  0.27536E+00  0.49822E+03    0.17500E+00  0.17500E+00 -0.35000E+00  0.00000E+00  0.00000E+00  0.00000E+00    0.10281E+03  0.12214E+03 -0.22494E+03 -0.77518E+01 -0.11413E+02  0.21097E+03      982.00
  0.29229E+00  0.51292E+03    0.18750E+00  0.18750E+00 -0.37500E+00  0.00000E+00  0.00000E+00  0.00000E+00    0.10528E+03  0.12509E+03 -0.23037E+03 -0.80606E+01 -0.11339E+02  0.21818E+03      982.00
  0.30914E+00  0.52506E+03    0.20000E+00  0.20000E+00 -0.40000E+00  0.00000E+00  0.00000E+00  0.00000E+00    0.10726E+03  0.12752E+03 -0.23478E+03 -0.82222E+01 -0.11264E+02  0.22418E+03      982.00
  0.32590E+00  0.53461E+03    0.21250E+00  0.21250E+00 -0.42500E+00  0.00000E+00  0.00000E+00  0.00000E+00    0.10881E+03  0.12943E+03 -0.23824E+03 -0.83028E+01 -0.11149E+02  0.22891E+03      982.00
  0.34262E+00  0.54252E+03    0.22500E+00  0.22500E+00 -0.45000E+00  0.00000E+00  0.00000E+00  0.00000E+00    0.11003E+03  0.13103E+03 -0.24105E+03 -0.82967E+01 -0.11029E+02  0.23287E+03      982.00
  0.35928E+00  0.54929E+03    0.23750E+00  0.23750E+00 -0.47500E+00  0.00000E+00  0.00000E+00  0.00000E+00    0.11098E+03  0.13243E+03 -0.24341E+03 -0.82308E+01 -0.10899E+02  0.23629E+03      982.00
  0.37590E+00  0.55500E+03    0.25000E+00  0.25000E+00 -0.50000E+00  0.00000E+00  0.00000E+00  0.00000E+00    0.11169E+03  0.13366E+03 -0.24535E+03 -0.81240E+01 -0.10755E+02  0.23922E+03      982.00
  0.39247E+00  0.55957E+03    0.26250E+00  0.26250E+00 -0.52500E+00  0.00000E+00  0.00000E+00  0.00000E+00    0.11217E+03  0.13468E+03 -0.24685E+03 -0.79878E+01 -0.10592E+02  0.24160E+03      982.00
  0.40902E+00  0.56361E+03    0.27500E+00  0.27500E+00 -0.55000E+00  0.00000E+00  0.00000E+00  0.00000E+00    0.11248E+03  0.13567E+03 -0.24815E+03 -0.78432E+01 -0.10404E+02  0.24371E+03      982.00
  0.42553E+00  0.56338E+03    0.28750E+00  0.28750E+00 -0.57500E+00  0.00000E+00  0.00000E+00  0.00000E+00    0.11200E+03  0.13582E+03 -0.24782E+03 -0.76169E+01 -0.10162E+02  0.24379E+03      982.00
  0.44202E+00  0.56341E+03    0.30000E+00  0.30000E+00 -0.60000E+00  0.00000E+00  0.00000E+00  0.00000E+00    0.11167E+03  0.13591E+03 -0.24757E+03 -0.73925E+01 -0.99071E+01  0.24401E+03      982.00
  0.45850E+00  0.56346E+03    0.31250E+00  0.31250E+00 -0.62500E+00  0.00000E+00  0.00000E+00  0.00000E+00    0.11124E+03  0.13611E+03 -0.24735E+03 -0.71936E+01 -0.96289E+01  0.24422E+03      982.00
  0.47496E+00  0.56350E+03    0.32500E+00  0.32500E+00 -0.65000E+00  0.00000E+00  0.00000E+00  0.00000E+00    0.11079E+03  0.13635E+03 -0.24714E+03 -0.70241E+01 -0.93281E+01  0.24442E+03      982.00
  0.49141E+00  0.56350E+03    0.33750E+00  0.33750E+00 -0.67500E+00  0.00000E+00  0.00000E+00  0.00000E+00    0.11038E+03  0.13655E+03 -0.24693E+03 -0.68851E+01 -0.89990E+01  0.24457E+03      982.00
  0.50784E+00  0.56353E+03    0.35000E+00  0.35000E+00 -0.70000E+00  0.00000E+00  0.00000E+00  0.00000E+00    0.10993E+03  0.13682E+03 -0.24675E+03 -0.67804E+01 -0.86521E+01  0.24472E+03      982.00
  0.52426E+00  0.56354E+03    0.36250E+00  0.36250E+00 -0.72500E+00  0.00000E+00  0.00000E+00  0.00000E+00    0.10948E+03  0.13712E+03 -0.24661E+03 -0.67037E+01 -0.82834E+01  0.24484E+03      982.00
  0.54067E+00  0.56351E+03    0.37500E+00  0.37500E+00 -0.75000E+00  0.00000E+00  0.00000E+00  0.00000E+00    0.10901E+03  0.13746E+03 -0.24647E+03 -0.66487E+01 -0.78945E+01  0.24491E+03      982.00
  0.55707E+00  0.56348E+03    0.38750E+00  0.38750E+00 -0.77500E+00  0.00000E+00  0.00000E+00  0.00000E+00    0.10860E+03  0.13777E+03 -0.24637E+03 -0.66140E+01 -0.74975E+01  0.24495E+03      982.00
  0.57347E+00  0.56343E+03    0.40000E+00  0.40000E+00 -0.80000E+00  0.00000E+00  0.00000E+00  0.00000E+00    0.10824E+03  0.13806E+03 -0.24630E+03 -0.65903E+01 -0.70983E+01  0.24496E+03      982.00
  0.58986E+00  0.56335E+03    0.41250E+00  0.41250E+00 -0.82500E+00  0.00000E+00  0.00000E+00  0.00000E+00    0.10792E+03  0.13833E+03 -0.24624E+03 -0.65697E+01 -0.67051E+01  0.24493E+03      982.00
  0.60625E+00  0.56323E+03    0.42500E+00  0.42500E+00 -0.85000E+00  0.00000E+00  0.00000E+00  0.00000E+00    0.10756E+03  0.13864E+03 -0.24620E+03 -0.65408E+01 -0.63179E+01  0.24486E+03      982.00
  0.62265E+00  0.56308E+03    0.43750E+00  0.43750E+00 -0.87500E+00  0.00000E+00  0.00000E+00  0.00000E+00    0.10734E+03  0.13884E+03 -0.24618E+03 -0.65049E+01 -0.59599E+01  0.24476E+03      982.00
  0.63904E+00  0.56285E+03    0.45000E+00  0.45000E+00 -0.90000E+00  0.00000E+00  0.00000E+00  0.00000E+00    0.10706E+03  0.13909E+03 -0.24615E+03 -0.64507E+01 -0.56079E+01  0.24460E+03      982.00
  0.65544E+00  0.56258E+03    0.46250E+00  0.46250E+00 -0.92500E+00  0.00000E+00  0.00000E+00  0.00000E+00    0.10685E+03  0.13926E+03 -0.24611E+03 -0.63720E+01 -0.53184E+01  0.24442E+03      982.00
  0.67185E+00  0.56236E+03    0.47500E+00  0.47500E+00 -0.95000E+00  0.00000E+00  0.00000E+00  0.00000E+00    0.10676E+03  0.13934E+03 -0.24610E+03 -0.62830E+01 -0.50499E+01  0.24426E+03      982.00
  0.68826E+00  0.56212E+03    0.48750E+00  0.48750E+00 -0.97500E+00  0.00000E+00  0.00000E+00  0.00000E+00    0.10672E+03  0.13936E+03 -0.24609E+03 -0.61757E+01 -0.48141E+01  0.24409E+03      982.00
  0.70467E+00  0.56188E+03    0.50000E+00  0.50000E+00 -0.10000E+01  0.00000E+00  0.00000E+00  0.00000E+00    0.10672E+03  0.13936E+03 -0.24608E+03 -0.60507E+01 -0.46085E+01  0.24392E+03      982.00
