          Evm          Svm            E11          E22          E33          E23          E13          E12         SDEV11       SDEV22       SDEV33       SDEV23       SDEV13       SDEV12      TEMP
  0.00000E+00  0.14831E+03    0.00000E+00  0.00000E+00  0.00000E+00  0.00000E+00  0.00000E+00  0.00000E+00    0.37337E+02  0.56958E+02 -0.94295E+02  0.15235E+01  0.99439E+00  0.23734E+02      982.00
  0.23843E-01  0.15102E+03    0.12500E-01  0.12500E-01 -0.25000E-01  0.00000E+00  0.00000E+00  0.00000E+00    0.37359E+02  0.57938E+02 -0.95297E+02  0.14346E+01  0.50457E+00  0.26130E+02      982.00
  0.47507E-01  0.15830E+03    0.25000E-01  0.25000E-01 -0.50000E-01  0.00000E+00  0.00000E+00  0.00000E+00    0.37823E+02  0.60849E+02 -0.98673E+02  0.20035E+01  0.39866E+00  0.30238E+02      982.00
  0.70881E-01  0.17130E+03    0.37500E-01  0.37500E-01 -0.75000E-01  0.00000E+00  0.00000E+00  0.00000E+00    0.38673E+02  0.66173E+02 -0.10485E+03  0.32439E+01  0.67368E+00  0.36564E+02      982.00
  0.93833E-01  0.18931E+03    0.50000E-01  0.50000E-01 -0.10000E+00  0.00000E+00  0.00000E+00  0.00000E+00    0.39396E+02  0.73869E+02 -0.11326E+03  0.49864E+01  0.11880E+01  0.44735E+02      982.00
  0.11627E+00  0.20636E+03    0.62500E-01  0.62500E-01 -0.12500E+00  0.00000E+00  0.00000E+00  0.00000E+00    0.38411E+02  0.82552E+02 -0.12096E+03  0.65171E+01  0.16061E+01  0.51851E+02      982.00
  0.13825E+00  0.22420E+03    0.75000E-01  0.75000E-01 -0.15000E+00  0.00000E+00  0.00000E+00  0.00000E+00    0.36205E+02  0.92422E+02 -0.12863E+03  0.77055E+01  0.22481E+01  0.59100E+02      982.00
  0.15976E+00  0.25065E+03    0.87500E-01  0.87500E-01 -0.17500E+00  0.00000E+00  0.00000E+00  0.00000E+00    0.34314E+02  0.10536E+03 -0.13968E+03  0.90111E+01  0.34066E+01  0.70389E+02      982.00
  0.18066E+00  0.28713E+03    0.10000E+00  0.10000E+00 -0.20000E+00  0.00000E+00  0.00000E+00  0.00000E+00    0.32942E+02  0.12169E+03 -0.15464E+03  0.10513E+02  0.48152E+01  0.86274E+02      982.00
  0.20086E+00  0.32941E+03    0.11250E+00  0.11250E+00 -0.22500E+00  0.00000E+00  0.00000E+00  0.00000E+00    0.32028E+02  0.13970E+03 -0.17173E+03  0.12024E+02  0.61557E+01  0.10475E+03      982.00
  0.22041E+00  0.37014E+03    0.12500E+00  0.12500E+00 -0.25000E+00  0.00000E+00  0.00000E+00  0.00000E+00    0.31525E+02  0.15652E+03 -0.18805E+03  0.13286E+02  0.71945E+01  0.12252E+03      982.00
  0.23946E+00  0.40437E+03    0.13750E+00  0.13750E+00 -0.27500E+00  0.00000E+00  0.00000E+00  0.00000E+00    0.31325E+02  0.17042E+03 -0.20175E+03  0.14202E+02  0.78693E+01  0.13739E+03      982.00
  0.25817E+00  0.43139E+03    0.15000E+00  0.15000E+00 -0.30000E+00  0.00000E+00  0.00000E+00  0.00000E+00    0.31254E+02  0.18132E+03 -0.21258E+03  0.14818E+02  0.82448E+01  0.14907E+03      982.00
  0.27665E+00  0.45274E+03    0.16250E+00  0.16250E+00 -0.32500E+00  0.00000E+00  0.00000E+00  0.00000E+00    0.31189E+02  0.18991E+03 -0.22110E+03  0.15178E+02  0.84267E+01  0.15831E+03      982.00
  0.29496E+00  0.46916E+03    0.17500E+00  0.17500E+00 -0.35000E+00  0.00000E+00  0.00000E+00  0.00000E+00    0.31130E+02  0.19655E+03 -0.22768E+03  0.15429E+02  0.84706E+01  0.16536E+03      982.00
  0.31316E+00  0.48216E+03    0.18750E+00  0.18750E+00 -0.37500E+00  0.00000E+00  0.00000E+00  0.00000E+00    0.31047E+02  0.20180E+03 -0.23285E+03  0.15571E+02  0.84372E+01  0.17095E+03      982.00
  0.33127E+00  0.49258E+03    0.20000E+00  0.20000E+00 -0.40000E+00  0.00000E+00  0.00000E+00  0.00000E+00    0.30985E+02  0.20598E+03 -0.23696E+03  0.15642E+02  0.83677E+01  0.17549E+03      982.00
  0.34931E+00  0.50140E+03    0.21250E+00  0.21250E+00 -0.42500E+00  0.00000E+00  0.00000E+00  0.00000E+00    0.30890E+02  0.20947E+03 -0.24036E+03  0.15639E+02  0.82802E+01  0.17940E+03      982.00
  0.36729E+00  0.50852E+03    0.22500E+00  0.22500E+00 -0.45000E+00  0.00000E+00  0.00000E+00  0.00000E+00    0.30852E+02  0.21220E+03 -0.24305E+03  0.15612E+02  0.81879E+01  0.18264E+03      982.00
  0.38521E+00  0.51502E+03    0.23750E+00  0.23750E+00 -0.47500E+00  0.00000E+00  0.00000E+00  0.00000E+00    0.30762E+02  0.21465E+03 -0.24541E+03  0.15533E+02  0.80933E+01  0.18570E+03      982.00
  0.40308E+00  0.52026E+03    0.25000E+00  0.25000E+00 -0.50000E+00  0.00000E+00  0.00000E+00  0.00000E+00    0.30729E+02  0.21652E+03 -0.24724E+03  0.15453E+02  0.80061E+01  0.18826E+03      982.00
  0.42090E+00  0.52107E+03    0.26250E+00  0.26250E+00 -0.52500E+00  0.00000E+00  0.00000E+00  0.00000E+00    0.30571E+02  0.21661E+03 -0.24718E+03  0.15204E+02  0.79011E+01  0.18904E+03      982.00
  0.43869E+00  0.52210E+03    0.27500E+00  0.27500E+00 -0.55000E+00  0.00000E+00  0.00000E+00  0.00000E+00    0.30385E+02  0.21677E+03 -0.24715E+03  0.14963E+02  0.78069E+01  0.18994E+03      982.00
  0.45644E+00  0.52313E+03    0.28750E+00  0.28750E+00 -0.57500E+00  0.00000E+00  0.00000E+00  0.00000E+00    0.30201E+02  0.21691E+03 -0.24712E+03  0.14732E+02  0.77233E+01  0.19087E+03      982.00
  0.47415E+00  0.52417E+03    0.30000E+00  0.30000E+00 -0.60000E+00  0.00000E+00  0.00000E+00  0.00000E+00    0.30008E+02  0.21705E+03 -0.24706E+03  0.14509E+02  0.76478E+01  0.19181E+03      982.00
  0.49183E+00  0.52520E+03    0.31250E+00  0.31250E+00 -0.62500E+00  0.00000E+00  0.00000E+00  0.00000E+00    0.29803E+02  0.21717E+03 -0.24698E+03  0.14291E+02  0.75784E+01  0.19276E+03      982.00
  0.50946E+00  0.52622E+03    0.32500E+00  0.32500E+00 -0.65000E+00  0.00000E+00  0.00000E+00  0.00000E+00    0.29583E+02  0.21729E+03 -0.24687E+03  0.14076E+02  0.75133E+01  0.19372E+03      982.00
  0.52706E+00  0.52722E+03    0.33750E+00  0.33750E+00 -0.67500E+00  0.00000E+00  0.00000E+00  0.00000E+00    0.29347E+02  0.21740E+03 -0.24675E+03  0.13862E+02  0.74507E+01  0.19468E+03      982.00
  0.54461E+00  0.52821E+03    0.35000E+00  0.35000E+00 -0.70000E+00  0.00000E+00  0.00000E+00  0.00000E+00    0.29095E+02  0.21751E+03 -0.24661E+03  0.13646E+02  0.73888E+01  0.19564E+03      982.00
  0.56211E+00  0.52917E+03    0.36250E+00  0.36250E+00 -0.72500E+00  0.00000E+00  0.00000E+00  0.00000E+00    0.28827E+02  0.21761E+03 -0.24644E+03  0.13426E+02  0.73260E+01  0.19659E+03      982.00
  0.57958E+00  0.53012E+03    0.37500E+00  0.37500E+00 -0.75000E+00  0.00000E+00  0.00000E+00  0.00000E+00    0.28544E+02  0.21771E+03 -0.24626E+03  0.13201E+02  0.72607E+01  0.19753E+03      982.00
  0.59700E+00  0.53103E+03    0.38750E+00  0.38750E+00 -0.77500E+00  0.00000E+00  0.00000E+00  0.00000E+00    0.28247E+02  0.21781E+03 -0.24606E+03  0.12969E+02  0.71917E+01  0.19846E+03      982.00
  0.61438E+00  0.53190E+03    0.40000E+00  0.40000E+00 -0.80000E+00  0.00000E+00  0.00000E+00  0.00000E+00    0.27961E+02  0.21787E+03 -0.24583E+03  0.12730E+02  0.71197E+01  0.19938E+03      982.00
  0.63171E+00  0.53276E+03    0.41250E+00  0.41250E+00 -0.82500E+00  0.00000E+00  0.00000E+00  0.00000E+00    0.27646E+02  0.21796E+03 -0.24561E+03  0.12480E+02  0.70402E+01  0.20027E+03      982.00
  0.64899E+00  0.53358E+03    0.42500E+00  0.42500E+00 -0.85000E+00  0.00000E+00  0.00000E+00  0.00000E+00    0.27318E+02  0.21805E+03 -0.24537E+03  0.12220E+02  0.69541E+01  0.20114E+03      982.00
  0.66624E+00  0.53438E+03    0.43750E+00  0.43750E+00 -0.87500E+00  0.00000E+00  0.00000E+00  0.00000E+00    0.26986E+02  0.21814E+03 -0.24512E+03  0.11951E+02  0.68614E+01  0.20198E+03      982.00
  0.68344E+00  0.53515E+03    0.45000E+00  0.45000E+00 -0.90000E+00  0.00000E+00  0.00000E+00  0.00000E+00    0.26667E+02  0.21821E+03 -0.24488E+03  0.11678E+02  0.67636E+01  0.20282E+03      982.00
  0.70060E+00  0.53589E+03    0.46250E+00  0.46250E+00 -0.92500E+00  0.00000E+00  0.00000E+00  0.00000E+00    0.26338E+02  0.21829E+03 -0.24463E+03  0.11391E+02  0.66581E+01  0.20360E+03      982.00
  0.71772E+00  0.53681E+03    0.47500E+00  0.47500E+00 -0.95000E+00  0.00000E+00  0.00000E+00  0.00000E+00    0.25998E+02  0.21846E+03 -0.24446E+03  0.11090E+02  0.65478E+01  0.20448E+03      982.00
  0.73480E+00  0.53727E+03    0.48750E+00  0.48750E+00 -0.97500E+00  0.00000E+00  0.00000E+00  0.00000E+00    0.25693E+02  0.21846E+03 -0.24415E+03  0.10797E+02  0.64302E+01  0.20509E+03      982.00
  0.75184E+00  0.53834E+03    0.50000E+00  0.50000E+00 -0.10000E+01  0.00000E+00  0.00000E+00  0.00000E+00    0.25321E+02  0.21873E+03 -0.24405E+03  0.10463E+02  0.63123E+01  0.20598E+03      982.00
