          Evm          Svm            E11          E22          E33          E23          E13          E12         SDEV11       SDEV22       SDEV33       SDEV23       SDEV13       SDEV12      TEMP
  0.00000E+00  0.16389E+03    0.00000E+00  0.00000E+00  0.00000E+00  0.00000E+00  0.00000E+00  0.00000E+00    0.54541E+02  0.46691E+02 -0.10123E+03  0.78127E+01  0.64789E+01  0.33887E+02      982.00
  0.23164E-01  0.16326E+03    0.12500E-01  0.12500E-01 -0.25000E-01  0.00000E+00  0.00000E+00  0.00000E+00    0.52628E+02  0.47971E+02 -0.10060E+03  0.60635E+01  0.49377E+01  0.35043E+02      982.00
  0.46271E-01  0.16450E+03    0.25000E-01  0.25000E-01 -0.50000E-01  0.00000E+00  0.00000E+00  0.00000E+00    0.51210E+02  0.49510E+02 -0.10072E+03  0.49001E+01  0.41232E+01  0.37011E+02      982.00
  0.69232E-01  0.17184E+03    0.37500E-01  0.37500E-01 -0.75000E-01  0.00000E+00  0.00000E+00  0.00000E+00    0.51563E+02  0.51966E+02 -0.10353E+03  0.43834E+01  0.38217E+01  0.42075E+02      982.00
  0.91824E-01  0.18627E+03    0.50000E-01  0.50000E-01 -0.10000E+00  0.00000E+00  0.00000E+00  0.00000E+00    0.53649E+02  0.55647E+02 -0.10930E+03  0.43417E+01  0.38529E+01  0.50705E+02      982.00
  0.11383E+00  0.20952E+03    0.62500E-01  0.62500E-01 -0.12500E+00  0.00000E+00  0.00000E+00  0.00000E+00    0.57543E+02  0.60961E+02 -0.11850E+03  0.46802E+01  0.41473E+01  0.63702E+02      982.00
  0.13504E+00  0.24383E+03    0.75000E-01  0.75000E-01 -0.15000E+00  0.00000E+00  0.00000E+00  0.00000E+00    0.63427E+02  0.68335E+02 -0.13176E+03  0.53405E+01  0.46880E+01  0.82095E+02      982.00
  0.15530E+00  0.28961E+03    0.87500E-01  0.87500E-01 -0.17500E+00  0.00000E+00  0.00000E+00  0.00000E+00    0.71182E+02  0.77810E+02 -0.14899E+03  0.62322E+01  0.54225E+01  0.10597E+03      982.00
  0.17460E+00  0.34101E+03    0.10000E+00  0.10000E+00 -0.20000E+00  0.00000E+00  0.00000E+00  0.00000E+00    0.79700E+02  0.88262E+02 -0.16796E+03  0.71572E+01  0.61737E+01  0.13228E+03      982.00
  0.19307E+00  0.38820E+03    0.11250E+00  0.11250E+00 -0.22500E+00  0.00000E+00  0.00000E+00  0.00000E+00    0.87352E+02  0.97844E+02 -0.18520E+03  0.79051E+01  0.67475E+01  0.15612E+03      982.00
  0.21096E+00  0.42583E+03    0.12500E+00  0.12500E+00 -0.25000E+00  0.00000E+00  0.00000E+00  0.00000E+00    0.93372E+02  0.10555E+03 -0.19892E+03  0.84197E+01  0.70998E+01  0.17495E+03      982.00
  0.22847E+00  0.45449E+03    0.13750E+00  0.13750E+00 -0.27500E+00  0.00000E+00  0.00000E+00  0.00000E+00    0.97920E+02  0.11146E+03 -0.20938E+03  0.87409E+01  0.72835E+01  0.18921E+03      982.00
  0.24575E+00  0.47636E+03    0.15000E+00  0.15000E+00 -0.30000E+00  0.00000E+00  0.00000E+00  0.00000E+00    0.10136E+03  0.11599E+03 -0.21735E+03  0.89164E+01  0.73498E+01  0.20006E+03      982.00
  0.26286E+00  0.49314E+03    0.16250E+00  0.16250E+00 -0.32500E+00  0.00000E+00  0.00000E+00  0.00000E+00    0.10397E+03  0.11948E+03 -0.22345E+03  0.89894E+01  0.73393E+01  0.20838E+03      982.00
  0.27985E+00  0.50663E+03    0.17500E+00  0.17500E+00 -0.35000E+00  0.00000E+00  0.00000E+00  0.00000E+00    0.10604E+03  0.12228E+03 -0.22833E+03  0.89800E+01  0.72699E+01  0.21508E+03      982.00
  0.29675E+00  0.51678E+03    0.18750E+00  0.18750E+00 -0.37500E+00  0.00000E+00  0.00000E+00  0.00000E+00    0.10758E+03  0.12438E+03 -0.23197E+03  0.89157E+01  0.71632E+01  0.22015E+03      982.00
  0.31358E+00  0.52550E+03    0.20000E+00  0.20000E+00 -0.40000E+00  0.00000E+00  0.00000E+00  0.00000E+00    0.10885E+03  0.12620E+03 -0.23505E+03  0.87968E+01  0.70157E+01  0.22453E+03      982.00
  0.33036E+00  0.53279E+03    0.21250E+00  0.21250E+00 -0.42500E+00  0.00000E+00  0.00000E+00  0.00000E+00    0.10986E+03  0.12772E+03 -0.23759E+03  0.86366E+01  0.68382E+01  0.22822E+03      982.00
  0.34708E+00  0.53907E+03    0.22500E+00  0.22500E+00 -0.45000E+00  0.00000E+00  0.00000E+00  0.00000E+00    0.11071E+03  0.12903E+03 -0.23974E+03  0.84461E+01  0.66373E+01  0.23143E+03      982.00
  0.36376E+00  0.54427E+03    0.23750E+00  0.23750E+00 -0.47500E+00  0.00000E+00  0.00000E+00  0.00000E+00    0.11138E+03  0.13012E+03 -0.24150E+03  0.82344E+01  0.64212E+01  0.23411E+03      982.00
  0.38040E+00  0.54962E+03    0.25000E+00  0.25000E+00 -0.50000E+00  0.00000E+00  0.00000E+00  0.00000E+00    0.11198E+03  0.13127E+03 -0.24325E+03  0.79872E+01  0.61715E+01  0.23690E+03      982.00
  0.39699E+00  0.55345E+03    0.26250E+00  0.26250E+00 -0.52500E+00  0.00000E+00  0.00000E+00  0.00000E+00    0.11240E+03  0.13211E+03 -0.24452E+03  0.77624E+01  0.59455E+01  0.23889E+03      982.00
  0.41356E+00  0.55685E+03    0.27500E+00  0.27500E+00 -0.55000E+00  0.00000E+00  0.00000E+00  0.00000E+00    0.11279E+03  0.13284E+03 -0.24563E+03  0.75313E+01  0.57131E+01  0.24067E+03      982.00
  0.43010E+00  0.55990E+03    0.28750E+00  0.28750E+00 -0.57500E+00  0.00000E+00  0.00000E+00  0.00000E+00    0.11313E+03  0.13348E+03 -0.24661E+03  0.72984E+01  0.54786E+01  0.24227E+03      982.00
  0.44662E+00  0.56055E+03    0.30000E+00  0.30000E+00 -0.60000E+00  0.00000E+00  0.00000E+00  0.00000E+00    0.11318E+03  0.13348E+03 -0.24667E+03  0.70188E+01  0.52154E+01  0.24275E+03      982.00
  0.46312E+00  0.56119E+03    0.31250E+00  0.31250E+00 -0.62500E+00  0.00000E+00  0.00000E+00  0.00000E+00    0.11320E+03  0.13355E+03 -0.24675E+03  0.67375E+01  0.49501E+01  0.24319E+03      982.00
  0.47961E+00  0.56160E+03    0.32500E+00  0.32500E+00 -0.65000E+00  0.00000E+00  0.00000E+00  0.00000E+00    0.11317E+03  0.13358E+03 -0.24675E+03  0.65016E+01  0.47292E+01  0.24351E+03      982.00
  0.49608E+00  0.56200E+03    0.33750E+00  0.33750E+00 -0.67500E+00  0.00000E+00  0.00000E+00  0.00000E+00    0.11317E+03  0.13360E+03 -0.24677E+03  0.62632E+01  0.45089E+01  0.24381E+03      982.00
  0.51255E+00  0.56235E+03    0.35000E+00  0.35000E+00 -0.70000E+00  0.00000E+00  0.00000E+00  0.00000E+00    0.11316E+03  0.13362E+03 -0.24678E+03  0.60469E+01  0.43044E+01  0.24408E+03      982.00
  0.52901E+00  0.56268E+03    0.36250E+00  0.36250E+00 -0.72500E+00  0.00000E+00  0.00000E+00  0.00000E+00    0.11316E+03  0.13364E+03 -0.24680E+03  0.58390E+01  0.41076E+01  0.24434E+03      982.00
  0.54545E+00  0.56299E+03    0.37500E+00  0.37500E+00 -0.75000E+00  0.00000E+00  0.00000E+00  0.00000E+00    0.11317E+03  0.13365E+03 -0.24682E+03  0.56388E+01  0.39178E+01  0.24456E+03      982.00
  0.56190E+00  0.56328E+03    0.38750E+00  0.38750E+00 -0.77500E+00  0.00000E+00  0.00000E+00  0.00000E+00    0.11318E+03  0.13367E+03 -0.24684E+03  0.54459E+01  0.37347E+01  0.24477E+03      982.00
  0.57833E+00  0.56355E+03    0.40000E+00  0.40000E+00 -0.80000E+00  0.00000E+00  0.00000E+00  0.00000E+00    0.11319E+03  0.13368E+03 -0.24687E+03  0.52598E+01  0.35579E+01  0.24497E+03      982.00
  0.59476E+00  0.56392E+03    0.41250E+00  0.41250E+00 -0.82500E+00  0.00000E+00  0.00000E+00  0.00000E+00    0.11322E+03  0.13370E+03 -0.24692E+03  0.49848E+01  0.33022E+01  0.24523E+03      982.00
  0.61118E+00  0.56417E+03    0.42500E+00  0.42500E+00 -0.85000E+00  0.00000E+00  0.00000E+00  0.00000E+00    0.11325E+03  0.13370E+03 -0.24695E+03  0.48116E+01  0.31370E+01  0.24539E+03      982.00
  0.62759E+00  0.56437E+03    0.43750E+00  0.43750E+00 -0.87500E+00  0.00000E+00  0.00000E+00  0.00000E+00    0.11328E+03  0.13370E+03 -0.24698E+03  0.46492E+01  0.29824E+01  0.24553E+03      982.00
  0.64400E+00  0.56456E+03    0.45000E+00  0.45000E+00 -0.90000E+00  0.00000E+00  0.00000E+00  0.00000E+00    0.11331E+03  0.13370E+03 -0.24701E+03  0.44917E+01  0.28326E+01  0.24566E+03      982.00
  0.66041E+00  0.56471E+03    0.46250E+00  0.46250E+00 -0.92500E+00  0.00000E+00  0.00000E+00  0.00000E+00    0.11334E+03  0.13369E+03 -0.24704E+03  0.44297E+01  0.27680E+01  0.24576E+03      982.00
  0.67681E+00  0.56487E+03    0.47500E+00  0.47500E+00 -0.95000E+00  0.00000E+00  0.00000E+00  0.00000E+00    0.11338E+03  0.13368E+03 -0.24706E+03  0.42821E+01  0.26279E+01  0.24587E+03      982.00
  0.69322E+00  0.56503E+03    0.48750E+00  0.48750E+00 -0.97500E+00  0.00000E+00  0.00000E+00  0.00000E+00    0.11342E+03  0.13368E+03 -0.24710E+03  0.41307E+01  0.24845E+01  0.24597E+03      982.00
  0.70961E+00  0.56518E+03    0.50000E+00  0.50000E+00 -0.10000E+01  0.00000E+00  0.00000E+00  0.00000E+00    0.11347E+03  0.13367E+03 -0.24713E+03  0.39841E+01  0.23456E+01  0.24607E+03      982.00
