          Evm          Svm            E11          E22          E33          E23          E13          E12         SDEV11       SDEV22       SDEV33       SDEV23       SDEV13       SDEV12      TEMP
  0.00000E+00  0.16650E+03    0.00000E+00  0.00000E+00  0.00000E+00  0.00000E+00  0.00000E+00  0.00000E+00    0.55303E+02  0.47713E+02 -0.10302E+03  0.98248E+01  0.10137E+02  0.32675E+02      982.00
  0.23202E-01  0.16855E+03    0.12500E-01  0.12500E-01 -0.25000E-01  0.00000E+00  0.00000E+00  0.00000E+00    0.55137E+02  0.48531E+02 -0.10367E+03  0.81491E+01  0.81156E+01  0.35578E+02      982.00
  0.46267E-01  0.16559E+03    0.25000E-01  0.25000E-01 -0.50000E-01  0.00000E+00  0.00000E+00  0.00000E+00    0.52565E+02  0.49293E+02 -0.10186E+03  0.62279E+01  0.62952E+01  0.35745E+02      982.00
  0.69334E-01  0.16960E+03    0.37500E-01  0.37500E-01 -0.75000E-01  0.00000E+00  0.00000E+00  0.00000E+00    0.52000E+02  0.51213E+02 -0.10321E+03  0.53382E+01  0.54961E+01  0.39241E+02      982.00
  0.92155E-01  0.18277E+03    0.50000E-01  0.50000E-01 -0.10000E+00  0.00000E+00  0.00000E+00  0.00000E+00    0.53863E+02  0.54753E+02 -0.10862E+03  0.52315E+01  0.53886E+01  0.47227E+02      982.00
  0.11444E+00  0.20589E+03    0.62500E-01  0.62500E-01 -0.12500E+00  0.00000E+00  0.00000E+00  0.00000E+00    0.57921E+02  0.60154E+02 -0.11808E+03  0.56610E+01  0.57504E+01  0.60057E+02      982.00
  0.13595E+00  0.24071E+03    0.75000E-01  0.75000E-01 -0.15000E+00  0.00000E+00  0.00000E+00  0.00000E+00    0.64199E+02  0.67746E+02 -0.13194E+03  0.65074E+01  0.64918E+01  0.78540E+02      982.00
  0.15650E+00  0.28725E+03    0.87500E-01  0.87500E-01 -0.17500E+00  0.00000E+00  0.00000E+00  0.00000E+00    0.72477E+02  0.77471E+02 -0.14995E+03  0.76476E+01  0.75125E+01  0.10256E+03      982.00
  0.17608E+00  0.33917E+03    0.10000E+00  0.10000E+00 -0.20000E+00  0.00000E+00  0.00000E+00  0.00000E+00    0.81522E+02  0.88085E+02 -0.16961E+03  0.88266E+01  0.85707E+01  0.12887E+03      982.00
  0.19483E+00  0.38597E+03    0.11250E+00  0.11250E+00 -0.22500E+00  0.00000E+00  0.00000E+00  0.00000E+00    0.89536E+02  0.97614E+02 -0.18715E+03  0.97821E+01  0.94118E+01  0.15228E+03      982.00
  0.21301E+00  0.42308E+03    0.12500E+00  0.12500E+00 -0.25000E+00  0.00000E+00  0.00000E+00  0.00000E+00    0.95819E+02  0.10520E+03 -0.20102E+03  0.10455E+02  0.99852E+01  0.17067E+03      982.00
  0.23083E+00  0.45130E+03    0.13750E+00  0.13750E+00 -0.27500E+00  0.00000E+00  0.00000E+00  0.00000E+00    0.10055E+03  0.11099E+03 -0.21154E+03  0.10898E+02  0.10346E+02  0.18459E+03      982.00
  0.24841E+00  0.47248E+03    0.15000E+00  0.15000E+00 -0.30000E+00  0.00000E+00  0.00000E+00  0.00000E+00    0.10405E+03  0.11536E+03 -0.21941E+03  0.11182E+02  0.10565E+02  0.19503E+03      982.00
  0.26582E+00  0.48922E+03    0.16250E+00  0.16250E+00 -0.32500E+00  0.00000E+00  0.00000E+00  0.00000E+00    0.10676E+03  0.11880E+03 -0.22556E+03  0.11337E+02  0.10672E+02  0.20332E+03      982.00
  0.28311E+00  0.50223E+03    0.17500E+00  0.17500E+00 -0.35000E+00  0.00000E+00  0.00000E+00  0.00000E+00    0.10878E+03  0.12149E+03 -0.23027E+03  0.11399E+02  0.10698E+02  0.20982E+03      982.00
  0.30031E+00  0.51225E+03    0.18750E+00  0.18750E+00 -0.37500E+00  0.00000E+00  0.00000E+00  0.00000E+00    0.11024E+03  0.12357E+03 -0.23381E+03  0.11388E+02  0.10661E+02  0.21489E+03      982.00
  0.31742E+00  0.52106E+03    0.20000E+00  0.20000E+00 -0.40000E+00  0.00000E+00  0.00000E+00  0.00000E+00    0.11145E+03  0.12540E+03 -0.23685E+03  0.11309E+02  0.10564E+02  0.21940E+03      982.00
  0.33447E+00  0.52782E+03    0.21250E+00  0.21250E+00 -0.42500E+00  0.00000E+00  0.00000E+00  0.00000E+00    0.11232E+03  0.12677E+03 -0.23909E+03  0.11192E+02  0.10431E+02  0.22294E+03      982.00
  0.35146E+00  0.53403E+03    0.22500E+00  0.22500E+00 -0.45000E+00  0.00000E+00  0.00000E+00  0.00000E+00    0.11305E+03  0.12804E+03 -0.24109E+03  0.11010E+02  0.10234E+02  0.22625E+03      982.00
  0.36838E+00  0.53924E+03    0.23750E+00  0.23750E+00 -0.47500E+00  0.00000E+00  0.00000E+00  0.00000E+00    0.11356E+03  0.12912E+03 -0.24268E+03  0.10784E+02  0.99970E+01  0.22908E+03      982.00
  0.38526E+00  0.54392E+03    0.25000E+00  0.25000E+00 -0.50000E+00  0.00000E+00  0.00000E+00  0.00000E+00    0.11398E+03  0.13009E+03 -0.24407E+03  0.10530E+02  0.97294E+01  0.23167E+03      982.00
  0.40209E+00  0.54796E+03    0.26250E+00  0.26250E+00 -0.52500E+00  0.00000E+00  0.00000E+00  0.00000E+00    0.11426E+03  0.13095E+03 -0.24521E+03  0.10250E+02  0.94355E+01  0.23394E+03      982.00
  0.41887E+00  0.55164E+03    0.27500E+00  0.27500E+00 -0.55000E+00  0.00000E+00  0.00000E+00  0.00000E+00    0.11450E+03  0.13172E+03 -0.24622E+03  0.99529E+01  0.91205E+01  0.23603E+03      982.00
  0.43561E+00  0.55491E+03    0.28750E+00  0.28750E+00 -0.57500E+00  0.00000E+00  0.00000E+00  0.00000E+00    0.11466E+03  0.13242E+03 -0.24709E+03  0.96453E+01  0.87932E+01  0.23791E+03      982.00
  0.45231E+00  0.55610E+03    0.30000E+00  0.30000E+00 -0.60000E+00  0.00000E+00  0.00000E+00  0.00000E+00    0.11451E+03  0.13262E+03 -0.24713E+03  0.93068E+01  0.84378E+01  0.23882E+03      982.00
  0.46897E+00  0.55687E+03    0.31250E+00  0.31250E+00 -0.62500E+00  0.00000E+00  0.00000E+00  0.00000E+00    0.11434E+03  0.13273E+03 -0.24707E+03  0.89664E+01  0.80792E+01  0.23949E+03      982.00
  0.48561E+00  0.55772E+03    0.32500E+00  0.32500E+00 -0.65000E+00  0.00000E+00  0.00000E+00  0.00000E+00    0.11419E+03  0.13287E+03 -0.24706E+03  0.86312E+01  0.77247E+01  0.24017E+03      982.00
  0.50222E+00  0.55841E+03    0.33750E+00  0.33750E+00 -0.67500E+00  0.00000E+00  0.00000E+00  0.00000E+00    0.11405E+03  0.13297E+03 -0.24702E+03  0.83155E+01  0.73877E+01  0.24076E+03      982.00
  0.51881E+00  0.55907E+03    0.35000E+00  0.35000E+00 -0.70000E+00  0.00000E+00  0.00000E+00  0.00000E+00    0.11394E+03  0.13306E+03 -0.24700E+03  0.80133E+01  0.70628E+01  0.24130E+03      982.00
  0.53538E+00  0.55981E+03    0.36250E+00  0.36250E+00 -0.72500E+00  0.00000E+00  0.00000E+00  0.00000E+00    0.11384E+03  0.13318E+03 -0.24702E+03  0.76901E+01  0.67161E+01  0.24187E+03      982.00
  0.55192E+00  0.56038E+03    0.37500E+00  0.37500E+00 -0.75000E+00  0.00000E+00  0.00000E+00  0.00000E+00    0.11375E+03  0.13326E+03 -0.24702E+03  0.74150E+01  0.64175E+01  0.24233E+03      982.00
  0.56845E+00  0.56092E+03    0.38750E+00  0.38750E+00 -0.77500E+00  0.00000E+00  0.00000E+00  0.00000E+00    0.11368E+03  0.13333E+03 -0.24701E+03  0.71518E+01  0.61306E+01  0.24275E+03      982.00
  0.58497E+00  0.56141E+03    0.40000E+00  0.40000E+00 -0.80000E+00  0.00000E+00  0.00000E+00  0.00000E+00    0.11363E+03  0.13339E+03 -0.24702E+03  0.69002E+01  0.58555E+01  0.24314E+03      982.00
  0.60147E+00  0.56188E+03    0.41250E+00  0.41250E+00 -0.82500E+00  0.00000E+00  0.00000E+00  0.00000E+00    0.11358E+03  0.13345E+03 -0.24704E+03  0.66652E+01  0.55978E+01  0.24350E+03      982.00
  0.61796E+00  0.56240E+03    0.42500E+00  0.42500E+00 -0.85000E+00  0.00000E+00  0.00000E+00  0.00000E+00    0.11355E+03  0.13355E+03 -0.24710E+03  0.63858E+01  0.52922E+01  0.24386E+03      982.00
  0.63443E+00  0.56280E+03    0.43750E+00  0.43750E+00 -0.87500E+00  0.00000E+00  0.00000E+00  0.00000E+00    0.11352E+03  0.13360E+03 -0.24712E+03  0.61678E+01  0.50526E+01  0.24417E+03      982.00
  0.65090E+00  0.56317E+03    0.45000E+00  0.45000E+00 -0.90000E+00  0.00000E+00  0.00000E+00  0.00000E+00    0.11350E+03  0.13364E+03 -0.24714E+03  0.59579E+01  0.48219E+01  0.24444E+03      982.00
  0.66735E+00  0.56351E+03    0.46250E+00  0.46250E+00 -0.92500E+00  0.00000E+00  0.00000E+00  0.00000E+00    0.11349E+03  0.13367E+03 -0.24717E+03  0.57560E+01  0.46000E+01  0.24469E+03      982.00
  0.68380E+00  0.56384E+03    0.47500E+00  0.47500E+00 -0.95000E+00  0.00000E+00  0.00000E+00  0.00000E+00    0.11349E+03  0.13370E+03 -0.24719E+03  0.55614E+01  0.43865E+01  0.24493E+03      982.00
  0.70024E+00  0.56413E+03    0.48750E+00  0.48750E+00 -0.97500E+00  0.00000E+00  0.00000E+00  0.00000E+00    0.11350E+03  0.13373E+03 -0.24723E+03  0.53737E+01  0.41808E+01  0.24514E+03      982.00
  0.71668E+00  0.56441E+03    0.50000E+00  0.50000E+00 -0.10000E+01  0.00000E+00  0.00000E+00  0.00000E+00    0.11351E+03  0.13375E+03 -0.24726E+03  0.51923E+01  0.39826E+01  0.24534E+03      982.00
