          Evm          Svm            E11          E22          E33          E23          E13          E12         SDEV11       SDEV22       SDEV33       SDEV23       SDEV13       SDEV12      TEMP
  0.00000E+00  0.16513E+03    0.00000E+00  0.00000E+00  0.00000E+00  0.00000E+00  0.00000E+00  0.00000E+00    0.52951E+02  0.53435E+02 -0.10639E+03 -0.92844E+01 -0.37985E+01  0.22366E+02      982.00
  0.24159E-01  0.17816E+03    0.12500E-01  0.12500E-01 -0.25000E-01  0.00000E+00  0.00000E+00  0.00000E+00    0.51624E+02  0.61502E+02 -0.11313E+03 -0.89765E+01 -0.45608E+01  0.29257E+02      982.00
  0.47971E-01  0.18479E+03    0.25000E-01  0.25000E-01 -0.50000E-01  0.00000E+00  0.00000E+00  0.00000E+00    0.47678E+02  0.68427E+02 -0.11611E+03 -0.68199E+01 -0.46450E+01  0.33104E+02      982.00
  0.71534E-01  0.17849E+03    0.37500E-01  0.37500E-01 -0.75000E-01  0.00000E+00  0.00000E+00  0.00000E+00    0.44261E+02  0.68035E+02 -0.11230E+03 -0.50767E+01 -0.45867E+01  0.31205E+02      982.00
  0.95126E-01  0.18263E+03    0.50000E-01  0.50000E-01 -0.10000E+00  0.00000E+00  0.00000E+00  0.00000E+00    0.42982E+02  0.70994E+02 -0.11398E+03 -0.54314E+01 -0.54122E+01  0.33476E+02      982.00
  0.11853E+00  0.19494E+03    0.62500E-01  0.62500E-01 -0.12500E+00  0.00000E+00  0.00000E+00  0.00000E+00    0.42894E+02  0.76896E+02 -0.11979E+03 -0.65077E+01 -0.64333E+01  0.39144E+02      982.00
  0.14157E+00  0.21511E+03    0.75000E-01  0.75000E-01 -0.15000E+00  0.00000E+00  0.00000E+00  0.00000E+00    0.43652E+02  0.85681E+02 -0.12933E+03 -0.79221E+01 -0.75232E+01  0.48139E+02      982.00
  0.16412E+00  0.24351E+03    0.87500E-01  0.87500E-01 -0.17500E+00  0.00000E+00  0.00000E+00  0.00000E+00    0.45072E+02  0.97474E+02 -0.14255E+03 -0.95034E+01 -0.86498E+01  0.60619E+02      982.00
  0.18607E+00  0.27832E+03    0.10000E+00  0.10000E+00 -0.20000E+00  0.00000E+00  0.00000E+00  0.00000E+00    0.47004E+02  0.11143E+03 -0.15844E+03 -0.11028E+02 -0.96726E+01  0.75771E+02      982.00
  0.20742E+00  0.31445E+03    0.11250E+00  0.11250E+00 -0.22500E+00  0.00000E+00  0.00000E+00  0.00000E+00    0.49259E+02  0.12549E+03 -0.17475E+03 -0.12199E+02 -0.10375E+02  0.91362E+02      982.00
  0.22826E+00  0.34665E+03    0.12500E+00  0.12500E+00 -0.25000E+00  0.00000E+00  0.00000E+00  0.00000E+00    0.51614E+02  0.13766E+03 -0.18927E+03 -0.12865E+02 -0.10657E+02  0.10515E+03      982.00
  0.24873E+00  0.37290E+03    0.13750E+00  0.13750E+00 -0.27500E+00  0.00000E+00  0.00000E+00  0.00000E+00    0.53860E+02  0.14734E+03 -0.20120E+03 -0.13074E+02 -0.10589E+02  0.11628E+03      982.00
  0.26897E+00  0.39297E+03    0.15000E+00  0.15000E+00 -0.30000E+00  0.00000E+00  0.00000E+00  0.00000E+00    0.55913E+02  0.15458E+03 -0.21049E+03 -0.12968E+02 -0.10274E+02  0.12464E+03      982.00
  0.28905E+00  0.40812E+03    0.16250E+00  0.16250E+00 -0.32500E+00  0.00000E+00  0.00000E+00  0.00000E+00    0.57711E+02  0.15999E+03 -0.21770E+03 -0.12653E+02 -0.98160E+01  0.13078E+03      982.00
  0.30906E+00  0.41925E+03    0.17500E+00  0.17500E+00 -0.35000E+00  0.00000E+00  0.00000E+00  0.00000E+00    0.59291E+02  0.16393E+03 -0.22322E+03 -0.12206E+02 -0.92814E+01  0.13509E+03      982.00
  0.32902E+00  0.42746E+03    0.18750E+00  0.18750E+00 -0.37500E+00  0.00000E+00  0.00000E+00  0.00000E+00    0.60681E+02  0.16684E+03 -0.22752E+03 -0.11674E+02 -0.87156E+01  0.13803E+03      982.00
  0.34898E+00  0.43322E+03    0.20000E+00  0.20000E+00 -0.40000E+00  0.00000E+00  0.00000E+00  0.00000E+00    0.61920E+02  0.16890E+03 -0.23081E+03 -0.11083E+02 -0.81413E+01  0.13983E+03      982.00
  0.36896E+00  0.43693E+03    0.21250E+00  0.21250E+00 -0.42500E+00  0.00000E+00  0.00000E+00  0.00000E+00    0.63058E+02  0.17024E+03 -0.23330E+03 -0.10477E+02 -0.75739E+01  0.14063E+03      982.00
  0.38899E+00  0.43901E+03    0.22500E+00  0.22500E+00 -0.45000E+00  0.00000E+00  0.00000E+00  0.00000E+00    0.64165E+02  0.17098E+03 -0.23514E+03 -0.98769E+01 -0.70306E+01  0.14063E+03      982.00
  0.40907E+00  0.43950E+03    0.23750E+00  0.23750E+00 -0.47500E+00  0.00000E+00  0.00000E+00  0.00000E+00    0.65216E+02  0.17118E+03 -0.23640E+03 -0.92888E+01 -0.65054E+01  0.13978E+03      982.00
  0.42924E+00  0.43554E+03    0.25000E+00  0.25000E+00 -0.50000E+00  0.00000E+00  0.00000E+00  0.00000E+00    0.65430E+02  0.17014E+03 -0.23557E+03 -0.87438E+01 -0.61194E+01  0.13696E+03      982.00
  0.44952E+00  0.43145E+03    0.26250E+00  0.26250E+00 -0.52500E+00  0.00000E+00  0.00000E+00  0.00000E+00    0.65918E+02  0.16880E+03 -0.23472E+03 -0.82392E+01 -0.57612E+01  0.13410E+03      982.00
  0.46993E+00  0.42722E+03    0.27500E+00  0.27500E+00 -0.55000E+00  0.00000E+00  0.00000E+00  0.00000E+00    0.66516E+02  0.16733E+03 -0.23385E+03 -0.77779E+01 -0.54188E+01  0.13113E+03      982.00
  0.49045E+00  0.42277E+03    0.28750E+00  0.28750E+00 -0.57500E+00  0.00000E+00  0.00000E+00  0.00000E+00    0.67221E+02  0.16571E+03 -0.23293E+03 -0.73671E+01 -0.51008E+01  0.12799E+03      982.00
  0.51111E+00  0.41834E+03    0.30000E+00  0.30000E+00 -0.60000E+00  0.00000E+00  0.00000E+00  0.00000E+00    0.67971E+02  0.16407E+03 -0.23204E+03 -0.69931E+01 -0.47966E+01  0.12479E+03      982.00
  0.53191E+00  0.41385E+03    0.31250E+00  0.31250E+00 -0.62500E+00  0.00000E+00  0.00000E+00  0.00000E+00    0.68785E+02  0.16237E+03 -0.23116E+03 -0.66641E+01 -0.45142E+01  0.12150E+03      982.00
  0.55286E+00  0.40934E+03    0.32500E+00  0.32500E+00 -0.65000E+00  0.00000E+00  0.00000E+00  0.00000E+00    0.69662E+02  0.16062E+03 -0.23029E+03 -0.63811E+01 -0.42545E+01  0.11812E+03      982.00
  0.57395E+00  0.40484E+03    0.33750E+00  0.33750E+00 -0.67500E+00  0.00000E+00  0.00000E+00  0.00000E+00    0.70596E+02  0.15884E+03 -0.22944E+03 -0.61443E+01 -0.40182E+01  0.11467E+03      982.00
  0.59521E+00  0.40028E+03    0.35000E+00  0.35000E+00 -0.70000E+00  0.00000E+00  0.00000E+00  0.00000E+00    0.71618E+02  0.15696E+03 -0.22858E+03 -0.59668E+01 -0.38099E+01  0.11113E+03      982.00
  0.61662E+00  0.39592E+03    0.36250E+00  0.36250E+00 -0.72500E+00  0.00000E+00  0.00000E+00  0.00000E+00    0.72662E+02  0.15515E+03 -0.22782E+03 -0.58203E+01 -0.36188E+01  0.10760E+03      982.00
  0.63820E+00  0.39170E+03    0.37500E+00  0.37500E+00 -0.75000E+00  0.00000E+00  0.00000E+00  0.00000E+00    0.73752E+02  0.15336E+03 -0.22711E+03 -0.57162E+01 -0.34499E+01  0.10407E+03      982.00
  0.65994E+00  0.38765E+03    0.38750E+00  0.38750E+00 -0.77500E+00  0.00000E+00  0.00000E+00  0.00000E+00    0.74888E+02  0.15159E+03 -0.22648E+03 -0.56530E+01 -0.33026E+01  0.10054E+03      982.00
  0.68185E+00  0.38380E+03    0.40000E+00  0.40000E+00 -0.80000E+00  0.00000E+00  0.00000E+00  0.00000E+00    0.76066E+02  0.14986E+03 -0.22592E+03 -0.56279E+01 -0.31755E+01  0.97038E+02      982.00
  0.70393E+00  0.38017E+03    0.41250E+00  0.41250E+00 -0.82500E+00  0.00000E+00  0.00000E+00  0.00000E+00    0.77284E+02  0.14817E+03 -0.22546E+03 -0.56378E+01 -0.30674E+01  0.93578E+02      982.00
  0.72616E+00  0.37680E+03    0.42500E+00  0.42500E+00 -0.85000E+00  0.00000E+00  0.00000E+00  0.00000E+00    0.78538E+02  0.14655E+03 -0.22508E+03 -0.56795E+01 -0.29770E+01  0.90175E+02      982.00
  0.74857E+00  0.37370E+03    0.43750E+00  0.43750E+00 -0.87500E+00  0.00000E+00  0.00000E+00  0.00000E+00    0.79825E+02  0.14499E+03 -0.22481E+03 -0.57491E+01 -0.29028E+01  0.86840E+02      982.00
  0.77113E+00  0.37087E+03    0.45000E+00  0.45000E+00 -0.90000E+00  0.00000E+00  0.00000E+00  0.00000E+00    0.81142E+02  0.14350E+03 -0.22464E+03 -0.58431E+01 -0.28432E+01  0.83583E+02      982.00
  0.79384E+00  0.36834E+03    0.46250E+00  0.46250E+00 -0.92500E+00  0.00000E+00  0.00000E+00  0.00000E+00    0.82485E+02  0.14209E+03 -0.22458E+03 -0.59576E+01 -0.27969E+01  0.80414E+02      982.00
  0.81670E+00  0.36593E+03    0.47500E+00  0.47500E+00 -0.95000E+00  0.00000E+00  0.00000E+00  0.00000E+00    0.83892E+02  0.14065E+03 -0.22454E+03 -0.61239E+01 -0.27610E+01  0.77274E+02      982.00
  0.83971E+00  0.36399E+03    0.48750E+00  0.48750E+00 -0.97500E+00  0.00000E+00  0.00000E+00  0.00000E+00    0.85272E+02  0.13942E+03 -0.22469E+03 -0.62634E+01 -0.27364E+01  0.74302E+02      982.00
  0.86286E+00  0.36235E+03    0.50000E+00  0.50000E+00 -0.10000E+01  0.00000E+00  0.00000E+00  0.00000E+00    0.86670E+02  0.13827E+03 -0.22494E+03 -0.64127E+01 -0.27210E+01  0.71431E+02      982.00
