          Evm          Svm            E11          E22          E33          E23          E13          E12         SDEV11       SDEV22       SDEV33       SDEV23       SDEV13       SDEV12      TEMP
  0.00000E+00  0.19626E+03    0.00000E+00  0.00000E+00  0.00000E+00  0.00000E+00  0.00000E+00  0.00000E+00    0.76175E+02  0.47556E+02 -0.12373E+03  0.28467E+01  0.12946E+02  0.31254E+02      982.00
  0.23642E-01  0.19567E+03    0.12500E-01  0.12500E-01 -0.25000E-01  0.00000E+00  0.00000E+00  0.00000E+00    0.77929E+02  0.44935E+02 -0.12286E+03  0.19316E+01  0.10442E+02  0.32498E+02      982.00
  0.47188E-01  0.20149E+03    0.25000E-01  0.25000E-01 -0.50000E-01  0.00000E+00  0.00000E+00  0.00000E+00    0.82414E+02  0.42913E+02 -0.12533E+03  0.17522E+01  0.91598E+01  0.35722E+02      982.00
  0.70513E-01  0.21345E+03    0.37500E-01  0.37500E-01 -0.75000E-01  0.00000E+00  0.00000E+00  0.00000E+00    0.88628E+02  0.42367E+02 -0.13099E+03  0.21306E+01  0.90928E+01  0.41177E+02      982.00
  0.93526E-01  0.20916E+03    0.50000E-01  0.50000E-01 -0.10000E+00  0.00000E+00  0.00000E+00  0.00000E+00    0.88130E+02  0.40279E+02 -0.12841E+03  0.17679E+01  0.82032E+01  0.39666E+02      982.00
  0.11655E+00  0.20976E+03    0.62500E-01  0.62500E-01 -0.12500E+00  0.00000E+00  0.00000E+00  0.00000E+00    0.90498E+02  0.37791E+02 -0.12829E+03  0.23609E+01  0.84061E+01  0.39400E+02      982.00
  0.13948E+00  0.22363E+03    0.75000E-01  0.75000E-01 -0.15000E+00  0.00000E+00  0.00000E+00  0.00000E+00    0.98475E+02  0.36386E+02 -0.13486E+03  0.37211E+01  0.97110E+01  0.44248E+02      982.00
  0.16210E+00  0.24796E+03    0.87500E-01  0.87500E-01 -0.17500E+00  0.00000E+00  0.00000E+00  0.00000E+00    0.11113E+03  0.35262E+02 -0.14639E+03  0.52208E+01  0.11298E+02  0.53169E+02      982.00
  0.18424E+00  0.27773E+03    0.10000E+00  0.10000E+00 -0.20000E+00  0.00000E+00  0.00000E+00  0.00000E+00    0.12586E+03  0.34622E+02 -0.16048E+03  0.64574E+01  0.12923E+02  0.64084E+02      982.00
  0.20591E+00  0.30851E+03    0.11250E+00  0.11250E+00 -0.22500E+00  0.00000E+00  0.00000E+00  0.00000E+00    0.14081E+03  0.34156E+02 -0.17497E+03  0.73189E+01  0.14150E+02  0.75287E+02      982.00
  0.22717E+00  0.33585E+03    0.12500E+00  0.12500E+00 -0.25000E+00  0.00000E+00  0.00000E+00  0.00000E+00    0.15400E+03  0.33899E+02 -0.18790E+03  0.77641E+01  0.14868E+02  0.85031E+02      982.00
  0.24815E+00  0.35814E+03    0.13750E+00  0.13750E+00 -0.27500E+00  0.00000E+00  0.00000E+00  0.00000E+00    0.16479E+03  0.33794E+02 -0.19859E+03  0.78790E+01  0.15118E+02  0.92720E+02      982.00
  0.26895E+00  0.37518E+03    0.15000E+00  0.15000E+00 -0.30000E+00  0.00000E+00  0.00000E+00  0.00000E+00    0.17305E+03  0.33946E+02 -0.20700E+03  0.77666E+01  0.15052E+02  0.98283E+02      982.00
  0.28964E+00  0.38784E+03    0.16250E+00  0.16250E+00 -0.32500E+00  0.00000E+00  0.00000E+00  0.00000E+00    0.17921E+03  0.34318E+02 -0.21353E+03  0.75239E+01  0.14762E+02  0.10209E+03      982.00
  0.31028E+00  0.39710E+03    0.17500E+00  0.17500E+00 -0.35000E+00  0.00000E+00  0.00000E+00  0.00000E+00    0.18373E+03  0.34860E+02 -0.21859E+03  0.72123E+01  0.14313E+02  0.10454E+03      982.00
  0.33093E+00  0.40355E+03    0.18750E+00  0.18750E+00 -0.37500E+00  0.00000E+00  0.00000E+00  0.00000E+00    0.18686E+03  0.35610E+02 -0.22247E+03  0.68682E+01  0.13773E+02  0.10587E+03      982.00
  0.35160E+00  0.40779E+03    0.20000E+00  0.20000E+00 -0.40000E+00  0.00000E+00  0.00000E+00  0.00000E+00    0.18889E+03  0.36532E+02 -0.22542E+03  0.65163E+01  0.13168E+02  0.10630E+03      982.00
  0.37233E+00  0.41037E+03    0.21250E+00  0.21250E+00 -0.42500E+00  0.00000E+00  0.00000E+00  0.00000E+00    0.19008E+03  0.37649E+02 -0.22773E+03  0.61685E+01  0.12603E+02  0.10598E+03      982.00
  0.39314E+00  0.41103E+03    0.22500E+00  0.22500E+00 -0.45000E+00  0.00000E+00  0.00000E+00  0.00000E+00    0.19016E+03  0.39133E+02 -0.22929E+03  0.58485E+01  0.12004E+02  0.10491E+03      982.00
  0.41406E+00  0.41096E+03    0.23750E+00  0.23750E+00 -0.47500E+00  0.00000E+00  0.00000E+00  0.00000E+00    0.18988E+03  0.40691E+02 -0.23057E+03  0.55437E+01  0.11436E+02  0.10344E+03      982.00
  0.43510E+00  0.40704E+03    0.25000E+00  0.25000E+00 -0.50000E+00  0.00000E+00  0.00000E+00  0.00000E+00    0.18777E+03  0.42127E+02 -0.22990E+03  0.52723E+01  0.10879E+02  0.10070E+03      982.00
  0.45628E+00  0.40298E+03    0.26250E+00  0.26250E+00 -0.52500E+00  0.00000E+00  0.00000E+00  0.00000E+00    0.18555E+03  0.43630E+02 -0.22918E+03  0.50222E+01  0.10379E+02  0.97819E+02      982.00
  0.47760E+00  0.39895E+03    0.27500E+00  0.27500E+00 -0.55000E+00  0.00000E+00  0.00000E+00  0.00000E+00    0.18329E+03  0.45213E+02 -0.22850E+03  0.47935E+01  0.99428E+01  0.94895E+02      982.00
  0.49908E+00  0.39479E+03    0.28750E+00  0.28750E+00 -0.57500E+00  0.00000E+00  0.00000E+00  0.00000E+00    0.18084E+03  0.46955E+02 -0.22780E+03  0.45924E+01  0.95888E+01  0.91873E+02      982.00
  0.52072E+00  0.39100E+03    0.30000E+00  0.30000E+00 -0.60000E+00  0.00000E+00  0.00000E+00  0.00000E+00    0.17860E+03  0.48636E+02 -0.22723E+03  0.44056E+01  0.92623E+01  0.88920E+02      982.00
  0.54251E+00  0.38725E+03    0.31250E+00  0.31250E+00 -0.62500E+00  0.00000E+00  0.00000E+00  0.00000E+00    0.17627E+03  0.50427E+02 -0.22670E+03  0.42417E+01  0.90077E+01  0.85933E+02      982.00
  0.56447E+00  0.38365E+03    0.32500E+00  0.32500E+00 -0.65000E+00  0.00000E+00  0.00000E+00  0.00000E+00    0.17396E+03  0.52274E+02 -0.22623E+03  0.40985E+01  0.88089E+01  0.82952E+02      982.00
  0.58658E+00  0.38025E+03    0.33750E+00  0.33750E+00 -0.67500E+00  0.00000E+00  0.00000E+00  0.00000E+00    0.17168E+03  0.54168E+02 -0.22584E+03  0.39750E+01  0.86624E+01  0.79991E+02      982.00
  0.60885E+00  0.37689E+03    0.35000E+00  0.35000E+00 -0.70000E+00  0.00000E+00  0.00000E+00  0.00000E+00    0.16929E+03  0.56186E+02 -0.22548E+03  0.38743E+01  0.85914E+01  0.77010E+02      982.00
  0.63129E+00  0.37394E+03    0.36250E+00  0.36250E+00 -0.72500E+00  0.00000E+00  0.00000E+00  0.00000E+00    0.16711E+03  0.58155E+02 -0.22527E+03  0.37858E+01  0.85361E+01  0.74132E+02      982.00
  0.65388E+00  0.37123E+03    0.37500E+00  0.37500E+00 -0.75000E+00  0.00000E+00  0.00000E+00  0.00000E+00    0.16500E+03  0.60150E+02 -0.22515E+03  0.37131E+01  0.85201E+01  0.71310E+02      982.00
  0.67662E+00  0.36880E+03    0.38750E+00  0.38750E+00 -0.77500E+00  0.00000E+00  0.00000E+00  0.00000E+00    0.16296E+03  0.62166E+02 -0.22513E+03  0.36546E+01  0.85385E+01  0.68551E+02      982.00
  0.69951E+00  0.36663E+03    0.40000E+00  0.40000E+00 -0.80000E+00  0.00000E+00  0.00000E+00  0.00000E+00    0.16101E+03  0.64198E+02 -0.22521E+03  0.36088E+01  0.85865E+01  0.65864E+02      982.00
  0.72255E+00  0.36474E+03    0.41250E+00  0.41250E+00 -0.82500E+00  0.00000E+00  0.00000E+00  0.00000E+00    0.15915E+03  0.66240E+02 -0.22539E+03  0.35742E+01  0.86589E+01  0.63256E+02      982.00
  0.74572E+00  0.36313E+03    0.42500E+00  0.42500E+00 -0.85000E+00  0.00000E+00  0.00000E+00  0.00000E+00    0.15738E+03  0.68285E+02 -0.22567E+03  0.35493E+01  0.87508E+01  0.60729E+02      982.00
  0.76902E+00  0.36180E+03    0.43750E+00  0.43750E+00 -0.87500E+00  0.00000E+00  0.00000E+00  0.00000E+00    0.15571E+03  0.70329E+02 -0.22604E+03  0.35325E+01  0.88575E+01  0.58290E+02      982.00
  0.79245E+00  0.36073E+03    0.45000E+00  0.45000E+00 -0.90000E+00  0.00000E+00  0.00000E+00  0.00000E+00    0.15415E+03  0.72367E+02 -0.22652E+03  0.35226E+01  0.89745E+01  0.55938E+02      982.00
  0.81600E+00  0.35984E+03    0.46250E+00  0.46250E+00 -0.92500E+00  0.00000E+00  0.00000E+00  0.00000E+00    0.15260E+03  0.74432E+02 -0.22704E+03  0.35181E+01  0.91336E+01  0.53660E+02      982.00
  0.83966E+00  0.35930E+03    0.47500E+00  0.47500E+00 -0.95000E+00  0.00000E+00  0.00000E+00  0.00000E+00    0.15125E+03  0.76442E+02 -0.22769E+03  0.35186E+01  0.92556E+01  0.51491E+02      982.00
  0.86342E+00  0.35901E+03    0.48750E+00  0.48750E+00 -0.97500E+00  0.00000E+00  0.00000E+00  0.00000E+00    0.15001E+03  0.78431E+02 -0.22844E+03  0.35194E+01  0.93539E+01  0.49421E+02      982.00
  0.88729E+00  0.35892E+03    0.50000E+00  0.50000E+00 -0.10000E+01  0.00000E+00  0.00000E+00  0.00000E+00    0.14886E+03  0.80399E+02 -0.22926E+03  0.35251E+01  0.94744E+01  0.47428E+02      982.00
