          Evm          Svm            E11          E22          E33          E23          E13          E12         SDEV11       SDEV22       SDEV33       SDEV23       SDEV13       SDEV12      TEMP
  0.00000E+00  0.21487E+03    0.00000E+00  0.00000E+00  0.00000E+00  0.00000E+00  0.00000E+00  0.00000E+00    0.70674E+02  0.71625E+02 -0.14230E+03 -0.74561E+01 -0.60545E+01  0.10512E+02      982.00
  0.24835E-01  0.20205E+03    0.12500E-01  0.12500E-01 -0.25000E-01  0.00000E+00  0.00000E+00  0.00000E+00    0.66013E+02  0.67974E+02 -0.13399E+03 -0.56098E+01 -0.41323E+01  0.96790E+01      982.00
  0.49703E-01  0.19704E+03    0.25000E-01  0.25000E-01 -0.50000E-01  0.00000E+00  0.00000E+00  0.00000E+00    0.63936E+02  0.66764E+02 -0.13070E+03 -0.44350E+01 -0.30979E+01  0.99123E+01      982.00
  0.74577E-01  0.19840E+03    0.37500E-01  0.37500E-01 -0.75000E-01  0.00000E+00  0.00000E+00  0.00000E+00    0.63895E+02  0.67630E+02 -0.13153E+03 -0.37555E+01 -0.25855E+01  0.11065E+02      982.00
  0.99437E-01  0.20564E+03    0.50000E-01  0.50000E-01 -0.10000E+00  0.00000E+00  0.00000E+00  0.00000E+00    0.65647E+02  0.70484E+02 -0.13613E+03 -0.34620E+01 -0.24330E+01  0.13184E+02      982.00
  0.12426E+00  0.21919E+03    0.62500E-01  0.62500E-01 -0.12500E+00  0.00000E+00  0.00000E+00  0.00000E+00    0.69214E+02  0.75552E+02 -0.14477E+03 -0.35089E+01 -0.25882E+01  0.16377E+02      982.00
  0.14903E+00  0.23744E+03    0.75000E-01  0.75000E-01 -0.15000E+00  0.00000E+00  0.00000E+00  0.00000E+00    0.73979E+02  0.82386E+02 -0.15636E+03 -0.37524E+01 -0.29254E+01  0.20363E+02      982.00
  0.17372E+00  0.25853E+03    0.87500E-01  0.87500E-01 -0.17500E+00  0.00000E+00  0.00000E+00  0.00000E+00    0.79333E+02  0.90444E+02 -0.16978E+03 -0.41655E+01 -0.34359E+01  0.24524E+02      982.00
  0.19835E+00  0.27967E+03    0.10000E+00  0.10000E+00 -0.20000E+00  0.00000E+00  0.00000E+00  0.00000E+00    0.84538E+02  0.98736E+02 -0.18327E+03 -0.46793E+01 -0.40726E+01  0.28138E+02      982.00
  0.22292E+00  0.29895E+03    0.11250E+00  0.11250E+00 -0.22500E+00  0.00000E+00  0.00000E+00  0.00000E+00    0.89217E+02  0.10646E+03 -0.19568E+03 -0.52417E+01 -0.47866E+01  0.30786E+02      982.00
  0.24747E+00  0.31582E+03    0.12500E+00  0.12500E+00 -0.25000E+00  0.00000E+00  0.00000E+00  0.00000E+00    0.93377E+02  0.11328E+03 -0.20666E+03 -0.58245E+01 -0.55385E+01  0.32448E+02      982.00
  0.27201E+00  0.33029E+03    0.13750E+00  0.13750E+00 -0.27500E+00  0.00000E+00  0.00000E+00  0.00000E+00    0.97095E+02  0.11911E+03 -0.21621E+03 -0.64177E+01 -0.63060E+01  0.33218E+02      982.00
  0.29656E+00  0.34274E+03    0.15000E+00  0.15000E+00 -0.30000E+00  0.00000E+00  0.00000E+00  0.00000E+00    0.10050E+03  0.12404E+03 -0.22454E+03 -0.70160E+01 -0.70769E+01  0.33245E+02      982.00
  0.32112E+00  0.35360E+03    0.16250E+00  0.16250E+00 -0.32500E+00  0.00000E+00  0.00000E+00  0.00000E+00    0.10362E+03  0.12829E+03 -0.23192E+03 -0.76223E+01 -0.78380E+01  0.32684E+02      982.00
  0.34572E+00  0.36342E+03    0.17500E+00  0.17500E+00 -0.35000E+00  0.00000E+00  0.00000E+00  0.00000E+00    0.10663E+03  0.13203E+03 -0.23866E+03 -0.82544E+01 -0.86093E+01  0.31641E+02      982.00
  0.37034E+00  0.37247E+03    0.18750E+00  0.18750E+00 -0.37500E+00  0.00000E+00  0.00000E+00  0.00000E+00    0.10962E+03  0.13532E+03 -0.24494E+03 -0.88888E+01 -0.93752E+01  0.30236E+02      982.00
  0.39501E+00  0.38087E+03    0.20000E+00  0.20000E+00 -0.40000E+00  0.00000E+00  0.00000E+00  0.00000E+00    0.11255E+03  0.13826E+03 -0.25081E+03 -0.94757E+01 -0.10083E+02  0.28605E+02      982.00
  0.41970E+00  0.38886E+03    0.21250E+00  0.21250E+00 -0.42500E+00  0.00000E+00  0.00000E+00  0.00000E+00    0.11544E+03  0.14096E+03 -0.25640E+03 -0.10039E+02 -0.10742E+02  0.26813E+02      982.00
  0.44443E+00  0.39666E+03    0.22500E+00  0.22500E+00 -0.45000E+00  0.00000E+00  0.00000E+00  0.00000E+00    0.11833E+03  0.14353E+03 -0.26186E+03 -0.10571E+02 -0.11348E+02  0.24917E+02      982.00
  0.46918E+00  0.39999E+03    0.23750E+00  0.23750E+00 -0.47500E+00  0.00000E+00  0.00000E+00  0.00000E+00    0.12006E+03  0.14430E+03 -0.26436E+03 -0.10591E+02 -0.11361E+02  0.22991E+02      982.00
  0.49397E+00  0.40363E+03    0.25000E+00  0.25000E+00 -0.50000E+00  0.00000E+00  0.00000E+00  0.00000E+00    0.12174E+03  0.14527E+03 -0.26702E+03 -0.10598E+02 -0.11358E+02  0.21232E+02      982.00
  0.51877E+00  0.40733E+03    0.26250E+00  0.26250E+00 -0.52500E+00  0.00000E+00  0.00000E+00  0.00000E+00    0.12342E+03  0.14628E+03 -0.26970E+03 -0.10595E+02 -0.11341E+02  0.19578E+02      982.00
  0.54360E+00  0.41087E+03    0.27500E+00  0.27500E+00 -0.55000E+00  0.00000E+00  0.00000E+00  0.00000E+00    0.12499E+03  0.14724E+03 -0.27223E+03 -0.10560E+02 -0.11283E+02  0.18067E+02      982.00
  0.56845E+00  0.41461E+03    0.28750E+00  0.28750E+00 -0.57500E+00  0.00000E+00  0.00000E+00  0.00000E+00    0.12664E+03  0.14824E+03 -0.27488E+03 -0.10541E+02 -0.11242E+02  0.16602E+02      982.00
  0.59331E+00  0.41849E+03    0.30000E+00  0.30000E+00 -0.60000E+00  0.00000E+00  0.00000E+00  0.00000E+00    0.12835E+03  0.14927E+03 -0.27761E+03 -0.10521E+02 -0.11205E+02  0.15211E+02      982.00
  0.61819E+00  0.42220E+03    0.31250E+00  0.31250E+00 -0.62500E+00  0.00000E+00  0.00000E+00  0.00000E+00    0.12995E+03  0.15025E+03 -0.28020E+03 -0.10478E+02 -0.11134E+02  0.13935E+02      982.00
  0.64308E+00  0.42559E+03    0.32500E+00  0.32500E+00 -0.65000E+00  0.00000E+00  0.00000E+00  0.00000E+00    0.13141E+03  0.15116E+03 -0.28257E+03 -0.10414E+02 -0.11032E+02  0.12758E+02      982.00
  0.66797E+00  0.42914E+03    0.33750E+00  0.33750E+00 -0.67500E+00  0.00000E+00  0.00000E+00  0.00000E+00    0.13293E+03  0.15210E+03 -0.28504E+03 -0.10354E+02 -0.10942E+02  0.11637E+02      982.00
  0.69288E+00  0.43260E+03    0.35000E+00  0.35000E+00 -0.70000E+00  0.00000E+00  0.00000E+00  0.00000E+00    0.13441E+03  0.15301E+03 -0.28742E+03 -0.10285E+02 -0.10841E+02  0.10598E+02      982.00
  0.71780E+00  0.43593E+03    0.36250E+00  0.36250E+00 -0.72500E+00  0.00000E+00  0.00000E+00  0.00000E+00    0.13583E+03  0.15389E+03 -0.28972E+03 -0.10208E+02 -0.10731E+02  0.96336E+01      982.00
  0.74272E+00  0.43914E+03    0.37500E+00  0.37500E+00 -0.75000E+00  0.00000E+00  0.00000E+00  0.00000E+00    0.13720E+03  0.15472E+03 -0.29192E+03 -0.10122E+02 -0.10612E+02  0.87386E+01      982.00
  0.76765E+00  0.44221E+03    0.38750E+00  0.38750E+00 -0.77500E+00  0.00000E+00  0.00000E+00  0.00000E+00    0.13850E+03  0.15552E+03 -0.29402E+03 -0.10028E+02 -0.10485E+02  0.79096E+01      982.00
  0.79258E+00  0.44512E+03    0.40000E+00  0.40000E+00 -0.80000E+00  0.00000E+00  0.00000E+00  0.00000E+00    0.13975E+03  0.15627E+03 -0.29602E+03 -0.99270E+01 -0.10351E+02  0.71432E+01      982.00
  0.81752E+00  0.44789E+03    0.41250E+00  0.41250E+00 -0.82500E+00  0.00000E+00  0.00000E+00  0.00000E+00    0.14093E+03  0.15698E+03 -0.29791E+03 -0.98200E+01 -0.10212E+02  0.64358E+01      982.00
  0.84246E+00  0.45050E+03    0.42500E+00  0.42500E+00 -0.85000E+00  0.00000E+00  0.00000E+00  0.00000E+00    0.14205E+03  0.15764E+03 -0.29969E+03 -0.97076E+01 -0.10068E+02  0.57838E+01      982.00
  0.86741E+00  0.45295E+03    0.43750E+00  0.43750E+00 -0.87500E+00  0.00000E+00  0.00000E+00  0.00000E+00    0.14310E+03  0.15826E+03 -0.30136E+03 -0.95904E+01 -0.99196E+01  0.51841E+01      982.00
  0.89236E+00  0.45535E+03    0.45000E+00  0.45000E+00 -0.90000E+00  0.00000E+00  0.00000E+00  0.00000E+00    0.14414E+03  0.15885E+03 -0.30299E+03 -0.94707E+01 -0.97767E+01  0.46379E+01      982.00
  0.91731E+00  0.45751E+03    0.46250E+00  0.46250E+00 -0.92500E+00  0.00000E+00  0.00000E+00  0.00000E+00    0.14508E+03  0.15939E+03 -0.30446E+03 -0.93475E+01 -0.96194E+01  0.41351E+01      982.00
  0.94227E+00  0.45947E+03    0.47500E+00  0.47500E+00 -0.95000E+00  0.00000E+00  0.00000E+00  0.00000E+00    0.14594E+03  0.15986E+03 -0.30580E+03 -0.92203E+01 -0.94636E+01  0.36723E+01      982.00
  0.96722E+00  0.46132E+03    0.48750E+00  0.48750E+00 -0.97500E+00  0.00000E+00  0.00000E+00  0.00000E+00    0.14675E+03  0.16031E+03 -0.30706E+03 -0.90939E+01 -0.93098E+01  0.32504E+01      982.00
  0.99218E+00  0.46300E+03    0.50000E+00  0.50000E+00 -0.10000E+01  0.00000E+00  0.00000E+00  0.00000E+00    0.14750E+03  0.16070E+03 -0.30820E+03 -0.89629E+01 -0.91523E+01  0.28644E+01      982.00
