          Evm          Svm            E11          E22          E33          E23          E13          E12         SDEV11       SDEV22       SDEV33       SDEV23       SDEV13       SDEV12      TEMP
  0.00000E+00  0.14680E+03    0.00000E+00  0.00000E+00  0.00000E+00  0.00000E+00  0.00000E+00  0.00000E+00    0.40727E+02  0.51971E+02 -0.92698E+02 -0.11741E+02 -0.58272E+01  0.23126E+02      982.00
  0.23680E-01  0.15641E+03    0.12500E-01  0.12500E-01 -0.25000E-01  0.00000E+00  0.00000E+00  0.00000E+00    0.43999E+02  0.53239E+02 -0.97238E+02 -0.11660E+02 -0.57880E+01  0.29546E+02      982.00
  0.46993E-01  0.17937E+03    0.25000E-01  0.25000E-01 -0.50000E-01  0.00000E+00  0.00000E+00  0.00000E+00    0.50996E+02  0.56649E+02 -0.10764E+03 -0.12061E+02 -0.62119E+01  0.42920E+02      982.00
  0.69498E-01  0.21797E+03    0.37500E-01  0.37500E-01 -0.75000E-01  0.00000E+00  0.00000E+00  0.00000E+00    0.61951E+02  0.61962E+02 -0.12391E+03 -0.12829E+02 -0.69429E+01  0.64093E+02      982.00
  0.90816E-01  0.26445E+03    0.50000E-01  0.50000E-01 -0.10000E+00  0.00000E+00  0.00000E+00  0.00000E+00    0.75371E+02  0.67059E+02 -0.14243E+03 -0.13613E+02 -0.81723E+01  0.88471E+02      982.00
  0.11101E+00  0.31159E+03    0.62500E-01  0.62500E-01 -0.12500E+00  0.00000E+00  0.00000E+00  0.00000E+00    0.90390E+02  0.70066E+02 -0.16046E+03 -0.14359E+02 -0.92710E+01  0.11251E+03      982.00
  0.13032E+00  0.32511E+03    0.75000E-01  0.75000E-01 -0.15000E+00  0.00000E+00  0.00000E+00  0.00000E+00    0.93355E+02  0.71537E+02 -0.16489E+03 -0.14401E+02 -0.80830E+01  0.12020E+03      982.00
  0.14934E+00  0.33963E+03    0.87500E-01  0.87500E-01 -0.17500E+00  0.00000E+00  0.00000E+00  0.00000E+00    0.95579E+02  0.74261E+02 -0.16984E+03 -0.14489E+02 -0.76858E+01  0.12819E+03      982.00
  0.16810E+00  0.35968E+03    0.10000E+00  0.10000E+00 -0.20000E+00  0.00000E+00  0.00000E+00  0.00000E+00    0.99367E+02  0.77605E+02 -0.17697E+03 -0.14551E+02 -0.80947E+01  0.13870E+03      982.00
  0.18655E+00  0.38268E+03    0.11250E+00  0.11250E+00 -0.22500E+00  0.00000E+00  0.00000E+00  0.00000E+00    0.10415E+03  0.81238E+02 -0.18539E+03 -0.14492E+02 -0.90860E+01  0.15038E+03      982.00
  0.20471E+00  0.40791E+03    0.12500E+00  0.12500E+00 -0.25000E+00  0.00000E+00  0.00000E+00  0.00000E+00    0.10998E+03  0.84723E+02 -0.19471E+03 -0.14296E+02 -0.10284E+02  0.16298E+03      982.00
  0.22261E+00  0.43202E+03    0.13750E+00  0.13750E+00 -0.27500E+00  0.00000E+00  0.00000E+00  0.00000E+00    0.11573E+03  0.87956E+02 -0.20368E+03 -0.14011E+02 -0.11493E+02  0.17486E+03      982.00
  0.24029E+00  0.45327E+03    0.15000E+00  0.15000E+00 -0.30000E+00  0.00000E+00  0.00000E+00  0.00000E+00    0.12083E+03  0.90832E+02 -0.21166E+03 -0.13665E+02 -0.12577E+02  0.18524E+03      982.00
  0.25781E+00  0.47168E+03    0.16250E+00  0.16250E+00 -0.32500E+00  0.00000E+00  0.00000E+00  0.00000E+00    0.12523E+03  0.93359E+02 -0.21858E+03 -0.13296E+02 -0.13474E+02  0.19420E+03      982.00
  0.27518E+00  0.48734E+03    0.17500E+00  0.17500E+00 -0.35000E+00  0.00000E+00  0.00000E+00  0.00000E+00    0.12887E+03  0.95592E+02 -0.22446E+03 -0.12921E+02 -0.14172E+02  0.20183E+03      982.00
  0.29246E+00  0.50098E+03    0.18750E+00  0.18750E+00 -0.37500E+00  0.00000E+00  0.00000E+00  0.00000E+00    0.13191E+03  0.97569E+02 -0.22948E+03 -0.12588E+02 -0.14612E+02  0.20857E+03      982.00
  0.30963E+00  0.51151E+03    0.20000E+00  0.20000E+00 -0.40000E+00  0.00000E+00  0.00000E+00  0.00000E+00    0.13404E+03  0.99398E+02 -0.23344E+03 -0.12185E+02 -0.15043E+02  0.21370E+03      982.00
  0.32675E+00  0.52086E+03    0.21250E+00  0.21250E+00 -0.42500E+00  0.00000E+00  0.00000E+00  0.00000E+00    0.13586E+03  0.10098E+03 -0.23684E+03 -0.11822E+02 -0.15252E+02  0.21837E+03      982.00
  0.34380E+00  0.52884E+03    0.22500E+00  0.22500E+00 -0.45000E+00  0.00000E+00  0.00000E+00  0.00000E+00    0.13727E+03  0.10241E+03 -0.23968E+03 -0.11463E+02 -0.15347E+02  0.22241E+03      982.00
  0.36079E+00  0.53568E+03    0.23750E+00  0.23750E+00 -0.47500E+00  0.00000E+00  0.00000E+00  0.00000E+00    0.13837E+03  0.10369E+03 -0.24206E+03 -0.11109E+02 -0.15347E+02  0.22593E+03      982.00
  0.37774E+00  0.54161E+03    0.25000E+00  0.25000E+00 -0.50000E+00  0.00000E+00  0.00000E+00  0.00000E+00    0.13922E+03  0.10485E+03 -0.24407E+03 -0.10766E+02 -0.15265E+02  0.22904E+03      982.00
  0.39464E+00  0.54675E+03    0.26250E+00  0.26250E+00 -0.52500E+00  0.00000E+00  0.00000E+00  0.00000E+00    0.13990E+03  0.10586E+03 -0.24576E+03 -0.10425E+02 -0.15119E+02  0.23178E+03      982.00
  0.41149E+00  0.55130E+03    0.27500E+00  0.27500E+00 -0.55000E+00  0.00000E+00  0.00000E+00  0.00000E+00    0.14046E+03  0.10675E+03 -0.24721E+03 -0.10094E+02 -0.14918E+02  0.23424E+03      982.00
  0.42831E+00  0.55208E+03    0.28750E+00  0.28750E+00 -0.57500E+00  0.00000E+00  0.00000E+00  0.00000E+00    0.14055E+03  0.10658E+03 -0.24713E+03 -0.97472E+01 -0.14441E+02  0.23494E+03      982.00
  0.44510E+00  0.55216E+03    0.30000E+00  0.30000E+00 -0.60000E+00  0.00000E+00  0.00000E+00  0.00000E+00    0.14017E+03  0.10670E+03 -0.24687E+03 -0.94799E+01 -0.14110E+02  0.23526E+03      982.00
  0.46186E+00  0.55284E+03    0.31250E+00  0.31250E+00 -0.62500E+00  0.00000E+00  0.00000E+00  0.00000E+00    0.14026E+03  0.10655E+03 -0.24680E+03 -0.91647E+01 -0.13638E+02  0.23588E+03      982.00
  0.47860E+00  0.55290E+03    0.32500E+00  0.32500E+00 -0.65000E+00  0.00000E+00  0.00000E+00  0.00000E+00    0.13991E+03  0.10666E+03 -0.24657E+03 -0.89211E+01 -0.13310E+02  0.23615E+03      982.00
  0.49533E+00  0.55354E+03    0.33750E+00  0.33750E+00 -0.67500E+00  0.00000E+00  0.00000E+00  0.00000E+00    0.14003E+03  0.10649E+03 -0.24653E+03 -0.86307E+01 -0.12850E+02  0.23671E+03      982.00
  0.51203E+00  0.55357E+03    0.35000E+00  0.35000E+00 -0.70000E+00  0.00000E+00  0.00000E+00  0.00000E+00    0.13971E+03  0.10661E+03 -0.24632E+03 -0.84100E+01 -0.12532E+02  0.23694E+03      982.00
  0.52871E+00  0.55415E+03    0.36250E+00  0.36250E+00 -0.72500E+00  0.00000E+00  0.00000E+00  0.00000E+00    0.13987E+03  0.10642E+03 -0.24629E+03 -0.81392E+01 -0.12086E+02  0.23743E+03      982.00
  0.54538E+00  0.55442E+03    0.37500E+00  0.37500E+00 -0.75000E+00  0.00000E+00  0.00000E+00  0.00000E+00    0.13974E+03  0.10644E+03 -0.24618E+03 -0.79123E+01 -0.11720E+02  0.23776E+03      982.00
  0.56203E+00  0.55483E+03    0.38750E+00  0.38750E+00 -0.77500E+00  0.00000E+00  0.00000E+00  0.00000E+00    0.13981E+03  0.10632E+03 -0.24613E+03 -0.76927E+01 -0.11342E+02  0.23814E+03      982.00
  0.57867E+00  0.55507E+03    0.40000E+00  0.40000E+00 -0.80000E+00  0.00000E+00  0.00000E+00  0.00000E+00    0.13977E+03  0.10627E+03 -0.24604E+03 -0.74791E+01 -0.10990E+02  0.23841E+03      982.00
  0.59529E+00  0.55519E+03    0.41250E+00  0.41250E+00 -0.82500E+00  0.00000E+00  0.00000E+00  0.00000E+00    0.13965E+03  0.10631E+03 -0.24596E+03 -0.72725E+01 -0.10656E+02  0.23860E+03      982.00
  0.61190E+00  0.55539E+03    0.42500E+00  0.42500E+00 -0.85000E+00  0.00000E+00  0.00000E+00  0.00000E+00    0.13965E+03  0.10623E+03 -0.24588E+03 -0.70743E+01 -0.10325E+02  0.23883E+03      982.00
  0.62851E+00  0.55556E+03    0.43750E+00  0.43750E+00 -0.87500E+00  0.00000E+00  0.00000E+00  0.00000E+00    0.13965E+03  0.10615E+03 -0.24581E+03 -0.68835E+01 -0.10004E+02  0.23904E+03      982.00
  0.64510E+00  0.55572E+03    0.45000E+00  0.45000E+00 -0.90000E+00  0.00000E+00  0.00000E+00  0.00000E+00    0.13966E+03  0.10607E+03 -0.24574E+03 -0.66991E+01 -0.96915E+01  0.23923E+03      982.00
  0.66168E+00  0.55608E+03    0.46250E+00  0.46250E+00 -0.92500E+00  0.00000E+00  0.00000E+00  0.00000E+00    0.13994E+03  0.10575E+03 -0.24570E+03 -0.64821E+01 -0.93020E+01  0.23954E+03      982.00
  0.67825E+00  0.55619E+03    0.47500E+00  0.47500E+00 -0.95000E+00  0.00000E+00  0.00000E+00  0.00000E+00    0.13994E+03  0.10569E+03 -0.24564E+03 -0.63122E+01 -0.90098E+01  0.23969E+03      982.00
  0.69481E+00  0.55629E+03    0.48750E+00  0.48750E+00 -0.97500E+00  0.00000E+00  0.00000E+00  0.00000E+00    0.13995E+03  0.10563E+03 -0.24558E+03 -0.61489E+01 -0.87289E+01  0.23982E+03      982.00
  0.71136E+00  0.55638E+03    0.50000E+00  0.50000E+00 -0.10000E+01  0.00000E+00  0.00000E+00  0.00000E+00    0.13997E+03  0.10556E+03 -0.24552E+03 -0.59905E+01 -0.84564E+01  0.23994E+03      982.00
