          Evm          Svm            E11          E22          E33          E23          E13          E12         SDEV11       SDEV22       SDEV33       SDEV23       SDEV13       SDEV12      TEMP
  0.00000E+00  0.18355E+03    0.00000E+00  0.00000E+00  0.00000E+00  0.00000E+00  0.00000E+00  0.00000E+00    0.56976E+02  0.54448E+02 -0.11142E+03  0.12149E+02  0.15477E+02  0.39120E+02      982.00
  0.22764E-01  0.18329E+03    0.12500E-01  0.12500E-01 -0.25000E-01  0.00000E+00  0.00000E+00  0.00000E+00    0.57277E+02  0.53760E+02 -0.11104E+03  0.99819E+01  0.12714E+02  0.41068E+02      982.00
  0.45482E-01  0.17220E+03    0.25000E-01  0.25000E-01 -0.50000E-01  0.00000E+00  0.00000E+00  0.00000E+00    0.53972E+02  0.51458E+02 -0.10543E+03  0.69519E+01  0.91824E+01  0.37598E+02      982.00
  0.68441E-01  0.17126E+03    0.37500E-01  0.37500E-01 -0.75000E-01  0.00000E+00  0.00000E+00  0.00000E+00    0.53050E+02  0.51402E+02 -0.10445E+03  0.55623E+01  0.75076E+01  0.38804E+02      982.00
  0.91313E-01  0.18258E+03    0.50000E-01  0.50000E-01 -0.10000E+00  0.00000E+00  0.00000E+00  0.00000E+00    0.55212E+02  0.53891E+02 -0.10910E+03  0.53320E+01  0.71372E+01  0.45869E+02      982.00
  0.11372E+00  0.20501E+03    0.62500E-01  0.62500E-01 -0.12500E+00  0.00000E+00  0.00000E+00  0.00000E+00    0.59882E+02  0.58599E+02 -0.11848E+03  0.57619E+01  0.75044E+01  0.58233E+02      982.00
  0.13539E+00  0.23960E+03    0.75000E-01  0.75000E-01 -0.15000E+00  0.00000E+00  0.00000E+00  0.00000E+00    0.66989E+02  0.65586E+02 -0.13258E+03  0.66569E+01  0.83698E+01  0.76416E+02      982.00
  0.15614E+00  0.28582E+03    0.87500E-01  0.87500E-01 -0.17500E+00  0.00000E+00  0.00000E+00  0.00000E+00    0.76227E+02  0.74630E+02 -0.15086E+03  0.78634E+01  0.95598E+01  0.10005E+03      982.00
  0.17594E+00  0.33704E+03    0.10000E+00  0.10000E+00 -0.20000E+00  0.00000E+00  0.00000E+00  0.00000E+00    0.86210E+02  0.84474E+02 -0.17068E+03  0.90862E+01  0.10772E+02  0.12577E+03      982.00
  0.19493E+00  0.38302E+03    0.11250E+00  0.11250E+00 -0.22500E+00  0.00000E+00  0.00000E+00  0.00000E+00    0.95011E+02  0.93294E+02 -0.18831E+03  0.10047E+02  0.11730E+02  0.14855E+03      982.00
  0.21336E+00  0.41947E+03    0.12500E+00  0.12500E+00 -0.25000E+00  0.00000E+00  0.00000E+00  0.00000E+00    0.10188E+03  0.10035E+03 -0.20224E+03  0.10708E+02  0.12391E+02  0.16646E+03      982.00
  0.23144E+00  0.44722E+03    0.13750E+00  0.13750E+00 -0.27500E+00  0.00000E+00  0.00000E+00  0.00000E+00    0.10701E+03  0.10581E+03 -0.21282E+03  0.11141E+02  0.12822E+02  0.18002E+03      982.00
  0.24929E+00  0.46809E+03    0.15000E+00  0.15000E+00 -0.30000E+00  0.00000E+00  0.00000E+00  0.00000E+00    0.11077E+03  0.10998E+03 -0.22075E+03  0.11432E+02  0.13105E+02  0.19022E+03      982.00
  0.26697E+00  0.48459E+03    0.16250E+00  0.16250E+00 -0.32500E+00  0.00000E+00  0.00000E+00  0.00000E+00    0.11362E+03  0.11333E+03 -0.22695E+03  0.11614E+02  0.13272E+02  0.19834E+03      982.00
  0.28454E+00  0.49746E+03    0.17500E+00  0.17500E+00 -0.35000E+00  0.00000E+00  0.00000E+00  0.00000E+00    0.11571E+03  0.11598E+03 -0.23169E+03  0.11724E+02  0.13360E+02  0.20473E+03      982.00
  0.30200E+00  0.50722E+03    0.18750E+00  0.18750E+00 -0.37500E+00  0.00000E+00  0.00000E+00  0.00000E+00    0.11722E+03  0.11797E+03 -0.23519E+03  0.11796E+02  0.13401E+02  0.20965E+03      982.00
  0.31939E+00  0.51617E+03    0.20000E+00  0.20000E+00 -0.40000E+00  0.00000E+00  0.00000E+00  0.00000E+00    0.11842E+03  0.11987E+03 -0.23829E+03  0.11782E+02  0.13352E+02  0.21425E+03      982.00
  0.33670E+00  0.52305E+03    0.21250E+00  0.21250E+00 -0.42500E+00  0.00000E+00  0.00000E+00  0.00000E+00    0.11930E+03  0.12127E+03 -0.24058E+03  0.11759E+02  0.13282E+02  0.21788E+03      982.00
  0.35395E+00  0.52913E+03    0.22500E+00  0.22500E+00 -0.45000E+00  0.00000E+00  0.00000E+00  0.00000E+00    0.11993E+03  0.12255E+03 -0.24249E+03  0.11669E+02  0.13142E+02  0.22117E+03      982.00
  0.37113E+00  0.53451E+03    0.23750E+00  0.23750E+00 -0.47500E+00  0.00000E+00  0.00000E+00  0.00000E+00    0.12040E+03  0.12368E+03 -0.24409E+03  0.11540E+02  0.12955E+02  0.22416E+03      982.00
  0.38826E+00  0.53922E+03    0.25000E+00  0.25000E+00 -0.50000E+00  0.00000E+00  0.00000E+00  0.00000E+00    0.12072E+03  0.12468E+03 -0.24540E+03  0.11371E+02  0.12722E+02  0.22684E+03      982.00
  0.40533E+00  0.54329E+03    0.26250E+00  0.26250E+00 -0.52500E+00  0.00000E+00  0.00000E+00  0.00000E+00    0.12088E+03  0.12557E+03 -0.24645E+03  0.11163E+02  0.12447E+02  0.22924E+03      982.00
  0.42234E+00  0.54704E+03    0.27500E+00  0.27500E+00 -0.55000E+00  0.00000E+00  0.00000E+00  0.00000E+00    0.12099E+03  0.12638E+03 -0.24737E+03  0.10924E+02  0.12134E+02  0.23149E+03      982.00
  0.43929E+00  0.55043E+03    0.28750E+00  0.28750E+00 -0.57500E+00  0.00000E+00  0.00000E+00  0.00000E+00    0.12103E+03  0.12710E+03 -0.24814E+03  0.10656E+02  0.11787E+02  0.23356E+03      982.00
  0.45620E+00  0.55152E+03    0.30000E+00  0.30000E+00 -0.60000E+00  0.00000E+00  0.00000E+00  0.00000E+00    0.12066E+03  0.12732E+03 -0.24799E+03  0.10328E+02  0.11364E+02  0.23457E+03      982.00
  0.47306E+00  0.55250E+03    0.31250E+00  0.31250E+00 -0.62500E+00  0.00000E+00  0.00000E+00  0.00000E+00    0.12033E+03  0.12750E+03 -0.24783E+03  0.99906E+01  0.10934E+02  0.23549E+03      982.00
  0.48988E+00  0.55349E+03    0.32500E+00  0.32500E+00 -0.65000E+00  0.00000E+00  0.00000E+00  0.00000E+00    0.12000E+03  0.12770E+03 -0.24771E+03  0.96576E+01  0.10513E+02  0.23639E+03      982.00
  0.50666E+00  0.55442E+03    0.33750E+00  0.33750E+00 -0.67500E+00  0.00000E+00  0.00000E+00  0.00000E+00    0.11972E+03  0.12787E+03 -0.24759E+03  0.93221E+01  0.10085E+02  0.23723E+03      982.00
  0.52341E+00  0.55531E+03    0.35000E+00  0.35000E+00 -0.70000E+00  0.00000E+00  0.00000E+00  0.00000E+00    0.11947E+03  0.12802E+03 -0.24749E+03  0.89928E+01  0.96633E+01  0.23803E+03      982.00
  0.54012E+00  0.55623E+03    0.36250E+00  0.36250E+00 -0.72500E+00  0.00000E+00  0.00000E+00  0.00000E+00    0.11922E+03  0.12821E+03 -0.24743E+03  0.86693E+01  0.92552E+01  0.23881E+03      982.00
  0.55681E+00  0.55704E+03    0.37500E+00  0.37500E+00 -0.75000E+00  0.00000E+00  0.00000E+00  0.00000E+00    0.11901E+03  0.12836E+03 -0.24737E+03  0.83570E+01  0.88519E+01  0.23952E+03      982.00
  0.57346E+00  0.55792E+03    0.38750E+00  0.38750E+00 -0.77500E+00  0.00000E+00  0.00000E+00  0.00000E+00    0.11881E+03  0.12854E+03 -0.24735E+03  0.80425E+01  0.84514E+01  0.24023E+03      982.00
  0.59008E+00  0.55865E+03    0.40000E+00  0.40000E+00 -0.80000E+00  0.00000E+00  0.00000E+00  0.00000E+00    0.11865E+03  0.12867E+03 -0.24731E+03  0.77533E+01  0.80739E+01  0.24084E+03      982.00
  0.60668E+00  0.55934E+03    0.41250E+00  0.41250E+00 -0.82500E+00  0.00000E+00  0.00000E+00  0.00000E+00    0.11851E+03  0.12878E+03 -0.24729E+03  0.74765E+01  0.77108E+01  0.24142E+03      982.00
  0.62326E+00  0.56012E+03    0.42500E+00  0.42500E+00 -0.85000E+00  0.00000E+00  0.00000E+00  0.00000E+00    0.11837E+03  0.12895E+03 -0.24732E+03  0.71764E+01  0.73184E+01  0.24201E+03      982.00
  0.63982E+00  0.56072E+03    0.43750E+00  0.43750E+00 -0.87500E+00  0.00000E+00  0.00000E+00  0.00000E+00    0.11826E+03  0.12905E+03 -0.24731E+03  0.69251E+01  0.69861E+01  0.24250E+03      982.00
  0.65636E+00  0.56129E+03    0.45000E+00  0.45000E+00 -0.90000E+00  0.00000E+00  0.00000E+00  0.00000E+00    0.11817E+03  0.12914E+03 -0.24731E+03  0.66851E+01  0.66679E+01  0.24295E+03      982.00
  0.67288E+00  0.56183E+03    0.46250E+00  0.46250E+00 -0.92500E+00  0.00000E+00  0.00000E+00  0.00000E+00    0.11810E+03  0.12923E+03 -0.24733E+03  0.64611E+01  0.63699E+01  0.24336E+03      982.00
  0.68939E+00  0.56232E+03    0.47500E+00  0.47500E+00 -0.95000E+00  0.00000E+00  0.00000E+00  0.00000E+00    0.11804E+03  0.12930E+03 -0.24734E+03  0.62416E+01  0.60784E+01  0.24375E+03      982.00
  0.70589E+00  0.56286E+03    0.48750E+00  0.48750E+00 -0.97500E+00  0.00000E+00  0.00000E+00  0.00000E+00    0.11801E+03  0.12940E+03 -0.24741E+03  0.59729E+01  0.57225E+01  0.24412E+03      982.00
  0.72237E+00  0.56330E+03    0.50000E+00  0.50000E+00 -0.10000E+01  0.00000E+00  0.00000E+00  0.00000E+00    0.11798E+03  0.12946E+03 -0.24744E+03  0.57722E+01  0.54557E+01  0.24444E+03      982.00
