          Evm          Svm            E11          E22          E33          E23          E13          E12         SDEV11       SDEV22       SDEV33       SDEV23       SDEV13       SDEV12      TEMP
  0.00000E+00  0.16389E+03    0.00000E+00  0.00000E+00  0.00000E+00  0.00000E+00  0.00000E+00  0.00000E+00    0.46695E+02  0.54538E+02 -0.10123E+03 -0.64763E+01 -0.78153E+01  0.33888E+02      982.00
  0.23164E-01  0.16326E+03    0.12500E-01  0.12500E-01 -0.25000E-01  0.00000E+00  0.00000E+00  0.00000E+00    0.47975E+02  0.52625E+02 -0.10060E+03 -0.49348E+01 -0.60654E+01  0.35044E+02      982.00
  0.46271E-01  0.16450E+03    0.25000E-01  0.25000E-01 -0.50000E-01  0.00000E+00  0.00000E+00  0.00000E+00    0.49513E+02  0.51208E+02 -0.10072E+03 -0.41209E+01 -0.49027E+01  0.37013E+02      982.00
  0.69231E-01  0.17185E+03    0.37500E-01  0.37500E-01 -0.75000E-01  0.00000E+00  0.00000E+00  0.00000E+00    0.51969E+02  0.51564E+02 -0.10353E+03 -0.38196E+01 -0.43875E+01  0.42081E+02      982.00
  0.91824E-01  0.18629E+03    0.50000E-01  0.50000E-01 -0.10000E+00  0.00000E+00  0.00000E+00  0.00000E+00    0.55650E+02  0.53656E+02 -0.10931E+03 -0.38509E+01 -0.43490E+01  0.50719E+02      982.00
  0.11383E+00  0.20958E+03    0.62500E-01  0.62500E-01 -0.12500E+00  0.00000E+00  0.00000E+00  0.00000E+00    0.60960E+02  0.57568E+02 -0.11853E+03 -0.41454E+01 -0.46952E+01  0.63737E+02      982.00
  0.13504E+00  0.24402E+03    0.75000E-01  0.75000E-01 -0.15000E+00  0.00000E+00  0.00000E+00  0.00000E+00    0.68317E+02  0.63515E+02 -0.13183E+03 -0.46873E+01 -0.53754E+01  0.82198E+02      982.00
  0.15529E+00  0.29018E+03    0.87500E-01  0.87500E-01 -0.17500E+00  0.00000E+00  0.00000E+00  0.00000E+00    0.77722E+02  0.71478E+02 -0.14920E+03 -0.54255E+01 -0.63183E+01  0.10627E+03      982.00
  0.17458E+00  0.34252E+03    0.10000E+00  0.10000E+00 -0.20000E+00  0.00000E+00  0.00000E+00  0.00000E+00    0.87955E+02  0.80543E+02 -0.16850E+03 -0.61843E+01 -0.73519E+01  0.13307E+03      982.00
  0.19302E+00  0.39061E+03    0.11250E+00  0.11250E+00 -0.22500E+00  0.00000E+00  0.00000E+00  0.00000E+00    0.96974E+02  0.89090E+02 -0.18606E+03 -0.67575E+01 -0.82648E+01  0.15737E+03      982.00
  0.21089E+00  0.42926E+03    0.12500E+00  0.12500E+00 -0.25000E+00  0.00000E+00  0.00000E+00  0.00000E+00    0.10389E+03  0.96268E+02 -0.20016E+03 -0.71047E+01 -0.89721E+01  0.17672E+03      982.00
  0.22837E+00  0.45884E+03    0.13750E+00  0.13750E+00 -0.27500E+00  0.00000E+00  0.00000E+00  0.00000E+00    0.10894E+03  0.10202E+03 -0.21096E+03 -0.72837E+01 -0.94872E+01  0.19143E+03      982.00
  0.24561E+00  0.48124E+03    0.15000E+00  0.15000E+00 -0.30000E+00  0.00000E+00  0.00000E+00  0.00000E+00    0.11260E+03  0.10655E+03 -0.21915E+03 -0.73573E+01 -0.98507E+01  0.20252E+03      982.00
  0.26269E+00  0.49837E+03    0.16250E+00  0.16250E+00 -0.32500E+00  0.00000E+00  0.00000E+00  0.00000E+00    0.11535E+03  0.11007E+03 -0.22542E+03 -0.73682E+01 -0.10093E+02  0.21099E+03      982.00
  0.27965E+00  0.51207E+03    0.17500E+00  0.17500E+00 -0.35000E+00  0.00000E+00  0.00000E+00  0.00000E+00    0.11746E+03  0.11294E+03 -0.23041E+03 -0.73311E+01 -0.10242E+02  0.21778E+03      982.00
  0.29653E+00  0.52297E+03    0.18750E+00  0.18750E+00 -0.37500E+00  0.00000E+00  0.00000E+00  0.00000E+00    0.11913E+03  0.11523E+03 -0.23435E+03 -0.72648E+01 -0.10315E+02  0.22318E+03      982.00
  0.31333E+00  0.53191E+03    0.20000E+00  0.20000E+00 -0.40000E+00  0.00000E+00  0.00000E+00  0.00000E+00    0.12048E+03  0.11709E+03 -0.23757E+03 -0.71771E+01 -0.10329E+02  0.22764E+03      982.00
  0.33008E+00  0.53923E+03    0.21250E+00  0.21250E+00 -0.42500E+00  0.00000E+00  0.00000E+00  0.00000E+00    0.12157E+03  0.11860E+03 -0.24017E+03 -0.70734E+01 -0.10296E+02  0.23131E+03      982.00
  0.34678E+00  0.54535E+03    0.22500E+00  0.22500E+00 -0.45000E+00  0.00000E+00  0.00000E+00  0.00000E+00    0.12247E+03  0.11984E+03 -0.24231E+03 -0.69554E+01 -0.10224E+02  0.23440E+03      982.00
  0.36344E+00  0.55049E+03    0.23750E+00  0.23750E+00 -0.47500E+00  0.00000E+00  0.00000E+00  0.00000E+00    0.12322E+03  0.12087E+03 -0.24409E+03 -0.68257E+01 -0.10117E+02  0.23701E+03      982.00
  0.38007E+00  0.55577E+03    0.25000E+00  0.25000E+00 -0.50000E+00  0.00000E+00  0.00000E+00  0.00000E+00    0.12392E+03  0.12194E+03 -0.24586E+03 -0.66670E+01 -0.99915E+01  0.23975E+03      982.00
  0.39666E+00  0.55942E+03    0.26250E+00  0.26250E+00 -0.52500E+00  0.00000E+00  0.00000E+00  0.00000E+00    0.12445E+03  0.12264E+03 -0.24710E+03 -0.65314E+01 -0.98487E+01  0.24163E+03      982.00
  0.41322E+00  0.56263E+03    0.27500E+00  0.27500E+00 -0.55000E+00  0.00000E+00  0.00000E+00  0.00000E+00    0.12496E+03  0.12321E+03 -0.24817E+03 -0.63910E+01 -0.96896E+01  0.24329E+03      982.00
  0.42976E+00  0.56546E+03    0.28750E+00  0.28750E+00 -0.57500E+00  0.00000E+00  0.00000E+00  0.00000E+00    0.12542E+03  0.12368E+03 -0.24910E+03 -0.62475E+01 -0.95188E+01  0.24477E+03      982.00
  0.44628E+00  0.56578E+03    0.30000E+00  0.30000E+00 -0.60000E+00  0.00000E+00  0.00000E+00  0.00000E+00    0.12564E+03  0.12341E+03 -0.24905E+03 -0.60177E+01 -0.91768E+01  0.24507E+03      982.00
  0.46279E+00  0.56610E+03    0.31250E+00  0.31250E+00 -0.62500E+00  0.00000E+00  0.00000E+00  0.00000E+00    0.12576E+03  0.12328E+03 -0.24904E+03 -0.58774E+01 -0.89679E+01  0.24534E+03      982.00
  0.47929E+00  0.56626E+03    0.32500E+00  0.32500E+00 -0.65000E+00  0.00000E+00  0.00000E+00  0.00000E+00    0.12582E+03  0.12314E+03 -0.24896E+03 -0.57222E+01 -0.87382E+01  0.24553E+03      982.00
  0.49578E+00  0.56642E+03    0.33750E+00  0.33750E+00 -0.67500E+00  0.00000E+00  0.00000E+00  0.00000E+00    0.12588E+03  0.12301E+03 -0.24889E+03 -0.55698E+01 -0.85150E+01  0.24572E+03      982.00
  0.51225E+00  0.56656E+03    0.35000E+00  0.35000E+00 -0.70000E+00  0.00000E+00  0.00000E+00  0.00000E+00    0.12594E+03  0.12288E+03 -0.24882E+03 -0.54208E+01 -0.82981E+01  0.24589E+03      982.00
  0.52872E+00  0.56669E+03    0.36250E+00  0.36250E+00 -0.72500E+00  0.00000E+00  0.00000E+00  0.00000E+00    0.12600E+03  0.12276E+03 -0.24876E+03 -0.52751E+01 -0.80874E+01  0.24604E+03      982.00
  0.54518E+00  0.56680E+03    0.37500E+00  0.37500E+00 -0.75000E+00  0.00000E+00  0.00000E+00  0.00000E+00    0.12606E+03  0.12265E+03 -0.24871E+03 -0.51328E+01 -0.78826E+01  0.24618E+03      982.00
  0.56164E+00  0.56691E+03    0.38750E+00  0.38750E+00 -0.77500E+00  0.00000E+00  0.00000E+00  0.00000E+00    0.12613E+03  0.12253E+03 -0.24866E+03 -0.49937E+01 -0.76836E+01  0.24631E+03      982.00
  0.57809E+00  0.56700E+03    0.40000E+00  0.40000E+00 -0.80000E+00  0.00000E+00  0.00000E+00  0.00000E+00    0.12619E+03  0.12242E+03 -0.24861E+03 -0.48577E+01 -0.74902E+01  0.24642E+03      982.00
  0.59453E+00  0.56708E+03    0.41250E+00  0.41250E+00 -0.82500E+00  0.00000E+00  0.00000E+00  0.00000E+00    0.12626E+03  0.12231E+03 -0.24857E+03 -0.47248E+01 -0.73022E+01  0.24653E+03      982.00
  0.61097E+00  0.56716E+03    0.42500E+00  0.42500E+00 -0.85000E+00  0.00000E+00  0.00000E+00  0.00000E+00    0.12633E+03  0.12220E+03 -0.24853E+03 -0.45948E+01 -0.71195E+01  0.24662E+03      982.00
  0.62740E+00  0.56723E+03    0.43750E+00  0.43750E+00 -0.87500E+00  0.00000E+00  0.00000E+00  0.00000E+00    0.12640E+03  0.12209E+03 -0.24849E+03 -0.44678E+01 -0.69420E+01  0.24671E+03      982.00
  0.64383E+00  0.56730E+03    0.45000E+00  0.45000E+00 -0.90000E+00  0.00000E+00  0.00000E+00  0.00000E+00    0.12648E+03  0.12199E+03 -0.24846E+03 -0.43437E+01 -0.67695E+01  0.24679E+03      982.00
  0.66025E+00  0.56740E+03    0.46250E+00  0.46250E+00 -0.92500E+00  0.00000E+00  0.00000E+00  0.00000E+00    0.12659E+03  0.12185E+03 -0.24844E+03 -0.41562E+01 -0.65105E+01  0.24690E+03      982.00
  0.67667E+00  0.56741E+03    0.47500E+00  0.47500E+00 -0.95000E+00  0.00000E+00  0.00000E+00  0.00000E+00    0.12664E+03  0.12177E+03 -0.24841E+03 -0.41050E+01 -0.64399E+01  0.24693E+03      982.00
  0.69309E+00  0.56750E+03    0.48750E+00  0.48750E+00 -0.97500E+00  0.00000E+00  0.00000E+00  0.00000E+00    0.12674E+03  0.12165E+03 -0.24839E+03 -0.39278E+01 -0.61972E+01  0.24702E+03      982.00
  0.70950E+00  0.56751E+03    0.50000E+00  0.50000E+00 -0.10000E+01  0.00000E+00  0.00000E+00  0.00000E+00    0.12679E+03  0.12157E+03 -0.24836E+03 -0.38782E+01 -0.61301E+01  0.24705E+03      982.00
