          Evm          Svm            E11          E22          E33          E23          E13          E12         SDEV11       SDEV22       SDEV33       SDEV23       SDEV13       SDEV12      TEMP
  0.00000E+00  0.21487E+03    0.00000E+00  0.00000E+00  0.00000E+00  0.00000E+00  0.00000E+00  0.00000E+00    0.71626E+02  0.70671E+02 -0.14230E+03  0.60462E+01  0.74532E+01  0.10513E+02      982.00
  0.24835E-01  0.20204E+03    0.12500E-01  0.12500E-01 -0.25000E-01  0.00000E+00  0.00000E+00  0.00000E+00    0.67976E+02  0.66009E+02 -0.13399E+03  0.41269E+01  0.56078E+01  0.96798E+01      982.00
  0.49703E-01  0.19704E+03    0.25000E-01  0.25000E-01 -0.50000E-01  0.00000E+00  0.00000E+00  0.00000E+00    0.66767E+02  0.63933E+02 -0.13070E+03  0.30933E+01  0.44330E+01  0.99132E+01      982.00
  0.74577E-01  0.19840E+03    0.37500E-01  0.37500E-01 -0.75000E-01  0.00000E+00  0.00000E+00  0.00000E+00    0.67634E+02  0.63891E+02 -0.13152E+03  0.25806E+01  0.37532E+01  0.11066E+02      982.00
  0.99437E-01  0.20564E+03    0.50000E-01  0.50000E-01 -0.10000E+00  0.00000E+00  0.00000E+00  0.00000E+00    0.70490E+02  0.65641E+02 -0.13613E+03  0.24272E+01  0.34592E+01  0.13185E+02      982.00
  0.12426E+00  0.21919E+03    0.62500E-01  0.62500E-01 -0.12500E+00  0.00000E+00  0.00000E+00  0.00000E+00    0.75561E+02  0.69204E+02 -0.14476E+03  0.25807E+01  0.35049E+01  0.16379E+02      982.00
  0.14903E+00  0.23744E+03    0.75000E-01  0.75000E-01 -0.15000E+00  0.00000E+00  0.00000E+00  0.00000E+00    0.82401E+02  0.73962E+02 -0.15636E+03  0.29149E+01  0.37464E+01  0.20366E+02      982.00
  0.17372E+00  0.25853E+03    0.87500E-01  0.87500E-01 -0.17500E+00  0.00000E+00  0.00000E+00  0.00000E+00    0.90469E+02  0.79304E+02 -0.16977E+03  0.34212E+01  0.41566E+01  0.24528E+02      982.00
  0.19835E+00  0.27966E+03    0.10000E+00  0.10000E+00 -0.20000E+00  0.00000E+00  0.00000E+00  0.00000E+00    0.98771E+02  0.84493E+02 -0.18326E+03  0.40525E+01  0.46666E+01  0.28142E+02      982.00
  0.22292E+00  0.29893E+03    0.11250E+00  0.11250E+00 -0.22500E+00  0.00000E+00  0.00000E+00  0.00000E+00    0.10651E+03  0.89158E+02 -0.19566E+03  0.47604E+01  0.52246E+01  0.30791E+02      982.00
  0.24747E+00  0.31579E+03    0.12500E+00  0.12500E+00 -0.25000E+00  0.00000E+00  0.00000E+00  0.00000E+00    0.11333E+03  0.93306E+02 -0.20663E+03  0.55058E+01  0.58034E+01  0.32453E+02      982.00
  0.27201E+00  0.33025E+03    0.13750E+00  0.13750E+00 -0.27500E+00  0.00000E+00  0.00000E+00  0.00000E+00    0.11915E+03  0.97017E+02 -0.21617E+03  0.62666E+01  0.63933E+01  0.33225E+02      982.00
  0.29655E+00  0.34267E+03    0.15000E+00  0.15000E+00 -0.30000E+00  0.00000E+00  0.00000E+00  0.00000E+00    0.12407E+03  0.10042E+03 -0.22449E+03  0.70306E+01  0.69896E+01  0.33251E+02      982.00
  0.32112E+00  0.35351E+03    0.16250E+00  0.16250E+00 -0.32500E+00  0.00000E+00  0.00000E+00  0.00000E+00    0.12831E+03  0.10354E+03 -0.23185E+03  0.77847E+01  0.75953E+01  0.32690E+02      982.00
  0.34572E+00  0.36330E+03    0.17500E+00  0.17500E+00 -0.35000E+00  0.00000E+00  0.00000E+00  0.00000E+00    0.13203E+03  0.10655E+03 -0.23858E+03  0.85488E+01  0.82282E+01  0.31647E+02      982.00
  0.37034E+00  0.37232E+03    0.18750E+00  0.18750E+00 -0.37500E+00  0.00000E+00  0.00000E+00  0.00000E+00    0.13530E+03  0.10955E+03 -0.24484E+03  0.93073E+01  0.88651E+01  0.30243E+02      982.00
  0.39500E+00  0.38069E+03    0.20000E+00  0.20000E+00 -0.40000E+00  0.00000E+00  0.00000E+00  0.00000E+00    0.13822E+03  0.11247E+03 -0.25069E+03  0.10008E+02  0.94561E+01  0.28612E+02      982.00
  0.41970E+00  0.38863E+03    0.21250E+00  0.21250E+00 -0.42500E+00  0.00000E+00  0.00000E+00  0.00000E+00    0.14090E+03  0.11535E+03 -0.25625E+03  0.10659E+02  0.10026E+02  0.26820E+02      982.00
  0.44442E+00  0.39640E+03    0.22500E+00  0.22500E+00 -0.45000E+00  0.00000E+00  0.00000E+00  0.00000E+00    0.14346E+03  0.11822E+03 -0.26168E+03  0.11258E+02  0.10565E+02  0.24925E+02      982.00
  0.46918E+00  0.39969E+03    0.23750E+00  0.23750E+00 -0.47500E+00  0.00000E+00  0.00000E+00  0.00000E+00    0.14421E+03  0.11994E+03 -0.26416E+03  0.11268E+02  0.10592E+02  0.23001E+02      982.00
  0.49396E+00  0.40329E+03    0.25000E+00  0.25000E+00 -0.50000E+00  0.00000E+00  0.00000E+00  0.00000E+00    0.14518E+03  0.12161E+03 -0.26679E+03  0.11264E+02  0.10607E+02  0.21243E+02      982.00
  0.51877E+00  0.40696E+03    0.26250E+00  0.26250E+00 -0.52500E+00  0.00000E+00  0.00000E+00  0.00000E+00    0.14618E+03  0.12327E+03 -0.26945E+03  0.11245E+02  0.10611E+02  0.19591E+02      982.00
  0.54360E+00  0.41046E+03    0.27500E+00  0.27500E+00 -0.55000E+00  0.00000E+00  0.00000E+00  0.00000E+00    0.14714E+03  0.12482E+03 -0.27196E+03  0.11185E+02  0.10583E+02  0.18083E+02      982.00
  0.56845E+00  0.41417E+03    0.28750E+00  0.28750E+00 -0.57500E+00  0.00000E+00  0.00000E+00  0.00000E+00    0.14815E+03  0.12644E+03 -0.27459E+03  0.11143E+02  0.10571E+02  0.16621E+02      982.00
  0.59331E+00  0.41801E+03    0.30000E+00  0.30000E+00 -0.60000E+00  0.00000E+00  0.00000E+00  0.00000E+00    0.14917E+03  0.12812E+03 -0.27729E+03  0.11104E+02  0.10559E+02  0.15231E+02      982.00
  0.61818E+00  0.42169E+03    0.31250E+00  0.31250E+00 -0.62500E+00  0.00000E+00  0.00000E+00  0.00000E+00    0.15016E+03  0.12970E+03 -0.27986E+03  0.11033E+02  0.10523E+02  0.13957E+02      982.00
  0.64307E+00  0.42531E+03    0.32500E+00  0.32500E+00 -0.65000E+00  0.00000E+00  0.00000E+00  0.00000E+00    0.15114E+03  0.13124E+03 -0.28238E+03  0.10950E+02  0.10477E+02  0.12767E+02      982.00
  0.66797E+00  0.42859E+03    0.33750E+00  0.33750E+00 -0.67500E+00  0.00000E+00  0.00000E+00  0.00000E+00    0.15203E+03  0.13263E+03 -0.28466E+03  0.10839E+02  0.10412E+02  0.11665E+02      982.00
  0.69288E+00  0.43201E+03    0.35000E+00  0.35000E+00 -0.70000E+00  0.00000E+00  0.00000E+00  0.00000E+00    0.15295E+03  0.13408E+03 -0.28703E+03  0.10739E+02  0.10350E+02  0.10628E+02      982.00
  0.71779E+00  0.43533E+03    0.36250E+00  0.36250E+00 -0.72500E+00  0.00000E+00  0.00000E+00  0.00000E+00    0.15384E+03  0.13547E+03 -0.28931E+03  0.10629E+02  0.10280E+02  0.96641E+01      982.00
  0.74271E+00  0.43852E+03    0.37500E+00  0.37500E+00 -0.75000E+00  0.00000E+00  0.00000E+00  0.00000E+00    0.15469E+03  0.13681E+03 -0.29150E+03  0.10512E+02  0.10201E+02  0.87701E+01      982.00
  0.76764E+00  0.44158E+03    0.38750E+00  0.38750E+00 -0.77500E+00  0.00000E+00  0.00000E+00  0.00000E+00    0.15550E+03  0.13809E+03 -0.29360E+03  0.10386E+02  0.10114E+02  0.79419E+01      982.00
  0.79257E+00  0.44449E+03    0.40000E+00  0.40000E+00 -0.80000E+00  0.00000E+00  0.00000E+00  0.00000E+00    0.15628E+03  0.13931E+03 -0.29559E+03  0.10255E+02  0.10020E+02  0.71759E+01      982.00
  0.81751E+00  0.44726E+03    0.41250E+00  0.41250E+00 -0.82500E+00  0.00000E+00  0.00000E+00  0.00000E+00    0.15701E+03  0.14047E+03 -0.29747E+03  0.10118E+02  0.99193E+01  0.64687E+01      982.00
  0.84245E+00  0.44987E+03    0.42500E+00  0.42500E+00 -0.85000E+00  0.00000E+00  0.00000E+00  0.00000E+00    0.15769E+03  0.14156E+03 -0.29925E+03  0.99767E+01  0.98130E+01  0.58167E+01      982.00
  0.86740E+00  0.45232E+03    0.43750E+00  0.43750E+00 -0.87500E+00  0.00000E+00  0.00000E+00  0.00000E+00    0.15834E+03  0.14259E+03 -0.30093E+03  0.98314E+01  0.97018E+01  0.52167E+01      982.00
  0.89234E+00  0.45473E+03    0.45000E+00  0.45000E+00 -0.90000E+00  0.00000E+00  0.00000E+00  0.00000E+00    0.15895E+03  0.14361E+03 -0.30257E+03  0.96913E+01  0.95878E+01  0.46698E+01      982.00
  0.91730E+00  0.45690E+03    0.46250E+00  0.46250E+00 -0.92500E+00  0.00000E+00  0.00000E+00  0.00000E+00    0.15952E+03  0.14452E+03 -0.30404E+03  0.95374E+01  0.94702E+01  0.41662E+01      982.00
  0.94225E+00  0.45887E+03    0.47500E+00  0.47500E+00 -0.95000E+00  0.00000E+00  0.00000E+00  0.00000E+00    0.16002E+03  0.14537E+03 -0.30539E+03  0.93849E+01  0.93478E+01  0.37027E+01      982.00
  0.96721E+00  0.46074E+03    0.48750E+00  0.48750E+00 -0.97500E+00  0.00000E+00  0.00000E+00  0.00000E+00    0.16049E+03  0.14616E+03 -0.30665E+03  0.92344E+01  0.92259E+01  0.32799E+01      982.00
  0.99217E+00  0.46243E+03    0.50000E+00  0.50000E+00 -0.10000E+01  0.00000E+00  0.00000E+00  0.00000E+00    0.16091E+03  0.14689E+03 -0.30781E+03  0.90803E+01  0.90991E+01  0.28929E+01      982.00
