          Evm          Svm            E11          E22          E33          E23          E13          E12         SDEV11       SDEV22       SDEV33       SDEV23       SDEV13       SDEV12      TEMP
  0.00000E+00  0.21692E+03    0.00000E+00  0.00000E+00  0.00000E+00  0.00000E+00  0.00000E+00  0.00000E+00    0.90411E+02  0.50460E+02 -0.14087E+03 -0.32997E+01 -0.14320E+02  0.13655E+02      982.00
  0.24353E-01  0.20951E+03    0.12500E-01  0.12500E-01 -0.25000E-01  0.00000E+00  0.00000E+00  0.00000E+00    0.88823E+02  0.47225E+02 -0.13605E+03 -0.18776E+01 -0.10997E+02  0.13877E+02      982.00
  0.48704E-01  0.20704E+03    0.25000E-01  0.25000E-01 -0.50000E-01  0.00000E+00  0.00000E+00  0.00000E+00    0.89517E+02  0.44601E+02 -0.13412E+03 -0.10651E+01 -0.89460E+01  0.14590E+02      982.00
  0.72996E-01  0.20960E+03    0.37500E-01  0.37500E-01 -0.75000E-01  0.00000E+00  0.00000E+00  0.00000E+00    0.92587E+02  0.42595E+02 -0.13518E+03 -0.82888E+00 -0.79764E+01  0.15790E+02      982.00
  0.97181E-01  0.21845E+03    0.50000E-01  0.50000E-01 -0.10000E+00  0.00000E+00  0.00000E+00  0.00000E+00    0.98843E+02  0.41148E+02 -0.13999E+03 -0.10217E+01 -0.79297E+01  0.17660E+02      982.00
  0.12121E+00  0.23428E+03    0.62500E-01  0.62500E-01 -0.12500E+00  0.00000E+00  0.00000E+00  0.00000E+00    0.10880E+03  0.40106E+02 -0.14890E+03 -0.14512E+01 -0.85010E+01  0.20304E+02      982.00
  0.14505E+00  0.25503E+03    0.75000E-01  0.75000E-01 -0.15000E+00  0.00000E+00  0.00000E+00  0.00000E+00    0.12131E+03  0.39387E+02 -0.16070E+03 -0.19578E+01 -0.93116E+01  0.23306E+02      982.00
  0.16868E+00  0.27661E+03    0.87500E-01  0.87500E-01 -0.17500E+00  0.00000E+00  0.00000E+00  0.00000E+00    0.13402E+03  0.39077E+02 -0.17309E+03 -0.24411E+01 -0.10070E+02  0.25936E+02      982.00
  0.19214E+00  0.29587E+03    0.10000E+00  0.10000E+00 -0.20000E+00  0.00000E+00  0.00000E+00  0.00000E+00    0.14506E+03  0.39292E+02 -0.18435E+03 -0.28680E+01 -0.10678E+02  0.27774E+02      982.00
  0.21551E+00  0.31159E+03    0.11250E+00  0.11250E+00 -0.22500E+00  0.00000E+00  0.00000E+00  0.00000E+00    0.15369E+03  0.40116E+02 -0.19381E+03 -0.32461E+01 -0.11177E+02  0.28809E+02      982.00
  0.23883E+00  0.32394E+03    0.12500E+00  0.12500E+00 -0.25000E+00  0.00000E+00  0.00000E+00  0.00000E+00    0.16006E+03  0.41489E+02 -0.20155E+03 -0.35930E+01 -0.11626E+02  0.29175E+02      982.00
  0.26217E+00  0.33341E+03    0.13750E+00  0.13750E+00 -0.27500E+00  0.00000E+00  0.00000E+00  0.00000E+00    0.16445E+03  0.43351E+02 -0.20780E+03 -0.39207E+01 -0.12064E+02  0.28996E+02      982.00
  0.28554E+00  0.34069E+03    0.15000E+00  0.15000E+00 -0.30000E+00  0.00000E+00  0.00000E+00  0.00000E+00    0.16730E+03  0.45625E+02 -0.21293E+03 -0.42387E+01 -0.12524E+02  0.28472E+02      982.00
  0.30898E+00  0.34643E+03    0.16250E+00  0.16250E+00 -0.32500E+00  0.00000E+00  0.00000E+00  0.00000E+00    0.16904E+03  0.48211E+02 -0.21725E+03 -0.45554E+01 -0.13020E+02  0.27663E+02      982.00
  0.33249E+00  0.35124E+03    0.17500E+00  0.17500E+00 -0.35000E+00  0.00000E+00  0.00000E+00  0.00000E+00    0.17004E+03  0.51063E+02 -0.22111E+03 -0.48766E+01 -0.13561E+02  0.26666E+02      982.00
  0.35610E+00  0.35529E+03    0.18750E+00  0.18750E+00 -0.37500E+00  0.00000E+00  0.00000E+00  0.00000E+00    0.17043E+03  0.54132E+02 -0.22456E+03 -0.52103E+01 -0.14160E+02  0.25456E+02      982.00
  0.37980E+00  0.35898E+03    0.20000E+00  0.20000E+00 -0.40000E+00  0.00000E+00  0.00000E+00  0.00000E+00    0.17042E+03  0.57408E+02 -0.22783E+03 -0.55776E+01 -0.14872E+02  0.24110E+02      982.00
  0.40360E+00  0.36261E+03    0.21250E+00  0.21250E+00 -0.42500E+00  0.00000E+00  0.00000E+00  0.00000E+00    0.17023E+03  0.60836E+02 -0.23107E+03 -0.59395E+01 -0.15581E+02  0.22712E+02      982.00
  0.42750E+00  0.36615E+03    0.22500E+00  0.22500E+00 -0.45000E+00  0.00000E+00  0.00000E+00  0.00000E+00    0.16978E+03  0.64466E+02 -0.23425E+03 -0.63510E+01 -0.16478E+02  0.21200E+02      982.00
  0.45149E+00  0.36979E+03    0.23750E+00  0.23750E+00 -0.47500E+00  0.00000E+00  0.00000E+00  0.00000E+00    0.16923E+03  0.68249E+02 -0.23748E+03 -0.67669E+01 -0.17424E+02  0.19647E+02      982.00
  0.47557E+00  0.37369E+03    0.25000E+00  0.25000E+00 -0.50000E+00  0.00000E+00  0.00000E+00  0.00000E+00    0.16857E+03  0.72276E+02 -0.24085E+03 -0.72545E+01 -0.18680E+02  0.18005E+02      982.00
  0.49974E+00  0.37794E+03    0.26250E+00  0.26250E+00 -0.52500E+00  0.00000E+00  0.00000E+00  0.00000E+00    0.16782E+03  0.76556E+02 -0.24438E+03 -0.77990E+01 -0.20291E+02  0.16290E+02      982.00
  0.52399E+00  0.38046E+03    0.27500E+00  0.27500E+00 -0.55000E+00  0.00000E+00  0.00000E+00  0.00000E+00    0.16639E+03  0.80363E+02 -0.24675E+03 -0.80458E+01 -0.21260E+02  0.14805E+02      982.00
  0.54831E+00  0.38331E+03    0.28750E+00  0.28750E+00 -0.57500E+00  0.00000E+00  0.00000E+00  0.00000E+00    0.16510E+03  0.84145E+02 -0.24925E+03 -0.82733E+01 -0.22257E+02  0.13365E+02      982.00
  0.57269E+00  0.38637E+03    0.30000E+00  0.30000E+00 -0.60000E+00  0.00000E+00  0.00000E+00  0.00000E+00    0.16395E+03  0.87865E+02 -0.25182E+03 -0.84575E+01 -0.23201E+02  0.12025E+02      982.00
  0.59713E+00  0.38955E+03    0.31250E+00  0.31250E+00 -0.62500E+00  0.00000E+00  0.00000E+00  0.00000E+00    0.16292E+03  0.91476E+02 -0.25439E+03 -0.85845E+01 -0.24076E+02  0.10794E+02      982.00
  0.62162E+00  0.39275E+03    0.32500E+00  0.32500E+00 -0.65000E+00  0.00000E+00  0.00000E+00  0.00000E+00    0.16197E+03  0.94962E+02 -0.25694E+03 -0.86339E+01 -0.24792E+02  0.96997E+01      982.00
  0.64615E+00  0.39602E+03    0.33750E+00  0.33750E+00 -0.67500E+00  0.00000E+00  0.00000E+00  0.00000E+00    0.16119E+03  0.98298E+02 -0.25949E+03 -0.86531E+01 -0.25226E+02  0.87262E+01      982.00
  0.67073E+00  0.39946E+03    0.35000E+00  0.35000E+00 -0.70000E+00  0.00000E+00  0.00000E+00  0.00000E+00    0.16062E+03  0.10150E+03 -0.26212E+03 -0.86945E+01 -0.25477E+02  0.77983E+01      982.00
  0.69533E+00  0.40312E+03    0.36250E+00  0.36250E+00 -0.72500E+00  0.00000E+00  0.00000E+00  0.00000E+00    0.16017E+03  0.10467E+03 -0.26484E+03 -0.87228E+01 -0.25860E+02  0.69654E+01      982.00
  0.71997E+00  0.40634E+03    0.37500E+00  0.37500E+00 -0.75000E+00  0.00000E+00  0.00000E+00  0.00000E+00    0.15970E+03  0.10756E+03 -0.26726E+03 -0.86627E+01 -0.25989E+02  0.62247E+01      982.00
  0.74463E+00  0.40978E+03    0.38750E+00  0.38750E+00 -0.77500E+00  0.00000E+00  0.00000E+00  0.00000E+00    0.15936E+03  0.11041E+03 -0.26977E+03 -0.86374E+01 -0.26175E+02  0.55307E+01      982.00
  0.76932E+00  0.41317E+03    0.40000E+00  0.40000E+00 -0.80000E+00  0.00000E+00  0.00000E+00  0.00000E+00    0.15911E+03  0.11313E+03 -0.27224E+03 -0.86078E+01 -0.26264E+02  0.48969E+01      982.00
  0.79403E+00  0.41650E+03    0.41250E+00  0.41250E+00 -0.82500E+00  0.00000E+00  0.00000E+00  0.00000E+00    0.15893E+03  0.11572E+03 -0.27465E+03 -0.85761E+01 -0.26293E+02  0.43171E+01      982.00
  0.81876E+00  0.41973E+03    0.42500E+00  0.42500E+00 -0.85000E+00  0.00000E+00  0.00000E+00  0.00000E+00    0.15880E+03  0.11817E+03 -0.27697E+03 -0.85381E+01 -0.26240E+02  0.37854E+01      982.00
  0.84350E+00  0.42299E+03    0.43750E+00  0.43750E+00 -0.87500E+00  0.00000E+00  0.00000E+00  0.00000E+00    0.15875E+03  0.12054E+03 -0.27930E+03 -0.85190E+01 -0.26212E+02  0.32877E+01      982.00
  0.86826E+00  0.42656E+03    0.45000E+00  0.45000E+00 -0.90000E+00  0.00000E+00  0.00000E+00  0.00000E+00    0.15875E+03  0.12306E+03 -0.28181E+03 -0.85584E+01 -0.26233E+02  0.29362E+01      982.00
  0.89304E+00  0.42914E+03    0.46250E+00  0.46250E+00 -0.92500E+00  0.00000E+00  0.00000E+00  0.00000E+00    0.15869E+03  0.12497E+03 -0.28367E+03 -0.84982E+01 -0.25975E+02  0.24822E+01      982.00
  0.91783E+00  0.43210E+03    0.47500E+00  0.47500E+00 -0.95000E+00  0.00000E+00  0.00000E+00  0.00000E+00    0.15877E+03  0.12699E+03 -0.28575E+03 -0.84960E+01 -0.25811E+02  0.20904E+01      982.00
  0.94263E+00  0.43487E+03    0.48750E+00  0.48750E+00 -0.97500E+00  0.00000E+00  0.00000E+00  0.00000E+00    0.15888E+03  0.12883E+03 -0.28771E+03 -0.84890E+01 -0.25573E+02  0.17217E+01      982.00
  0.96744E+00  0.43762E+03    0.50000E+00  0.50000E+00 -0.10000E+01  0.00000E+00  0.00000E+00  0.00000E+00    0.15902E+03  0.13062E+03 -0.28964E+03 -0.84934E+01 -0.25341E+02  0.13814E+01      982.00
