          Evm          Svm            E11          E22          E33          E23          E13          E12         SDEV11       SDEV22       SDEV33       SDEV23       SDEV13       SDEV12      TEMP
  0.00000E+00  0.20600E+03    0.00000E+00  0.00000E+00  0.00000E+00  0.00000E+00  0.00000E+00  0.00000E+00    0.70685E+02  0.65602E+02 -0.13629E+03 -0.62685E+01 -0.60342E+01  0.11535E+02      982.00
  0.24809E-01  0.19942E+03    0.12500E-01  0.12500E-01 -0.25000E-01  0.00000E+00  0.00000E+00  0.00000E+00    0.66052E+02  0.65990E+02 -0.13204E+03 -0.58509E+01 -0.44283E+01  0.11202E+02      982.00
  0.49639E-01  0.19589E+03    0.25000E-01  0.25000E-01 -0.50000E-01  0.00000E+00  0.00000E+00  0.00000E+00    0.63508E+02  0.66198E+02 -0.12971E+03 -0.50184E+01 -0.33861E+01  0.11602E+02      982.00
  0.74470E-01  0.19752E+03    0.37500E-01  0.37500E-01 -0.75000E-01  0.00000E+00  0.00000E+00  0.00000E+00    0.63062E+02  0.67607E+02 -0.13067E+03 -0.42791E+01 -0.29254E+01  0.12930E+02      982.00
  0.99277E-01  0.20501E+03    0.50000E-01  0.50000E-01 -0.10000E+00  0.00000E+00  0.00000E+00  0.00000E+00    0.64584E+02  0.70772E+02 -0.13536E+03 -0.38466E+01 -0.28711E+01  0.15364E+02      982.00
  0.12404E+00  0.21861E+03    0.62500E-01  0.62500E-01 -0.12500E+00  0.00000E+00  0.00000E+00  0.00000E+00    0.67944E+02  0.75941E+02 -0.14388E+03 -0.37288E+01 -0.31169E+01  0.19070E+02      982.00
  0.14872E+00  0.23731E+03    0.75000E-01  0.75000E-01 -0.15000E+00  0.00000E+00  0.00000E+00  0.00000E+00    0.72709E+02  0.82881E+02 -0.15559E+03 -0.38459E+01 -0.35665E+01  0.23716E+02      982.00
  0.17330E+00  0.25905E+03    0.87500E-01  0.87500E-01 -0.17500E+00  0.00000E+00  0.00000E+00  0.00000E+00    0.78223E+02  0.90979E+02 -0.16920E+03 -0.41473E+01 -0.41905E+01  0.28648E+02      982.00
  0.19780E+00  0.28094E+03    0.10000E+00  0.10000E+00 -0.20000E+00  0.00000E+00  0.00000E+00  0.00000E+00    0.83699E+02  0.99290E+02 -0.18299E+03 -0.45706E+01 -0.49347E+01  0.33006E+02      982.00
  0.22222E+00  0.30082E+03    0.11250E+00  0.11250E+00 -0.22500E+00  0.00000E+00  0.00000E+00  0.00000E+00    0.88619E+02  0.10702E+03 -0.19564E+03 -0.50669E+01 -0.57432E+01  0.36261E+02      982.00
  0.24661E+00  0.31802E+03    0.12500E+00  0.12500E+00 -0.25000E+00  0.00000E+00  0.00000E+00  0.00000E+00    0.92902E+02  0.11384E+03 -0.20674E+03 -0.56040E+01 -0.65739E+01  0.38367E+02      982.00
  0.27099E+00  0.33241E+03    0.13750E+00  0.13750E+00 -0.27500E+00  0.00000E+00  0.00000E+00  0.00000E+00    0.96498E+02  0.11969E+03 -0.21619E+03 -0.61738E+01 -0.73954E+01  0.39382E+02      982.00
  0.29538E+00  0.34459E+03    0.15000E+00  0.15000E+00 -0.30000E+00  0.00000E+00  0.00000E+00  0.00000E+00    0.99624E+02  0.12471E+03 -0.22434E+03 -0.67653E+01 -0.82009E+01  0.39553E+02      982.00
  0.31979E+00  0.35491E+03    0.16250E+00  0.16250E+00 -0.32500E+00  0.00000E+00  0.00000E+00  0.00000E+00    0.10238E+03  0.12900E+03 -0.23137E+03 -0.73692E+01 -0.89781E+01  0.39034E+02      982.00
  0.34424E+00  0.36392E+03    0.17500E+00  0.17500E+00 -0.35000E+00  0.00000E+00  0.00000E+00  0.00000E+00    0.10479E+03  0.13284E+03 -0.23763E+03 -0.79951E+01 -0.97205E+01  0.37970E+02      982.00
  0.36873E+00  0.37204E+03    0.18750E+00  0.18750E+00 -0.37500E+00  0.00000E+00  0.00000E+00  0.00000E+00    0.10701E+03  0.13632E+03 -0.24333E+03 -0.86315E+01 -0.10429E+02  0.36497E+02      982.00
  0.39325E+00  0.37949E+03    0.20000E+00  0.20000E+00 -0.40000E+00  0.00000E+00  0.00000E+00  0.00000E+00    0.10906E+03  0.13956E+03 -0.24862E+03 -0.92658E+01 -0.11083E+02  0.34716E+02      982.00
  0.41782E+00  0.38652E+03    0.21250E+00  0.21250E+00 -0.42500E+00  0.00000E+00  0.00000E+00  0.00000E+00    0.11103E+03  0.14259E+03 -0.25363E+03 -0.98806E+01 -0.11676E+02  0.32722E+02      982.00
  0.44243E+00  0.39329E+03    0.22500E+00  0.22500E+00 -0.45000E+00  0.00000E+00  0.00000E+00  0.00000E+00    0.11293E+03  0.14553E+03 -0.25845E+03 -0.10465E+02 -0.12192E+02  0.30589E+02      982.00
  0.46707E+00  0.39630E+03    0.23750E+00  0.23750E+00 -0.47500E+00  0.00000E+00  0.00000E+00  0.00000E+00    0.11381E+03  0.14698E+03 -0.26079E+03 -0.10581E+02 -0.12155E+02  0.28407E+02      982.00
  0.49175E+00  0.39935E+03    0.25000E+00  0.25000E+00 -0.50000E+00  0.00000E+00  0.00000E+00  0.00000E+00    0.11476E+03  0.14837E+03 -0.26312E+03 -0.10653E+02 -0.12085E+02  0.26337E+02      982.00
  0.51646E+00  0.40245E+03    0.26250E+00  0.26250E+00 -0.52500E+00  0.00000E+00  0.00000E+00  0.00000E+00    0.11579E+03  0.14967E+03 -0.26545E+03 -0.10691E+02 -0.11993E+02  0.24381E+02      982.00
  0.54119E+00  0.40560E+03    0.27500E+00  0.27500E+00 -0.55000E+00  0.00000E+00  0.00000E+00  0.00000E+00    0.11695E+03  0.15084E+03 -0.26779E+03 -0.10698E+02 -0.11892E+02  0.22553E+02      982.00
  0.56595E+00  0.40882E+03    0.28750E+00  0.28750E+00 -0.57500E+00  0.00000E+00  0.00000E+00  0.00000E+00    0.11811E+03  0.15204E+03 -0.27015E+03 -0.10694E+02 -0.11784E+02  0.20807E+02      982.00
  0.59073E+00  0.41214E+03    0.30000E+00  0.30000E+00 -0.60000E+00  0.00000E+00  0.00000E+00  0.00000E+00    0.11941E+03  0.15315E+03 -0.27256E+03 -0.10670E+02 -0.11693E+02  0.19177E+02      982.00
  0.61553E+00  0.41551E+03    0.31250E+00  0.31250E+00 -0.62500E+00  0.00000E+00  0.00000E+00  0.00000E+00    0.12079E+03  0.15419E+03 -0.27498E+03 -0.10634E+02 -0.11598E+02  0.17654E+02      982.00
  0.64035E+00  0.41872E+03    0.32500E+00  0.32500E+00 -0.65000E+00  0.00000E+00  0.00000E+00  0.00000E+00    0.12218E+03  0.15509E+03 -0.27728E+03 -0.10563E+02 -0.11460E+02  0.16269E+02      982.00
  0.66518E+00  0.42188E+03    0.33750E+00  0.33750E+00 -0.67500E+00  0.00000E+00  0.00000E+00  0.00000E+00    0.12359E+03  0.15595E+03 -0.27953E+03 -0.10483E+02 -0.11318E+02  0.14976E+02      982.00
  0.69003E+00  0.42497E+03    0.35000E+00  0.35000E+00 -0.70000E+00  0.00000E+00  0.00000E+00  0.00000E+00    0.12498E+03  0.15674E+03 -0.28172E+03 -0.10403E+02 -0.11182E+02  0.13758E+02      982.00
  0.71489E+00  0.42801E+03    0.36250E+00  0.36250E+00 -0.72500E+00  0.00000E+00  0.00000E+00  0.00000E+00    0.12636E+03  0.15751E+03 -0.28386E+03 -0.10306E+02 -0.11031E+02  0.12636E+02      982.00
  0.73976E+00  0.43079E+03    0.37500E+00  0.37500E+00 -0.75000E+00  0.00000E+00  0.00000E+00  0.00000E+00    0.12764E+03  0.15818E+03 -0.28582E+03 -0.10198E+02 -0.10853E+02  0.11600E+02      982.00
  0.76464E+00  0.43364E+03    0.38750E+00  0.38750E+00 -0.77500E+00  0.00000E+00  0.00000E+00  0.00000E+00    0.12895E+03  0.15887E+03 -0.28781E+03 -0.10092E+02 -0.10699E+02  0.10624E+02      982.00
  0.78953E+00  0.43638E+03    0.40000E+00  0.40000E+00 -0.80000E+00  0.00000E+00  0.00000E+00  0.00000E+00    0.13022E+03  0.15951E+03 -0.28973E+03 -0.99814E+01 -0.10543E+02  0.97194E+01      982.00
  0.81443E+00  0.43901E+03    0.41250E+00  0.41250E+00 -0.82500E+00  0.00000E+00  0.00000E+00  0.00000E+00    0.13145E+03  0.16010E+03 -0.29155E+03 -0.98666E+01 -0.10384E+02  0.88806E+01      982.00
  0.83933E+00  0.44151E+03    0.42500E+00  0.42500E+00 -0.85000E+00  0.00000E+00  0.00000E+00  0.00000E+00    0.13264E+03  0.16066E+03 -0.29329E+03 -0.97482E+01 -0.10223E+02  0.81040E+01      982.00
  0.86424E+00  0.44389E+03    0.43750E+00  0.43750E+00 -0.87500E+00  0.00000E+00  0.00000E+00  0.00000E+00    0.13377E+03  0.16117E+03 -0.29494E+03 -0.96267E+01 -0.10060E+02  0.73859E+01      982.00
  0.88916E+00  0.44617E+03    0.45000E+00  0.45000E+00 -0.90000E+00  0.00000E+00  0.00000E+00  0.00000E+00    0.13487E+03  0.16165E+03 -0.29652E+03 -0.95074E+01 -0.98888E+01  0.67276E+01      982.00
  0.91408E+00  0.44819E+03    0.46250E+00  0.46250E+00 -0.92500E+00  0.00000E+00  0.00000E+00  0.00000E+00    0.13587E+03  0.16205E+03 -0.29792E+03 -0.93754E+01 -0.97174E+01  0.61173E+01      982.00
  0.93901E+00  0.45029E+03    0.47500E+00  0.47500E+00 -0.95000E+00  0.00000E+00  0.00000E+00  0.00000E+00    0.13689E+03  0.16248E+03 -0.29937E+03 -0.92590E+01 -0.95627E+01  0.55485E+01      982.00
  0.96394E+00  0.45209E+03    0.48750E+00  0.48750E+00 -0.97500E+00  0.00000E+00  0.00000E+00  0.00000E+00    0.13780E+03  0.16281E+03 -0.30061E+03 -0.91252E+01 -0.93912E+01  0.50322E+01      982.00
  0.98887E+00  0.45406E+03    0.50000E+00  0.50000E+00 -0.10000E+01  0.00000E+00  0.00000E+00  0.00000E+00    0.13879E+03  0.16318E+03 -0.30197E+03 -0.89920E+01 -0.92397E+01  0.45603E+01      982.00
