          Evm          Svm            E11          E22          E33          E23          E13          E12         SDEV11       SDEV22       SDEV33       SDEV23       SDEV13       SDEV12      TEMP
  0.00000E+00  0.20600E+03    0.00000E+00  0.00000E+00  0.00000E+00  0.00000E+00  0.00000E+00  0.00000E+00    0.65603E+02  0.70680E+02 -0.13628E+03  0.60232E+01  0.62650E+01  0.11536E+02      982.00
  0.24809E-01  0.19941E+03    0.12500E-01  0.12500E-01 -0.25000E-01  0.00000E+00  0.00000E+00  0.00000E+00    0.65994E+02  0.66046E+02 -0.13204E+03  0.44194E+01  0.58482E+01  0.11204E+02      982.00
  0.49640E-01  0.19589E+03    0.25000E-01  0.25000E-01 -0.50000E-01  0.00000E+00  0.00000E+00  0.00000E+00    0.66203E+02  0.63502E+02 -0.12970E+03  0.33781E+01  0.50158E+01  0.11604E+02      982.00
  0.74470E-01  0.19752E+03    0.37500E-01  0.37500E-01 -0.75000E-01  0.00000E+00  0.00000E+00  0.00000E+00    0.67614E+02  0.63054E+02 -0.13067E+03  0.29170E+01  0.42762E+01  0.12932E+02      982.00
  0.99278E-01  0.20510E+03    0.50000E-01  0.50000E-01 -0.10000E+00  0.00000E+00  0.00000E+00  0.00000E+00    0.70812E+02  0.64602E+02 -0.13541E+03  0.28751E+01  0.38534E+01  0.15378E+02      982.00
  0.12404E+00  0.21861E+03    0.62500E-01  0.62500E-01 -0.12500E+00  0.00000E+00  0.00000E+00  0.00000E+00    0.75962E+02  0.67923E+02 -0.14388E+03  0.31023E+01  0.37220E+01  0.19075E+02      982.00
  0.14872E+00  0.23732E+03    0.75000E-01  0.75000E-01 -0.15000E+00  0.00000E+00  0.00000E+00  0.00000E+00    0.82920E+02  0.72675E+02 -0.15559E+03  0.35466E+01  0.38366E+01  0.23725E+02      982.00
  0.17330E+00  0.25907E+03    0.87500E-01  0.87500E-01 -0.17500E+00  0.00000E+00  0.00000E+00  0.00000E+00    0.91047E+02  0.78165E+02 -0.16921E+03  0.41630E+01  0.41344E+01  0.28660E+02      982.00
  0.19780E+00  0.28095E+03    0.10000E+00  0.10000E+00 -0.20000E+00  0.00000E+00  0.00000E+00  0.00000E+00    0.99379E+02  0.83609E+02 -0.18299E+03  0.48972E+01  0.45499E+01  0.33028E+02      982.00
  0.22222E+00  0.30086E+03    0.11250E+00  0.11250E+00 -0.22500E+00  0.00000E+00  0.00000E+00  0.00000E+00    0.10716E+03  0.88498E+02 -0.19566E+03  0.56943E+01  0.50406E+01  0.36289E+02      982.00
  0.24661E+00  0.31804E+03    0.12500E+00  0.12500E+00 -0.25000E+00  0.00000E+00  0.00000E+00  0.00000E+00    0.11403E+03  0.92718E+02 -0.20674E+03  0.65117E+01  0.55758E+01  0.38379E+02      982.00
  0.27099E+00  0.33241E+03    0.13750E+00  0.13750E+00 -0.27500E+00  0.00000E+00  0.00000E+00  0.00000E+00    0.11990E+03  0.96273E+02 -0.21618E+03  0.73186E+01  0.61401E+01  0.39392E+02      982.00
  0.29537E+00  0.34457E+03    0.15000E+00  0.15000E+00 -0.30000E+00  0.00000E+00  0.00000E+00  0.00000E+00    0.12491E+03  0.99402E+02 -0.22431E+03  0.81130E+01  0.67250E+01  0.39570E+02      982.00
  0.31979E+00  0.35481E+03    0.16250E+00  0.16250E+00 -0.32500E+00  0.00000E+00  0.00000E+00  0.00000E+00    0.12921E+03  0.10209E+03 -0.23129E+03  0.88688E+01  0.73247E+01  0.39041E+02      982.00
  0.34423E+00  0.36376E+03    0.17500E+00  0.17500E+00 -0.35000E+00  0.00000E+00  0.00000E+00  0.00000E+00    0.13304E+03  0.10447E+03 -0.23751E+03  0.95936E+01  0.79463E+01  0.37976E+02      982.00
  0.36872E+00  0.37180E+03    0.18750E+00  0.18750E+00 -0.37500E+00  0.00000E+00  0.00000E+00  0.00000E+00    0.13649E+03  0.10667E+03 -0.24316E+03  0.10284E+02  0.85791E+01  0.36505E+02      982.00
  0.39324E+00  0.37918E+03    0.20000E+00  0.20000E+00 -0.40000E+00  0.00000E+00  0.00000E+00  0.00000E+00    0.13970E+03  0.10869E+03 -0.24839E+03  0.10919E+02  0.92108E+01  0.34728E+02      982.00
  0.41781E+00  0.38611E+03    0.21250E+00  0.21250E+00 -0.42500E+00  0.00000E+00  0.00000E+00  0.00000E+00    0.14270E+03  0.11064E+03 -0.25334E+03  0.11494E+02  0.98245E+01  0.32739E+02      982.00
  0.44241E+00  0.39274E+03    0.22500E+00  0.22500E+00 -0.45000E+00  0.00000E+00  0.00000E+00  0.00000E+00    0.14561E+03  0.11247E+03 -0.25808E+03  0.11984E+02  0.10405E+02  0.30615E+02      982.00
  0.46705E+00  0.39571E+03    0.23750E+00  0.23750E+00 -0.47500E+00  0.00000E+00  0.00000E+00  0.00000E+00    0.14701E+03  0.11338E+03 -0.26039E+03  0.11952E+02  0.10530E+02  0.28438E+02      982.00
  0.49173E+00  0.39868E+03    0.25000E+00  0.25000E+00 -0.50000E+00  0.00000E+00  0.00000E+00  0.00000E+00    0.14835E+03  0.11431E+03 -0.26266E+03  0.11878E+02  0.10608E+02  0.26376E+02      982.00
  0.51643E+00  0.40170E+03    0.26250E+00  0.26250E+00 -0.52500E+00  0.00000E+00  0.00000E+00  0.00000E+00    0.14961E+03  0.11532E+03 -0.26494E+03  0.11784E+02  0.10651E+02  0.24428E+02      982.00
  0.54117E+00  0.40476E+03    0.27500E+00  0.27500E+00 -0.55000E+00  0.00000E+00  0.00000E+00  0.00000E+00    0.15080E+03  0.11641E+03 -0.26722E+03  0.11679E+02  0.10666E+02  0.22594E+02      982.00
  0.56592E+00  0.40789E+03    0.28750E+00  0.28750E+00 -0.57500E+00  0.00000E+00  0.00000E+00  0.00000E+00    0.15192E+03  0.11759E+03 -0.26952E+03  0.11573E+02  0.10668E+02  0.20869E+02      982.00
  0.59070E+00  0.41112E+03    0.30000E+00  0.30000E+00 -0.60000E+00  0.00000E+00  0.00000E+00  0.00000E+00    0.15300E+03  0.11887E+03 -0.27187E+03  0.11482E+02  0.10651E+02  0.19247E+02      982.00
  0.61550E+00  0.41440E+03    0.31250E+00  0.31250E+00 -0.62500E+00  0.00000E+00  0.00000E+00  0.00000E+00    0.15401E+03  0.12022E+03 -0.27423E+03  0.11387E+02  0.10623E+02  0.17732E+02      982.00
  0.64032E+00  0.41754E+03    0.32500E+00  0.32500E+00 -0.65000E+00  0.00000E+00  0.00000E+00  0.00000E+00    0.15490E+03  0.12157E+03 -0.27648E+03  0.11249E+02  0.10560E+02  0.16353E+02      982.00
  0.66515E+00  0.42060E+03    0.33750E+00  0.33750E+00 -0.67500E+00  0.00000E+00  0.00000E+00  0.00000E+00    0.15573E+03  0.12294E+03 -0.27866E+03  0.11117E+02  0.10497E+02  0.15054E+02      982.00
  0.68999E+00  0.42365E+03    0.35000E+00  0.35000E+00 -0.70000E+00  0.00000E+00  0.00000E+00  0.00000E+00    0.15653E+03  0.12430E+03 -0.28082E+03  0.10971E+02  0.10416E+02  0.13856E+02      982.00
  0.71485E+00  0.42662E+03    0.36250E+00  0.36250E+00 -0.72500E+00  0.00000E+00  0.00000E+00  0.00000E+00    0.15728E+03  0.12564E+03 -0.28292E+03  0.10822E+02  0.10328E+02  0.12738E+02      982.00
  0.73972E+00  0.42951E+03    0.37500E+00  0.37500E+00 -0.75000E+00  0.00000E+00  0.00000E+00  0.00000E+00    0.15800E+03  0.12695E+03 -0.28495E+03  0.10670E+02  0.10235E+02  0.11697E+02      982.00
  0.76460E+00  0.43215E+03    0.38750E+00  0.38750E+00 -0.77500E+00  0.00000E+00  0.00000E+00  0.00000E+00    0.15864E+03  0.12816E+03 -0.28680E+03  0.10492E+02  0.10131E+02  0.10737E+02      982.00
  0.78948E+00  0.43484E+03    0.40000E+00  0.40000E+00 -0.80000E+00  0.00000E+00  0.00000E+00  0.00000E+00    0.15928E+03  0.12940E+03 -0.28868E+03  0.10339E+02  0.10030E+02  0.98341E+01      982.00
  0.81438E+00  0.43743E+03    0.41250E+00  0.41250E+00 -0.82500E+00  0.00000E+00  0.00000E+00  0.00000E+00    0.15988E+03  0.13060E+03 -0.29048E+03  0.10183E+02  0.99237E+01  0.89974E+01      982.00
  0.83928E+00  0.43990E+03    0.42500E+00  0.42500E+00 -0.85000E+00  0.00000E+00  0.00000E+00  0.00000E+00    0.16044E+03  0.13176E+03 -0.29220E+03  0.10026E+02  0.98141E+01  0.82224E+01      982.00
  0.86419E+00  0.44225E+03    0.43750E+00  0.43750E+00 -0.87500E+00  0.00000E+00  0.00000E+00  0.00000E+00    0.16096E+03  0.13287E+03 -0.29383E+03  0.98670E+01  0.97012E+01  0.75053E+01      982.00
  0.88910E+00  0.44451E+03    0.45000E+00  0.45000E+00 -0.90000E+00  0.00000E+00  0.00000E+00  0.00000E+00    0.16145E+03  0.13393E+03 -0.29539E+03  0.97007E+01  0.95904E+01  0.68473E+01      982.00
  0.91402E+00  0.44652E+03    0.46250E+00  0.46250E+00 -0.92500E+00  0.00000E+00  0.00000E+00  0.00000E+00    0.16186E+03  0.13492E+03 -0.29678E+03  0.95342E+01  0.94663E+01  0.62370E+01      982.00
  0.93895E+00  0.44853E+03    0.47500E+00  0.47500E+00 -0.95000E+00  0.00000E+00  0.00000E+00  0.00000E+00    0.16228E+03  0.13589E+03 -0.29817E+03  0.93776E+01  0.93510E+01  0.56720E+01      982.00
  0.96388E+00  0.45040E+03    0.48750E+00  0.48750E+00 -0.97500E+00  0.00000E+00  0.00000E+00  0.00000E+00    0.16266E+03  0.13680E+03 -0.29946E+03  0.92182E+01  0.92313E+01  0.51500E+01      982.00
  0.98881E+00  0.45237E+03    0.50000E+00  0.50000E+00 -0.10000E+01  0.00000E+00  0.00000E+00  0.00000E+00    0.16304E+03  0.13777E+03 -0.30081E+03  0.90719E+01  0.91060E+01  0.46759E+01      982.00
