          Evm          Svm            E11          E22          E33          E23          E13          E12         SDEV11       SDEV22       SDEV33       SDEV23       SDEV13       SDEV12      TEMP
  0.00000E+00  0.18786E+03    0.00000E+00  0.00000E+00  0.00000E+00  0.00000E+00  0.00000E+00  0.00000E+00    0.58275E+02  0.54273E+02 -0.11255E+03 -0.15381E+02 -0.12299E+02  0.43269E+02      982.00
  0.22466E-01  0.18573E+03    0.12500E-01  0.12500E-01 -0.25000E-01  0.00000E+00  0.00000E+00  0.00000E+00    0.58081E+02  0.53259E+02 -0.11134E+03 -0.12720E+02 -0.92807E+01  0.44128E+02      982.00
  0.44946E-01  0.17419E+03    0.25000E-01  0.25000E-01 -0.50000E-01  0.00000E+00  0.00000E+00  0.00000E+00    0.53751E+02  0.51941E+02 -0.10569E+03 -0.92854E+01 -0.64150E+01  0.40104E+02      982.00
  0.67699E-01  0.17443E+03    0.37500E-01  0.37500E-01 -0.75000E-01  0.00000E+00  0.00000E+00  0.00000E+00    0.52416E+02  0.52873E+02 -0.10529E+03 -0.77760E+01 -0.52617E+01  0.41707E+02      982.00
  0.90335E-01  0.18630E+03    0.50000E-01  0.50000E-01 -0.10000E+00  0.00000E+00  0.00000E+00  0.00000E+00    0.54011E+02  0.56066E+02 -0.11008E+03 -0.74902E+01 -0.50664E+01  0.48972E+02      982.00
  0.11249E+00  0.20884E+03    0.62500E-01  0.62500E-01 -0.12500E+00  0.00000E+00  0.00000E+00  0.00000E+00    0.57899E+02  0.61395E+02 -0.11929E+03 -0.79155E+01 -0.54271E+01  0.61397E+02      982.00
  0.13391E+00  0.24329E+03    0.75000E-01  0.75000E-01 -0.15000E+00  0.00000E+00  0.00000E+00  0.00000E+00    0.64004E+02  0.69059E+02 -0.13306E+03 -0.88333E+01 -0.62135E+01  0.79546E+02      982.00
  0.15442E+00  0.28945E+03    0.87500E-01  0.87500E-01 -0.17500E+00  0.00000E+00  0.00000E+00  0.00000E+00    0.72114E+02  0.78917E+02 -0.15103E+03 -0.10063E+02 -0.73142E+01  0.10322E+03      982.00
  0.17399E+00  0.34130E+03    0.10000E+00  0.10000E+00 -0.20000E+00  0.00000E+00  0.00000E+00  0.00000E+00    0.81107E+02  0.89703E+02 -0.17081E+03 -0.11295E+02 -0.84768E+01  0.12934E+03      982.00
  0.19276E+00  0.38858E+03    0.11250E+00  0.11250E+00 -0.22500E+00  0.00000E+00  0.00000E+00  0.00000E+00    0.89266E+02  0.99415E+02 -0.18868E+03 -0.12246E+02 -0.94255E+01  0.15286E+03      982.00
  0.21097E+00  0.42649E+03    0.12500E+00  0.12500E+00 -0.25000E+00  0.00000E+00  0.00000E+00  0.00000E+00    0.95835E+02  0.10715E+03 -0.20299E+03 -0.12871E+02 -0.10100E+02  0.17155E+03      982.00
  0.22881E+00  0.45561E+03    0.13750E+00  0.13750E+00 -0.27500E+00  0.00000E+00  0.00000E+00  0.00000E+00    0.10092E+03  0.11305E+03 -0.21397E+03 -0.13245E+02 -0.10563E+02  0.18583E+03      982.00
  0.24643E+00  0.47747E+03    0.15000E+00  0.15000E+00 -0.30000E+00  0.00000E+00  0.00000E+00  0.00000E+00    0.10478E+03  0.11744E+03 -0.22222E+03 -0.13466E+02 -0.10885E+02  0.19651E+03      982.00
  0.26388E+00  0.49482E+03    0.16250E+00  0.16250E+00 -0.32500E+00  0.00000E+00  0.00000E+00  0.00000E+00    0.10786E+03  0.12085E+03 -0.22872E+03 -0.13563E+02 -0.11114E+02  0.20502E+03      982.00
  0.28121E+00  0.50809E+03    0.17500E+00  0.17500E+00 -0.35000E+00  0.00000E+00  0.00000E+00  0.00000E+00    0.11022E+03  0.12342E+03 -0.23364E+03 -0.13595E+02 -0.11277E+02  0.21156E+03      982.00
  0.29846E+00  0.51914E+03    0.18750E+00  0.18750E+00 -0.37500E+00  0.00000E+00  0.00000E+00  0.00000E+00    0.11217E+03  0.12548E+03 -0.23765E+03 -0.13534E+02 -0.11383E+02  0.21707E+03      982.00
  0.31562E+00  0.52808E+03    0.20000E+00  0.20000E+00 -0.40000E+00  0.00000E+00  0.00000E+00  0.00000E+00    0.11372E+03  0.12709E+03 -0.24081E+03 -0.13430E+02 -0.11451E+02  0.22160E+03      982.00
  0.33272E+00  0.53508E+03    0.21250E+00  0.21250E+00 -0.42500E+00  0.00000E+00  0.00000E+00  0.00000E+00    0.11491E+03  0.12832E+03 -0.24323E+03 -0.13303E+02 -0.11485E+02  0.22519E+03      982.00
  0.34977E+00  0.54113E+03    0.22500E+00  0.22500E+00 -0.45000E+00  0.00000E+00  0.00000E+00  0.00000E+00    0.11590E+03  0.12933E+03 -0.24522E+03 -0.13112E+02 -0.11482E+02  0.22838E+03      982.00
  0.36676E+00  0.54689E+03    0.23750E+00  0.23750E+00 -0.47500E+00  0.00000E+00  0.00000E+00  0.00000E+00    0.11682E+03  0.13027E+03 -0.24708E+03 -0.12909E+02 -0.11464E+02  0.23144E+03      982.00
  0.38371E+00  0.55142E+03    0.25000E+00  0.25000E+00 -0.50000E+00  0.00000E+00  0.00000E+00  0.00000E+00    0.11750E+03  0.13097E+03 -0.24847E+03 -0.12674E+02 -0.11410E+02  0.23392E+03      982.00
  0.40060E+00  0.55540E+03    0.26250E+00  0.26250E+00 -0.52500E+00  0.00000E+00  0.00000E+00  0.00000E+00    0.11807E+03  0.13155E+03 -0.24962E+03 -0.12413E+02 -0.11330E+02  0.23613E+03      982.00
  0.41746E+00  0.55891E+03    0.27500E+00  0.27500E+00 -0.55000E+00  0.00000E+00  0.00000E+00  0.00000E+00    0.11855E+03  0.13204E+03 -0.25059E+03 -0.12129E+02 -0.11226E+02  0.23814E+03      982.00
  0.43427E+00  0.56251E+03    0.28750E+00  0.28750E+00 -0.57500E+00  0.00000E+00  0.00000E+00  0.00000E+00    0.11906E+03  0.13252E+03 -0.25158E+03 -0.11825E+02 -0.11099E+02  0.24020E+03      982.00
  0.45104E+00  0.56297E+03    0.30000E+00  0.30000E+00 -0.60000E+00  0.00000E+00  0.00000E+00  0.00000E+00    0.11910E+03  0.13226E+03 -0.25136E+03 -0.11437E+02 -0.10854E+02  0.24076E+03      982.00
  0.46779E+00  0.56355E+03    0.31250E+00  0.31250E+00 -0.62500E+00  0.00000E+00  0.00000E+00  0.00000E+00    0.11907E+03  0.13211E+03 -0.25118E+03 -0.11072E+02 -0.10636E+02  0.24138E+03      982.00
  0.48450E+00  0.56403E+03    0.32500E+00  0.32500E+00 -0.65000E+00  0.00000E+00  0.00000E+00  0.00000E+00    0.11904E+03  0.13196E+03 -0.25100E+03 -0.10715E+02 -0.10414E+02  0.24192E+03      982.00
  0.50119E+00  0.56448E+03    0.33750E+00  0.33750E+00 -0.67500E+00  0.00000E+00  0.00000E+00  0.00000E+00    0.11901E+03  0.13182E+03 -0.25083E+03 -0.10366E+02 -0.10191E+02  0.24244E+03      982.00
  0.51785E+00  0.56490E+03    0.35000E+00  0.35000E+00 -0.70000E+00  0.00000E+00  0.00000E+00  0.00000E+00    0.11898E+03  0.13168E+03 -0.25066E+03 -0.10026E+02 -0.99679E+01  0.24291E+03      982.00
  0.53449E+00  0.56529E+03    0.36250E+00  0.36250E+00 -0.72500E+00  0.00000E+00  0.00000E+00  0.00000E+00    0.11897E+03  0.13154E+03 -0.25051E+03 -0.96963E+01 -0.97459E+01  0.24336E+03      982.00
  0.55111E+00  0.56578E+03    0.37500E+00  0.37500E+00 -0.75000E+00  0.00000E+00  0.00000E+00  0.00000E+00    0.11903E+03  0.13137E+03 -0.25041E+03 -0.92625E+01 -0.94437E+01  0.24385E+03      982.00
  0.56771E+00  0.56611E+03    0.38750E+00  0.38750E+00 -0.77500E+00  0.00000E+00  0.00000E+00  0.00000E+00    0.11904E+03  0.13124E+03 -0.25027E+03 -0.89579E+01 -0.92287E+01  0.24423E+03      982.00
  0.58428E+00  0.56639E+03    0.40000E+00  0.40000E+00 -0.80000E+00  0.00000E+00  0.00000E+00  0.00000E+00    0.11904E+03  0.13110E+03 -0.25014E+03 -0.86647E+01 -0.90178E+01  0.24457E+03      982.00
  0.60085E+00  0.56667E+03    0.41250E+00  0.41250E+00 -0.82500E+00  0.00000E+00  0.00000E+00  0.00000E+00    0.11909E+03  0.13093E+03 -0.25003E+03 -0.83955E+01 -0.88202E+01  0.24489E+03      982.00
  0.61739E+00  0.56691E+03    0.42500E+00  0.42500E+00 -0.85000E+00  0.00000E+00  0.00000E+00  0.00000E+00    0.11912E+03  0.13079E+03 -0.24991E+03 -0.81225E+01 -0.86160E+01  0.24517E+03      982.00
  0.63392E+00  0.56712E+03    0.43750E+00  0.43750E+00 -0.87500E+00  0.00000E+00  0.00000E+00  0.00000E+00    0.11916E+03  0.13065E+03 -0.24981E+03 -0.78582E+01 -0.84156E+01  0.24544E+03      982.00
  0.65044E+00  0.56729E+03    0.45000E+00  0.45000E+00 -0.90000E+00  0.00000E+00  0.00000E+00  0.00000E+00    0.11920E+03  0.13053E+03 -0.24973E+03 -0.76319E+01 -0.82437E+01  0.24564E+03      982.00
  0.66695E+00  0.56747E+03    0.46250E+00  0.46250E+00 -0.92500E+00  0.00000E+00  0.00000E+00  0.00000E+00    0.11923E+03  0.13041E+03 -0.24964E+03 -0.73859E+01 -0.80519E+01  0.24586E+03      982.00
  0.68345E+00  0.56763E+03    0.47500E+00  0.47500E+00 -0.95000E+00  0.00000E+00  0.00000E+00  0.00000E+00    0.11927E+03  0.13029E+03 -0.24956E+03 -0.71472E+01 -0.78631E+01  0.24607E+03      982.00
  0.69993E+00  0.56778E+03    0.48750E+00  0.48750E+00 -0.97500E+00  0.00000E+00  0.00000E+00  0.00000E+00    0.11932E+03  0.13016E+03 -0.24948E+03 -0.69167E+01 -0.76786E+01  0.24626E+03      982.00
  0.71641E+00  0.56792E+03    0.50000E+00  0.50000E+00 -0.10000E+01  0.00000E+00  0.00000E+00  0.00000E+00    0.11937E+03  0.13004E+03 -0.24941E+03 -0.66940E+01 -0.74982E+01  0.24643E+03      982.00
