          Evm          Svm            E11          E22          E33          E23          E13          E12         SDEV11       SDEV22       SDEV33       SDEV23       SDEV13       SDEV12      TEMP
  0.00000E+00  0.20660E+03    0.00000E+00  0.00000E+00  0.00000E+00  0.00000E+00  0.00000E+00  0.00000E+00    0.67196E+02  0.69518E+02 -0.13671E+03 -0.50736E+01 -0.74893E+01  0.11274E+02      982.00
  0.24815E-01  0.19842E+03    0.12500E-01  0.12500E-01 -0.25000E-01  0.00000E+00  0.00000E+00  0.00000E+00    0.66840E+02  0.64581E+02 -0.13142E+03 -0.34617E+01 -0.66340E+01  0.10607E+02      982.00
  0.49652E-01  0.19443E+03    0.25000E-01  0.25000E-01 -0.50000E-01  0.00000E+00  0.00000E+00  0.00000E+00    0.66906E+02  0.61876E+02 -0.12878E+03 -0.25098E+01 -0.56036E+01  0.10884E+02      982.00
  0.74491E-01  0.19590E+03    0.37500E-01  0.37500E-01 -0.75000E-01  0.00000E+00  0.00000E+00  0.00000E+00    0.68418E+02  0.61224E+02 -0.12964E+03 -0.21006E+01 -0.48012E+01  0.12090E+02      982.00
  0.99308E-01  0.20323E+03    0.50000E-01  0.50000E-01 -0.10000E+00  0.00000E+00  0.00000E+00  0.00000E+00    0.71819E+02  0.62426E+02 -0.13424E+03 -0.20556E+01 -0.43740E+01  0.14360E+02      982.00
  0.12408E+00  0.21632E+03    0.62500E-01  0.62500E-01 -0.12500E+00  0.00000E+00  0.00000E+00  0.00000E+00    0.77238E+02  0.65227E+02 -0.14247E+03 -0.22389E+01 -0.42642E+01  0.17780E+02      982.00
  0.14878E+00  0.23445E+03    0.75000E-01  0.75000E-01 -0.15000E+00  0.00000E+00  0.00000E+00  0.00000E+00    0.84540E+02  0.69305E+02 -0.15384E+03 -0.26045E+01 -0.44136E+01  0.22063E+02      982.00
  0.17338E+00  0.25540E+03    0.87500E-01  0.87500E-01 -0.17500E+00  0.00000E+00  0.00000E+00  0.00000E+00    0.92996E+02  0.74003E+02 -0.16700E+03 -0.31154E+01 -0.47439E+01  0.26554E+02      982.00
  0.19790E+00  0.27640E+03    0.10000E+00  0.10000E+00 -0.20000E+00  0.00000E+00  0.00000E+00  0.00000E+00    0.10159E+03  0.78651E+02 -0.18024E+03 -0.37248E+01 -0.51756E+01  0.30480E+02      982.00
  0.22236E+00  0.29546E+03    0.11250E+00  0.11250E+00 -0.22500E+00  0.00000E+00  0.00000E+00  0.00000E+00    0.10951E+03  0.82869E+02 -0.19238E+03 -0.43912E+01 -0.56572E+01  0.33358E+02      982.00
  0.24677E+00  0.31191E+03    0.12500E+00  0.12500E+00 -0.25000E+00  0.00000E+00  0.00000E+00  0.00000E+00    0.11642E+03  0.86587E+02 -0.20300E+03 -0.50781E+01 -0.61597E+01  0.35155E+02      982.00
  0.27118E+00  0.32583E+03    0.13750E+00  0.13750E+00 -0.27500E+00  0.00000E+00  0.00000E+00  0.00000E+00    0.12220E+03  0.89943E+02 -0.21215E+03 -0.57732E+01 -0.66711E+01  0.36018E+02      982.00
  0.29559E+00  0.33757E+03    0.15000E+00  0.15000E+00 -0.30000E+00  0.00000E+00  0.00000E+00  0.00000E+00    0.12700E+03  0.92992E+02 -0.22000E+03 -0.64610E+01 -0.71908E+01  0.36092E+02      982.00
  0.32003E+00  0.34774E+03    0.16250E+00  0.16250E+00 -0.32500E+00  0.00000E+00  0.00000E+00  0.00000E+00    0.13102E+03  0.95914E+02 -0.22693E+03 -0.71496E+01 -0.77306E+01  0.35563E+02      982.00
  0.34451E+00  0.35669E+03    0.17500E+00  0.17500E+00 -0.35000E+00  0.00000E+00  0.00000E+00  0.00000E+00    0.13440E+03  0.98746E+02 -0.23314E+03 -0.78296E+01 -0.82840E+01  0.34555E+02      982.00
  0.36902E+00  0.36488E+03    0.18750E+00  0.18750E+00 -0.37500E+00  0.00000E+00  0.00000E+00  0.00000E+00    0.13736E+03  0.10155E+03 -0.23891E+03 -0.85044E+01 -0.88646E+01  0.33165E+02      982.00
  0.39357E+00  0.37245E+03    0.20000E+00  0.20000E+00 -0.40000E+00  0.00000E+00  0.00000E+00  0.00000E+00    0.13994E+03  0.10434E+03 -0.24429E+03 -0.91767E+01 -0.94601E+01  0.31495E+02      982.00
  0.41817E+00  0.37966E+03    0.21250E+00  0.21250E+00 -0.42500E+00  0.00000E+00  0.00000E+00  0.00000E+00    0.14226E+03  0.10717E+03 -0.24943E+03 -0.97877E+01 -0.10032E+02  0.29680E+02      982.00
  0.44280E+00  0.38668E+03    0.22500E+00  0.22500E+00 -0.45000E+00  0.00000E+00  0.00000E+00  0.00000E+00    0.14442E+03  0.11002E+03 -0.25444E+03 -0.10354E+02 -0.10592E+02  0.27749E+02      982.00
  0.46748E+00  0.38949E+03    0.23750E+00  0.23750E+00 -0.47500E+00  0.00000E+00  0.00000E+00  0.00000E+00    0.14480E+03  0.11188E+03 -0.25668E+03 -0.10398E+02 -0.10666E+02  0.25752E+02      982.00
  0.49219E+00  0.39267E+03    0.25000E+00  0.25000E+00 -0.50000E+00  0.00000E+00  0.00000E+00  0.00000E+00    0.14542E+03  0.11367E+03 -0.25909E+03 -0.10423E+02 -0.10723E+02  0.23922E+02      982.00
  0.51694E+00  0.39595E+03    0.26250E+00  0.26250E+00 -0.52500E+00  0.00000E+00  0.00000E+00  0.00000E+00    0.14609E+03  0.11546E+03 -0.26155E+03 -0.10431E+02 -0.10766E+02  0.22195E+02      982.00
  0.54171E+00  0.39932E+03    0.27500E+00  0.27500E+00 -0.55000E+00  0.00000E+00  0.00000E+00  0.00000E+00    0.14679E+03  0.11724E+03 -0.26403E+03 -0.10425E+02 -0.10797E+02  0.20570E+02      982.00
  0.56650E+00  0.40275E+03    0.28750E+00  0.28750E+00 -0.57500E+00  0.00000E+00  0.00000E+00  0.00000E+00    0.14752E+03  0.11901E+03 -0.26653E+03 -0.10405E+02 -0.10815E+02  0.19041E+02      982.00
  0.59132E+00  0.40621E+03    0.30000E+00  0.30000E+00 -0.60000E+00  0.00000E+00  0.00000E+00  0.00000E+00    0.14827E+03  0.12076E+03 -0.26902E+03 -0.10371E+02 -0.10820E+02  0.17605E+02      982.00
  0.61615E+00  0.40969E+03    0.31250E+00  0.31250E+00 -0.62500E+00  0.00000E+00  0.00000E+00  0.00000E+00    0.14902E+03  0.12248E+03 -0.27150E+03 -0.10324E+02 -0.10813E+02  0.16258E+02      982.00
  0.64101E+00  0.41305E+03    0.32500E+00  0.32500E+00 -0.65000E+00  0.00000E+00  0.00000E+00  0.00000E+00    0.14975E+03  0.12414E+03 -0.27389E+03 -0.10263E+02 -0.10783E+02  0.15005E+02      982.00
  0.66587E+00  0.41648E+03    0.33750E+00  0.33750E+00 -0.67500E+00  0.00000E+00  0.00000E+00  0.00000E+00    0.15050E+03  0.12579E+03 -0.27630E+03 -0.10193E+02 -0.10753E+02  0.13822E+02      982.00
  0.69075E+00  0.41985E+03    0.35000E+00  0.35000E+00 -0.70000E+00  0.00000E+00  0.00000E+00  0.00000E+00    0.15125E+03  0.12740E+03 -0.27865E+03 -0.10123E+02 -0.10724E+02  0.12705E+02      982.00
  0.71564E+00  0.42315E+03    0.36250E+00  0.36250E+00 -0.72500E+00  0.00000E+00  0.00000E+00  0.00000E+00    0.15199E+03  0.12897E+03 -0.28096E+03 -0.10032E+02 -0.10671E+02  0.11674E+02      982.00
  0.74054E+00  0.42637E+03    0.37500E+00  0.37500E+00 -0.75000E+00  0.00000E+00  0.00000E+00  0.00000E+00    0.15271E+03  0.13049E+03 -0.28319E+03 -0.99324E+01 -0.10609E+02  0.10712E+02      982.00
  0.76544E+00  0.42926E+03    0.38750E+00  0.38750E+00 -0.77500E+00  0.00000E+00  0.00000E+00  0.00000E+00    0.15335E+03  0.13185E+03 -0.28520E+03 -0.97991E+01 -0.10529E+02  0.98207E+01      982.00
  0.79036E+00  0.43227E+03    0.40000E+00  0.40000E+00 -0.80000E+00  0.00000E+00  0.00000E+00  0.00000E+00    0.15403E+03  0.13325E+03 -0.28727E+03 -0.96885E+01 -0.10451E+02  0.89841E+01      982.00
  0.81528E+00  0.43517E+03    0.41250E+00  0.41250E+00 -0.82500E+00  0.00000E+00  0.00000E+00  0.00000E+00    0.15467E+03  0.13460E+03 -0.28927E+03 -0.95716E+01 -0.10366E+02  0.82077E+01      982.00
  0.84021E+00  0.43816E+03    0.42500E+00  0.42500E+00 -0.85000E+00  0.00000E+00  0.00000E+00  0.00000E+00    0.15534E+03  0.13598E+03 -0.29132E+03 -0.94697E+01 -0.10279E+02  0.74877E+01      982.00
  0.86514E+00  0.44080E+03    0.43750E+00  0.43750E+00 -0.87500E+00  0.00000E+00  0.00000E+00  0.00000E+00    0.15593E+03  0.13720E+03 -0.29313E+03 -0.93395E+01 -0.10177E+02  0.68235E+01      982.00
  0.89008E+00  0.44330E+03    0.45000E+00  0.45000E+00 -0.90000E+00  0.00000E+00  0.00000E+00  0.00000E+00    0.15648E+03  0.13836E+03 -0.29484E+03 -0.92054E+01 -0.10070E+02  0.62087E+01      982.00
  0.91502E+00  0.44567E+03    0.46250E+00  0.46250E+00 -0.92500E+00  0.00000E+00  0.00000E+00  0.00000E+00    0.15700E+03  0.13946E+03 -0.29646E+03 -0.90680E+01 -0.99584E+01  0.56408E+01      982.00
  0.93996E+00  0.44781E+03    0.47500E+00  0.47500E+00 -0.95000E+00  0.00000E+00  0.00000E+00  0.00000E+00    0.15745E+03  0.14047E+03 -0.29793E+03 -0.89226E+01 -0.98355E+01  0.51226E+01      982.00
  0.96491E+00  0.44991E+03    0.48750E+00  0.48750E+00 -0.97500E+00  0.00000E+00  0.00000E+00  0.00000E+00    0.15791E+03  0.14146E+03 -0.29936E+03 -0.87820E+01 -0.97170E+01  0.46392E+01      982.00
  0.98986E+00  0.45191E+03    0.50000E+00  0.50000E+00 -0.10000E+01  0.00000E+00  0.00000E+00  0.00000E+00    0.15834E+03  0.14239E+03 -0.30072E+03 -0.86377E+01 -0.96033E+01  0.41939E+01      982.00
