          Evm          Svm            E11          E22          E33          E23          E13          E12         SDEV11       SDEV22       SDEV33       SDEV23       SDEV13       SDEV12      TEMP
  0.00000E+00  0.15953E+03    0.00000E+00  0.00000E+00  0.00000E+00  0.00000E+00  0.00000E+00  0.00000E+00    0.47214E+02  0.52601E+02 -0.99815E+02  0.71791E+01  0.77023E+01  0.29886E+02      982.00
  0.23463E-01  0.17748E+03    0.12500E-01  0.12500E-01 -0.25000E-01  0.00000E+00  0.00000E+00  0.00000E+00    0.56196E+02  0.51538E+02 -0.10773E+03  0.72552E+01  0.63670E+01  0.41189E+02      982.00
  0.46226E-01  0.18154E+03    0.25000E-01  0.25000E-01 -0.50000E-01  0.00000E+00  0.00000E+00  0.00000E+00    0.59270E+02  0.49669E+02 -0.10894E+03  0.72054E+01  0.43922E+01  0.44616E+02      982.00
  0.68729E-01  0.18485E+03    0.37500E-01  0.37500E-01 -0.75000E-01  0.00000E+00  0.00000E+00  0.00000E+00    0.60603E+02  0.49233E+02 -0.10984E+03  0.72141E+01  0.36044E+01  0.47371E+02      982.00
  0.91011E-01  0.19222E+03    0.50000E-01  0.50000E-01 -0.10000E+00  0.00000E+00  0.00000E+00  0.00000E+00    0.62628E+02  0.49859E+02 -0.11249E+03  0.72333E+01  0.36088E+01  0.52147E+02      982.00
  0.11296E+00  0.20524E+03    0.62500E-01  0.62500E-01 -0.12500E+00  0.00000E+00  0.00000E+00  0.00000E+00    0.66008E+02  0.51475E+02 -0.11748E+03  0.73396E+01  0.41429E+01  0.59718E+02      982.00
  0.13442E+00  0.22542E+03    0.75000E-01  0.75000E-01 -0.15000E+00  0.00000E+00  0.00000E+00  0.00000E+00    0.71148E+02  0.54148E+02 -0.12530E+03  0.76126E+01  0.50572E+01  0.70767E+02      982.00
  0.15527E+00  0.25427E+03    0.87500E-01  0.87500E-01 -0.17500E+00  0.00000E+00  0.00000E+00  0.00000E+00    0.78389E+02  0.57984E+02 -0.13637E+03  0.81126E+01  0.62602E+01  0.85990E+02      982.00
  0.17538E+00  0.29208E+03    0.10000E+00  0.10000E+00 -0.20000E+00  0.00000E+00  0.00000E+00  0.00000E+00    0.87721E+02  0.62968E+02 -0.15069E+03  0.88291E+01  0.76688E+01  0.10544E+03      982.00
  0.19472E+00  0.33577E+03    0.11250E+00  0.11250E+00 -0.22500E+00  0.00000E+00  0.00000E+00  0.00000E+00    0.98309E+02  0.68711E+02 -0.16702E+03  0.96472E+01  0.91260E+01  0.12753E+03      982.00
  0.21338E+00  0.37857E+03    0.12500E+00  0.12500E+00 -0.25000E+00  0.00000E+00  0.00000E+00  0.00000E+00    0.10848E+03  0.74420E+02 -0.18290E+03  0.10367E+02  0.10417E+02  0.14892E+03      982.00
  0.23150E+00  0.41504E+03    0.13750E+00  0.13750E+00 -0.27500E+00  0.00000E+00  0.00000E+00  0.00000E+00    0.11693E+03  0.79448E+02 -0.19638E+03  0.10865E+02  0.11409E+02  0.16702E+03      982.00
  0.24924E+00  0.44407E+03    0.15000E+00  0.15000E+00 -0.30000E+00  0.00000E+00  0.00000E+00  0.00000E+00    0.12345E+03  0.83632E+02 -0.20708E+03  0.11158E+02  0.12092E+02  0.18140E+03      982.00
  0.26673E+00  0.46657E+03    0.16250E+00  0.16250E+00 -0.32500E+00  0.00000E+00  0.00000E+00  0.00000E+00    0.12829E+03  0.87047E+02 -0.21534E+03  0.11289E+02  0.12512E+02  0.19255E+03      982.00
  0.28403E+00  0.48418E+03    0.17500E+00  0.17500E+00 -0.35000E+00  0.00000E+00  0.00000E+00  0.00000E+00    0.13188E+03  0.89862E+02 -0.22174E+03  0.11319E+02  0.12716E+02  0.20134E+03      982.00
  0.30121E+00  0.49808E+03    0.18750E+00  0.18750E+00 -0.37500E+00  0.00000E+00  0.00000E+00  0.00000E+00    0.13449E+03  0.92224E+02 -0.22672E+03  0.11284E+02  0.12746E+02  0.20835E+03      982.00
  0.31828E+00  0.50920E+03    0.20000E+00  0.20000E+00 -0.40000E+00  0.00000E+00  0.00000E+00  0.00000E+00    0.13638E+03  0.94240E+02 -0.23062E+03  0.11206E+02  0.12632E+02  0.21403E+03      982.00
  0.33526E+00  0.51835E+03    0.21250E+00  0.21250E+00 -0.42500E+00  0.00000E+00  0.00000E+00  0.00000E+00    0.13779E+03  0.95977E+02 -0.23377E+03  0.11103E+02  0.12401E+02  0.21878E+03      982.00
  0.35217E+00  0.52592E+03    0.22500E+00  0.22500E+00 -0.45000E+00  0.00000E+00  0.00000E+00  0.00000E+00    0.13881E+03  0.97494E+02 -0.23630E+03  0.10979E+02  0.12079E+02  0.22277E+03      982.00
  0.36902E+00  0.53231E+03    0.23750E+00  0.23750E+00 -0.47500E+00  0.00000E+00  0.00000E+00  0.00000E+00    0.13956E+03  0.98833E+02 -0.23839E+03  0.10838E+02  0.11688E+02  0.22618E+03      982.00
  0.38582E+00  0.53775E+03    0.25000E+00  0.25000E+00 -0.50000E+00  0.00000E+00  0.00000E+00  0.00000E+00    0.14011E+03  0.10003E+03 -0.24014E+03  0.10682E+02  0.11248E+02  0.22913E+03      982.00
  0.40256E+00  0.54248E+03    0.26250E+00  0.26250E+00 -0.52500E+00  0.00000E+00  0.00000E+00  0.00000E+00    0.14055E+03  0.10109E+03 -0.24164E+03  0.10508E+02  0.10779E+02  0.23171E+03      982.00
  0.41927E+00  0.54667E+03    0.27500E+00  0.27500E+00 -0.55000E+00  0.00000E+00  0.00000E+00  0.00000E+00    0.14097E+03  0.10198E+03 -0.24294E+03  0.10313E+02  0.10298E+02  0.23400E+03      982.00
  0.43593E+00  0.54724E+03    0.28750E+00  0.28750E+00 -0.57500E+00  0.00000E+00  0.00000E+00  0.00000E+00    0.14074E+03  0.10214E+03 -0.24288E+03  0.10096E+02  0.97286E+01  0.23454E+03      982.00
  0.45257E+00  0.54777E+03    0.30000E+00  0.30000E+00 -0.60000E+00  0.00000E+00  0.00000E+00  0.00000E+00    0.14059E+03  0.10225E+03 -0.24285E+03  0.98638E+01  0.91992E+01  0.23503E+03      982.00
  0.46920E+00  0.54828E+03    0.31250E+00  0.31250E+00 -0.62500E+00  0.00000E+00  0.00000E+00  0.00000E+00    0.14051E+03  0.10232E+03 -0.24283E+03  0.96162E+01  0.87085E+01  0.23546E+03      982.00
  0.48581E+00  0.54916E+03    0.32500E+00  0.32500E+00 -0.65000E+00  0.00000E+00  0.00000E+00  0.00000E+00    0.14066E+03  0.10231E+03 -0.24297E+03  0.93657E+01  0.82569E+01  0.23607E+03      982.00
  0.50240E+00  0.54928E+03    0.33750E+00  0.33750E+00 -0.67500E+00  0.00000E+00  0.00000E+00  0.00000E+00    0.14048E+03  0.10241E+03 -0.24289E+03  0.90942E+01  0.78475E+01  0.23626E+03      982.00
  0.51898E+00  0.55007E+03    0.35000E+00  0.35000E+00 -0.70000E+00  0.00000E+00  0.00000E+00  0.00000E+00    0.14081E+03  0.10223E+03 -0.24303E+03  0.88113E+01  0.74491E+01  0.23676E+03      982.00
  0.53555E+00  0.55051E+03    0.36250E+00  0.36250E+00 -0.72500E+00  0.00000E+00  0.00000E+00  0.00000E+00    0.14090E+03  0.10219E+03 -0.24309E+03  0.85269E+01  0.70914E+01  0.23707E+03      982.00
  0.55211E+00  0.55106E+03    0.37500E+00  0.37500E+00 -0.75000E+00  0.00000E+00  0.00000E+00  0.00000E+00    0.14120E+03  0.10198E+03 -0.24318E+03  0.81869E+01  0.66820E+01  0.23743E+03      982.00
  0.56866E+00  0.55146E+03    0.38750E+00  0.38750E+00 -0.77500E+00  0.00000E+00  0.00000E+00  0.00000E+00    0.14130E+03  0.10196E+03 -0.24326E+03  0.79404E+01  0.64363E+01  0.23769E+03      982.00
  0.58520E+00  0.55178E+03    0.40000E+00  0.40000E+00 -0.80000E+00  0.00000E+00  0.00000E+00  0.00000E+00    0.14144E+03  0.10187E+03 -0.24331E+03  0.76534E+01  0.61547E+01  0.23791E+03      982.00
  0.60174E+00  0.55210E+03    0.41250E+00  0.41250E+00 -0.82500E+00  0.00000E+00  0.00000E+00  0.00000E+00    0.14157E+03  0.10179E+03 -0.24336E+03  0.73707E+01  0.58915E+01  0.23812E+03      982.00
  0.61827E+00  0.55239E+03    0.42500E+00  0.42500E+00 -0.85000E+00  0.00000E+00  0.00000E+00  0.00000E+00    0.14168E+03  0.10173E+03 -0.24341E+03  0.70935E+01  0.56454E+01  0.23831E+03      982.00
  0.63479E+00  0.55266E+03    0.43750E+00  0.43750E+00 -0.87500E+00  0.00000E+00  0.00000E+00  0.00000E+00    0.14178E+03  0.10168E+03 -0.24347E+03  0.68225E+01  0.54144E+01  0.23849E+03      982.00
  0.65131E+00  0.55291E+03    0.45000E+00  0.45000E+00 -0.90000E+00  0.00000E+00  0.00000E+00  0.00000E+00    0.14186E+03  0.10165E+03 -0.24352E+03  0.65584E+01  0.51966E+01  0.23865E+03      982.00
  0.66783E+00  0.55314E+03    0.46250E+00  0.46250E+00 -0.92500E+00  0.00000E+00  0.00000E+00  0.00000E+00    0.14193E+03  0.10163E+03 -0.24356E+03  0.63016E+01  0.49905E+01  0.23880E+03      982.00
  0.68434E+00  0.55335E+03    0.47500E+00  0.47500E+00 -0.95000E+00  0.00000E+00  0.00000E+00  0.00000E+00    0.14199E+03  0.10162E+03 -0.24361E+03  0.60525E+01  0.47947E+01  0.23894E+03      982.00
  0.70085E+00  0.55355E+03    0.48750E+00  0.48750E+00 -0.97500E+00  0.00000E+00  0.00000E+00  0.00000E+00    0.14203E+03  0.10162E+03 -0.24365E+03  0.58115E+01  0.46080E+01  0.23906E+03      982.00
  0.71735E+00  0.55372E+03    0.50000E+00  0.50000E+00 -0.10000E+01  0.00000E+00  0.00000E+00  0.00000E+00    0.14206E+03  0.10163E+03 -0.24369E+03  0.55785E+01  0.44295E+01  0.23918E+03      982.00
