          Evm          Svm            E11          E22          E33          E23          E13          E12         SDEV11       SDEV22       SDEV33       SDEV23       SDEV13       SDEV12      TEMP
  0.00000E+00  0.15535E+03    0.00000E+00  0.00000E+00  0.00000E+00  0.00000E+00  0.00000E+00  0.00000E+00    0.45867E+02  0.52194E+02 -0.98061E+02 -0.89397E+01 -0.47428E+01  0.26827E+02      982.00
  0.23672E-01  0.17002E+03    0.12500E-01  0.12500E-01 -0.25000E-01  0.00000E+00  0.00000E+00  0.00000E+00    0.53870E+02  0.50819E+02 -0.10469E+03 -0.88072E+01 -0.31831E+01  0.36404E+02      982.00
  0.46763E-01  0.17438E+03    0.25000E-01  0.25000E-01 -0.50000E-01  0.00000E+00  0.00000E+00  0.00000E+00    0.56981E+02  0.49173E+02 -0.10615E+03 -0.84053E+01 -0.16997E+01  0.39947E+02      982.00
  0.69591E-01  0.17804E+03    0.37500E-01  0.37500E-01 -0.75000E-01  0.00000E+00  0.00000E+00  0.00000E+00    0.58438E+02  0.48872E+02 -0.10731E+03 -0.81149E+01 -0.13219E+01  0.42886E+02      982.00
  0.92193E-01  0.18544E+03    0.50000E-01  0.50000E-01 -0.10000E+00  0.00000E+00  0.00000E+00  0.00000E+00    0.60475E+02  0.49627E+02 -0.11010E+03 -0.79513E+01 -0.15828E+01  0.47705E+02      982.00
  0.11446E+00  0.19882E+03    0.62500E-01  0.62500E-01 -0.12500E+00  0.00000E+00  0.00000E+00  0.00000E+00    0.63936E+02  0.51410E+02 -0.11535E+03 -0.80001E+01 -0.22053E+01  0.55585E+02      982.00
  0.13621E+00  0.21882E+03    0.75000E-01  0.75000E-01 -0.15000E+00  0.00000E+00  0.00000E+00  0.00000E+00    0.68939E+02  0.54319E+02 -0.12326E+03 -0.82552E+01 -0.31578E+01  0.66592E+02      982.00
  0.15734E+00  0.24775E+03    0.87500E-01  0.87500E-01 -0.17500E+00  0.00000E+00  0.00000E+00  0.00000E+00    0.76040E+02  0.58497E+02 -0.13454E+03 -0.87857E+01 -0.43299E+01  0.81923E+02      982.00
  0.17770E+00  0.28600E+03    0.10000E+00  0.10000E+00 -0.20000E+00  0.00000E+00  0.00000E+00  0.00000E+00    0.85216E+02  0.63983E+02 -0.14920E+03 -0.95566E+01 -0.56937E+01  0.10165E+03      982.00
  0.19726E+00  0.33139E+03    0.11250E+00  0.11250E+00 -0.22500E+00  0.00000E+00  0.00000E+00  0.00000E+00    0.95832E+02  0.70438E+02 -0.16627E+03 -0.10489E+02 -0.71016E+01  0.12470E+03      982.00
  0.21608E+00  0.37591E+03    0.12500E+00  0.12500E+00 -0.25000E+00  0.00000E+00  0.00000E+00  0.00000E+00    0.10592E+03  0.76956E+02 -0.18288E+03 -0.11308E+02 -0.83958E+01  0.14701E+03      982.00
  0.23432E+00  0.41440E+03    0.13750E+00  0.13750E+00 -0.27500E+00  0.00000E+00  0.00000E+00  0.00000E+00    0.11438E+03  0.82834E+02 -0.19722E+03 -0.11884E+02 -0.94377E+01  0.16611E+03      982.00
  0.25217E+00  0.44463E+03    0.15000E+00  0.15000E+00 -0.30000E+00  0.00000E+00  0.00000E+00  0.00000E+00    0.12073E+03  0.87713E+02 -0.20845E+03 -0.12219E+02 -0.10186E+02  0.18107E+03      982.00
  0.26975E+00  0.46748E+03    0.16250E+00  0.16250E+00 -0.32500E+00  0.00000E+00  0.00000E+00  0.00000E+00    0.12538E+03  0.91564E+02 -0.21695E+03 -0.12337E+02 -0.10703E+02  0.19234E+03      982.00
  0.28715E+00  0.48571E+03    0.17500E+00  0.17500E+00 -0.35000E+00  0.00000E+00  0.00000E+00  0.00000E+00    0.12887E+03  0.94765E+02 -0.22363E+03 -0.12356E+02 -0.11007E+02  0.20141E+03      982.00
  0.30442E+00  0.50008E+03    0.18750E+00  0.18750E+00 -0.37500E+00  0.00000E+00  0.00000E+00  0.00000E+00    0.13146E+03  0.97371E+02 -0.22883E+03 -0.12284E+02 -0.11164E+02  0.20862E+03      982.00
  0.32158E+00  0.51156E+03    0.20000E+00  0.20000E+00 -0.40000E+00  0.00000E+00  0.00000E+00  0.00000E+00    0.13341E+03  0.99504E+02 -0.23291E+03 -0.12150E+02 -0.11205E+02  0.21444E+03      982.00
  0.33865E+00  0.52094E+03    0.21250E+00  0.21250E+00 -0.42500E+00  0.00000E+00  0.00000E+00  0.00000E+00    0.13492E+03  0.10124E+03 -0.23616E+03 -0.11970E+02 -0.11154E+02  0.21927E+03      982.00
  0.35565E+00  0.52869E+03    0.22500E+00  0.22500E+00 -0.45000E+00  0.00000E+00  0.00000E+00  0.00000E+00    0.13607E+03  0.10269E+03 -0.23876E+03 -0.11764E+02 -0.11029E+02  0.22333E+03      982.00
  0.37259E+00  0.53528E+03    0.23750E+00  0.23750E+00 -0.47500E+00  0.00000E+00  0.00000E+00  0.00000E+00    0.13699E+03  0.10391E+03 -0.24090E+03 -0.11542E+02 -0.10844E+02  0.22685E+03      982.00
  0.38946E+00  0.54085E+03    0.25000E+00  0.25000E+00 -0.50000E+00  0.00000E+00  0.00000E+00  0.00000E+00    0.13775E+03  0.10489E+03 -0.24264E+03 -0.11300E+02 -0.10615E+02  0.22987E+03      982.00
  0.40629E+00  0.54571E+03    0.26250E+00  0.26250E+00 -0.52500E+00  0.00000E+00  0.00000E+00  0.00000E+00    0.13838E+03  0.10572E+03 -0.24410E+03 -0.11057E+02 -0.10349E+02  0.23256E+03      982.00
  0.42306E+00  0.54667E+03    0.27500E+00  0.27500E+00 -0.55000E+00  0.00000E+00  0.00000E+00  0.00000E+00    0.13839E+03  0.10563E+03 -0.24403E+03 -0.10809E+02 -0.99640E+01  0.23339E+03      982.00
  0.43980E+00  0.54712E+03    0.28750E+00  0.28750E+00 -0.57500E+00  0.00000E+00  0.00000E+00  0.00000E+00    0.13828E+03  0.10553E+03 -0.24381E+03 -0.10555E+02 -0.95714E+01  0.23393E+03      982.00
  0.45651E+00  0.54777E+03    0.30000E+00  0.30000E+00 -0.60000E+00  0.00000E+00  0.00000E+00  0.00000E+00    0.13826E+03  0.10542E+03 -0.24368E+03 -0.10316E+02 -0.92003E+01  0.23457E+03      982.00
  0.47319E+00  0.54851E+03    0.31250E+00  0.31250E+00 -0.62500E+00  0.00000E+00  0.00000E+00  0.00000E+00    0.13836E+03  0.10524E+03 -0.24360E+03 -0.10069E+02 -0.88252E+01  0.23522E+03      982.00
  0.48985E+00  0.54905E+03    0.32500E+00  0.32500E+00 -0.65000E+00  0.00000E+00  0.00000E+00  0.00000E+00    0.13838E+03  0.10507E+03 -0.24345E+03 -0.98252E+01 -0.84695E+01  0.23577E+03      982.00
  0.50648E+00  0.54956E+03    0.33750E+00  0.33750E+00 -0.67500E+00  0.00000E+00  0.00000E+00  0.00000E+00    0.13845E+03  0.10487E+03 -0.24331E+03 -0.95801E+01 -0.81323E+01  0.23629E+03      982.00
  0.52308E+00  0.55027E+03    0.35000E+00  0.35000E+00 -0.70000E+00  0.00000E+00  0.00000E+00  0.00000E+00    0.13869E+03  0.10455E+03 -0.24325E+03 -0.93246E+01 -0.77900E+01  0.23689E+03      982.00
  0.53966E+00  0.55075E+03    0.36250E+00  0.36250E+00 -0.72500E+00  0.00000E+00  0.00000E+00  0.00000E+00    0.13882E+03  0.10431E+03 -0.24313E+03 -0.90695E+01 -0.75004E+01  0.23736E+03      982.00
  0.55621E+00  0.55104E+03    0.37500E+00  0.37500E+00 -0.75000E+00  0.00000E+00  0.00000E+00  0.00000E+00    0.13884E+03  0.10412E+03 -0.24297E+03 -0.88130E+01 -0.72558E+01  0.23772E+03      982.00
  0.57274E+00  0.55149E+03    0.38750E+00  0.38750E+00 -0.77500E+00  0.00000E+00  0.00000E+00  0.00000E+00    0.13904E+03  0.10382E+03 -0.24286E+03 -0.85329E+01 -0.70201E+01  0.23814E+03      982.00
  0.58926E+00  0.55192E+03    0.40000E+00  0.40000E+00 -0.80000E+00  0.00000E+00  0.00000E+00  0.00000E+00    0.13926E+03  0.10351E+03 -0.24277E+03 -0.82381E+01 -0.68154E+01  0.23854E+03      982.00
  0.60575E+00  0.55234E+03    0.41250E+00  0.41250E+00 -0.82500E+00  0.00000E+00  0.00000E+00  0.00000E+00    0.13950E+03  0.10320E+03 -0.24270E+03 -0.79261E+01 -0.66429E+01  0.23891E+03      982.00
  0.62223E+00  0.55263E+03    0.42500E+00  0.42500E+00 -0.85000E+00  0.00000E+00  0.00000E+00  0.00000E+00    0.13965E+03  0.10296E+03 -0.24260E+03 -0.75994E+01 -0.65106E+01  0.23921E+03      982.00
  0.63869E+00  0.55314E+03    0.43750E+00  0.43750E+00 -0.87500E+00  0.00000E+00  0.00000E+00  0.00000E+00    0.14001E+03  0.10260E+03 -0.24261E+03 -0.72517E+01 -0.63947E+01  0.23958E+03      982.00
  0.65514E+00  0.55344E+03    0.45000E+00  0.45000E+00 -0.90000E+00  0.00000E+00  0.00000E+00  0.00000E+00    0.14021E+03  0.10236E+03 -0.24257E+03 -0.68837E+01 -0.63201E+01  0.23984E+03      982.00
  0.67158E+00  0.55381E+03    0.46250E+00  0.46250E+00 -0.92500E+00  0.00000E+00  0.00000E+00  0.00000E+00    0.14051E+03  0.10208E+03 -0.24259E+03 -0.65093E+01 -0.62666E+01  0.24010E+03      982.00
  0.68800E+00  0.55416E+03    0.47500E+00  0.47500E+00 -0.95000E+00  0.00000E+00  0.00000E+00  0.00000E+00    0.14082E+03  0.10182E+03 -0.24263E+03 -0.61275E+01 -0.62335E+01  0.24032E+03      982.00
  0.70442E+00  0.55449E+03    0.48750E+00  0.48750E+00 -0.97500E+00  0.00000E+00  0.00000E+00  0.00000E+00    0.14112E+03  0.10158E+03 -0.24270E+03 -0.57447E+01 -0.62148E+01  0.24051E+03      982.00
  0.72084E+00  0.55482E+03    0.50000E+00  0.50000E+00 -0.10000E+01  0.00000E+00  0.00000E+00  0.00000E+00    0.14154E+03  0.10127E+03 -0.24280E+03 -0.53440E+01 -0.62030E+01  0.24067E+03      982.00
