          Evm          Svm            E11          E22          E33          E23          E13          E12         SDEV11       SDEV22       SDEV33       SDEV23       SDEV13       SDEV12      TEMP
  0.00000E+00  0.18782E+03    0.00000E+00  0.00000E+00  0.00000E+00  0.00000E+00  0.00000E+00  0.00000E+00    0.54267E+02  0.58262E+02 -0.11253E+03  0.12292E+02  0.15396E+02  0.43246E+02      982.00
  0.22467E-01  0.18568E+03    0.12500E-01  0.12500E-01 -0.25000E-01  0.00000E+00  0.00000E+00  0.00000E+00    0.53249E+02  0.58067E+02 -0.11132E+03  0.92731E+01  0.12731E+02  0.44097E+02      982.00
  0.44949E-01  0.17416E+03    0.25000E-01  0.25000E-01 -0.50000E-01  0.00000E+00  0.00000E+00  0.00000E+00    0.51932E+02  0.53743E+02 -0.10567E+03  0.64096E+01  0.92932E+01  0.40081E+02      982.00
  0.67703E-01  0.17438E+03    0.37500E-01  0.37500E-01 -0.75000E-01  0.00000E+00  0.00000E+00  0.00000E+00    0.52859E+02  0.52405E+02 -0.10526E+03  0.52553E+01  0.77826E+01  0.41676E+02      982.00
  0.90341E-01  0.18619E+03    0.50000E-01  0.50000E-01 -0.10000E+00  0.00000E+00  0.00000E+00  0.00000E+00    0.56041E+02  0.53992E+02 -0.11003E+03  0.50564E+01  0.74979E+01  0.48916E+02      982.00
  0.11250E+00  0.20862E+03    0.62500E-01  0.62500E-01 -0.12500E+00  0.00000E+00  0.00000E+00  0.00000E+00    0.61345E+02  0.57860E+02 -0.11920E+03  0.54092E+01  0.79269E+01  0.61280E+02      982.00
  0.13393E+00  0.24276E+03    0.75000E-01  0.75000E-01 -0.15000E+00  0.00000E+00  0.00000E+00  0.00000E+00    0.68939E+02  0.63914E+02 -0.13285E+03  0.61765E+01  0.88540E+01  0.79267E+02      982.00
  0.15445E+00  0.28811E+03    0.87500E-01  0.87500E-01 -0.17500E+00  0.00000E+00  0.00000E+00  0.00000E+00    0.78617E+02  0.71902E+02 -0.15052E+03  0.72340E+01  0.10106E+02  0.10253E+03      982.00
  0.17404E+00  0.33845E+03    0.10000E+00  0.10000E+00 -0.20000E+00  0.00000E+00  0.00000E+00  0.00000E+00    0.89046E+02  0.80697E+02 -0.16974E+03  0.83201E+01  0.11392E+02  0.12789E+03      982.00
  0.19285E+00  0.38398E+03    0.11250E+00  0.11250E+00 -0.22500E+00  0.00000E+00  0.00000E+00  0.00000E+00    0.98282E+02  0.88689E+02 -0.18697E+03  0.91723E+01  0.12437E+02  0.15055E+03      982.00
  0.21111E+00  0.42037E+03    0.12500E+00  0.12500E+00 -0.25000E+00  0.00000E+00  0.00000E+00  0.00000E+00    0.10551E+03  0.95202E+02 -0.20071E+03  0.97444E+01  0.13178E+02  0.16850E+03      982.00
  0.22901E+00  0.44825E+03    0.13750E+00  0.13750E+00 -0.27500E+00  0.00000E+00  0.00000E+00  0.00000E+00    0.11088E+03  0.10034E+03 -0.21123E+03  0.10101E+02  0.13666E+02  0.18220E+03      982.00
  0.24669E+00  0.46938E+03    0.15000E+00  0.15000E+00 -0.30000E+00  0.00000E+00  0.00000E+00  0.00000E+00    0.11480E+03  0.10437E+03 -0.21917E+03  0.10317E+02  0.13976E+02  0.19258E+03      982.00
  0.26420E+00  0.48605E+03    0.16250E+00  0.16250E+00 -0.32500E+00  0.00000E+00  0.00000E+00  0.00000E+00    0.11772E+03  0.10766E+03 -0.22538E+03  0.10432E+02  0.14144E+02  0.20080E+03      982.00
  0.28158E+00  0.49873E+03    0.17500E+00  0.17500E+00 -0.35000E+00  0.00000E+00  0.00000E+00  0.00000E+00    0.11978E+03  0.11024E+03 -0.23002E+03  0.10479E+02  0.14213E+02  0.20711E+03      982.00
  0.29888E+00  0.50902E+03    0.18750E+00  0.18750E+00 -0.37500E+00  0.00000E+00  0.00000E+00  0.00000E+00    0.12137E+03  0.11235E+03 -0.23371E+03  0.10478E+02  0.14197E+02  0.21230E+03      982.00
  0.31610E+00  0.51777E+03    0.20000E+00  0.20000E+00 -0.40000E+00  0.00000E+00  0.00000E+00  0.00000E+00    0.12254E+03  0.11421E+03 -0.23675E+03  0.10420E+02  0.14093E+02  0.21679E+03      982.00
  0.33324E+00  0.52508E+03    0.21250E+00  0.21250E+00 -0.42500E+00  0.00000E+00  0.00000E+00  0.00000E+00    0.12340E+03  0.11580E+03 -0.23921E+03  0.10321E+02  0.13924E+02  0.22062E+03      982.00
  0.35033E+00  0.53133E+03    0.22500E+00  0.22500E+00 -0.45000E+00  0.00000E+00  0.00000E+00  0.00000E+00    0.12402E+03  0.11719E+03 -0.24122E+03  0.10183E+02  0.13695E+02  0.22397E+03      982.00
  0.36735E+00  0.53674E+03    0.23750E+00  0.23750E+00 -0.47500E+00  0.00000E+00  0.00000E+00  0.00000E+00    0.12446E+03  0.11842E+03 -0.24288E+03  0.10010E+02  0.13411E+02  0.22693E+03      982.00
  0.38432E+00  0.54138E+03    0.25000E+00  0.25000E+00 -0.50000E+00  0.00000E+00  0.00000E+00  0.00000E+00    0.12471E+03  0.11952E+03 -0.24423E+03  0.98061E+01  0.13082E+02  0.22954E+03      982.00
  0.40124E+00  0.54558E+03    0.26250E+00  0.26250E+00 -0.52500E+00  0.00000E+00  0.00000E+00  0.00000E+00    0.12489E+03  0.12050E+03 -0.24540E+03  0.95780E+01  0.12713E+02  0.23194E+03      982.00
  0.41811E+00  0.54933E+03    0.27500E+00  0.27500E+00 -0.55000E+00  0.00000E+00  0.00000E+00  0.00000E+00    0.12500E+03  0.12139E+03 -0.24640E+03  0.93293E+01  0.12313E+02  0.23412E+03      982.00
  0.43493E+00  0.55271E+03    0.28750E+00  0.28750E+00 -0.57500E+00  0.00000E+00  0.00000E+00  0.00000E+00    0.12505E+03  0.12220E+03 -0.24725E+03  0.90649E+01  0.11888E+02  0.23612E+03      982.00
  0.45170E+00  0.55366E+03    0.30000E+00  0.30000E+00 -0.60000E+00  0.00000E+00  0.00000E+00  0.00000E+00    0.12469E+03  0.12247E+03 -0.24716E+03  0.87637E+01  0.11394E+02  0.23698E+03      982.00
  0.46844E+00  0.55458E+03    0.31250E+00  0.31250E+00 -0.62500E+00  0.00000E+00  0.00000E+00  0.00000E+00    0.12436E+03  0.12272E+03 -0.24708E+03  0.84695E+01  0.10917E+02  0.23778E+03      982.00
  0.48515E+00  0.55544E+03    0.32500E+00  0.32500E+00 -0.65000E+00  0.00000E+00  0.00000E+00  0.00000E+00    0.12409E+03  0.12293E+03 -0.24701E+03  0.81785E+01  0.10446E+02  0.23854E+03      982.00
  0.50183E+00  0.55630E+03    0.33750E+00  0.33750E+00 -0.67500E+00  0.00000E+00  0.00000E+00  0.00000E+00    0.12382E+03  0.12315E+03 -0.24698E+03  0.78985E+01  0.99974E+01  0.23927E+03      982.00
  0.51847E+00  0.55716E+03    0.35000E+00  0.35000E+00 -0.70000E+00  0.00000E+00  0.00000E+00  0.00000E+00    0.12359E+03  0.12337E+03 -0.24696E+03  0.76205E+01  0.95604E+01  0.23996E+03      982.00
  0.53510E+00  0.55790E+03    0.36250E+00  0.36250E+00 -0.72500E+00  0.00000E+00  0.00000E+00  0.00000E+00    0.12339E+03  0.12354E+03 -0.24693E+03  0.73590E+01  0.91313E+01  0.24058E+03      982.00
  0.55169E+00  0.55869E+03    0.37500E+00  0.37500E+00 -0.75000E+00  0.00000E+00  0.00000E+00  0.00000E+00    0.12320E+03  0.12375E+03 -0.24695E+03  0.70943E+01  0.87107E+01  0.24120E+03      982.00
  0.56827E+00  0.55934E+03    0.38750E+00  0.38750E+00 -0.77500E+00  0.00000E+00  0.00000E+00  0.00000E+00    0.12306E+03  0.12388E+03 -0.24694E+03  0.68555E+01  0.83142E+01  0.24174E+03      982.00
  0.58482E+00  0.55996E+03    0.40000E+00  0.40000E+00 -0.80000E+00  0.00000E+00  0.00000E+00  0.00000E+00    0.12294E+03  0.12400E+03 -0.24694E+03  0.66274E+01  0.79347E+01  0.24223E+03      982.00
  0.60136E+00  0.56064E+03    0.41250E+00  0.41250E+00 -0.82500E+00  0.00000E+00  0.00000E+00  0.00000E+00    0.12280E+03  0.12418E+03 -0.24698E+03  0.63802E+01  0.75271E+01  0.24274E+03      982.00
  0.61788E+00  0.56117E+03    0.42500E+00  0.42500E+00 -0.85000E+00  0.00000E+00  0.00000E+00  0.00000E+00    0.12271E+03  0.12429E+03 -0.24700E+03  0.61732E+01  0.71815E+01  0.24316E+03      982.00
  0.63439E+00  0.56167E+03    0.43750E+00  0.43750E+00 -0.87500E+00  0.00000E+00  0.00000E+00  0.00000E+00    0.12264E+03  0.12437E+03 -0.24702E+03  0.59750E+01  0.68512E+01  0.24354E+03      982.00
  0.65088E+00  0.56214E+03    0.45000E+00  0.45000E+00 -0.90000E+00  0.00000E+00  0.00000E+00  0.00000E+00    0.12258E+03  0.12446E+03 -0.24704E+03  0.57898E+01  0.65423E+01  0.24389E+03      982.00
  0.66736E+00  0.56264E+03    0.46250E+00  0.46250E+00 -0.92500E+00  0.00000E+00  0.00000E+00  0.00000E+00    0.12256E+03  0.12456E+03 -0.24712E+03  0.55556E+01  0.61570E+01  0.24423E+03      982.00
  0.68383E+00  0.56305E+03    0.47500E+00  0.47500E+00 -0.95000E+00  0.00000E+00  0.00000E+00  0.00000E+00    0.12252E+03  0.12463E+03 -0.24715E+03  0.53807E+01  0.58688E+01  0.24454E+03      982.00
  0.70029E+00  0.56342E+03    0.48750E+00  0.48750E+00 -0.97500E+00  0.00000E+00  0.00000E+00  0.00000E+00    0.12246E+03  0.12472E+03 -0.24717E+03  0.52288E+01  0.56149E+01  0.24481E+03      982.00
  0.71674E+00  0.56375E+03    0.50000E+00  0.50000E+00 -0.10000E+01  0.00000E+00  0.00000E+00  0.00000E+00    0.12245E+03  0.12475E+03 -0.24720E+03  0.50706E+01  0.53577E+01  0.24506E+03      982.00
