          Evm          Svm            E11          E22          E33          E23          E13          E12         SDEV11       SDEV22       SDEV33       SDEV23       SDEV13       SDEV12      TEMP
  0.00000E+00  0.21120E+03    0.00000E+00  0.00000E+00  0.00000E+00  0.00000E+00  0.00000E+00  0.00000E+00    0.69458E+02  0.70541E+02 -0.14000E+03 -0.58358E+01 -0.65929E+01  0.95587E+01      982.00
  0.24857E-01  0.19920E+03    0.12500E-01  0.12500E-01 -0.25000E-01  0.00000E+00  0.00000E+00  0.00000E+00    0.66141E+02  0.66064E+02 -0.13221E+03 -0.40672E+01 -0.49281E+01  0.88316E+01      982.00
  0.49745E-01  0.19459E+03    0.25000E-01  0.25000E-01 -0.50000E-01  0.00000E+00  0.00000E+00  0.00000E+00    0.65011E+02  0.64165E+02 -0.12918E+03 -0.30803E+01 -0.38427E+01  0.91082E+01      982.00
  0.74638E-01  0.19594E+03    0.37500E-01  0.37500E-01 -0.75000E-01  0.00000E+00  0.00000E+00  0.00000E+00    0.65713E+02  0.64296E+02 -0.13001E+03 -0.25829E+01 -0.32038E+01  0.10176E+02      982.00
  0.99520E-01  0.20306E+03    0.50000E-01  0.50000E-01 -0.10000E+00  0.00000E+00  0.00000E+00  0.00000E+00    0.68243E+02  0.66317E+02 -0.13456E+03 -0.24204E+01 -0.29208E+01  0.12197E+02      982.00
  0.12437E+00  0.21620E+03    0.62500E-01  0.62500E-01 -0.12500E+00  0.00000E+00  0.00000E+00  0.00000E+00    0.72711E+02  0.70262E+02 -0.14297E+03 -0.25392E+01 -0.29515E+01  0.15261E+02      982.00
  0.14917E+00  0.23406E+03    0.75000E-01  0.75000E-01 -0.15000E+00  0.00000E+00  0.00000E+00  0.00000E+00    0.78689E+02  0.75690E+02 -0.15438E+03 -0.28220E+01 -0.31785E+01  0.19144E+02      982.00
  0.17390E+00  0.25485E+03    0.87500E-01  0.87500E-01 -0.17500E+00  0.00000E+00  0.00000E+00  0.00000E+00    0.85594E+02  0.82061E+02 -0.16766E+03 -0.32604E+01 -0.35844E+01  0.23261E+02      982.00
  0.19857E+00  0.27577E+03    0.10000E+00  0.10000E+00 -0.20000E+00  0.00000E+00  0.00000E+00  0.00000E+00    0.92518E+02  0.88544E+02 -0.18106E+03 -0.37772E+01 -0.40853E+01  0.26970E+02      982.00
  0.22319E+00  0.29500E+03    0.11250E+00  0.11250E+00 -0.22500E+00  0.00000E+00  0.00000E+00  0.00000E+00    0.98913E+02  0.94582E+02 -0.19349E+03 -0.43944E+01 -0.46946E+01  0.29697E+02      982.00
  0.24779E+00  0.31194E+03    0.12500E+00  0.12500E+00 -0.25000E+00  0.00000E+00  0.00000E+00  0.00000E+00    0.10459E+03  0.99987E+02 -0.20458E+03 -0.50513E+01 -0.53510E+01  0.31440E+02      982.00
  0.27238E+00  0.32672E+03    0.13750E+00  0.13750E+00 -0.27500E+00  0.00000E+00  0.00000E+00  0.00000E+00    0.10958E+03  0.10478E+03 -0.21436E+03 -0.57337E+01 -0.60396E+01  0.32329E+02      982.00
  0.29699E+00  0.33976E+03    0.15000E+00  0.15000E+00 -0.30000E+00  0.00000E+00  0.00000E+00  0.00000E+00    0.11403E+03  0.10909E+03 -0.22312E+03 -0.64653E+01 -0.67792E+01  0.32410E+02      982.00
  0.32161E+00  0.35083E+03    0.16250E+00  0.16250E+00 -0.32500E+00  0.00000E+00  0.00000E+00  0.00000E+00    0.11781E+03  0.11284E+03 -0.23066E+03 -0.71954E+01 -0.75181E+01  0.31786E+02      982.00
  0.34627E+00  0.36029E+03    0.17500E+00  0.17500E+00 -0.35000E+00  0.00000E+00  0.00000E+00  0.00000E+00    0.12104E+03  0.11613E+03 -0.23717E+03 -0.78619E+01 -0.82035E+01  0.30775E+02      982.00
  0.37095E+00  0.36943E+03    0.18750E+00  0.18750E+00 -0.37500E+00  0.00000E+00  0.00000E+00  0.00000E+00    0.12416E+03  0.11933E+03 -0.24350E+03 -0.85511E+01 -0.89188E+01  0.29437E+02      982.00
  0.39567E+00  0.37787E+03    0.20000E+00  0.20000E+00 -0.40000E+00  0.00000E+00  0.00000E+00  0.00000E+00    0.12703E+03  0.12233E+03 -0.24936E+03 -0.91717E+01 -0.95814E+01  0.27892E+02      982.00
  0.42042E+00  0.38614E+03    0.21250E+00  0.21250E+00 -0.42500E+00  0.00000E+00  0.00000E+00  0.00000E+00    0.12983E+03  0.12529E+03 -0.25511E+03 -0.98254E+01 -0.10270E+02  0.26108E+02      982.00
  0.44519E+00  0.39388E+03    0.22500E+00  0.22500E+00 -0.45000E+00  0.00000E+00  0.00000E+00  0.00000E+00    0.13241E+03  0.12808E+03 -0.26049E+03 -0.10356E+02 -0.10857E+02  0.24307E+02      982.00
  0.46999E+00  0.39762E+03    0.23750E+00  0.23750E+00 -0.47500E+00  0.00000E+00  0.00000E+00  0.00000E+00    0.13365E+03  0.12958E+03 -0.26323E+03 -0.10432E+02 -0.10948E+02  0.22381E+02      982.00
  0.49482E+00  0.40143E+03    0.25000E+00  0.25000E+00 -0.50000E+00  0.00000E+00  0.00000E+00  0.00000E+00    0.13490E+03  0.13107E+03 -0.26597E+03 -0.10446E+02 -0.10982E+02  0.20673E+02      982.00
  0.51966E+00  0.40530E+03    0.26250E+00  0.26250E+00 -0.52500E+00  0.00000E+00  0.00000E+00  0.00000E+00    0.13617E+03  0.13256E+03 -0.26872E+03 -0.10446E+02 -0.11002E+02  0.19065E+02      982.00
  0.54453E+00  0.40908E+03    0.27500E+00  0.27500E+00 -0.55000E+00  0.00000E+00  0.00000E+00  0.00000E+00    0.13740E+03  0.13399E+03 -0.27139E+03 -0.10433E+02 -0.11001E+02  0.17564E+02      982.00
  0.56941E+00  0.41299E+03    0.28750E+00  0.28750E+00 -0.57500E+00  0.00000E+00  0.00000E+00  0.00000E+00    0.13867E+03  0.13546E+03 -0.27413E+03 -0.10405E+02 -0.10990E+02  0.16146E+02      982.00
  0.59430E+00  0.41688E+03    0.30000E+00  0.30000E+00 -0.60000E+00  0.00000E+00  0.00000E+00  0.00000E+00    0.13993E+03  0.13691E+03 -0.27684E+03 -0.10366E+02 -0.10966E+02  0.14817E+02      982.00
  0.61920E+00  0.42072E+03    0.31250E+00  0.31250E+00 -0.62500E+00  0.00000E+00  0.00000E+00  0.00000E+00    0.14117E+03  0.13833E+03 -0.27950E+03 -0.10315E+02 -0.10929E+02  0.13573E+02      982.00
  0.64411E+00  0.42439E+03    0.32500E+00  0.32500E+00 -0.65000E+00  0.00000E+00  0.00000E+00  0.00000E+00    0.14235E+03  0.13968E+03 -0.28203E+03 -0.10246E+02 -0.10869E+02  0.12421E+02      982.00
  0.66903E+00  0.42808E+03    0.33750E+00  0.33750E+00 -0.67500E+00  0.00000E+00  0.00000E+00  0.00000E+00    0.14354E+03  0.14103E+03 -0.28457E+03 -0.10189E+02 -0.10822E+02  0.11321E+02      982.00
  0.69396E+00  0.43155E+03    0.35000E+00  0.35000E+00 -0.70000E+00  0.00000E+00  0.00000E+00  0.00000E+00    0.14466E+03  0.14229E+03 -0.28694E+03 -0.10089E+02 -0.10742E+02  0.10321E+02      982.00
  0.71890E+00  0.43500E+03    0.36250E+00  0.36250E+00 -0.72500E+00  0.00000E+00  0.00000E+00  0.00000E+00    0.14577E+03  0.14354E+03 -0.28930E+03 -0.10002E+02 -0.10662E+02  0.93772E+01      982.00
  0.74384E+00  0.43833E+03    0.37500E+00  0.37500E+00 -0.75000E+00  0.00000E+00  0.00000E+00  0.00000E+00    0.14684E+03  0.14473E+03 -0.29157E+03 -0.99065E+01 -0.10571E+02  0.85009E+01      982.00
  0.76878E+00  0.44151E+03    0.38750E+00  0.38750E+00 -0.77500E+00  0.00000E+00  0.00000E+00  0.00000E+00    0.14786E+03  0.14588E+03 -0.29374E+03 -0.98034E+01 -0.10472E+02  0.76890E+01      982.00
  0.79373E+00  0.44454E+03    0.40000E+00  0.40000E+00 -0.80000E+00  0.00000E+00  0.00000E+00  0.00000E+00    0.14883E+03  0.14696E+03 -0.29579E+03 -0.96933E+01 -0.10364E+02  0.69381E+01      982.00
  0.81868E+00  0.44741E+03    0.41250E+00  0.41250E+00 -0.82500E+00  0.00000E+00  0.00000E+00  0.00000E+00    0.14975E+03  0.14799E+03 -0.29774E+03 -0.95770E+01 -0.10250E+02  0.62449E+01      982.00
  0.84364E+00  0.45011E+03    0.42500E+00  0.42500E+00 -0.85000E+00  0.00000E+00  0.00000E+00  0.00000E+00    0.15062E+03  0.14896E+03 -0.29958E+03 -0.94554E+01 -0.10129E+02  0.56060E+01      982.00
  0.86860E+00  0.45265E+03    0.43750E+00  0.43750E+00 -0.87500E+00  0.00000E+00  0.00000E+00  0.00000E+00    0.15143E+03  0.14986E+03 -0.30130E+03 -0.93293E+01 -0.10003E+02  0.50182E+01      982.00
  0.89356E+00  0.45515E+03    0.45000E+00  0.45000E+00 -0.90000E+00  0.00000E+00  0.00000E+00  0.00000E+00    0.15224E+03  0.15075E+03 -0.30299E+03 -0.92066E+01 -0.98752E+01  0.44814E+01      982.00
  0.91852E+00  0.45736E+03    0.46250E+00  0.46250E+00 -0.92500E+00  0.00000E+00  0.00000E+00  0.00000E+00    0.15294E+03  0.15154E+03 -0.30448E+03 -0.90725E+01 -0.97401E+01  0.39874E+01      982.00
  0.94349E+00  0.45944E+03    0.47500E+00  0.47500E+00 -0.95000E+00  0.00000E+00  0.00000E+00  0.00000E+00    0.15361E+03  0.15228E+03 -0.30589E+03 -0.89354E+01 -0.96048E+01  0.35360E+01      982.00
  0.96845E+00  0.46132E+03    0.48750E+00  0.48750E+00 -0.97500E+00  0.00000E+00  0.00000E+00  0.00000E+00    0.15421E+03  0.15295E+03 -0.30716E+03 -0.87982E+01 -0.94649E+01  0.31220E+01      982.00
  0.99342E+00  0.46309E+03    0.50000E+00  0.50000E+00 -0.10000E+01  0.00000E+00  0.00000E+00  0.00000E+00    0.15478E+03  0.15358E+03 -0.30836E+03 -0.86627E+01 -0.93267E+01  0.27454E+01      982.00
