          Evm          Svm            E11          E22          E33          E23          E13          E12         SDEV11       SDEV22       SDEV33       SDEV23       SDEV13       SDEV12      TEMP
  0.00000E+00  0.16370E+03    0.00000E+00  0.00000E+00  0.00000E+00  0.00000E+00  0.00000E+00  0.00000E+00    0.43774E+02  0.59290E+02 -0.10306E+03  0.37375E+01  0.20902E+01  0.29786E+02      982.00
  0.23610E-01  0.16614E+03    0.12500E-01  0.12500E-01 -0.25000E-01  0.00000E+00  0.00000E+00  0.00000E+00    0.43815E+02  0.60177E+02 -0.10399E+03  0.38819E+01  0.19636E+01  0.31697E+02      982.00
  0.47082E-01  0.16488E+03    0.25000E-01  0.25000E-01 -0.50000E-01  0.00000E+00  0.00000E+00  0.00000E+00    0.42606E+02  0.60464E+02 -0.10307E+03  0.38180E+01  0.17908E+01  0.31570E+02      982.00
  0.70524E-01  0.16652E+03    0.37500E-01  0.37500E-01 -0.75000E-01  0.00000E+00  0.00000E+00  0.00000E+00    0.41390E+02  0.62171E+02 -0.10356E+03  0.41339E+01  0.21965E+01  0.32703E+02      982.00
  0.93845E-01  0.17379E+03    0.50000E-01  0.50000E-01 -0.10000E+00  0.00000E+00  0.00000E+00  0.00000E+00    0.40802E+02  0.65936E+02 -0.10674E+03  0.47592E+01  0.30487E+01  0.36516E+02      982.00
  0.11688E+00  0.18758E+03    0.62500E-01  0.62500E-01 -0.12500E+00  0.00000E+00  0.00000E+00  0.00000E+00    0.40675E+02  0.72124E+02 -0.11280E+03  0.55402E+01  0.41081E+01  0.43482E+02      982.00
  0.13943E+00  0.20875E+03    0.75000E-01  0.75000E-01 -0.15000E+00  0.00000E+00  0.00000E+00  0.00000E+00    0.41148E+02  0.80827E+02 -0.12197E+03  0.65956E+01  0.52598E+01  0.53875E+02      982.00
  0.16134E+00  0.23918E+03    0.87500E-01  0.87500E-01 -0.17500E+00  0.00000E+00  0.00000E+00  0.00000E+00    0.42161E+02  0.92667E+02 -0.13483E+03  0.79323E+01  0.65222E+01  0.68495E+02      982.00
  0.18248E+00  0.27927E+03    0.10000E+00  0.10000E+00 -0.20000E+00  0.00000E+00  0.00000E+00  0.00000E+00    0.43676E+02  0.10766E+03 -0.15133E+03  0.95238E+01  0.78654E+01  0.87432E+02      982.00
  0.20280E+00  0.32526E+03    0.11250E+00  0.11250E+00 -0.22500E+00  0.00000E+00  0.00000E+00  0.00000E+00    0.45509E+02  0.12437E+03 -0.16988E+03  0.11133E+02  0.91440E+01  0.10889E+03      982.00
  0.22239E+00  0.36877E+03    0.12500E+00  0.12500E+00 -0.25000E+00  0.00000E+00  0.00000E+00  0.00000E+00    0.47455E+02  0.13982E+03 -0.18727E+03  0.12498E+02  0.10114E+02  0.12898E+03      982.00
  0.24143E+00  0.40460E+03    0.13750E+00  0.13750E+00 -0.27500E+00  0.00000E+00  0.00000E+00  0.00000E+00    0.49236E+02  0.15233E+03 -0.20157E+03  0.13489E+02  0.10718E+02  0.14540E+03      982.00
  0.26011E+00  0.43328E+03    0.15000E+00  0.15000E+00 -0.30000E+00  0.00000E+00  0.00000E+00  0.00000E+00    0.50790E+02  0.16217E+03 -0.21296E+03  0.14122E+02  0.11070E+02  0.15856E+03      982.00
  0.27854E+00  0.45452E+03    0.16250E+00  0.16250E+00 -0.32500E+00  0.00000E+00  0.00000E+00  0.00000E+00    0.52085E+02  0.16935E+03 -0.22143E+03  0.14550E+02  0.11202E+02  0.16826E+03      982.00
  0.29681E+00  0.47166E+03    0.17500E+00  0.17500E+00 -0.35000E+00  0.00000E+00  0.00000E+00  0.00000E+00    0.53129E+02  0.17507E+03 -0.22819E+03  0.14801E+02  0.11232E+02  0.17617E+03      982.00
  0.31495E+00  0.48499E+03    0.18750E+00  0.18750E+00 -0.37500E+00  0.00000E+00  0.00000E+00  0.00000E+00    0.53959E+02  0.17945E+03 -0.23340E+03  0.14947E+02  0.11190E+02  0.18238E+03      982.00
  0.33300E+00  0.49576E+03    0.20000E+00  0.20000E+00 -0.40000E+00  0.00000E+00  0.00000E+00  0.00000E+00    0.54600E+02  0.18293E+03 -0.23753E+03  0.15015E+02  0.11108E+02  0.18747E+03      982.00
  0.35097E+00  0.50457E+03    0.21250E+00  0.21250E+00 -0.42500E+00  0.00000E+00  0.00000E+00  0.00000E+00    0.55081E+02  0.18574E+03 -0.24082E+03  0.15031E+02  0.11003E+02  0.19171E+03      982.00
  0.36887E+00  0.51205E+03    0.22500E+00  0.22500E+00 -0.45000E+00  0.00000E+00  0.00000E+00  0.00000E+00    0.55425E+02  0.18809E+03 -0.24352E+03  0.15002E+02  0.10890E+02  0.19540E+03      982.00
  0.38670E+00  0.51837E+03    0.23750E+00  0.23750E+00 -0.47500E+00  0.00000E+00  0.00000E+00  0.00000E+00    0.55657E+02  0.19004E+03 -0.24570E+03  0.14948E+02  0.10770E+02  0.19859E+03      982.00
  0.40448E+00  0.52394E+03    0.25000E+00  0.25000E+00 -0.50000E+00  0.00000E+00  0.00000E+00  0.00000E+00    0.55786E+02  0.19173E+03 -0.24751E+03  0.14866E+02  0.10652E+02  0.20150E+03      982.00
  0.42219E+00  0.52529E+03    0.26250E+00  0.26250E+00 -0.52500E+00  0.00000E+00  0.00000E+00  0.00000E+00    0.55354E+02  0.19215E+03 -0.24751E+03  0.14628E+02  0.10514E+02  0.20256E+03      982.00
  0.43986E+00  0.52636E+03    0.27500E+00  0.27500E+00 -0.55000E+00  0.00000E+00  0.00000E+00  0.00000E+00    0.55000E+02  0.19240E+03 -0.24740E+03  0.14392E+02  0.10372E+02  0.20351E+03      982.00
  0.45749E+00  0.52741E+03    0.28750E+00  0.28750E+00 -0.57500E+00  0.00000E+00  0.00000E+00  0.00000E+00    0.54656E+02  0.19261E+03 -0.24726E+03  0.14161E+02  0.10234E+02  0.20446E+03      982.00
  0.47507E+00  0.52844E+03    0.30000E+00  0.30000E+00 -0.60000E+00  0.00000E+00  0.00000E+00  0.00000E+00    0.54311E+02  0.19280E+03 -0.24711E+03  0.13931E+02  0.10098E+02  0.20541E+03      982.00
  0.49260E+00  0.52945E+03    0.31250E+00  0.31250E+00 -0.62500E+00  0.00000E+00  0.00000E+00  0.00000E+00    0.53961E+02  0.19298E+03 -0.24694E+03  0.13699E+02  0.99631E+01  0.20636E+03      982.00
  0.51009E+00  0.53043E+03    0.32500E+00  0.32500E+00 -0.65000E+00  0.00000E+00  0.00000E+00  0.00000E+00    0.53607E+02  0.19314E+03 -0.24675E+03  0.13464E+02  0.98269E+01  0.20730E+03      982.00
  0.52754E+00  0.53138E+03    0.33750E+00  0.33750E+00 -0.67500E+00  0.00000E+00  0.00000E+00  0.00000E+00    0.53248E+02  0.19329E+03 -0.24654E+03  0.13223E+02  0.96881E+01  0.20823E+03      982.00
  0.54494E+00  0.53230E+03    0.35000E+00  0.35000E+00 -0.70000E+00  0.00000E+00  0.00000E+00  0.00000E+00    0.52887E+02  0.19343E+03 -0.24632E+03  0.12974E+02  0.95454E+01  0.20915E+03      982.00
  0.56229E+00  0.53319E+03    0.36250E+00  0.36250E+00 -0.72500E+00  0.00000E+00  0.00000E+00  0.00000E+00    0.52523E+02  0.19356E+03 -0.24609E+03  0.12718E+02  0.93978E+01  0.21005E+03      982.00
  0.57960E+00  0.53404E+03    0.37500E+00  0.37500E+00 -0.75000E+00  0.00000E+00  0.00000E+00  0.00000E+00    0.52160E+02  0.19368E+03 -0.24584E+03  0.12453E+02  0.92447E+01  0.21093E+03      982.00
  0.59686E+00  0.53486E+03    0.38750E+00  0.38750E+00 -0.77500E+00  0.00000E+00  0.00000E+00  0.00000E+00    0.51800E+02  0.19379E+03 -0.24559E+03  0.12178E+02  0.90855E+01  0.21178E+03      982.00
  0.61408E+00  0.53566E+03    0.40000E+00  0.40000E+00 -0.80000E+00  0.00000E+00  0.00000E+00  0.00000E+00    0.51443E+02  0.19390E+03 -0.24534E+03  0.11895E+02  0.89203E+01  0.21261E+03      982.00
  0.63125E+00  0.53641E+03    0.41250E+00  0.41250E+00 -0.82500E+00  0.00000E+00  0.00000E+00  0.00000E+00    0.51092E+02  0.19400E+03 -0.24509E+03  0.11603E+02  0.87493E+01  0.21342E+03      982.00
  0.64839E+00  0.53714E+03    0.42500E+00  0.42500E+00 -0.85000E+00  0.00000E+00  0.00000E+00  0.00000E+00    0.50749E+02  0.19409E+03 -0.24484E+03  0.11304E+02  0.85728E+01  0.21419E+03      982.00
  0.66548E+00  0.53809E+03    0.43750E+00  0.43750E+00 -0.87500E+00  0.00000E+00  0.00000E+00  0.00000E+00    0.50368E+02  0.19430E+03 -0.24467E+03  0.10979E+02  0.83958E+01  0.21505E+03      982.00
  0.68253E+00  0.53875E+03    0.45000E+00  0.45000E+00 -0.90000E+00  0.00000E+00  0.00000E+00  0.00000E+00    0.50057E+02  0.19437E+03 -0.24443E+03  0.10671E+02  0.82111E+01  0.21576E+03      982.00
  0.69955E+00  0.53929E+03    0.46250E+00  0.46250E+00 -0.92500E+00  0.00000E+00  0.00000E+00  0.00000E+00    0.49797E+02  0.19439E+03 -0.24419E+03  0.10380E+02  0.80266E+01  0.21639E+03      982.00
  0.71653E+00  0.53989E+03    0.47500E+00  0.47500E+00 -0.95000E+00  0.00000E+00  0.00000E+00  0.00000E+00    0.49502E+02  0.19447E+03 -0.24397E+03  0.10065E+02  0.78356E+01  0.21704E+03      982.00
  0.73347E+00  0.54076E+03    0.48750E+00  0.48750E+00 -0.97500E+00  0.00000E+00  0.00000E+00  0.00000E+00    0.49126E+02  0.19472E+03 -0.24385E+03  0.97158E+01  0.76406E+01  0.21777E+03      982.00
  0.75038E+00  0.54130E+03    0.50000E+00  0.50000E+00 -0.10000E+01  0.00000E+00  0.00000E+00  0.00000E+00    0.48877E+02  0.19478E+03 -0.24366E+03  0.94060E+01  0.74507E+01  0.21835E+03      982.00
