          Evm          Svm            E11          E22          E33          E23          E13          E12         SDEV11       SDEV22       SDEV33       SDEV23       SDEV13       SDEV12      TEMP
  0.00000E+00  0.16771E+03    0.00000E+00  0.00000E+00  0.00000E+00  0.00000E+00  0.00000E+00  0.00000E+00    0.61962E+02  0.48575E+02 -0.11054E+03  0.60447E+01  0.37061E+01  0.10782E+02      982.00
  0.24717E-01  0.16679E+03    0.12500E-01  0.12500E-01 -0.25000E-01  0.00000E+00  0.00000E+00  0.00000E+00    0.60547E+02  0.49353E+02 -0.10990E+03  0.53728E+01  0.31524E+01  0.11992E+02      982.00
  0.49427E-01  0.17485E+03    0.25000E-01  0.25000E-01 -0.50000E-01  0.00000E+00  0.00000E+00  0.00000E+00    0.59815E+02  0.55205E+02 -0.11502E+03  0.57575E+01  0.31755E+01  0.14847E+02      982.00
  0.74094E-01  0.18826E+03    0.37500E-01  0.37500E-01 -0.75000E-01  0.00000E+00  0.00000E+00  0.00000E+00    0.58115E+02  0.65146E+02 -0.12326E+03  0.67156E+01  0.33771E+01  0.18722E+02      982.00
  0.98647E-01  0.19915E+03    0.50000E-01  0.50000E-01 -0.10000E+00  0.00000E+00  0.00000E+00  0.00000E+00    0.56940E+02  0.72625E+02 -0.12956E+03  0.70711E+01  0.32275E+01  0.22548E+02      982.00
  0.12304E+00  0.21203E+03    0.62500E-01  0.62500E-01 -0.12500E+00  0.00000E+00  0.00000E+00  0.00000E+00    0.58071E+02  0.78867E+02 -0.13694E+03  0.67943E+01  0.32415E+01  0.27518E+02      982.00
  0.14726E+00  0.23000E+03    0.75000E-01  0.75000E-01 -0.15000E+00  0.00000E+00  0.00000E+00  0.00000E+00    0.61038E+02  0.86202E+02 -0.14724E+03  0.64932E+01  0.35277E+01  0.34075E+02      982.00
  0.17127E+00  0.25197E+03    0.87500E-01  0.87500E-01 -0.17500E+00  0.00000E+00  0.00000E+00  0.00000E+00    0.65086E+02  0.94729E+02 -0.15982E+03  0.63368E+01  0.39733E+01  0.41609E+02      982.00
  0.19505E+00  0.27489E+03    0.10000E+00  0.10000E+00 -0.20000E+00  0.00000E+00  0.00000E+00  0.00000E+00    0.69410E+02  0.10356E+03 -0.17297E+03  0.62724E+01  0.44698E+01  0.48964E+02      982.00
  0.21865E+00  0.29572E+03    0.11250E+00  0.11250E+00 -0.22500E+00  0.00000E+00  0.00000E+00  0.00000E+00    0.73400E+02  0.11168E+03 -0.18508E+03  0.62410E+01  0.49735E+01  0.55037E+02      982.00
  0.24212E+00  0.31322E+03    0.12500E+00  0.12500E+00 -0.25000E+00  0.00000E+00  0.00000E+00  0.00000E+00    0.76840E+02  0.11863E+03 -0.19547E+03  0.62226E+01  0.54455E+01  0.59514E+02      982.00
  0.26552E+00  0.32721E+03    0.13750E+00  0.13750E+00 -0.27500E+00  0.00000E+00  0.00000E+00  0.00000E+00    0.79756E+02  0.12427E+03 -0.20402E+03  0.62130E+01  0.58748E+01  0.62467E+02      982.00
  0.28890E+00  0.33822E+03    0.15000E+00  0.15000E+00 -0.30000E+00  0.00000E+00  0.00000E+00  0.00000E+00    0.82314E+02  0.12874E+03 -0.21106E+03  0.62426E+01  0.63060E+01  0.64072E+02      982.00
  0.31230E+00  0.34698E+03    0.16250E+00  0.16250E+00 -0.32500E+00  0.00000E+00  0.00000E+00  0.00000E+00    0.84595E+02  0.13232E+03 -0.21692E+03  0.63091E+01  0.67172E+01  0.64699E+02      982.00
  0.33575E+00  0.35374E+03    0.17500E+00  0.17500E+00 -0.35000E+00  0.00000E+00  0.00000E+00  0.00000E+00    0.86719E+02  0.13506E+03 -0.22178E+03  0.64390E+01  0.71631E+01  0.64379E+02      982.00
  0.35926E+00  0.35913E+03    0.18750E+00  0.18750E+00 -0.37500E+00  0.00000E+00  0.00000E+00  0.00000E+00    0.88799E+02  0.13714E+03 -0.22594E+03  0.65992E+01  0.76146E+01  0.63406E+02      982.00
  0.38285E+00  0.36363E+03    0.20000E+00  0.20000E+00 -0.40000E+00  0.00000E+00  0.00000E+00  0.00000E+00    0.90824E+02  0.13880E+03 -0.22963E+03  0.68049E+01  0.80665E+01  0.61978E+02      982.00
  0.40653E+00  0.36749E+03    0.21250E+00  0.21250E+00 -0.42500E+00  0.00000E+00  0.00000E+00  0.00000E+00    0.92812E+02  0.14017E+03 -0.23298E+03  0.70587E+01  0.85241E+01  0.60183E+02      982.00
  0.43031E+00  0.37095E+03    0.22500E+00  0.22500E+00 -0.45000E+00  0.00000E+00  0.00000E+00  0.00000E+00    0.94780E+02  0.14134E+03 -0.23612E+03  0.73614E+01  0.89911E+01  0.58104E+02      982.00
  0.45418E+00  0.37113E+03    0.23750E+00  0.23750E+00 -0.47500E+00  0.00000E+00  0.00000E+00  0.00000E+00    0.96068E+02  0.14108E+03 -0.23715E+03  0.74621E+01  0.91206E+01  0.55544E+02      982.00
  0.47814E+00  0.37160E+03    0.25000E+00  0.25000E+00 -0.50000E+00  0.00000E+00  0.00000E+00  0.00000E+00    0.97291E+02  0.14103E+03 -0.23832E+03  0.76318E+01  0.93534E+01  0.52978E+02      982.00
  0.50219E+00  0.37234E+03    0.26250E+00  0.26250E+00 -0.52500E+00  0.00000E+00  0.00000E+00  0.00000E+00    0.98491E+02  0.14110E+03 -0.23959E+03  0.77852E+01  0.95249E+01  0.50524E+02      982.00
  0.52632E+00  0.37333E+03    0.27500E+00  0.27500E+00 -0.55000E+00  0.00000E+00  0.00000E+00  0.00000E+00    0.99676E+02  0.14129E+03 -0.24097E+03  0.79469E+01  0.96869E+01  0.48141E+02      982.00
  0.55053E+00  0.37450E+03    0.28750E+00  0.28750E+00 -0.57500E+00  0.00000E+00  0.00000E+00  0.00000E+00    0.10080E+03  0.14161E+03 -0.24241E+03  0.81050E+01  0.98126E+01  0.45811E+02      982.00
  0.57480E+00  0.37595E+03    0.30000E+00  0.30000E+00 -0.60000E+00  0.00000E+00  0.00000E+00  0.00000E+00    0.10195E+03  0.14203E+03 -0.24398E+03  0.82830E+01  0.99580E+01  0.43564E+02      982.00
  0.59914E+00  0.37760E+03    0.31250E+00  0.31250E+00 -0.62500E+00  0.00000E+00  0.00000E+00  0.00000E+00    0.10306E+03  0.14258E+03 -0.24563E+03  0.84658E+01  0.10089E+02  0.41381E+02      982.00
  0.62353E+00  0.37945E+03    0.32500E+00  0.32500E+00 -0.65000E+00  0.00000E+00  0.00000E+00  0.00000E+00    0.10412E+03  0.14324E+03 -0.24736E+03  0.86516E+01  0.10203E+02  0.39257E+02      982.00
  0.64798E+00  0.38150E+03    0.33750E+00  0.33750E+00 -0.67500E+00  0.00000E+00  0.00000E+00  0.00000E+00    0.10522E+03  0.14396E+03 -0.24918E+03  0.88280E+01  0.10290E+02  0.37238E+02      982.00
  0.67247E+00  0.38366E+03    0.35000E+00  0.35000E+00 -0.70000E+00  0.00000E+00  0.00000E+00  0.00000E+00    0.10619E+03  0.14485E+03 -0.25103E+03  0.90125E+01  0.10365E+02  0.35223E+02      982.00
  0.69701E+00  0.38597E+03    0.36250E+00  0.36250E+00 -0.72500E+00  0.00000E+00  0.00000E+00  0.00000E+00    0.10716E+03  0.14578E+03 -0.25294E+03  0.91893E+01  0.10420E+02  0.33292E+02      982.00
  0.72158E+00  0.38836E+03    0.37500E+00  0.37500E+00 -0.75000E+00  0.00000E+00  0.00000E+00  0.00000E+00    0.10802E+03  0.14684E+03 -0.25486E+03  0.93540E+01  0.10444E+02  0.31384E+02      982.00
  0.74619E+00  0.39080E+03    0.38750E+00  0.38750E+00 -0.77500E+00  0.00000E+00  0.00000E+00  0.00000E+00    0.10887E+03  0.14792E+03 -0.25679E+03  0.94969E+01  0.10446E+02  0.29552E+02      982.00
  0.77083E+00  0.39328E+03    0.40000E+00  0.40000E+00 -0.80000E+00  0.00000E+00  0.00000E+00  0.00000E+00    0.10963E+03  0.14907E+03 -0.25870E+03  0.96146E+01  0.10410E+02  0.27766E+02      982.00
  0.79550E+00  0.39575E+03    0.41250E+00  0.41250E+00 -0.82500E+00  0.00000E+00  0.00000E+00  0.00000E+00    0.11037E+03  0.15022E+03 -0.26059E+03  0.96994E+01  0.10346E+02  0.26051E+02      982.00
  0.82019E+00  0.39819E+03    0.42500E+00  0.42500E+00 -0.85000E+00  0.00000E+00  0.00000E+00  0.00000E+00    0.11111E+03  0.15132E+03 -0.26243E+03  0.97479E+01  0.10255E+02  0.24416E+02      982.00
  0.84491E+00  0.40058E+03    0.43750E+00  0.43750E+00 -0.87500E+00  0.00000E+00  0.00000E+00  0.00000E+00    0.11182E+03  0.15240E+03 -0.26421E+03  0.97633E+01  0.10139E+02  0.22852E+02      982.00
  0.86964E+00  0.40293E+03    0.45000E+00  0.45000E+00 -0.90000E+00  0.00000E+00  0.00000E+00  0.00000E+00    0.11261E+03  0.15335E+03 -0.26596E+03  0.97436E+01  0.10013E+02  0.21394E+02      982.00
  0.89439E+00  0.40523E+03    0.46250E+00  0.46250E+00 -0.92500E+00  0.00000E+00  0.00000E+00  0.00000E+00    0.11341E+03  0.15424E+03 -0.26765E+03  0.96971E+01  0.98751E+01  0.20014E+02      982.00
  0.91916E+00  0.40749E+03    0.47500E+00  0.47500E+00 -0.95000E+00  0.00000E+00  0.00000E+00  0.00000E+00    0.11426E+03  0.15505E+03 -0.26931E+03  0.96338E+01  0.97377E+01  0.18726E+02      982.00
  0.94394E+00  0.40983E+03    0.48750E+00  0.48750E+00 -0.97500E+00  0.00000E+00  0.00000E+00  0.00000E+00    0.11516E+03  0.15584E+03 -0.27100E+03  0.95600E+01  0.96399E+01  0.17507E+02      982.00
  0.96874E+00  0.41214E+03    0.50000E+00  0.50000E+00 -0.10000E+01  0.00000E+00  0.00000E+00  0.00000E+00    0.11618E+03  0.15650E+03 -0.27268E+03  0.94733E+01  0.94882E+01  0.16398E+02      982.00
