          Evm          Svm            E11          E22          E33          E23          E13          E12         SDEV11       SDEV22       SDEV33       SDEV23       SDEV13       SDEV12      TEMP
  0.00000E+00  0.17458E+03    0.00000E+00  0.00000E+00  0.00000E+00  0.00000E+00  0.00000E+00  0.00000E+00    0.59163E+02  0.49396E+02 -0.10856E+03  0.42445E+01  0.56005E+01  0.35319E+02      982.00
  0.23319E-01  0.16283E+03    0.12500E-01  0.12500E-01 -0.25000E-01  0.00000E+00  0.00000E+00  0.00000E+00    0.56626E+02  0.45746E+02 -0.10237E+03  0.33713E+01  0.36203E+01  0.30398E+02      982.00
  0.46895E-01  0.16105E+03    0.25000E-01  0.25000E-01 -0.50000E-01  0.00000E+00  0.00000E+00  0.00000E+00    0.57060E+02  0.43982E+02 -0.10104E+03  0.37670E+01  0.34044E+01  0.30338E+02      982.00
  0.70421E-01  0.16465E+03    0.37500E-01  0.37500E-01 -0.75000E-01  0.00000E+00  0.00000E+00  0.00000E+00    0.59108E+02  0.43281E+02 -0.10239E+03  0.43600E+01  0.37447E+01  0.32843E+02      982.00
  0.93741E-01  0.17344E+03    0.50000E-01  0.50000E-01 -0.10000E+00  0.00000E+00  0.00000E+00  0.00000E+00    0.62827E+02  0.43302E+02 -0.10613E+03  0.50689E+01  0.42792E+01  0.37955E+02      982.00
  0.11669E+00  0.18755E+03    0.62500E-01  0.62500E-01 -0.12500E+00  0.00000E+00  0.00000E+00  0.00000E+00    0.68114E+02  0.44109E+02 -0.11222E+03  0.58363E+01  0.50693E+01  0.45555E+02      982.00
  0.13913E+00  0.20898E+03    0.75000E-01  0.75000E-01 -0.15000E+00  0.00000E+00  0.00000E+00  0.00000E+00    0.75679E+02  0.45654E+02 -0.12133E+03  0.67604E+01  0.60932E+01  0.56646E+02      982.00
  0.16090E+00  0.23944E+03    0.87500E-01  0.87500E-01 -0.17500E+00  0.00000E+00  0.00000E+00  0.00000E+00    0.85974E+02  0.47995E+02 -0.13397E+03  0.78601E+01  0.73952E+01  0.71917E+02      982.00
  0.18188E+00  0.27960E+03    0.10000E+00  0.10000E+00 -0.20000E+00  0.00000E+00  0.00000E+00  0.00000E+00    0.99099E+02  0.51123E+02 -0.15022E+03  0.91190E+01  0.89554E+01  0.91622E+02      982.00
  0.20203E+00  0.32609E+03    0.11250E+00  0.11250E+00 -0.22500E+00  0.00000E+00  0.00000E+00  0.00000E+00    0.11391E+03  0.54751E+02 -0.16866E+03  0.10389E+02  0.10569E+02  0.11409E+03      982.00
  0.22142E+00  0.37054E+03    0.12500E+00  0.12500E+00 -0.25000E+00  0.00000E+00  0.00000E+00  0.00000E+00    0.12774E+03  0.58386E+02 -0.18612E+03  0.11398E+02  0.11979E+02  0.13532E+03      982.00
  0.24026E+00  0.40775E+03    0.13750E+00  0.13750E+00 -0.27500E+00  0.00000E+00  0.00000E+00  0.00000E+00    0.13909E+03  0.61590E+02 -0.20068E+03  0.12073E+02  0.13015E+02  0.15297E+03      982.00
  0.25871E+00  0.43662E+03    0.15000E+00  0.15000E+00 -0.30000E+00  0.00000E+00  0.00000E+00  0.00000E+00    0.14771E+03  0.64277E+02 -0.21198E+03  0.12444E+02  0.13750E+02  0.16661E+03      982.00
  0.27692E+00  0.45894E+03    0.16250E+00  0.16250E+00 -0.32500E+00  0.00000E+00  0.00000E+00  0.00000E+00    0.15425E+03  0.66434E+02 -0.22068E+03  0.12618E+02  0.14226E+02  0.17719E+03      982.00
  0.29495E+00  0.47594E+03    0.17500E+00  0.17500E+00 -0.35000E+00  0.00000E+00  0.00000E+00  0.00000E+00    0.15911E+03  0.68165E+02 -0.22727E+03  0.12654E+02  0.14553E+02  0.18527E+03      982.00
  0.31286E+00  0.48955E+03    0.18750E+00  0.18750E+00 -0.37500E+00  0.00000E+00  0.00000E+00  0.00000E+00    0.16294E+03  0.69514E+02 -0.23246E+03  0.12615E+02  0.14744E+02  0.19183E+03      982.00
  0.33067E+00  0.50063E+03    0.20000E+00  0.20000E+00 -0.40000E+00  0.00000E+00  0.00000E+00  0.00000E+00    0.16600E+03  0.70571E+02 -0.23657E+03  0.12528E+02  0.14844E+02  0.19727E+03      982.00
  0.34839E+00  0.50944E+03    0.21250E+00  0.21250E+00 -0.42500E+00  0.00000E+00  0.00000E+00  0.00000E+00    0.16838E+03  0.71371E+02 -0.23975E+03  0.12405E+02  0.14882E+02  0.20168E+03      982.00
  0.36604E+00  0.51698E+03    0.22500E+00  0.22500E+00 -0.45000E+00  0.00000E+00  0.00000E+00  0.00000E+00    0.17037E+03  0.71972E+02 -0.24235E+03  0.12263E+02  0.14861E+02  0.20555E+03      982.00
  0.38361E+00  0.52330E+03    0.23750E+00  0.23750E+00 -0.47500E+00  0.00000E+00  0.00000E+00  0.00000E+00    0.17201E+03  0.72404E+02 -0.24442E+03  0.12101E+02  0.14797E+02  0.20888E+03      982.00
  0.40113E+00  0.52883E+03    0.25000E+00  0.25000E+00 -0.50000E+00  0.00000E+00  0.00000E+00  0.00000E+00    0.17341E+03  0.72699E+02 -0.24611E+03  0.11928E+02  0.14692E+02  0.21189E+03      982.00
  0.41858E+00  0.53003E+03    0.26250E+00  0.26250E+00 -0.52500E+00  0.00000E+00  0.00000E+00  0.00000E+00    0.17374E+03  0.72243E+02 -0.24599E+03  0.11714E+02  0.14406E+02  0.21293E+03      982.00
  0.43599E+00  0.53094E+03    0.27500E+00  0.27500E+00 -0.55000E+00  0.00000E+00  0.00000E+00  0.00000E+00    0.17388E+03  0.71885E+02 -0.24577E+03  0.11487E+02  0.14109E+02  0.21385E+03      982.00
  0.45334E+00  0.53182E+03    0.28750E+00  0.28750E+00 -0.57500E+00  0.00000E+00  0.00000E+00  0.00000E+00    0.17398E+03  0.71550E+02 -0.24553E+03  0.11258E+02  0.13807E+02  0.21476E+03      982.00
  0.47066E+00  0.53267E+03    0.30000E+00  0.30000E+00 -0.60000E+00  0.00000E+00  0.00000E+00  0.00000E+00    0.17407E+03  0.71224E+02 -0.24530E+03  0.11025E+02  0.13497E+02  0.21565E+03      982.00
  0.48793E+00  0.53350E+03    0.31250E+00  0.31250E+00 -0.62500E+00  0.00000E+00  0.00000E+00  0.00000E+00    0.17415E+03  0.70905E+02 -0.24505E+03  0.10787E+02  0.13178E+02  0.21652E+03      982.00
  0.50515E+00  0.53430E+03    0.32500E+00  0.32500E+00 -0.65000E+00  0.00000E+00  0.00000E+00  0.00000E+00    0.17422E+03  0.70592E+02 -0.24481E+03  0.10545E+02  0.12852E+02  0.21737E+03      982.00
  0.52233E+00  0.53508E+03    0.33750E+00  0.33750E+00 -0.67500E+00  0.00000E+00  0.00000E+00  0.00000E+00    0.17428E+03  0.70284E+02 -0.24457E+03  0.10297E+02  0.12517E+02  0.21820E+03      982.00
  0.53947E+00  0.53584E+03    0.35000E+00  0.35000E+00 -0.70000E+00  0.00000E+00  0.00000E+00  0.00000E+00    0.17435E+03  0.69984E+02 -0.24433E+03  0.10046E+02  0.12175E+02  0.21900E+03      982.00
  0.55657E+00  0.53658E+03    0.36250E+00  0.36250E+00 -0.72500E+00  0.00000E+00  0.00000E+00  0.00000E+00    0.17441E+03  0.69691E+02 -0.24411E+03  0.97901E+01  0.11827E+02  0.21978E+03      982.00
  0.57363E+00  0.53729E+03    0.37500E+00  0.37500E+00 -0.75000E+00  0.00000E+00  0.00000E+00  0.00000E+00    0.17448E+03  0.69407E+02 -0.24389E+03  0.95314E+01  0.11475E+02  0.22053E+03      982.00
  0.59065E+00  0.53799E+03    0.38750E+00  0.38750E+00 -0.77500E+00  0.00000E+00  0.00000E+00  0.00000E+00    0.17455E+03  0.69132E+02 -0.24368E+03  0.92706E+01  0.11119E+02  0.22126E+03      982.00
  0.60764E+00  0.53889E+03    0.40000E+00  0.40000E+00 -0.80000E+00  0.00000E+00  0.00000E+00  0.00000E+00    0.17476E+03  0.68808E+02 -0.24356E+03  0.90103E+01  0.10743E+02  0.22205E+03      982.00
  0.62459E+00  0.53954E+03    0.41250E+00  0.41250E+00 -0.82500E+00  0.00000E+00  0.00000E+00  0.00000E+00    0.17482E+03  0.68567E+02 -0.24338E+03  0.87491E+01  0.10388E+02  0.22271E+03      982.00
  0.64150E+00  0.54010E+03    0.42500E+00  0.42500E+00 -0.85000E+00  0.00000E+00  0.00000E+00  0.00000E+00    0.17483E+03  0.68381E+02 -0.24321E+03  0.84951E+01  0.10056E+02  0.22331E+03      982.00
  0.65839E+00  0.54071E+03    0.43750E+00  0.43750E+00 -0.87500E+00  0.00000E+00  0.00000E+00  0.00000E+00    0.17491E+03  0.68153E+02 -0.24306E+03  0.82352E+01  0.97034E+01  0.22391E+03      982.00
  0.67525E+00  0.54155E+03    0.45000E+00  0.45000E+00 -0.90000E+00  0.00000E+00  0.00000E+00  0.00000E+00    0.17518E+03  0.67824E+02 -0.24300E+03  0.79720E+01  0.93225E+01  0.22458E+03      982.00
  0.69208E+00  0.54211E+03    0.46250E+00  0.46250E+00 -0.92500E+00  0.00000E+00  0.00000E+00  0.00000E+00    0.17525E+03  0.67638E+02 -0.24289E+03  0.77214E+01  0.89836E+01  0.22512E+03      982.00
  0.70888E+00  0.54265E+03    0.47500E+00  0.47500E+00 -0.95000E+00  0.00000E+00  0.00000E+00  0.00000E+00    0.17532E+03  0.67456E+02 -0.24278E+03  0.74746E+01  0.86509E+01  0.22563E+03      982.00
  0.72565E+00  0.54321E+03    0.48750E+00  0.48750E+00 -0.97500E+00  0.00000E+00  0.00000E+00  0.00000E+00    0.17541E+03  0.67290E+02 -0.24270E+03  0.72380E+01  0.83282E+01  0.22613E+03      982.00
  0.74241E+00  0.54370E+03    0.50000E+00  0.50000E+00 -0.10000E+01  0.00000E+00  0.00000E+00  0.00000E+00    0.17552E+03  0.67108E+02 -0.24262E+03  0.70009E+01  0.80101E+01  0.22657E+03      982.00
