          Evm          Svm            E11          E22          E33          E23          E13          E12         SDEV11       SDEV22       SDEV33       SDEV23       SDEV13       SDEV12      TEMP
  0.00000E+00  0.14831E+03    0.00000E+00  0.00000E+00  0.00000E+00  0.00000E+00  0.00000E+00  0.00000E+00    0.56958E+02  0.37337E+02 -0.94295E+02 -0.99412E+00 -0.15231E+01  0.23734E+02      982.00
  0.23843E-01  0.15102E+03    0.12500E-01  0.12500E-01 -0.25000E-01  0.00000E+00  0.00000E+00  0.00000E+00    0.57939E+02  0.37359E+02 -0.95297E+02 -0.50457E+00 -0.14346E+01  0.26130E+02      982.00
  0.47507E-01  0.15830E+03    0.25000E-01  0.25000E-01 -0.50000E-01  0.00000E+00  0.00000E+00  0.00000E+00    0.60850E+02  0.37823E+02 -0.98673E+02 -0.39868E+00 -0.20036E+01  0.30238E+02      982.00
  0.70881E-01  0.17130E+03    0.37500E-01  0.37500E-01 -0.75000E-01  0.00000E+00  0.00000E+00  0.00000E+00    0.66175E+02  0.38673E+02 -0.10485E+03 -0.67372E+00 -0.32441E+01  0.36565E+02      982.00
  0.93833E-01  0.18931E+03    0.50000E-01  0.50000E-01 -0.10000E+00  0.00000E+00  0.00000E+00  0.00000E+00    0.73871E+02  0.39395E+02 -0.11327E+03 -0.11881E+01 -0.49869E+01  0.44736E+02      982.00
  0.11627E+00  0.20637E+03    0.62500E-01  0.62500E-01 -0.12500E+00  0.00000E+00  0.00000E+00  0.00000E+00    0.82559E+02  0.38408E+02 -0.12097E+03 -0.16062E+01 -0.65180E+01  0.51853E+02      982.00
  0.13825E+00  0.22422E+03    0.75000E-01  0.75000E-01 -0.15000E+00  0.00000E+00  0.00000E+00  0.00000E+00    0.92437E+02  0.36197E+02 -0.12863E+03 -0.22484E+01 -0.77073E+01  0.59104E+02      982.00
  0.15976E+00  0.25068E+03    0.87500E-01  0.87500E-01 -0.17500E+00  0.00000E+00  0.00000E+00  0.00000E+00    0.10540E+03  0.34295E+02 -0.13969E+03 -0.34071E+01 -0.90147E+01  0.70396E+02      982.00
  0.18066E+00  0.28720E+03    0.10000E+00  0.10000E+00 -0.20000E+00  0.00000E+00  0.00000E+00  0.00000E+00    0.12177E+03  0.32895E+02 -0.15467E+03 -0.48158E+01 -0.10521E+02  0.86281E+02      982.00
  0.20086E+00  0.32953E+03    0.11250E+00  0.11250E+00 -0.22500E+00  0.00000E+00  0.00000E+00  0.00000E+00    0.13985E+03  0.31921E+02 -0.17177E+03 -0.61560E+01 -0.12039E+02  0.10475E+03      982.00
  0.22040E+00  0.37025E+03    0.12500E+00  0.12500E+00 -0.25000E+00  0.00000E+00  0.00000E+00  0.00000E+00    0.15677E+03  0.31332E+02 -0.18810E+03 -0.71927E+01 -0.13314E+02  0.12246E+03      982.00
  0.23945E+00  0.40446E+03    0.13750E+00  0.13750E+00 -0.27500E+00  0.00000E+00  0.00000E+00  0.00000E+00    0.17077E+03  0.31031E+02 -0.20180E+03 -0.78653E+01 -0.14245E+02  0.13726E+03      982.00
  0.25816E+00  0.43184E+03    0.15000E+00  0.15000E+00 -0.30000E+00  0.00000E+00  0.00000E+00  0.00000E+00    0.18190E+03  0.30829E+02 -0.21273E+03 -0.82539E+01 -0.14829E+02  0.14908E+03      982.00
  0.27664E+00  0.45272E+03    0.16250E+00  0.16250E+00 -0.32500E+00  0.00000E+00  0.00000E+00  0.00000E+00    0.19042E+03  0.30713E+02 -0.22113E+03 -0.84221E+01 -0.15256E+02  0.15801E+03      982.00
  0.29495E+00  0.46912E+03    0.17500E+00  0.17500E+00 -0.35000E+00  0.00000E+00  0.00000E+00  0.00000E+00    0.19713E+03  0.30572E+02 -0.22770E+03 -0.84640E+01 -0.15519E+02  0.16500E+03      982.00
  0.31316E+00  0.48209E+03    0.18750E+00  0.18750E+00 -0.37500E+00  0.00000E+00  0.00000E+00  0.00000E+00    0.20243E+03  0.30441E+02 -0.23287E+03 -0.84316E+01 -0.15673E+02  0.17054E+03      982.00
  0.33127E+00  0.49273E+03    0.20000E+00  0.20000E+00 -0.40000E+00  0.00000E+00  0.00000E+00  0.00000E+00    0.20674E+03  0.30311E+02 -0.23705E+03 -0.83723E+01 -0.15729E+02  0.17517E+03      982.00
  0.34931E+00  0.50127E+03    0.21250E+00  0.21250E+00 -0.42500E+00  0.00000E+00  0.00000E+00  0.00000E+00    0.21012E+03  0.30247E+02 -0.24037E+03 -0.82781E+01 -0.15760E+02  0.17894E+03      982.00
  0.36729E+00  0.50868E+03    0.22500E+00  0.22500E+00 -0.45000E+00  0.00000E+00  0.00000E+00  0.00000E+00    0.21299E+03  0.30162E+02 -0.24315E+03 -0.81842E+01 -0.15723E+02  0.18231E+03      982.00
  0.38522E+00  0.51483E+03    0.23750E+00  0.23750E+00 -0.47500E+00  0.00000E+00  0.00000E+00  0.00000E+00    0.21527E+03  0.30129E+02 -0.24540E+03 -0.80894E+01 -0.15669E+02  0.18521E+03      982.00
  0.40309E+00  0.52004E+03    0.25000E+00  0.25000E+00 -0.50000E+00  0.00000E+00  0.00000E+00  0.00000E+00    0.21712E+03  0.30111E+02 -0.24723E+03 -0.79984E+01 -0.15594E+02  0.18777E+03      982.00
  0.42092E+00  0.52088E+03    0.26250E+00  0.26250E+00 -0.52500E+00  0.00000E+00  0.00000E+00  0.00000E+00    0.21721E+03  0.29956E+02 -0.24716E+03 -0.78862E+01 -0.15347E+02  0.18857E+03      982.00
  0.43872E+00  0.52190E+03    0.27500E+00  0.27500E+00 -0.55000E+00  0.00000E+00  0.00000E+00  0.00000E+00    0.21734E+03  0.29798E+02 -0.24714E+03 -0.77858E+01 -0.15107E+02  0.18948E+03      982.00
  0.45647E+00  0.52293E+03    0.28750E+00  0.28750E+00 -0.57500E+00  0.00000E+00  0.00000E+00  0.00000E+00    0.21745E+03  0.29645E+02 -0.24709E+03 -0.76952E+01 -0.14877E+02  0.19043E+03      982.00
  0.47419E+00  0.52395E+03    0.30000E+00  0.30000E+00 -0.60000E+00  0.00000E+00  0.00000E+00  0.00000E+00    0.21754E+03  0.29486E+02 -0.24703E+03 -0.76121E+01 -0.14654E+02  0.19138E+03      982.00
  0.49187E+00  0.52497E+03    0.31250E+00  0.31250E+00 -0.62500E+00  0.00000E+00  0.00000E+00  0.00000E+00    0.21762E+03  0.29318E+02 -0.24694E+03 -0.75345E+01 -0.14437E+02  0.19235E+03      982.00
  0.50951E+00  0.52598E+03    0.32500E+00  0.32500E+00 -0.65000E+00  0.00000E+00  0.00000E+00  0.00000E+00    0.21770E+03  0.29139E+02 -0.24683E+03 -0.74606E+01 -0.14222E+02  0.19333E+03      982.00
  0.52711E+00  0.52698E+03    0.33750E+00  0.33750E+00 -0.67500E+00  0.00000E+00  0.00000E+00  0.00000E+00    0.21776E+03  0.28947E+02 -0.24671E+03 -0.73886E+01 -0.14007E+02  0.19431E+03      982.00
  0.54467E+00  0.52795E+03    0.35000E+00  0.35000E+00 -0.70000E+00  0.00000E+00  0.00000E+00  0.00000E+00    0.21781E+03  0.28743E+02 -0.24656E+03 -0.73169E+01 -0.13790E+02  0.19529E+03      982.00
  0.56218E+00  0.52891E+03    0.36250E+00  0.36250E+00 -0.72500E+00  0.00000E+00  0.00000E+00  0.00000E+00    0.21786E+03  0.28525E+02 -0.24638E+03 -0.72439E+01 -0.13569E+02  0.19627E+03      982.00
  0.57965E+00  0.52984E+03    0.37500E+00  0.37500E+00 -0.75000E+00  0.00000E+00  0.00000E+00  0.00000E+00    0.21790E+03  0.28295E+02 -0.24620E+03 -0.71682E+01 -0.13341E+02  0.19723E+03      982.00
  0.59707E+00  0.53075E+03    0.38750E+00  0.38750E+00 -0.77500E+00  0.00000E+00  0.00000E+00  0.00000E+00    0.21794E+03  0.28053E+02 -0.24599E+03 -0.70887E+01 -0.13106E+02  0.19819E+03      982.00
  0.61445E+00  0.53163E+03    0.40000E+00  0.40000E+00 -0.80000E+00  0.00000E+00  0.00000E+00  0.00000E+00    0.21797E+03  0.27802E+02 -0.24577E+03 -0.70042E+01 -0.12862E+02  0.19913E+03      982.00
  0.63179E+00  0.53243E+03    0.41250E+00  0.41250E+00 -0.82500E+00  0.00000E+00  0.00000E+00  0.00000E+00    0.21795E+03  0.27572E+02 -0.24552E+03 -0.69166E+01 -0.12608E+02  0.20004E+03      982.00
  0.64908E+00  0.53325E+03    0.42500E+00  0.42500E+00 -0.85000E+00  0.00000E+00  0.00000E+00  0.00000E+00    0.21797E+03  0.27307E+02 -0.24528E+03 -0.68207E+01 -0.12344E+02  0.20094E+03      982.00
  0.66633E+00  0.53404E+03    0.43750E+00  0.43750E+00 -0.87500E+00  0.00000E+00  0.00000E+00  0.00000E+00    0.21800E+03  0.27034E+02 -0.24503E+03 -0.67185E+01 -0.12070E+02  0.20182E+03      982.00
  0.68354E+00  0.53480E+03    0.45000E+00  0.45000E+00 -0.90000E+00  0.00000E+00  0.00000E+00  0.00000E+00    0.21803E+03  0.26758E+02 -0.24478E+03 -0.66102E+01 -0.11786E+02  0.20266E+03      982.00
  0.70070E+00  0.53554E+03    0.46250E+00  0.46250E+00 -0.92500E+00  0.00000E+00  0.00000E+00  0.00000E+00    0.21806E+03  0.26480E+02 -0.24454E+03 -0.64963E+01 -0.11494E+02  0.20347E+03      982.00
  0.71782E+00  0.53621E+03    0.47500E+00  0.47500E+00 -0.95000E+00  0.00000E+00  0.00000E+00  0.00000E+00    0.21805E+03  0.26229E+02 -0.24428E+03 -0.63792E+01 -0.11197E+02  0.20425E+03      982.00
  0.73491E+00  0.53689E+03    0.48750E+00  0.48750E+00 -0.97500E+00  0.00000E+00  0.00000E+00  0.00000E+00    0.21809E+03  0.25957E+02 -0.24404E+03 -0.62560E+01 -0.10892E+02  0.20501E+03      982.00
  0.75195E+00  0.53754E+03    0.50000E+00  0.50000E+00 -0.10000E+01  0.00000E+00  0.00000E+00  0.00000E+00    0.21813E+03  0.25684E+02 -0.24382E+03 -0.61290E+01 -0.10582E+02  0.20572E+03      982.00
