          Evm          Svm            E11          E22          E33          E23          E13          E12         SDEV11       SDEV22       SDEV33       SDEV23       SDEV13       SDEV12      TEMP
  0.00000E+00  0.18485E+03    0.00000E+00  0.00000E+00  0.00000E+00  0.00000E+00  0.00000E+00  0.00000E+00    0.66116E+02  0.56082E+02 -0.12220E+03 -0.60442E+01 -0.37759E+01  0.10710E+02      982.00
  0.24790E-01  0.18711E+03    0.12500E-01  0.12500E-01 -0.25000E-01  0.00000E+00  0.00000E+00  0.00000E+00    0.63555E+02  0.60159E+02 -0.12371E+03 -0.60680E+01 -0.33886E+01  0.11841E+02      982.00
  0.49584E-01  0.18866E+03    0.25000E-01  0.25000E-01 -0.50000E-01  0.00000E+00  0.00000E+00  0.00000E+00    0.60690E+02  0.63959E+02 -0.12465E+03 -0.60578E+01 -0.28117E+01  0.12795E+02      982.00
  0.74361E-01  0.19143E+03    0.37500E-01  0.37500E-01 -0.75000E-01  0.00000E+00  0.00000E+00  0.00000E+00    0.59482E+02  0.66791E+02 -0.12627E+03 -0.55275E+01 -0.24068E+01  0.14387E+02      982.00
  0.99097E-01  0.19880E+03    0.50000E-01  0.50000E-01 -0.10000E+00  0.00000E+00  0.00000E+00  0.00000E+00    0.60223E+02  0.70536E+02 -0.13076E+03 -0.49874E+01 -0.23350E+01  0.17137E+02      982.00
  0.12376E+00  0.21181E+03    0.62500E-01  0.62500E-01 -0.12500E+00  0.00000E+00  0.00000E+00  0.00000E+00    0.62754E+02  0.75946E+02 -0.13870E+03 -0.46994E+01 -0.25069E+01  0.21305E+02      982.00
  0.14832E+00  0.23017E+03    0.75000E-01  0.75000E-01 -0.15000E+00  0.00000E+00  0.00000E+00  0.00000E+00    0.66809E+02  0.83072E+02 -0.14988E+03 -0.46765E+01 -0.28471E+01  0.26738E+02      982.00
  0.17274E+00  0.25198E+03    0.87500E-01  0.87500E-01 -0.17500E+00  0.00000E+00  0.00000E+00  0.00000E+00    0.71836E+02  0.91298E+02 -0.16313E+03 -0.48457E+01 -0.32967E+01  0.32801E+02      982.00
  0.19702E+00  0.27420E+03    0.10000E+00  0.10000E+00 -0.20000E+00  0.00000E+00  0.00000E+00  0.00000E+00    0.77111E+02  0.99576E+02 -0.17669E+03 -0.51229E+01 -0.38088E+01  0.38477E+02      982.00
  0.22118E+00  0.29431E+03    0.11250E+00  0.11250E+00 -0.22500E+00  0.00000E+00  0.00000E+00  0.00000E+00    0.82051E+02  0.10702E+03 -0.18907E+03 -0.54312E+01 -0.43179E+01  0.43099E+02      982.00
  0.24527E+00  0.31148E+03    0.12500E+00  0.12500E+00 -0.25000E+00  0.00000E+00  0.00000E+00  0.00000E+00    0.86467E+02  0.11340E+03 -0.19987E+03 -0.57928E+01 -0.48669E+01  0.46283E+02      982.00
  0.26933E+00  0.32570E+03    0.13750E+00  0.13750E+00 -0.27500E+00  0.00000E+00  0.00000E+00  0.00000E+00    0.90342E+02  0.11867E+03 -0.20901E+03 -0.61711E+01 -0.54038E+01  0.48251E+02      982.00
  0.29340E+00  0.33750E+03    0.15000E+00  0.15000E+00 -0.30000E+00  0.00000E+00  0.00000E+00  0.00000E+00    0.93770E+02  0.12303E+03 -0.21680E+03 -0.65724E+01 -0.59231E+01  0.49249E+02      982.00
  0.31749E+00  0.34741E+03    0.16250E+00  0.16250E+00 -0.32500E+00  0.00000E+00  0.00000E+00  0.00000E+00    0.96922E+02  0.12664E+03 -0.22356E+03 -0.70143E+01 -0.64786E+01  0.49323E+02      982.00
  0.34162E+00  0.35584E+03    0.17500E+00  0.17500E+00 -0.35000E+00  0.00000E+00  0.00000E+00  0.00000E+00    0.99862E+02  0.12965E+03 -0.22951E+03 -0.74994E+01 -0.70569E+01  0.48712E+02      982.00
  0.36581E+00  0.36288E+03    0.18750E+00  0.18750E+00 -0.37500E+00  0.00000E+00  0.00000E+00  0.00000E+00    0.10258E+03  0.13205E+03 -0.23463E+03 -0.79747E+01 -0.76089E+01  0.47602E+02      982.00
  0.39005E+00  0.36919E+03    0.20000E+00  0.20000E+00 -0.40000E+00  0.00000E+00  0.00000E+00  0.00000E+00    0.10521E+03  0.13411E+03 -0.23932E+03 -0.84389E+01 -0.80888E+01  0.46182E+02      982.00
  0.41436E+00  0.37519E+03    0.21250E+00  0.21250E+00 -0.42500E+00  0.00000E+00  0.00000E+00  0.00000E+00    0.10782E+03  0.13602E+03 -0.24384E+03 -0.89582E+01 -0.86134E+01  0.44465E+02      982.00
  0.43873E+00  0.38092E+03    0.22500E+00  0.22500E+00 -0.45000E+00  0.00000E+00  0.00000E+00  0.00000E+00    0.11041E+03  0.13777E+03 -0.24818E+03 -0.94928E+01 -0.91274E+01  0.42546E+02      982.00
  0.46316E+00  0.38268E+03    0.23750E+00  0.23750E+00 -0.47500E+00  0.00000E+00  0.00000E+00  0.00000E+00    0.11189E+03  0.13802E+03 -0.24991E+03 -0.96148E+01 -0.92108E+01  0.40323E+02      982.00
  0.48765E+00  0.38486E+03    0.25000E+00  0.25000E+00 -0.50000E+00  0.00000E+00  0.00000E+00  0.00000E+00    0.11343E+03  0.13843E+03 -0.25186E+03 -0.97474E+01 -0.93321E+01  0.38229E+02      982.00
  0.51219E+00  0.38729E+03    0.26250E+00  0.26250E+00 -0.52500E+00  0.00000E+00  0.00000E+00  0.00000E+00    0.11501E+03  0.13892E+03 -0.25393E+03 -0.98955E+01 -0.95044E+01  0.36137E+02      982.00
  0.53678E+00  0.38984E+03    0.27500E+00  0.27500E+00 -0.55000E+00  0.00000E+00  0.00000E+00  0.00000E+00    0.11658E+03  0.13945E+03 -0.25603E+03 -0.99922E+01 -0.95894E+01  0.34248E+02      982.00
  0.56141E+00  0.39252E+03    0.28750E+00  0.28750E+00 -0.57500E+00  0.00000E+00  0.00000E+00  0.00000E+00    0.11815E+03  0.14002E+03 -0.25817E+03 -0.10074E+02 -0.96604E+01  0.32451E+02      982.00
  0.58607E+00  0.39532E+03    0.30000E+00  0.30000E+00 -0.60000E+00  0.00000E+00  0.00000E+00  0.00000E+00    0.11973E+03  0.14063E+03 -0.26036E+03 -0.10142E+02 -0.97189E+01  0.30743E+02      982.00
  0.61077E+00  0.39821E+03    0.31250E+00  0.31250E+00 -0.62500E+00  0.00000E+00  0.00000E+00  0.00000E+00    0.12130E+03  0.14128E+03 -0.26258E+03 -0.10196E+02 -0.97652E+01  0.29121E+02      982.00
  0.63550E+00  0.40118E+03    0.32500E+00  0.32500E+00 -0.65000E+00  0.00000E+00  0.00000E+00  0.00000E+00    0.12285E+03  0.14196E+03 -0.26482E+03 -0.10236E+02 -0.98000E+01  0.27581E+02      982.00
  0.66025E+00  0.40421E+03    0.33750E+00  0.33750E+00 -0.67500E+00  0.00000E+00  0.00000E+00  0.00000E+00    0.12440E+03  0.14267E+03 -0.26707E+03 -0.10263E+02 -0.98239E+01  0.26122E+02      982.00
  0.68503E+00  0.40717E+03    0.35000E+00  0.35000E+00 -0.70000E+00  0.00000E+00  0.00000E+00  0.00000E+00    0.12589E+03  0.14336E+03 -0.26925E+03 -0.10277E+02 -0.98480E+01  0.24738E+02      982.00
  0.70983E+00  0.41026E+03    0.36250E+00  0.36250E+00 -0.72500E+00  0.00000E+00  0.00000E+00  0.00000E+00    0.12739E+03  0.14411E+03 -0.27150E+03 -0.10279E+02 -0.98508E+01  0.23430E+02      982.00
  0.73464E+00  0.41335E+03    0.37500E+00  0.37500E+00 -0.75000E+00  0.00000E+00  0.00000E+00  0.00000E+00    0.12886E+03  0.14487E+03 -0.27372E+03 -0.10270E+02 -0.98444E+01  0.22194E+02      982.00
  0.75948E+00  0.41643E+03    0.38750E+00  0.38750E+00 -0.77500E+00  0.00000E+00  0.00000E+00  0.00000E+00    0.13029E+03  0.14564E+03 -0.27593E+03 -0.10250E+02 -0.98296E+01  0.21025E+02      982.00
  0.78432E+00  0.41949E+03    0.40000E+00  0.40000E+00 -0.80000E+00  0.00000E+00  0.00000E+00  0.00000E+00    0.13169E+03  0.14641E+03 -0.27810E+03 -0.10220E+02 -0.98070E+01  0.19923E+02      982.00
  0.80919E+00  0.42251E+03    0.41250E+00  0.41250E+00 -0.82500E+00  0.00000E+00  0.00000E+00  0.00000E+00    0.13305E+03  0.14719E+03 -0.28024E+03 -0.10180E+02 -0.97773E+01  0.18882E+02      982.00
  0.83406E+00  0.42549E+03    0.42500E+00  0.42500E+00 -0.85000E+00  0.00000E+00  0.00000E+00  0.00000E+00    0.13437E+03  0.14796E+03 -0.28233E+03 -0.10133E+02 -0.97408E+01  0.17902E+02      982.00
  0.85894E+00  0.42841E+03    0.43750E+00  0.43750E+00 -0.87500E+00  0.00000E+00  0.00000E+00  0.00000E+00    0.13564E+03  0.14873E+03 -0.28438E+03 -0.10077E+02 -0.96981E+01  0.16978E+02      982.00
  0.88383E+00  0.43127E+03    0.45000E+00  0.45000E+00 -0.90000E+00  0.00000E+00  0.00000E+00  0.00000E+00    0.13687E+03  0.14950E+03 -0.28637E+03 -0.10015E+02 -0.96502E+01  0.16107E+02      982.00
  0.90873E+00  0.43405E+03    0.46250E+00  0.46250E+00 -0.92500E+00  0.00000E+00  0.00000E+00  0.00000E+00    0.13805E+03  0.15025E+03 -0.28830E+03 -0.99460E+01 -0.95976E+01  0.15287E+02      982.00
  0.93364E+00  0.43676E+03    0.47500E+00  0.47500E+00 -0.95000E+00  0.00000E+00  0.00000E+00  0.00000E+00    0.13917E+03  0.15100E+03 -0.29017E+03 -0.98723E+01 -0.95407E+01  0.14515E+02      982.00
  0.95856E+00  0.43938E+03    0.48750E+00  0.48750E+00 -0.97500E+00  0.00000E+00  0.00000E+00  0.00000E+00    0.14024E+03  0.15175E+03 -0.29199E+03 -0.97941E+01 -0.94799E+01  0.13788E+02      982.00
  0.98348E+00  0.44192E+03    0.50000E+00  0.50000E+00 -0.10000E+01  0.00000E+00  0.00000E+00  0.00000E+00    0.14126E+03  0.15248E+03 -0.29374E+03 -0.97123E+01 -0.94159E+01  0.13103E+02      982.00
