          Evm          Svm            E11          E22          E33          E23          E13          E12         SDEV11       SDEV22       SDEV33       SDEV23       SDEV13       SDEV12      TEMP
  0.00000E+00  0.22167E+03    0.00000E+00  0.00000E+00  0.00000E+00  0.00000E+00  0.00000E+00  0.00000E+00    0.79367E+02  0.67844E+02 -0.14721E+03 -0.28698E+01  0.78401E+01 -0.47826E+01      982.00
  0.24904E-01  0.22012E+03    0.12500E-01  0.12500E-01 -0.25000E-01  0.00000E+00  0.00000E+00  0.00000E+00    0.79171E+02  0.66977E+02 -0.14615E+03 -0.28679E+01  0.78350E+01 -0.50446E+01      982.00
  0.49801E-01  0.23838E+03    0.25000E-01  0.25000E-01 -0.50000E-01  0.00000E+00  0.00000E+00  0.00000E+00    0.86106E+02  0.72184E+02 -0.15829E+03 -0.28597E+01  0.77817E+01 -0.56905E+01      982.00
  0.74702E-01  0.28290E+03    0.37500E-01  0.37500E-01 -0.75000E-01  0.00000E+00  0.00000E+00  0.00000E+00    0.10252E+03  0.85402E+02 -0.18792E+03 -0.30189E+01  0.81107E+01 -0.66733E+01      982.00
  0.99612E-01  0.33835E+03    0.50000E-01  0.50000E-01 -0.10000E+00  0.00000E+00  0.00000E+00  0.00000E+00    0.12132E+03  0.10362E+03 -0.22494E+03 -0.35211E+01  0.93370E+01 -0.57848E+01      982.00
  0.12454E+00  0.36411E+03    0.62500E-01  0.62500E-01 -0.12500E+00  0.00000E+00  0.00000E+00  0.00000E+00    0.12695E+03  0.11543E+03 -0.24238E+03 -0.34058E+01  0.89652E+01 -0.23259E+01      982.00
  0.14951E+00  0.37011E+03    0.75000E-01  0.75000E-01 -0.15000E+00  0.00000E+00  0.00000E+00  0.00000E+00    0.12560E+03  0.12096E+03 -0.24656E+03 -0.28345E+01  0.72743E+01  0.43698E+00      982.00
  0.17449E+00  0.38752E+03    0.87500E-01  0.87500E-01 -0.17500E+00  0.00000E+00  0.00000E+00  0.00000E+00    0.12953E+03  0.12867E+03 -0.25820E+03 -0.27364E+01  0.68533E+01  0.20358E+01      982.00
  0.19947E+00  0.41258E+03    0.10000E+00  0.10000E+00 -0.20000E+00  0.00000E+00  0.00000E+00  0.00000E+00    0.13719E+03  0.13768E+03 -0.27487E+03 -0.30342E+01  0.75234E+01  0.29599E+01      982.00
  0.22446E+00  0.44021E+03    0.11250E+00  0.11250E+00 -0.22500E+00  0.00000E+00  0.00000E+00  0.00000E+00    0.14610E+03  0.14713E+03 -0.29323E+03 -0.35920E+01  0.89233E+01  0.37209E+01      982.00
  0.24944E+00  0.46664E+03    0.12500E+00  0.12500E+00 -0.25000E+00  0.00000E+00  0.00000E+00  0.00000E+00    0.15478E+03  0.15598E+03 -0.31076E+03 -0.42810E+01  0.10716E+02  0.44995E+01      982.00
  0.27441E+00  0.49024E+03    0.13750E+00  0.13750E+00 -0.27500E+00  0.00000E+00  0.00000E+00  0.00000E+00    0.16248E+03  0.16392E+03 -0.32640E+03 -0.50001E+01  0.12626E+02  0.51927E+01      982.00
  0.29938E+00  0.51043E+03    0.15000E+00  0.15000E+00 -0.30000E+00  0.00000E+00  0.00000E+00  0.00000E+00    0.16900E+03  0.17074E+03 -0.33974E+03 -0.57252E+01  0.14596E+02  0.58659E+01      982.00
  0.32434E+00  0.52687E+03    0.16250E+00  0.16250E+00 -0.32500E+00  0.00000E+00  0.00000E+00  0.00000E+00    0.17424E+03  0.17633E+03 -0.35057E+03 -0.64017E+01  0.16451E+02  0.65268E+01      982.00
  0.34929E+00  0.53992E+03    0.17500E+00  0.17500E+00 -0.35000E+00  0.00000E+00  0.00000E+00  0.00000E+00    0.17836E+03  0.18079E+03 -0.35916E+03 -0.69818E+01  0.18046E+02  0.71238E+01      982.00
  0.37423E+00  0.55019E+03    0.18750E+00  0.18750E+00 -0.37500E+00  0.00000E+00  0.00000E+00  0.00000E+00    0.18157E+03  0.18433E+03 -0.36590E+03 -0.74668E+01  0.19372E+02  0.76623E+01      982.00
  0.39917E+00  0.55799E+03    0.20000E+00  0.20000E+00 -0.40000E+00  0.00000E+00  0.00000E+00  0.00000E+00    0.18390E+03  0.18711E+03 -0.37102E+03 -0.78331E+01  0.20339E+02  0.80977E+01      982.00
  0.42411E+00  0.56386E+03    0.21250E+00  0.21250E+00 -0.42500E+00  0.00000E+00  0.00000E+00  0.00000E+00    0.18561E+03  0.18926E+03 -0.37487E+03 -0.80943E+01  0.20989E+02  0.84405E+01      982.00
  0.44904E+00  0.56835E+03    0.22500E+00  0.22500E+00 -0.45000E+00  0.00000E+00  0.00000E+00  0.00000E+00    0.18685E+03  0.19097E+03 -0.37782E+03 -0.83417E+01  0.21571E+02  0.86891E+01      982.00
  0.47397E+00  0.56955E+03    0.23750E+00  0.23750E+00 -0.47500E+00  0.00000E+00  0.00000E+00  0.00000E+00    0.18728E+03  0.19132E+03 -0.37860E+03 -0.84084E+01  0.21701E+02  0.89113E+01      982.00
  0.49889E+00  0.56977E+03    0.25000E+00  0.25000E+00 -0.50000E+00  0.00000E+00  0.00000E+00  0.00000E+00    0.18740E+03  0.19135E+03 -0.37875E+03 -0.83937E+01  0.21585E+02  0.90074E+01      982.00
  0.52382E+00  0.57002E+03    0.26250E+00  0.26250E+00 -0.52500E+00  0.00000E+00  0.00000E+00  0.00000E+00    0.18758E+03  0.19135E+03 -0.37893E+03 -0.83854E+01  0.21448E+02  0.91568E+01      982.00
  0.54875E+00  0.56990E+03    0.27500E+00  0.27500E+00 -0.55000E+00  0.00000E+00  0.00000E+00  0.00000E+00    0.18765E+03  0.19121E+03 -0.37886E+03 -0.83486E+01  0.21290E+02  0.92437E+01      982.00
  0.57368E+00  0.56965E+03    0.28750E+00  0.28750E+00 -0.57500E+00  0.00000E+00  0.00000E+00  0.00000E+00    0.18762E+03  0.19107E+03 -0.37869E+03 -0.83512E+01  0.21278E+02  0.92667E+01      982.00
  0.59861E+00  0.56966E+03    0.30000E+00  0.30000E+00 -0.60000E+00  0.00000E+00  0.00000E+00  0.00000E+00    0.18759E+03  0.19111E+03 -0.37870E+03 -0.83493E+01  0.21257E+02  0.92273E+01      982.00
  0.62354E+00  0.56929E+03    0.31250E+00  0.31250E+00 -0.62500E+00  0.00000E+00  0.00000E+00  0.00000E+00    0.18766E+03  0.19079E+03 -0.37845E+03 -0.83945E+01  0.21194E+02  0.93274E+01      982.00
  0.64847E+00  0.56878E+03    0.32500E+00  0.32500E+00 -0.65000E+00  0.00000E+00  0.00000E+00  0.00000E+00    0.18753E+03  0.19059E+03 -0.37812E+03 -0.84122E+01  0.21101E+02  0.92866E+01      982.00
  0.67340E+00  0.56826E+03    0.33750E+00  0.33750E+00 -0.67500E+00  0.00000E+00  0.00000E+00  0.00000E+00    0.18746E+03  0.19032E+03 -0.37778E+03 -0.84249E+01  0.21042E+02  0.92874E+01      982.00
  0.69833E+00  0.56765E+03    0.35000E+00  0.35000E+00 -0.70000E+00  0.00000E+00  0.00000E+00  0.00000E+00    0.18736E+03  0.19001E+03 -0.37738E+03 -0.84385E+01  0.20982E+02  0.92847E+01      982.00
  0.72326E+00  0.56748E+03    0.36250E+00  0.36250E+00 -0.72500E+00  0.00000E+00  0.00000E+00  0.00000E+00    0.18738E+03  0.18987E+03 -0.37725E+03 -0.85156E+01  0.21083E+02  0.92786E+01      982.00
  0.74819E+00  0.56675E+03    0.37500E+00  0.37500E+00 -0.75000E+00  0.00000E+00  0.00000E+00  0.00000E+00    0.18726E+03  0.18951E+03 -0.37677E+03 -0.85268E+01  0.21021E+02  0.92642E+01      982.00
  0.77312E+00  0.56596E+03    0.38750E+00  0.38750E+00 -0.77500E+00  0.00000E+00  0.00000E+00  0.00000E+00    0.18713E+03  0.18912E+03 -0.37625E+03 -0.85485E+01  0.20977E+02  0.92470E+01      982.00
  0.79805E+00  0.56503E+03    0.40000E+00  0.40000E+00 -0.80000E+00  0.00000E+00  0.00000E+00  0.00000E+00    0.18696E+03  0.18867E+03 -0.37563E+03 -0.85747E+01  0.20936E+02  0.92184E+01      982.00
  0.82298E+00  0.56408E+03    0.41250E+00  0.41250E+00 -0.82500E+00  0.00000E+00  0.00000E+00  0.00000E+00    0.18679E+03  0.18821E+03 -0.37500E+03 -0.85946E+01  0.20885E+02  0.91945E+01      982.00
  0.84791E+00  0.56305E+03    0.42500E+00  0.42500E+00 -0.85000E+00  0.00000E+00  0.00000E+00  0.00000E+00    0.18660E+03  0.18772E+03 -0.37431E+03 -0.86125E+01  0.20828E+02  0.91673E+01      982.00
  0.87284E+00  0.56242E+03    0.43750E+00  0.43750E+00 -0.87500E+00  0.00000E+00  0.00000E+00  0.00000E+00    0.18651E+03  0.18737E+03 -0.37389E+03 -0.86757E+01  0.20893E+02  0.91461E+01      982.00
  0.89777E+00  0.56136E+03    0.45000E+00  0.45000E+00 -0.90000E+00  0.00000E+00  0.00000E+00  0.00000E+00    0.18632E+03  0.18686E+03 -0.37318E+03 -0.86990E+01  0.20847E+02  0.91168E+01      982.00
  0.92269E+00  0.56016E+03    0.46250E+00  0.46250E+00 -0.92500E+00  0.00000E+00  0.00000E+00  0.00000E+00    0.18608E+03  0.18630E+03 -0.37238E+03 -0.87133E+01  0.20777E+02  0.90871E+01      982.00
  0.94762E+00  0.55882E+03    0.47500E+00  0.47500E+00 -0.95000E+00  0.00000E+00  0.00000E+00  0.00000E+00    0.18581E+03  0.18569E+03 -0.37150E+03 -0.87190E+01  0.20683E+02  0.90553E+01      982.00
  0.97255E+00  0.55748E+03    0.48750E+00  0.48750E+00 -0.97500E+00  0.00000E+00  0.00000E+00  0.00000E+00    0.18553E+03  0.18507E+03 -0.37061E+03 -0.87282E+01  0.20597E+02  0.90277E+01      982.00
  0.99748E+00  0.55607E+03    0.50000E+00  0.50000E+00 -0.10000E+01  0.00000E+00  0.00000E+00  0.00000E+00    0.18524E+03  0.18443E+03 -0.36967E+03 -0.87349E+01  0.20504E+02  0.90020E+01      982.00
