          Evm          Svm            E11          E22          E33          E23          E13          E12         SDEV11       SDEV22       SDEV33       SDEV23       SDEV13       SDEV12      TEMP
  0.00000E+00  0.19627E+03    0.00000E+00  0.00000E+00  0.00000E+00  0.00000E+00  0.00000E+00  0.00000E+00    0.47560E+02  0.76177E+02 -0.12374E+03 -0.12951E+02 -0.28448E+01  0.31256E+02      982.00
  0.23642E-01  0.19568E+03    0.12500E-01  0.12500E-01 -0.25000E-01  0.00000E+00  0.00000E+00  0.00000E+00    0.44936E+02  0.77934E+02 -0.12287E+03 -0.10443E+02 -0.19295E+01  0.32502E+02      982.00
  0.47188E-01  0.20150E+03    0.25000E-01  0.25000E-01 -0.50000E-01  0.00000E+00  0.00000E+00  0.00000E+00    0.42912E+02  0.82420E+02 -0.12533E+03 -0.91593E+01 -0.17489E+01  0.35725E+02      982.00
  0.70512E-01  0.21346E+03    0.37500E-01  0.37500E-01 -0.75000E-01  0.00000E+00  0.00000E+00  0.00000E+00    0.42365E+02  0.88632E+02 -0.13100E+03 -0.90899E+01 -0.21245E+01  0.41178E+02      982.00
  0.93526E-01  0.20915E+03    0.50000E-01  0.50000E-01 -0.10000E+00  0.00000E+00  0.00000E+00  0.00000E+00    0.40275E+02  0.88130E+02 -0.12840E+03 -0.81996E+01 -0.17623E+01  0.39662E+02      982.00
  0.11655E+00  0.20976E+03    0.62500E-01  0.62500E-01 -0.12500E+00  0.00000E+00  0.00000E+00  0.00000E+00    0.37787E+02  0.90500E+02 -0.12829E+03 -0.84031E+01 -0.23560E+01  0.39397E+02      982.00
  0.13948E+00  0.22362E+03    0.75000E-01  0.75000E-01 -0.15000E+00  0.00000E+00  0.00000E+00  0.00000E+00    0.36379E+02  0.98478E+02 -0.13486E+03 -0.97064E+01 -0.37142E+01  0.44242E+02      982.00
  0.16210E+00  0.24792E+03    0.87500E-01  0.87500E-01 -0.17500E+00  0.00000E+00  0.00000E+00  0.00000E+00    0.35245E+02  0.11113E+03 -0.14638E+03 -0.11289E+02 -0.52078E+01  0.53146E+02      982.00
  0.18424E+00  0.27764E+03    0.10000E+00  0.10000E+00 -0.20000E+00  0.00000E+00  0.00000E+00  0.00000E+00    0.34584E+02  0.12586E+03 -0.16044E+03 -0.12905E+02 -0.64343E+01  0.64025E+02      982.00
  0.20591E+00  0.30834E+03    0.11250E+00  0.11250E+00 -0.22500E+00  0.00000E+00  0.00000E+00  0.00000E+00    0.34080E+02  0.14081E+03 -0.17489E+03 -0.14119E+02 -0.72811E+01  0.75169E+02      982.00
  0.22718E+00  0.33578E+03    0.12500E+00  0.12500E+00 -0.25000E+00  0.00000E+00  0.00000E+00  0.00000E+00    0.33707E+02  0.15414E+03 -0.18785E+03 -0.14806E+02 -0.77177E+01  0.84929E+02      982.00
  0.24816E+00  0.35783E+03    0.13750E+00  0.13750E+00 -0.27500E+00  0.00000E+00  0.00000E+00  0.00000E+00    0.33606E+02  0.16485E+03 -0.19845E+03 -0.15065E+02 -0.78116E+01  0.92470E+02      982.00
  0.26895E+00  0.37485E+03    0.15000E+00  0.15000E+00 -0.30000E+00  0.00000E+00  0.00000E+00  0.00000E+00    0.33703E+02  0.17315E+03 -0.20686E+03 -0.14992E+02 -0.76887E+01  0.97983E+02      982.00
  0.28965E+00  0.38754E+03    0.16250E+00  0.16250E+00 -0.32500E+00  0.00000E+00  0.00000E+00  0.00000E+00    0.34013E+02  0.17938E+03 -0.21339E+03 -0.14690E+02 -0.74415E+01  0.10177E+03      982.00
  0.31030E+00  0.39675E+03    0.17500E+00  0.17500E+00 -0.35000E+00  0.00000E+00  0.00000E+00  0.00000E+00    0.34547E+02  0.18389E+03 -0.21844E+03 -0.14246E+02 -0.71275E+01  0.10418E+03      982.00
  0.33094E+00  0.40319E+03    0.18750E+00  0.18750E+00 -0.37500E+00  0.00000E+00  0.00000E+00  0.00000E+00    0.35283E+02  0.18703E+03 -0.22231E+03 -0.13706E+02 -0.67863E+01  0.10549E+03      982.00
  0.35162E+00  0.40742E+03    0.20000E+00  0.20000E+00 -0.40000E+00  0.00000E+00  0.00000E+00  0.00000E+00    0.36203E+02  0.18906E+03 -0.22527E+03 -0.13105E+02 -0.64407E+01  0.10591E+03      982.00
  0.37235E+00  0.40999E+03    0.21250E+00  0.21250E+00 -0.42500E+00  0.00000E+00  0.00000E+00  0.00000E+00    0.37335E+02  0.19024E+03 -0.22757E+03 -0.12548E+02 -0.61029E+01  0.10559E+03      982.00
  0.39317E+00  0.41065E+03    0.22500E+00  0.22500E+00 -0.45000E+00  0.00000E+00  0.00000E+00  0.00000E+00    0.38839E+02  0.19029E+03 -0.22912E+03 -0.11957E+02 -0.57946E+01  0.10453E+03      982.00
  0.41409E+00  0.41057E+03    0.23750E+00  0.23750E+00 -0.47500E+00  0.00000E+00  0.00000E+00  0.00000E+00    0.40421E+02  0.18998E+03 -0.23040E+03 -0.11399E+02 -0.55026E+01  0.10308E+03      982.00
  0.43514E+00  0.40666E+03    0.25000E+00  0.25000E+00 -0.50000E+00  0.00000E+00  0.00000E+00  0.00000E+00    0.41887E+02  0.18784E+03 -0.22973E+03 -0.10855E+02 -0.52439E+01  0.10036E+03      982.00
  0.45632E+00  0.40261E+03    0.26250E+00  0.26250E+00 -0.52500E+00  0.00000E+00  0.00000E+00  0.00000E+00    0.43417E+02  0.18560E+03 -0.22902E+03 -0.10366E+02 -0.50053E+01  0.97513E+02      982.00
  0.47765E+00  0.39860E+03    0.27500E+00  0.27500E+00 -0.55000E+00  0.00000E+00  0.00000E+00  0.00000E+00    0.45027E+02  0.18332E+03 -0.22834E+03 -0.99394E+01 -0.47870E+01  0.94626E+02      982.00
  0.49913E+00  0.39466E+03    0.28750E+00  0.28750E+00 -0.57500E+00  0.00000E+00  0.00000E+00  0.00000E+00    0.46712E+02  0.18100E+03 -0.22771E+03 -0.95751E+01 -0.45895E+01  0.91708E+02      982.00
  0.52077E+00  0.39072E+03    0.30000E+00  0.30000E+00 -0.60000E+00  0.00000E+00  0.00000E+00  0.00000E+00    0.48503E+02  0.17859E+03 -0.22709E+03 -0.92792E+01 -0.44170E+01  0.88732E+02      982.00
  0.54256E+00  0.38700E+03    0.31250E+00  0.31250E+00 -0.62500E+00  0.00000E+00  0.00000E+00  0.00000E+00    0.50321E+02  0.17625E+03 -0.22657E+03 -0.90335E+01 -0.42603E+01  0.85788E+02      982.00
  0.56452E+00  0.38345E+03    0.32500E+00  0.32500E+00 -0.65000E+00  0.00000E+00  0.00000E+00  0.00000E+00    0.52193E+02  0.17393E+03 -0.22612E+03 -0.88430E+01 -0.41234E+01  0.82850E+02      982.00
  0.58663E+00  0.38008E+03    0.33750E+00  0.33750E+00 -0.67500E+00  0.00000E+00  0.00000E+00  0.00000E+00    0.54113E+02  0.17163E+03 -0.22575E+03 -0.87045E+01 -0.40054E+01  0.79931E+02      982.00
  0.60891E+00  0.37693E+03    0.35000E+00  0.35000E+00 -0.70000E+00  0.00000E+00  0.00000E+00  0.00000E+00    0.56074E+02  0.16938E+03 -0.22546E+03 -0.86142E+01 -0.39052E+01  0.77043E+02      982.00
  0.63134E+00  0.37385E+03    0.36250E+00  0.36250E+00 -0.72500E+00  0.00000E+00  0.00000E+00  0.00000E+00    0.58154E+02  0.16705E+03 -0.22520E+03 -0.85945E+01 -0.38254E+01  0.74151E+02      982.00
  0.65393E+00  0.37119E+03    0.37500E+00  0.37500E+00 -0.75000E+00  0.00000E+00  0.00000E+00  0.00000E+00    0.60177E+02  0.16492E+03 -0.22510E+03 -0.85859E+01 -0.37561E+01  0.71362E+02      982.00
  0.67667E+00  0.36879E+03    0.38750E+00  0.38750E+00 -0.77500E+00  0.00000E+00  0.00000E+00  0.00000E+00    0.62221E+02  0.16288E+03 -0.22510E+03 -0.86117E+01 -0.37007E+01  0.68634E+02      982.00
  0.69956E+00  0.36665E+03    0.40000E+00  0.40000E+00 -0.80000E+00  0.00000E+00  0.00000E+00  0.00000E+00    0.64281E+02  0.16092E+03 -0.22520E+03 -0.86672E+01 -0.36576E+01  0.65975E+02      982.00
  0.72259E+00  0.36480E+03    0.41250E+00  0.41250E+00 -0.82500E+00  0.00000E+00  0.00000E+00  0.00000E+00    0.66352E+02  0.15905E+03 -0.22540E+03 -0.87474E+01 -0.36254E+01  0.63389E+02      982.00
  0.74576E+00  0.36322E+03    0.42500E+00  0.42500E+00 -0.85000E+00  0.00000E+00  0.00000E+00  0.00000E+00    0.68429E+02  0.15727E+03 -0.22570E+03 -0.88473E+01 -0.36026E+01  0.60883E+02      982.00
  0.76906E+00  0.36192E+03    0.43750E+00  0.43750E+00 -0.87500E+00  0.00000E+00  0.00000E+00  0.00000E+00    0.70505E+02  0.15560E+03 -0.22610E+03 -0.89623E+01 -0.35878E+01  0.58459E+02      982.00
  0.79249E+00  0.36089E+03    0.45000E+00  0.45000E+00 -0.90000E+00  0.00000E+00  0.00000E+00  0.00000E+00    0.72578E+02  0.15402E+03 -0.22660E+03 -0.90880E+01 -0.35797E+01  0.56120E+02      982.00
  0.81603E+00  0.36013E+03    0.46250E+00  0.46250E+00 -0.92500E+00  0.00000E+00  0.00000E+00  0.00000E+00    0.74641E+02  0.15255E+03 -0.22720E+03 -0.92201E+01 -0.35770E+01  0.53867E+02      982.00
  0.83969E+00  0.35954E+03    0.47500E+00  0.47500E+00 -0.95000E+00  0.00000E+00  0.00000E+00  0.00000E+00    0.76728E+02  0.15111E+03 -0.22784E+03 -0.93894E+01 -0.35790E+01  0.51688E+02      982.00
  0.86346E+00  0.35929E+03    0.48750E+00  0.48750E+00 -0.97500E+00  0.00000E+00  0.00000E+00  0.00000E+00    0.78759E+02  0.14986E+03 -0.22862E+03 -0.94966E+01 -0.35811E+01  0.49620E+02      982.00
  0.88732E+00  0.35926E+03    0.50000E+00  0.50000E+00 -0.10000E+01  0.00000E+00  0.00000E+00  0.00000E+00    0.80767E+02  0.14871E+03 -0.22947E+03 -0.96260E+01 -0.35881E+01  0.47627E+02      982.00
