          Evm          Svm            E11          E22          E33          E23          E13          E12         SDEV11       SDEV22       SDEV33       SDEV23       SDEV13       SDEV12      TEMP
  0.00000E+00  0.20661E+03    0.00000E+00  0.00000E+00  0.00000E+00  0.00000E+00  0.00000E+00  0.00000E+00    0.69520E+02  0.67195E+02 -0.13672E+03  0.74886E+01  0.50727E+01  0.11276E+02      982.00
  0.24815E-01  0.19842E+03    0.12500E-01  0.12500E-01 -0.25000E-01  0.00000E+00  0.00000E+00  0.00000E+00    0.64583E+02  0.66839E+02 -0.13142E+03  0.66337E+01  0.34610E+01  0.10608E+02      982.00
  0.49652E-01  0.19443E+03    0.25000E-01  0.25000E-01 -0.50000E-01  0.00000E+00  0.00000E+00  0.00000E+00    0.61878E+02  0.66906E+02 -0.12878E+03  0.56034E+01  0.25090E+01  0.10885E+02      982.00
  0.74491E-01  0.19590E+03    0.37500E-01  0.37500E-01 -0.75000E-01  0.00000E+00  0.00000E+00  0.00000E+00    0.61226E+02  0.68418E+02 -0.12964E+03  0.48010E+01  0.20998E+01  0.12091E+02      982.00
  0.99308E-01  0.20324E+03    0.50000E-01  0.50000E-01 -0.10000E+00  0.00000E+00  0.00000E+00  0.00000E+00    0.62428E+02  0.71818E+02 -0.13425E+03  0.43737E+01  0.20546E+01  0.14362E+02      982.00
  0.12408E+00  0.21632E+03    0.62500E-01  0.62500E-01 -0.12500E+00  0.00000E+00  0.00000E+00  0.00000E+00    0.65231E+02  0.77237E+02 -0.14247E+03  0.42638E+01  0.22377E+01  0.17782E+02      982.00
  0.14878E+00  0.23446E+03    0.75000E-01  0.75000E-01 -0.15000E+00  0.00000E+00  0.00000E+00  0.00000E+00    0.69311E+02  0.84538E+02 -0.15385E+03  0.44131E+01  0.26028E+01  0.22066E+02      982.00
  0.17338E+00  0.25541E+03    0.87500E-01  0.87500E-01 -0.17500E+00  0.00000E+00  0.00000E+00  0.00000E+00    0.74012E+02  0.92992E+02 -0.16700E+03  0.47432E+01  0.31131E+01  0.26558E+02      982.00
  0.19790E+00  0.27641E+03    0.10000E+00  0.10000E+00 -0.20000E+00  0.00000E+00  0.00000E+00  0.00000E+00    0.78664E+02  0.10158E+03 -0.18025E+03  0.51748E+01  0.37219E+01  0.30485E+02      982.00
  0.22236E+00  0.29548E+03    0.11250E+00  0.11250E+00 -0.22500E+00  0.00000E+00  0.00000E+00  0.00000E+00    0.82884E+02  0.10951E+03 -0.19239E+03  0.56562E+01  0.43878E+01  0.33364E+02      982.00
  0.24677E+00  0.31193E+03    0.12500E+00  0.12500E+00 -0.25000E+00  0.00000E+00  0.00000E+00  0.00000E+00    0.86604E+02  0.11641E+03 -0.20301E+03  0.61586E+01  0.50743E+01  0.35160E+02      982.00
  0.27118E+00  0.32585E+03    0.13750E+00  0.13750E+00 -0.27500E+00  0.00000E+00  0.00000E+00  0.00000E+00    0.89959E+02  0.12219E+03 -0.21215E+03  0.66698E+01  0.57693E+01  0.36022E+02      982.00
  0.29559E+00  0.33758E+03    0.15000E+00  0.15000E+00 -0.30000E+00  0.00000E+00  0.00000E+00  0.00000E+00    0.93008E+02  0.12700E+03 -0.22000E+03  0.71894E+01  0.64572E+01  0.36095E+02      982.00
  0.32003E+00  0.34775E+03    0.16250E+00  0.16250E+00 -0.32500E+00  0.00000E+00  0.00000E+00  0.00000E+00    0.95929E+02  0.13101E+03 -0.22694E+03  0.77290E+01  0.71463E+01  0.35564E+02      982.00
  0.34451E+00  0.35669E+03    0.17500E+00  0.17500E+00 -0.35000E+00  0.00000E+00  0.00000E+00  0.00000E+00    0.98759E+02  0.13439E+03 -0.23315E+03  0.82824E+01  0.78270E+01  0.34555E+02      982.00
  0.36902E+00  0.36488E+03    0.18750E+00  0.18750E+00 -0.37500E+00  0.00000E+00  0.00000E+00  0.00000E+00    0.10156E+03  0.13735E+03 -0.23891E+03  0.88629E+01  0.85031E+01  0.33163E+02      982.00
  0.39357E+00  0.37246E+03    0.20000E+00  0.20000E+00 -0.40000E+00  0.00000E+00  0.00000E+00  0.00000E+00    0.10436E+03  0.13994E+03 -0.24429E+03  0.94585E+01  0.91769E+01  0.31491E+02      982.00
  0.41817E+00  0.37967E+03    0.21250E+00  0.21250E+00 -0.42500E+00  0.00000E+00  0.00000E+00  0.00000E+00    0.10718E+03  0.14226E+03 -0.24944E+03  0.10030E+02  0.97899E+01  0.29674E+02      982.00
  0.44280E+00  0.38668E+03    0.22500E+00  0.22500E+00 -0.45000E+00  0.00000E+00  0.00000E+00  0.00000E+00    0.11003E+03  0.14441E+03 -0.25444E+03  0.10591E+02  0.10358E+02  0.27742E+02      982.00
  0.46748E+00  0.38950E+03    0.23750E+00  0.23750E+00 -0.47500E+00  0.00000E+00  0.00000E+00  0.00000E+00    0.11190E+03  0.14479E+03 -0.25669E+03  0.10665E+02  0.10405E+02  0.25744E+02      982.00
  0.49219E+00  0.39268E+03    0.25000E+00  0.25000E+00 -0.50000E+00  0.00000E+00  0.00000E+00  0.00000E+00    0.11370E+03  0.14541E+03 -0.25911E+03  0.10722E+02  0.10431E+02  0.23913E+02      982.00
  0.51694E+00  0.39596E+03    0.26250E+00  0.26250E+00 -0.52500E+00  0.00000E+00  0.00000E+00  0.00000E+00    0.11549E+03  0.14607E+03 -0.26156E+03  0.10766E+02  0.10443E+02  0.22186E+02      982.00
  0.54171E+00  0.39934E+03    0.27500E+00  0.27500E+00 -0.55000E+00  0.00000E+00  0.00000E+00  0.00000E+00    0.11728E+03  0.14677E+03 -0.26405E+03  0.10798E+02  0.10439E+02  0.20560E+02      982.00
  0.56650E+00  0.40277E+03    0.28750E+00  0.28750E+00 -0.57500E+00  0.00000E+00  0.00000E+00  0.00000E+00    0.11905E+03  0.14749E+03 -0.26655E+03  0.10816E+02  0.10421E+02  0.19031E+02      982.00
  0.59132E+00  0.40625E+03    0.30000E+00  0.30000E+00 -0.60000E+00  0.00000E+00  0.00000E+00  0.00000E+00    0.12081E+03  0.14823E+03 -0.26905E+03  0.10823E+02  0.10390E+02  0.17594E+02      982.00
  0.61616E+00  0.40973E+03    0.31250E+00  0.31250E+00 -0.62500E+00  0.00000E+00  0.00000E+00  0.00000E+00    0.12255E+03  0.14898E+03 -0.27153E+03  0.10817E+02  0.10346E+02  0.16246E+02      982.00
  0.64101E+00  0.41310E+03    0.32500E+00  0.32500E+00 -0.65000E+00  0.00000E+00  0.00000E+00  0.00000E+00    0.12422E+03  0.14970E+03 -0.27392E+03  0.10789E+02  0.10288E+02  0.14994E+02      982.00
  0.66587E+00  0.41654E+03    0.33750E+00  0.33750E+00 -0.67500E+00  0.00000E+00  0.00000E+00  0.00000E+00    0.12589E+03  0.15045E+03 -0.27634E+03  0.10760E+02  0.10221E+02  0.13811E+02      982.00
  0.69075E+00  0.41992E+03    0.35000E+00  0.35000E+00 -0.70000E+00  0.00000E+00  0.00000E+00  0.00000E+00    0.12752E+03  0.15119E+03 -0.27871E+03  0.10733E+02  0.10154E+02  0.12693E+02      982.00
  0.71564E+00  0.42325E+03    0.36250E+00  0.36250E+00 -0.72500E+00  0.00000E+00  0.00000E+00  0.00000E+00    0.12910E+03  0.15192E+03 -0.28102E+03  0.10682E+02  0.10066E+02  0.11662E+02      982.00
  0.74054E+00  0.42625E+03    0.37500E+00  0.37500E+00 -0.75000E+00  0.00000E+00  0.00000E+00  0.00000E+00    0.13053E+03  0.15258E+03 -0.28311E+03  0.10612E+02  0.99418E+01  0.10707E+02      982.00
  0.76545E+00  0.42939E+03    0.38750E+00  0.38750E+00 -0.77500E+00  0.00000E+00  0.00000E+00  0.00000E+00    0.13201E+03  0.15327E+03 -0.28529E+03  0.10546E+02  0.98416E+01  0.98068E+01      982.00
  0.79036E+00  0.43242E+03    0.40000E+00  0.40000E+00 -0.80000E+00  0.00000E+00  0.00000E+00  0.00000E+00    0.13344E+03  0.15394E+03 -0.28738E+03  0.10471E+02  0.97342E+01  0.89706E+01      982.00
  0.81528E+00  0.43534E+03    0.41250E+00  0.41250E+00 -0.82500E+00  0.00000E+00  0.00000E+00  0.00000E+00    0.13481E+03  0.15458E+03 -0.28939E+03  0.10388E+02  0.96204E+01  0.81944E+01      982.00
  0.84021E+00  0.43813E+03    0.42500E+00  0.42500E+00 -0.85000E+00  0.00000E+00  0.00000E+00  0.00000E+00    0.13612E+03  0.15519E+03 -0.29131E+03  0.10298E+02  0.95010E+01  0.74748E+01      982.00
  0.86514E+00  0.44080E+03    0.43750E+00  0.43750E+00 -0.87500E+00  0.00000E+00  0.00000E+00  0.00000E+00    0.13737E+03  0.15576E+03 -0.29313E+03  0.10201E+02  0.93767E+01  0.68085E+01      982.00
  0.89008E+00  0.44354E+03    0.45000E+00  0.45000E+00 -0.90000E+00  0.00000E+00  0.00000E+00  0.00000E+00    0.13865E+03  0.15636E+03 -0.29501E+03  0.10103E+02  0.92660E+01  0.61952E+01      982.00
  0.91502E+00  0.44594E+03    0.46250E+00  0.46250E+00 -0.92500E+00  0.00000E+00  0.00000E+00  0.00000E+00    0.13978E+03  0.15687E+03 -0.29665E+03  0.99933E+01  0.91314E+01  0.56283E+01      982.00
  0.93997E+00  0.44811E+03    0.47500E+00  0.47500E+00 -0.95000E+00  0.00000E+00  0.00000E+00  0.00000E+00    0.14082E+03  0.15732E+03 -0.29813E+03  0.98729E+01  0.89884E+01  0.51107E+01      982.00
  0.96492E+00  0.45024E+03    0.48750E+00  0.48750E+00 -0.97500E+00  0.00000E+00  0.00000E+00  0.00000E+00    0.14182E+03  0.15776E+03 -0.29958E+03  0.97568E+01  0.88500E+01  0.46278E+01      982.00
  0.98987E+00  0.45226E+03    0.50000E+00  0.50000E+00 -0.10000E+01  0.00000E+00  0.00000E+00  0.00000E+00    0.14278E+03  0.15818E+03 -0.30096E+03  0.96457E+01  0.87078E+01  0.41830E+01      982.00
