          Evm          Svm            E11          E22          E33          E23          E13          E12         SDEV11       SDEV22       SDEV33       SDEV23       SDEV13       SDEV12      TEMP
  0.00000E+00  0.17524E+03    0.00000E+00  0.00000E+00  0.00000E+00  0.00000E+00  0.00000E+00  0.00000E+00    0.48215E+02  0.57377E+02 -0.10559E+03  0.93518E+01  0.79868E+01  0.41255E+02      982.00
  0.22596E-01  0.17652E+03    0.12500E-01  0.12500E-01 -0.25000E-01  0.00000E+00  0.00000E+00  0.00000E+00    0.49909E+02  0.55958E+02 -0.10587E+03  0.71326E+01  0.66534E+01  0.43323E+02      982.00
  0.45085E-01  0.17674E+03    0.25000E-01  0.25000E-01 -0.50000E-01  0.00000E+00  0.00000E+00  0.00000E+00    0.51497E+02  0.54060E+02 -0.10556E+03  0.57465E+01  0.55184E+01  0.44619E+02      982.00
  0.67482E-01  0.18365E+03    0.37500E-01  0.37500E-01 -0.75000E-01  0.00000E+00  0.00000E+00  0.00000E+00    0.53976E+02  0.54088E+02 -0.10806E+03  0.51044E+01  0.50644E+01  0.49316E+02      982.00
  0.89548E-01  0.19786E+03    0.50000E-01  0.50000E-01 -0.10000E+00  0.00000E+00  0.00000E+00  0.00000E+00    0.57650E+02  0.55893E+02 -0.11354E+03  0.48920E+01  0.50938E+01  0.57708E+02      982.00
  0.11107E+00  0.22063E+03    0.62500E-01  0.62500E-01 -0.12500E+00  0.00000E+00  0.00000E+00  0.00000E+00    0.62840E+02  0.59470E+02 -0.12231E+03  0.49932E+01  0.55235E+01  0.70339E+02      982.00
  0.13186E+00  0.25361E+03    0.75000E-01  0.75000E-01 -0.15000E+00  0.00000E+00  0.00000E+00  0.00000E+00    0.69886E+02  0.64925E+02 -0.13481E+03  0.53469E+01  0.62859E+01  0.87946E+02      982.00
  0.15179E+00  0.29655E+03    0.87500E-01  0.87500E-01 -0.17500E+00  0.00000E+00  0.00000E+00  0.00000E+00    0.78682E+02  0.72107E+02 -0.15079E+03  0.58735E+01  0.72767E+01  0.11029E+03      982.00
  0.17086E+00  0.34439E+03    0.10000E+00  0.10000E+00 -0.20000E+00  0.00000E+00  0.00000E+00  0.00000E+00    0.88159E+02  0.80160E+02 -0.16832E+03  0.64060E+01  0.82894E+01  0.13476E+03      982.00
  0.18919E+00  0.38845E+03    0.11250E+00  0.11250E+00 -0.22500E+00  0.00000E+00  0.00000E+00  0.00000E+00    0.96626E+02  0.87732E+02 -0.18436E+03  0.67700E+01  0.91258E+01  0.15703E+03      982.00
  0.20698E+00  0.42446E+03    0.12500E+00  0.12500E+00 -0.25000E+00  0.00000E+00  0.00000E+00  0.00000E+00    0.10331E+03  0.94156E+02 -0.19746E+03  0.69363E+01  0.97225E+01  0.17506E+03      982.00
  0.22443E+00  0.45248E+03    0.13750E+00  0.13750E+00 -0.27500E+00  0.00000E+00  0.00000E+00  0.00000E+00    0.10829E+03  0.99389E+02 -0.20768E+03  0.69550E+01  0.10112E+02  0.18902E+03      982.00
  0.24164E+00  0.47402E+03    0.15000E+00  0.15000E+00 -0.30000E+00  0.00000E+00  0.00000E+00  0.00000E+00    0.11194E+03  0.10361E+03 -0.21555E+03  0.68811E+01  0.10342E+02  0.19970E+03      982.00
  0.25869E+00  0.49062E+03    0.16250E+00  0.16250E+00 -0.32500E+00  0.00000E+00  0.00000E+00  0.00000E+00    0.11464E+03  0.10698E+03 -0.22163E+03  0.67565E+01  0.10449E+02  0.20791E+03      982.00
  0.27563E+00  0.50426E+03    0.17500E+00  0.17500E+00 -0.35000E+00  0.00000E+00  0.00000E+00  0.00000E+00    0.11671E+03  0.10988E+03 -0.22659E+03  0.65937E+01  0.10441E+02  0.21468E+03      982.00
  0.29248E+00  0.51520E+03    0.18750E+00  0.18750E+00 -0.37500E+00  0.00000E+00  0.00000E+00  0.00000E+00    0.11829E+03  0.11228E+03 -0.23057E+03  0.64136E+01  0.10347E+02  0.22011E+03      982.00
  0.30926E+00  0.52416E+03    0.20000E+00  0.20000E+00 -0.40000E+00  0.00000E+00  0.00000E+00  0.00000E+00    0.11948E+03  0.11432E+03 -0.23380E+03  0.62230E+01  0.10186E+02  0.22458E+03      982.00
  0.32599E+00  0.53179E+03    0.21250E+00  0.21250E+00 -0.42500E+00  0.00000E+00  0.00000E+00  0.00000E+00    0.12043E+03  0.11609E+03 -0.23652E+03  0.60295E+01  0.99666E+01  0.22841E+03      982.00
  0.34267E+00  0.53815E+03    0.22500E+00  0.22500E+00 -0.45000E+00  0.00000E+00  0.00000E+00  0.00000E+00    0.12114E+03  0.11762E+03 -0.23876E+03  0.58368E+01  0.97038E+01  0.23163E+03      982.00
  0.35931E+00  0.54354E+03    0.23750E+00  0.23750E+00 -0.47500E+00  0.00000E+00  0.00000E+00  0.00000E+00    0.12168E+03  0.11896E+03 -0.24064E+03  0.56481E+01  0.94093E+01  0.23436E+03      982.00
  0.37591E+00  0.54833E+03    0.25000E+00  0.25000E+00 -0.50000E+00  0.00000E+00  0.00000E+00  0.00000E+00    0.12216E+03  0.12014E+03 -0.24230E+03  0.54665E+01  0.90881E+01  0.23681E+03      982.00
  0.39248E+00  0.55239E+03    0.26250E+00  0.26250E+00 -0.52500E+00  0.00000E+00  0.00000E+00  0.00000E+00    0.12250E+03  0.12119E+03 -0.24369E+03  0.52934E+01  0.87540E+01  0.23889E+03      982.00
  0.40902E+00  0.55608E+03    0.27500E+00  0.27500E+00 -0.55000E+00  0.00000E+00  0.00000E+00  0.00000E+00    0.12282E+03  0.12213E+03 -0.24494E+03  0.51293E+01  0.84078E+01  0.24079E+03      982.00
  0.42554E+00  0.55923E+03    0.28750E+00  0.28750E+00 -0.57500E+00  0.00000E+00  0.00000E+00  0.00000E+00    0.12304E+03  0.12297E+03 -0.24601E+03  0.49764E+01  0.80588E+01  0.24242E+03      982.00
  0.44204E+00  0.56216E+03    0.30000E+00  0.30000E+00 -0.60000E+00  0.00000E+00  0.00000E+00  0.00000E+00    0.12327E+03  0.12372E+03 -0.24699E+03  0.48312E+01  0.77085E+01  0.24394E+03      982.00
  0.45851E+00  0.56298E+03    0.31250E+00  0.31250E+00 -0.62500E+00  0.00000E+00  0.00000E+00  0.00000E+00    0.12317E+03  0.12398E+03 -0.24715E+03  0.46802E+01  0.73585E+01  0.24446E+03      982.00
  0.47498E+00  0.56343E+03    0.32500E+00  0.32500E+00 -0.65000E+00  0.00000E+00  0.00000E+00  0.00000E+00    0.12305E+03  0.12414E+03 -0.24719E+03  0.45461E+01  0.69702E+01  0.24479E+03      982.00
  0.49143E+00  0.56393E+03    0.33750E+00  0.33750E+00 -0.67500E+00  0.00000E+00  0.00000E+00  0.00000E+00    0.12297E+03  0.12430E+03 -0.24727E+03  0.43927E+01  0.65897E+01  0.24512E+03      982.00
  0.50787E+00  0.56432E+03    0.35000E+00  0.35000E+00 -0.70000E+00  0.00000E+00  0.00000E+00  0.00000E+00    0.12290E+03  0.12442E+03 -0.24732E+03  0.42782E+01  0.62706E+01  0.24539E+03      982.00
  0.52431E+00  0.56466E+03    0.36250E+00  0.36250E+00 -0.72500E+00  0.00000E+00  0.00000E+00  0.00000E+00    0.12283E+03  0.12453E+03 -0.24736E+03  0.41687E+01  0.59628E+01  0.24563E+03      982.00
  0.54073E+00  0.56505E+03    0.37500E+00  0.37500E+00 -0.75000E+00  0.00000E+00  0.00000E+00  0.00000E+00    0.12275E+03  0.12468E+03 -0.24743E+03  0.40571E+01  0.56582E+01  0.24588E+03      982.00
  0.55716E+00  0.56534E+03    0.38750E+00  0.38750E+00 -0.77500E+00  0.00000E+00  0.00000E+00  0.00000E+00    0.12272E+03  0.12475E+03 -0.24747E+03  0.39552E+01  0.53798E+01  0.24609E+03      982.00
  0.57357E+00  0.56561E+03    0.40000E+00  0.40000E+00 -0.80000E+00  0.00000E+00  0.00000E+00  0.00000E+00    0.12270E+03  0.12481E+03 -0.24751E+03  0.38549E+01  0.51116E+01  0.24627E+03      982.00
  0.58998E+00  0.56585E+03    0.41250E+00  0.41250E+00 -0.82500E+00  0.00000E+00  0.00000E+00  0.00000E+00    0.12269E+03  0.12485E+03 -0.24755E+03  0.37568E+01  0.48547E+01  0.24644E+03      982.00
  0.60639E+00  0.56608E+03    0.42500E+00  0.42500E+00 -0.85000E+00  0.00000E+00  0.00000E+00  0.00000E+00    0.12270E+03  0.12489E+03 -0.24759E+03  0.36605E+01  0.46084E+01  0.24659E+03      982.00
  0.62279E+00  0.56630E+03    0.43750E+00  0.43750E+00 -0.87500E+00  0.00000E+00  0.00000E+00  0.00000E+00    0.12270E+03  0.12492E+03 -0.24763E+03  0.35658E+01  0.43722E+01  0.24673E+03      982.00
  0.63919E+00  0.56659E+03    0.45000E+00  0.45000E+00 -0.90000E+00  0.00000E+00  0.00000E+00  0.00000E+00    0.12272E+03  0.12496E+03 -0.24768E+03  0.34172E+01  0.40309E+01  0.24692E+03      982.00
  0.65558E+00  0.56678E+03    0.46250E+00  0.46250E+00 -0.92500E+00  0.00000E+00  0.00000E+00  0.00000E+00    0.12274E+03  0.12498E+03 -0.24772E+03  0.33246E+01  0.38118E+01  0.24704E+03      982.00
  0.67197E+00  0.56695E+03    0.47500E+00  0.47500E+00 -0.95000E+00  0.00000E+00  0.00000E+00  0.00000E+00    0.12276E+03  0.12500E+03 -0.24776E+03  0.32371E+01  0.36093E+01  0.24714E+03      982.00
  0.68836E+00  0.56710E+03    0.48750E+00  0.48750E+00 -0.97500E+00  0.00000E+00  0.00000E+00  0.00000E+00    0.12279E+03  0.12500E+03 -0.24780E+03  0.31508E+01  0.34147E+01  0.24724E+03      982.00
  0.70474E+00  0.56724E+03    0.50000E+00  0.50000E+00 -0.10000E+01  0.00000E+00  0.00000E+00  0.00000E+00    0.12283E+03  0.12500E+03 -0.24783E+03  0.30655E+01  0.32278E+01  0.24732E+03      982.00
