          Evm          Svm            E11          E22          E33          E23          E13          E12         SDEV11       SDEV22       SDEV33       SDEV23       SDEV13       SDEV12      TEMP
  0.00000E+00  0.16512E+03    0.00000E+00  0.00000E+00  0.00000E+00  0.00000E+00  0.00000E+00  0.00000E+00    0.53432E+02  0.52950E+02 -0.10638E+03  0.37999E+01  0.92825E+01  0.22363E+02      982.00
  0.24160E-01  0.17814E+03    0.12500E-01  0.12500E-01 -0.25000E-01  0.00000E+00  0.00000E+00  0.00000E+00    0.61494E+02  0.51624E+02 -0.11312E+03  0.45633E+01  0.89769E+01  0.29247E+02      982.00
  0.47972E-01  0.18477E+03    0.25000E-01  0.25000E-01 -0.50000E-01  0.00000E+00  0.00000E+00  0.00000E+00    0.68419E+02  0.47679E+02 -0.11610E+03  0.46496E+01  0.68223E+01  0.33095E+02      982.00
  0.71535E-01  0.17848E+03    0.37500E-01  0.37500E-01 -0.75000E-01  0.00000E+00  0.00000E+00  0.00000E+00    0.68028E+02  0.44262E+02 -0.11229E+03  0.45898E+01  0.50779E+01  0.31197E+02      982.00
  0.95128E-01  0.18262E+03    0.50000E-01  0.50000E-01 -0.10000E+00  0.00000E+00  0.00000E+00  0.00000E+00    0.70984E+02  0.42983E+02 -0.11397E+03  0.54156E+01  0.54325E+01  0.33465E+02      982.00
  0.11853E+00  0.19491E+03    0.62500E-01  0.62500E-01 -0.12500E+00  0.00000E+00  0.00000E+00  0.00000E+00    0.76882E+02  0.42895E+02 -0.11978E+03  0.64382E+01  0.65097E+01  0.39129E+02      982.00
  0.14158E+00  0.21506E+03    0.75000E-01  0.75000E-01 -0.15000E+00  0.00000E+00  0.00000E+00  0.00000E+00    0.85657E+02  0.43655E+02 -0.12931E+03  0.75318E+01  0.79263E+01  0.48116E+02      982.00
  0.16412E+00  0.24343E+03    0.87500E-01  0.87500E-01 -0.17500E+00  0.00000E+00  0.00000E+00  0.00000E+00    0.97431E+02  0.45081E+02 -0.14251E+03  0.86669E+01  0.95137E+01  0.60584E+02      982.00
  0.18608E+00  0.27821E+03    0.10000E+00  0.10000E+00 -0.20000E+00  0.00000E+00  0.00000E+00  0.00000E+00    0.11136E+03  0.47028E+02 -0.15839E+03  0.97074E+01  0.11053E+02  0.75723E+02      982.00
  0.20743E+00  0.31429E+03    0.11250E+00  0.11250E+00 -0.22500E+00  0.00000E+00  0.00000E+00  0.00000E+00    0.12537E+03  0.49314E+02 -0.17468E+03  0.10440E+02  0.12249E+02  0.91306E+02      982.00
  0.22827E+00  0.34644E+03    0.12500E+00  0.12500E+00 -0.25000E+00  0.00000E+00  0.00000E+00  0.00000E+00    0.13746E+03  0.51713E+02 -0.18918E+03  0.10761E+02  0.12948E+02  0.10509E+03      982.00
  0.24875E+00  0.37250E+03    0.13750E+00  0.13750E+00 -0.27500E+00  0.00000E+00  0.00000E+00  0.00000E+00    0.14701E+03  0.54014E+02 -0.20102E+03  0.10731E+02  0.13198E+02  0.11616E+03      982.00
  0.26898E+00  0.39255E+03    0.15000E+00  0.15000E+00 -0.30000E+00  0.00000E+00  0.00000E+00  0.00000E+00    0.15418E+03  0.56115E+02 -0.21029E+03  0.10457E+02  0.13127E+02  0.12455E+03      982.00
  0.28907E+00  0.40772E+03    0.16250E+00  0.16250E+00 -0.32500E+00  0.00000E+00  0.00000E+00  0.00000E+00    0.15953E+03  0.57968E+02 -0.21749E+03  0.10036E+02  0.12843E+02  0.13072E+03      982.00
  0.30908E+00  0.41905E+03    0.17500E+00  0.17500E+00 -0.35000E+00  0.00000E+00  0.00000E+00  0.00000E+00    0.16347E+03  0.59605E+02 -0.22308E+03  0.95345E+01  0.12419E+02  0.13516E+03      982.00
  0.32904E+00  0.42711E+03    0.18750E+00  0.18750E+00 -0.37500E+00  0.00000E+00  0.00000E+00  0.00000E+00    0.16626E+03  0.61043E+02 -0.22731E+03  0.89818E+01  0.11918E+02  0.13807E+03      982.00
  0.34900E+00  0.43299E+03    0.20000E+00  0.20000E+00 -0.40000E+00  0.00000E+00  0.00000E+00  0.00000E+00    0.16828E+03  0.62361E+02 -0.23064E+03  0.84223E+01  0.11350E+02  0.13997E+03      982.00
  0.36897E+00  0.43688E+03    0.21250E+00  0.21250E+00 -0.42500E+00  0.00000E+00  0.00000E+00  0.00000E+00    0.16964E+03  0.63538E+02 -0.23318E+03  0.78573E+01  0.10750E+02  0.14089E+03      982.00
  0.38899E+00  0.43917E+03    0.22500E+00  0.22500E+00 -0.45000E+00  0.00000E+00  0.00000E+00  0.00000E+00    0.17042E+03  0.64671E+02 -0.23509E+03  0.73086E+01  0.10136E+02  0.14103E+03      982.00
  0.40906E+00  0.43993E+03    0.23750E+00  0.23750E+00 -0.47500E+00  0.00000E+00  0.00000E+00  0.00000E+00    0.17067E+03  0.65754E+02 -0.23643E+03  0.67724E+01  0.95448E+01  0.14035E+03      982.00
  0.42921E+00  0.43614E+03    0.25000E+00  0.25000E+00 -0.50000E+00  0.00000E+00  0.00000E+00  0.00000E+00    0.16971E+03  0.65954E+02 -0.23566E+03  0.63572E+01  0.89788E+01  0.13763E+03      982.00
  0.44948E+00  0.43223E+03    0.26250E+00  0.26250E+00 -0.52500E+00  0.00000E+00  0.00000E+00  0.00000E+00    0.16844E+03  0.66433E+02 -0.23487E+03  0.59712E+01  0.84529E+01  0.13487E+03      982.00
  0.46985E+00  0.42815E+03    0.27500E+00  0.27500E+00 -0.55000E+00  0.00000E+00  0.00000E+00  0.00000E+00    0.16704E+03  0.67014E+02 -0.23406E+03  0.56019E+01  0.79696E+01  0.13198E+03      982.00
  0.49035E+00  0.42393E+03    0.28750E+00  0.28750E+00 -0.57500E+00  0.00000E+00  0.00000E+00  0.00000E+00    0.16555E+03  0.67669E+02 -0.23322E+03  0.52518E+01  0.75280E+01  0.12896E+03      982.00
  0.51098E+00  0.41947E+03    0.30000E+00  0.30000E+00 -0.60000E+00  0.00000E+00  0.00000E+00  0.00000E+00    0.16391E+03  0.68418E+02 -0.23233E+03  0.49289E+01  0.71386E+01  0.12576E+03      982.00
  0.53175E+00  0.41504E+03    0.31250E+00  0.31250E+00 -0.62500E+00  0.00000E+00  0.00000E+00  0.00000E+00    0.16226E+03  0.69201E+02 -0.23146E+03  0.46225E+01  0.67861E+01  0.12250E+03      982.00
  0.55267E+00  0.41056E+03    0.32500E+00  0.32500E+00 -0.65000E+00  0.00000E+00  0.00000E+00  0.00000E+00    0.16056E+03  0.70041E+02 -0.23061E+03  0.43403E+01  0.64796E+01  0.11913E+03      982.00
  0.57373E+00  0.40607E+03    0.33750E+00  0.33750E+00 -0.67500E+00  0.00000E+00  0.00000E+00  0.00000E+00    0.15883E+03  0.70937E+02 -0.22976E+03  0.40829E+01  0.62198E+01  0.11569E+03      982.00
  0.59495E+00  0.40161E+03    0.35000E+00  0.35000E+00 -0.70000E+00  0.00000E+00  0.00000E+00  0.00000E+00    0.15705E+03  0.71897E+02 -0.22895E+03  0.38519E+01  0.60079E+01  0.11219E+03      982.00
  0.61633E+00  0.39709E+03    0.36250E+00  0.36250E+00 -0.72500E+00  0.00000E+00  0.00000E+00  0.00000E+00    0.15521E+03  0.72917E+02 -0.22812E+03  0.36471E+01  0.58533E+01  0.10858E+03      982.00
  0.63787E+00  0.39281E+03    0.37500E+00  0.37500E+00 -0.75000E+00  0.00000E+00  0.00000E+00  0.00000E+00    0.15344E+03  0.73965E+02 -0.22740E+03  0.34624E+01  0.57298E+01  0.10501E+03      982.00
  0.65958E+00  0.38869E+03    0.38750E+00  0.38750E+00 -0.77500E+00  0.00000E+00  0.00000E+00  0.00000E+00    0.15169E+03  0.75056E+02 -0.22674E+03  0.33009E+01  0.56482E+01  0.10144E+03      982.00
  0.68146E+00  0.38475E+03    0.40000E+00  0.40000E+00 -0.80000E+00  0.00000E+00  0.00000E+00  0.00000E+00    0.14997E+03  0.76190E+02 -0.22616E+03  0.31614E+01  0.56061E+01  0.97884E+02      982.00
  0.70350E+00  0.38104E+03    0.41250E+00  0.41250E+00 -0.82500E+00  0.00000E+00  0.00000E+00  0.00000E+00    0.14830E+03  0.77364E+02 -0.22566E+03  0.30424E+01  0.56003E+01  0.94372E+02      982.00
  0.72571E+00  0.37757E+03    0.42500E+00  0.42500E+00 -0.85000E+00  0.00000E+00  0.00000E+00  0.00000E+00    0.14668E+03  0.78575E+02 -0.22526E+03  0.29423E+01  0.56275E+01  0.90914E+02      982.00
  0.74808E+00  0.37437E+03    0.43750E+00  0.43750E+00 -0.87500E+00  0.00000E+00  0.00000E+00  0.00000E+00    0.14513E+03  0.79819E+02 -0.22495E+03  0.28597E+01  0.56839E+01  0.87524E+02      982.00
  0.77061E+00  0.37145E+03    0.45000E+00  0.45000E+00 -0.90000E+00  0.00000E+00  0.00000E+00  0.00000E+00    0.14365E+03  0.81093E+02 -0.22474E+03  0.27927E+01  0.57655E+01  0.84214E+02      982.00
  0.79330E+00  0.36864E+03    0.46250E+00  0.46250E+00 -0.92500E+00  0.00000E+00  0.00000E+00  0.00000E+00    0.14212E+03  0.82433E+02 -0.22455E+03  0.27389E+01  0.59060E+01  0.80918E+02      982.00
  0.81614E+00  0.36632E+03    0.47500E+00  0.47500E+00 -0.95000E+00  0.00000E+00  0.00000E+00  0.00000E+00    0.14081E+03  0.83752E+02 -0.22456E+03  0.26981E+01  0.60218E+01  0.77800E+02      982.00
  0.83913E+00  0.36429E+03    0.48750E+00  0.48750E+00 -0.97500E+00  0.00000E+00  0.00000E+00  0.00000E+00    0.13958E+03  0.85092E+02 -0.22467E+03  0.26684E+01  0.61514E+01  0.74784E+02      982.00
  0.86226E+00  0.36256E+03    0.50000E+00  0.50000E+00 -0.10000E+01  0.00000E+00  0.00000E+00  0.00000E+00    0.13843E+03  0.86448E+02 -0.22488E+03  0.26484E+01  0.62914E+01  0.71872E+02      982.00
