          Evm          Svm            E11          E22          E33          E23          E13          E12         SDEV11       SDEV22       SDEV33       SDEV23       SDEV13       SDEV12      TEMP
  0.00000E+00  0.18906E+03    0.00000E+00  0.00000E+00  0.00000E+00  0.00000E+00  0.00000E+00  0.00000E+00    0.71776E+02  0.48458E+02 -0.12023E+03 -0.31533E+01 -0.99821E+01  0.28750E+02      982.00
  0.23849E-01  0.18927E+03    0.12500E-01  0.12500E-01 -0.25000E-01  0.00000E+00  0.00000E+00  0.00000E+00    0.73752E+02  0.46028E+02 -0.11978E+03 -0.23985E+01 -0.79019E+01  0.30344E+02      982.00
  0.47580E-01  0.19578E+03    0.25000E-01  0.25000E-01 -0.50000E-01  0.00000E+00  0.00000E+00  0.00000E+00    0.78423E+02  0.44231E+02 -0.12265E+03 -0.23499E+01 -0.69526E+01  0.33880E+02      982.00
  0.71073E-01  0.20751E+03    0.37500E-01  0.37500E-01 -0.75000E-01  0.00000E+00  0.00000E+00  0.00000E+00    0.84418E+02  0.43870E+02 -0.12829E+03 -0.27194E+01 -0.70579E+01  0.39269E+02      982.00
  0.94256E-01  0.20303E+03    0.50000E-01  0.50000E-01 -0.10000E+00  0.00000E+00  0.00000E+00  0.00000E+00    0.83758E+02  0.41849E+02 -0.12561E+03 -0.24485E+01 -0.63852E+01  0.37699E+02      982.00
  0.11746E+00  0.20507E+03    0.62500E-01  0.62500E-01 -0.12500E+00  0.00000E+00  0.00000E+00  0.00000E+00    0.86588E+02  0.39694E+02 -0.12628E+03 -0.32108E+01 -0.68787E+01  0.38084E+02      982.00
  0.14055E+00  0.21991E+03    0.75000E-01  0.75000E-01 -0.15000E+00  0.00000E+00  0.00000E+00  0.00000E+00    0.94812E+02  0.38606E+02 -0.13342E+03 -0.46461E+01 -0.82530E+01  0.43485E+02      982.00
  0.16330E+00  0.24428E+03    0.87500E-01  0.87500E-01 -0.17500E+00  0.00000E+00  0.00000E+00  0.00000E+00    0.10695E+03  0.38193E+02 -0.14514E+03 -0.61380E+01 -0.99187E+01  0.52658E+02      982.00
  0.18558E+00  0.27473E+03    0.10000E+00  0.10000E+00 -0.20000E+00  0.00000E+00  0.00000E+00  0.00000E+00    0.12139E+03  0.38263E+02 -0.15965E+03 -0.74088E+01 -0.11502E+02  0.64254E+02      982.00
  0.20737E+00  0.30598E+03    0.11250E+00  0.11250E+00 -0.22500E+00  0.00000E+00  0.00000E+00  0.00000E+00    0.13568E+03  0.38792E+02 -0.17447E+03 -0.82797E+01 -0.12712E+02  0.76152E+02      982.00
  0.22876E+00  0.33373E+03    0.12500E+00  0.12500E+00 -0.25000E+00  0.00000E+00  0.00000E+00  0.00000E+00    0.14807E+03  0.39618E+02 -0.18769E+03 -0.87219E+01 -0.13389E+02  0.86660E+02      982.00
  0.24985E+00  0.35620E+03    0.13750E+00  0.13750E+00 -0.27500E+00  0.00000E+00  0.00000E+00  0.00000E+00    0.15790E+03  0.40630E+02 -0.19853E+03 -0.88121E+01 -0.13610E+02  0.95026E+02      982.00
  0.27075E+00  0.37327E+03    0.15000E+00  0.15000E+00 -0.30000E+00  0.00000E+00  0.00000E+00  0.00000E+00    0.16525E+03  0.41768E+02 -0.20702E+03 -0.86562E+01 -0.13522E+02  0.10115E+03      982.00
  0.29154E+00  0.38597E+03    0.16250E+00  0.16250E+00 -0.32500E+00  0.00000E+00  0.00000E+00  0.00000E+00    0.17064E+03  0.42953E+02 -0.21359E+03 -0.83579E+01 -0.13217E+02  0.10545E+03      982.00
  0.31230E+00  0.39506E+03    0.17500E+00  0.17500E+00 -0.35000E+00  0.00000E+00  0.00000E+00  0.00000E+00    0.17444E+03  0.44176E+02 -0.21861E+03 -0.79784E+01 -0.12785E+02  0.10821E+03      982.00
  0.33305E+00  0.40130E+03    0.18750E+00  0.18750E+00 -0.37500E+00  0.00000E+00  0.00000E+00  0.00000E+00    0.17697E+03  0.45439E+02 -0.22241E+03 -0.75640E+01 -0.12265E+02  0.10976E+03      982.00
  0.35383E+00  0.40546E+03    0.20000E+00  0.20000E+00 -0.40000E+00  0.00000E+00  0.00000E+00  0.00000E+00    0.17856E+03  0.46789E+02 -0.22535E+03 -0.71457E+01 -0.11716E+02  0.11038E+03      982.00
  0.37467E+00  0.40750E+03    0.21250E+00  0.21250E+00 -0.42500E+00  0.00000E+00  0.00000E+00  0.00000E+00    0.17918E+03  0.48279E+02 -0.22746E+03 -0.67306E+01 -0.11207E+02  0.10998E+03      982.00
  0.39561E+00  0.40833E+03    0.22500E+00  0.22500E+00 -0.45000E+00  0.00000E+00  0.00000E+00  0.00000E+00    0.17928E+03  0.49793E+02 -0.22908E+03 -0.63333E+01 -0.10695E+02  0.10897E+03      982.00
  0.41664E+00  0.40819E+03    0.23750E+00  0.23750E+00 -0.47500E+00  0.00000E+00  0.00000E+00  0.00000E+00    0.17894E+03  0.51366E+02 -0.23031E+03 -0.59669E+01 -0.10207E+02  0.10746E+03      982.00
  0.43780E+00  0.40395E+03    0.25000E+00  0.25000E+00 -0.50000E+00  0.00000E+00  0.00000E+00  0.00000E+00    0.17688E+03  0.52635E+02 -0.22952E+03 -0.56800E+01 -0.97572E+01  0.10439E+03      982.00
  0.45911E+00  0.39989E+03    0.26250E+00  0.26250E+00 -0.52500E+00  0.00000E+00  0.00000E+00  0.00000E+00    0.17480E+03  0.53995E+02 -0.22880E+03 -0.54084E+01 -0.93517E+01  0.10137E+03      982.00
  0.48056E+00  0.39588E+03    0.27500E+00  0.27500E+00 -0.55000E+00  0.00000E+00  0.00000E+00  0.00000E+00    0.17268E+03  0.55441E+02 -0.22812E+03 -0.51591E+01 -0.90071E+01  0.98308E+02      982.00
  0.50217E+00  0.39183E+03    0.28750E+00  0.28750E+00 -0.57500E+00  0.00000E+00  0.00000E+00  0.00000E+00    0.17047E+03  0.56986E+02 -0.22745E+03 -0.49366E+01 -0.87336E+01  0.95168E+02      982.00
  0.52394E+00  0.38803E+03    0.30000E+00  0.30000E+00 -0.60000E+00  0.00000E+00  0.00000E+00  0.00000E+00    0.16831E+03  0.58570E+02 -0.22688E+03 -0.47330E+01 -0.85059E+01  0.92062E+02      982.00
  0.54587E+00  0.38437E+03    0.31250E+00  0.31250E+00 -0.62500E+00  0.00000E+00  0.00000E+00  0.00000E+00    0.16617E+03  0.60211E+02 -0.22638E+03 -0.45521E+01 -0.83327E+01  0.88956E+02      982.00
  0.56795E+00  0.38090E+03    0.32500E+00  0.32500E+00 -0.65000E+00  0.00000E+00  0.00000E+00  0.00000E+00    0.16406E+03  0.61903E+02 -0.22596E+03 -0.43934E+01 -0.82111E+01  0.85864E+02      982.00
  0.59020E+00  0.37764E+03    0.33750E+00  0.33750E+00 -0.67500E+00  0.00000E+00  0.00000E+00  0.00000E+00    0.16198E+03  0.63641E+02 -0.22563E+03 -0.42557E+01 -0.81376E+01  0.82798E+02      982.00
  0.61260E+00  0.37461E+03    0.35000E+00  0.35000E+00 -0.70000E+00  0.00000E+00  0.00000E+00  0.00000E+00    0.15996E+03  0.65418E+02 -0.22538E+03 -0.41378E+01 -0.81078E+01  0.79772E+02      982.00
  0.63517E+00  0.37183E+03    0.36250E+00  0.36250E+00 -0.72500E+00  0.00000E+00  0.00000E+00  0.00000E+00    0.15800E+03  0.67229E+02 -0.22523E+03 -0.40383E+01 -0.81174E+01  0.76797E+02      982.00
  0.65788E+00  0.36932E+03    0.37500E+00  0.37500E+00 -0.75000E+00  0.00000E+00  0.00000E+00  0.00000E+00    0.15611E+03  0.69069E+02 -0.22518E+03 -0.39555E+01 -0.81615E+01  0.73884E+02      982.00
  0.68075E+00  0.36708E+03    0.38750E+00  0.38750E+00 -0.77500E+00  0.00000E+00  0.00000E+00  0.00000E+00    0.15430E+03  0.70930E+02 -0.22523E+03 -0.38878E+01 -0.82351E+01  0.71041E+02      982.00
  0.70376E+00  0.36512E+03    0.40000E+00  0.40000E+00 -0.80000E+00  0.00000E+00  0.00000E+00  0.00000E+00    0.15258E+03  0.72808E+02 -0.22539E+03 -0.38336E+01 -0.83331E+01  0.68275E+02      982.00
  0.72690E+00  0.36329E+03    0.41250E+00  0.41250E+00 -0.82500E+00  0.00000E+00  0.00000E+00  0.00000E+00    0.15083E+03  0.74748E+02 -0.22558E+03 -0.37918E+01 -0.84846E+01  0.65539E+02      982.00
  0.75019E+00  0.36191E+03    0.42500E+00  0.42500E+00 -0.85000E+00  0.00000E+00  0.00000E+00  0.00000E+00    0.14931E+03  0.76638E+02 -0.22595E+03 -0.37589E+01 -0.86119E+01  0.62950E+02      982.00
  0.77360E+00  0.36081E+03    0.43750E+00  0.43750E+00 -0.87500E+00  0.00000E+00  0.00000E+00  0.00000E+00    0.14789E+03  0.78531E+02 -0.22642E+03 -0.37347E+01 -0.87495E+01  0.60451E+02      982.00
  0.79713E+00  0.35999E+03    0.45000E+00  0.45000E+00 -0.90000E+00  0.00000E+00  0.00000E+00  0.00000E+00    0.14656E+03  0.80420E+02 -0.22698E+03 -0.37178E+01 -0.88932E+01  0.58044E+02      982.00
  0.82078E+00  0.35947E+03    0.46250E+00  0.46250E+00 -0.92500E+00  0.00000E+00  0.00000E+00  0.00000E+00    0.14538E+03  0.82296E+02 -0.22767E+03 -0.37075E+01 -0.90519E+01  0.55737E+02      982.00
  0.84453E+00  0.35916E+03    0.47500E+00  0.47500E+00 -0.95000E+00  0.00000E+00  0.00000E+00  0.00000E+00    0.14425E+03  0.84171E+02 -0.22842E+03 -0.37018E+01 -0.91967E+01  0.53514E+02      982.00
  0.86838E+00  0.35910E+03    0.48750E+00  0.48750E+00 -0.97500E+00  0.00000E+00  0.00000E+00  0.00000E+00    0.14324E+03  0.86032E+02 -0.22927E+03 -0.36970E+01 -0.93136E+01  0.51391E+02      982.00
  0.89232E+00  0.35909E+03    0.50000E+00  0.50000E+00 -0.10000E+01  0.00000E+00  0.00000E+00  0.00000E+00    0.14219E+03  0.87905E+02 -0.23010E+03 -0.36958E+01 -0.94758E+01  0.49320E+02      982.00
