          Evm          Svm            E11          E22          E33          E23          E13          E12         SDEV11       SDEV22       SDEV33       SDEV23       SDEV13       SDEV12      TEMP
  0.00000E+00  0.27239E+03    0.00000E+00  0.00000E+00  0.00000E+00  0.00000E+00  0.00000E+00  0.00000E+00    0.89635E+02  0.91646E+02 -0.18128E+03 -0.24660E+01  0.86071E+01  0.20386E+01      982.00
  0.24957E-01  0.27477E+03    0.12500E-01  0.12500E-01 -0.25000E-01  0.00000E+00  0.00000E+00  0.00000E+00    0.91288E+02  0.91545E+02 -0.18283E+03 -0.30627E+01  0.89801E+01  0.22162E+01      982.00
  0.49910E-01  0.25379E+03    0.25000E-01  0.25000E-01 -0.50000E-01  0.00000E+00  0.00000E+00  0.00000E+00    0.85550E+02  0.83376E+02 -0.16893E+03 -0.41628E+01  0.66685E+01  0.22618E+01      982.00
  0.74870E-01  0.23713E+03    0.37500E-01  0.37500E-01 -0.75000E-01  0.00000E+00  0.00000E+00  0.00000E+00    0.80838E+02  0.77035E+02 -0.15787E+03 -0.34821E+01  0.50609E+01  0.30143E+01      982.00
  0.99836E-01  0.23820E+03    0.50000E-01  0.50000E-01 -0.10000E+00  0.00000E+00  0.00000E+00  0.00000E+00    0.81854E+02  0.76750E+02 -0.15860E+03 -0.20936E+01  0.43680E+01  0.41234E+01      982.00
  0.12481E+00  0.24933E+03    0.62500E-01  0.62500E-01 -0.12500E+00  0.00000E+00  0.00000E+00  0.00000E+00    0.85930E+02  0.80073E+02 -0.16600E+03 -0.79430E+00  0.41129E+01  0.52269E+01      982.00
  0.14977E+00  0.26803E+03    0.75000E-01  0.75000E-01 -0.15000E+00  0.00000E+00  0.00000E+00  0.00000E+00    0.92248E+02  0.86187E+02 -0.17843E+03  0.28942E+00  0.42901E+01  0.63630E+01      982.00
  0.17474E+00  0.29093E+03    0.87500E-01  0.87500E-01 -0.17500E+00  0.00000E+00  0.00000E+00  0.00000E+00    0.99720E+02  0.93926E+02 -0.19365E+03  0.11765E+01  0.48293E+01  0.74850E+01      982.00
  0.19970E+00  0.31544E+03    0.10000E+00  0.10000E+00 -0.20000E+00  0.00000E+00  0.00000E+00  0.00000E+00    0.10763E+03  0.10229E+03 -0.20993E+03  0.19188E+01  0.56646E+01  0.84991E+01      982.00
  0.22465E+00  0.33943E+03    0.11250E+00  0.11250E+00 -0.22500E+00  0.00000E+00  0.00000E+00  0.00000E+00    0.11527E+03  0.11059E+03 -0.22586E+03  0.25397E+01  0.66842E+01  0.93773E+01      982.00
  0.24961E+00  0.36304E+03    0.12500E+00  0.12500E+00 -0.25000E+00  0.00000E+00  0.00000E+00  0.00000E+00    0.12294E+03  0.11861E+03 -0.24155E+03  0.31398E+01  0.79551E+01  0.97810E+01      982.00
  0.27456E+00  0.38474E+03    0.13750E+00  0.13750E+00 -0.27500E+00  0.00000E+00  0.00000E+00  0.00000E+00    0.12989E+03  0.12608E+03 -0.25597E+03  0.36922E+01  0.93244E+01  0.98802E+01      982.00
  0.29951E+00  0.40542E+03    0.15000E+00  0.15000E+00 -0.30000E+00  0.00000E+00  0.00000E+00  0.00000E+00    0.13640E+03  0.13331E+03 -0.26971E+03  0.42438E+01  0.10802E+02  0.96926E+01      982.00
  0.32445E+00  0.42298E+03    0.16250E+00  0.16250E+00 -0.32500E+00  0.00000E+00  0.00000E+00  0.00000E+00    0.14188E+03  0.13950E+03 -0.28138E+03  0.47330E+01  0.12227E+02  0.91391E+01      982.00
  0.34940E+00  0.43944E+03    0.17500E+00  0.17500E+00 -0.35000E+00  0.00000E+00  0.00000E+00  0.00000E+00    0.14691E+03  0.14540E+03 -0.29231E+03  0.51872E+01  0.13677E+02  0.83978E+01      982.00
  0.37434E+00  0.45394E+03    0.18750E+00  0.18750E+00 -0.37500E+00  0.00000E+00  0.00000E+00  0.00000E+00    0.15118E+03  0.15075E+03 -0.30193E+03  0.55578E+01  0.15078E+02  0.75767E+01      982.00
  0.39929E+00  0.46689E+03    0.20000E+00  0.20000E+00 -0.40000E+00  0.00000E+00  0.00000E+00  0.00000E+00    0.15486E+03  0.15566E+03 -0.31052E+03  0.58763E+01  0.16318E+02  0.67348E+01      982.00
  0.42423E+00  0.47901E+03    0.21250E+00  0.21250E+00 -0.42500E+00  0.00000E+00  0.00000E+00  0.00000E+00    0.15828E+03  0.16027E+03 -0.31855E+03  0.61357E+01  0.17465E+02  0.58351E+01      982.00
  0.44917E+00  0.48218E+03    0.22500E+00  0.22500E+00 -0.45000E+00  0.00000E+00  0.00000E+00  0.00000E+00    0.15892E+03  0.16179E+03 -0.32070E+03  0.59891E+01  0.17205E+02  0.50683E+01      982.00
  0.47411E+00  0.48547E+03    0.23750E+00  0.23750E+00 -0.47500E+00  0.00000E+00  0.00000E+00  0.00000E+00    0.15960E+03  0.16333E+03 -0.32293E+03  0.58734E+01  0.17011E+02  0.44286E+01      982.00
  0.49905E+00  0.48862E+03    0.25000E+00  0.25000E+00 -0.50000E+00  0.00000E+00  0.00000E+00  0.00000E+00    0.16027E+03  0.16479E+03 -0.32505E+03  0.57740E+01  0.16843E+02  0.38650E+01      982.00
  0.52400E+00  0.49155E+03    0.26250E+00  0.26250E+00 -0.52500E+00  0.00000E+00  0.00000E+00  0.00000E+00    0.16090E+03  0.16613E+03 -0.32703E+03  0.56851E+01  0.16682E+02  0.33660E+01      982.00
  0.54895E+00  0.49425E+03    0.27500E+00  0.27500E+00 -0.55000E+00  0.00000E+00  0.00000E+00  0.00000E+00    0.16150E+03  0.16735E+03 -0.32885E+03  0.56028E+01  0.16521E+02  0.29215E+01      982.00
  0.57390E+00  0.49663E+03    0.28750E+00  0.28750E+00 -0.57500E+00  0.00000E+00  0.00000E+00  0.00000E+00    0.16202E+03  0.16844E+03 -0.33046E+03  0.55229E+01  0.16347E+02  0.25281E+01      982.00
  0.59885E+00  0.49886E+03    0.30000E+00  0.30000E+00 -0.60000E+00  0.00000E+00  0.00000E+00  0.00000E+00    0.16253E+03  0.16943E+03 -0.33195E+03  0.54481E+01  0.16176E+02  0.21713E+01      982.00
  0.62380E+00  0.50113E+03    0.31250E+00  0.31250E+00 -0.62500E+00  0.00000E+00  0.00000E+00  0.00000E+00    0.16309E+03  0.17039E+03 -0.33348E+03  0.53909E+01  0.15995E+02  0.18173E+01      982.00
  0.64876E+00  0.50289E+03    0.32500E+00  0.32500E+00 -0.65000E+00  0.00000E+00  0.00000E+00  0.00000E+00    0.16351E+03  0.17116E+03 -0.33467E+03  0.53097E+01  0.15805E+02  0.15376E+01      982.00
  0.67372E+00  0.50435E+03    0.33750E+00  0.33750E+00 -0.67500E+00  0.00000E+00  0.00000E+00  0.00000E+00    0.16385E+03  0.17181E+03 -0.33566E+03  0.52432E+01  0.15625E+02  0.12953E+01      982.00
  0.69867E+00  0.50563E+03    0.35000E+00  0.35000E+00 -0.70000E+00  0.00000E+00  0.00000E+00  0.00000E+00    0.16416E+03  0.17236E+03 -0.33653E+03  0.51689E+01  0.15436E+02  0.10753E+01      982.00
  0.72363E+00  0.50674E+03    0.36250E+00  0.36250E+00 -0.72500E+00  0.00000E+00  0.00000E+00  0.00000E+00    0.16444E+03  0.17283E+03 -0.33727E+03  0.51040E+01  0.15287E+02  0.88151E+00      982.00
  0.74859E+00  0.50760E+03    0.37500E+00  0.37500E+00 -0.75000E+00  0.00000E+00  0.00000E+00  0.00000E+00    0.16468E+03  0.17319E+03 -0.33787E+03  0.50107E+01  0.15021E+02  0.74120E+00      982.00
  0.77355E+00  0.50846E+03    0.38750E+00  0.38750E+00 -0.77500E+00  0.00000E+00  0.00000E+00  0.00000E+00    0.16492E+03  0.17353E+03 -0.33845E+03  0.49309E+01  0.14840E+02  0.57526E+00      982.00
  0.79851E+00  0.50916E+03    0.40000E+00  0.40000E+00 -0.80000E+00  0.00000E+00  0.00000E+00  0.00000E+00    0.16512E+03  0.17380E+03 -0.33893E+03  0.49049E+01  0.14733E+02  0.40914E+00      982.00
  0.82348E+00  0.50950E+03    0.41250E+00  0.41250E+00 -0.82500E+00  0.00000E+00  0.00000E+00  0.00000E+00    0.16522E+03  0.17395E+03 -0.33917E+03  0.48419E+01  0.14548E+02  0.30226E+00      982.00
  0.84844E+00  0.51002E+03    0.42500E+00  0.42500E+00 -0.85000E+00  0.00000E+00  0.00000E+00  0.00000E+00    0.16533E+03  0.17420E+03 -0.33953E+03  0.47825E+01  0.14357E+02  0.23209E+00      982.00
  0.87340E+00  0.51011E+03    0.43750E+00  0.43750E+00 -0.87500E+00  0.00000E+00  0.00000E+00  0.00000E+00    0.16532E+03  0.17427E+03 -0.33960E+03  0.46686E+01  0.14080E+02  0.15322E+00      982.00
  0.89837E+00  0.50996E+03    0.45000E+00  0.45000E+00 -0.90000E+00  0.00000E+00  0.00000E+00  0.00000E+00    0.16529E+03  0.17422E+03 -0.33952E+03  0.46025E+01  0.13888E+02  0.11224E+00      982.00
  0.92333E+00  0.50966E+03    0.46250E+00  0.46250E+00 -0.92500E+00  0.00000E+00  0.00000E+00  0.00000E+00    0.16523E+03  0.17410E+03 -0.33933E+03  0.45403E+01  0.13703E+02  0.75837E-01      982.00
  0.94830E+00  0.50930E+03    0.47500E+00  0.47500E+00 -0.95000E+00  0.00000E+00  0.00000E+00  0.00000E+00    0.16515E+03  0.17395E+03 -0.33910E+03  0.44809E+01  0.13524E+02  0.52516E-01      982.00
  0.97327E+00  0.50898E+03    0.48750E+00  0.48750E+00 -0.97500E+00  0.00000E+00  0.00000E+00  0.00000E+00    0.16510E+03  0.17379E+03 -0.33889E+03  0.44590E+01  0.13431E+02  0.34168E-01      982.00
  0.99824E+00  0.50868E+03    0.50000E+00  0.50000E+00 -0.10000E+01  0.00000E+00  0.00000E+00  0.00000E+00    0.16507E+03  0.17363E+03 -0.33870E+03  0.44010E+01  0.13281E+02  0.24583E-01      982.00
