          Evm          Svm            E11          E22          E33          E23          E13          E12         SDEV11       SDEV22       SDEV33       SDEV23       SDEV13       SDEV12      TEMP
  0.00000E+00  0.25391E+03    0.00000E+00  0.00000E+00  0.00000E+00  0.00000E+00  0.00000E+00  0.00000E+00    0.78565E+02  0.90336E+02 -0.16890E+03  0.74385E+01 -0.81071E+00 -0.20273E+01      982.00
  0.24945E-01  0.23432E+03    0.12500E-01  0.12500E-01 -0.25000E-01  0.00000E+00  0.00000E+00  0.00000E+00    0.73017E+02  0.82977E+02 -0.15599E+03  0.48021E+01 -0.50605E+00 -0.16920E+01      982.00
  0.49910E-01  0.22220E+03    0.25000E-01  0.25000E-01 -0.50000E-01  0.00000E+00  0.00000E+00  0.00000E+00    0.69854E+02  0.78134E+02 -0.14799E+03  0.35468E+01 -0.36316E+00 -0.13650E+01      982.00
  0.74886E-01  0.22537E+03    0.37500E-01  0.37500E-01 -0.75000E-01  0.00000E+00  0.00000E+00  0.00000E+00    0.70748E+02  0.79364E+02 -0.15011E+03  0.31704E+01 -0.28668E+00 -0.13900E+01      982.00
  0.99863E-01  0.23986E+03    0.50000E-01  0.50000E-01 -0.10000E+00  0.00000E+00  0.00000E+00  0.00000E+00    0.74414E+02  0.85311E+02 -0.15972E+03  0.34011E+01 -0.25793E+00 -0.17617E+01      982.00
  0.12483E+00  0.26402E+03    0.62500E-01  0.62500E-01 -0.12500E+00  0.00000E+00  0.00000E+00  0.00000E+00    0.80711E+02  0.95017E+02 -0.17573E+03  0.42307E+01 -0.27205E+00 -0.23570E+01      982.00
  0.14979E+00  0.29133E+03    0.75000E-01  0.75000E-01 -0.15000E+00  0.00000E+00  0.00000E+00  0.00000E+00    0.88049E+02  0.10576E+03 -0.19381E+03  0.54857E+01 -0.32070E+00 -0.30001E+01      982.00
  0.17474E+00  0.31874E+03    0.87500E-01  0.87500E-01 -0.17500E+00  0.00000E+00  0.00000E+00  0.00000E+00    0.95819E+02  0.11615E+03 -0.21197E+03  0.71414E+01 -0.41163E+00 -0.35621E+01      982.00
  0.19968E+00  0.34533E+03    0.10000E+00  0.10000E+00 -0.20000E+00  0.00000E+00  0.00000E+00  0.00000E+00    0.10387E+03  0.12571E+03 -0.22958E+03  0.91557E+01 -0.54406E+00 -0.39486E+01      982.00
  0.22461E+00  0.37049E+03    0.11250E+00  0.11250E+00 -0.22500E+00  0.00000E+00  0.00000E+00  0.00000E+00    0.11188E+03  0.13436E+03 -0.24624E+03  0.11574E+02 -0.73502E+00 -0.42098E+01      982.00
  0.24954E+00  0.39396E+03    0.12500E+00  0.12500E+00 -0.25000E+00  0.00000E+00  0.00000E+00  0.00000E+00    0.11978E+03  0.14198E+03 -0.26177E+03  0.14162E+02 -0.96624E+00 -0.43053E+01      982.00
  0.27445E+00  0.41557E+03    0.13750E+00  0.13750E+00 -0.27500E+00  0.00000E+00  0.00000E+00  0.00000E+00    0.12745E+03  0.14857E+03 -0.27603E+03  0.17069E+02 -0.12699E+01 -0.42622E+01      982.00
  0.29936E+00  0.43524E+03    0.15000E+00  0.15000E+00 -0.30000E+00  0.00000E+00  0.00000E+00  0.00000E+00    0.13482E+03  0.15414E+03 -0.28896E+03  0.20190E+02 -0.16446E+01 -0.40884E+01      982.00
  0.32426E+00  0.45228E+03    0.16250E+00  0.16250E+00 -0.32500E+00  0.00000E+00  0.00000E+00  0.00000E+00    0.14155E+03  0.15857E+03 -0.30013E+03  0.23173E+02 -0.20563E+01 -0.38157E+01      982.00
  0.34914E+00  0.46610E+03    0.17500E+00  0.17500E+00 -0.35000E+00  0.00000E+00  0.00000E+00  0.00000E+00    0.14732E+03  0.16186E+03 -0.30919E+03  0.25466E+02 -0.24183E+01 -0.34305E+01      982.00
  0.37402E+00  0.47672E+03    0.18750E+00  0.18750E+00 -0.37500E+00  0.00000E+00  0.00000E+00  0.00000E+00    0.15202E+03  0.16419E+03 -0.31621E+03  0.26698E+02 -0.25936E+01 -0.29443E+01      982.00
  0.39889E+00  0.48634E+03    0.20000E+00  0.20000E+00 -0.40000E+00  0.00000E+00  0.00000E+00  0.00000E+00    0.15629E+03  0.16628E+03 -0.32257E+03  0.27623E+02 -0.27547E+01 -0.24784E+01      982.00
  0.42376E+00  0.49431E+03    0.21250E+00  0.21250E+00 -0.42500E+00  0.00000E+00  0.00000E+00  0.00000E+00    0.15994E+03  0.16795E+03 -0.32790E+03  0.27978E+02 -0.28265E+01 -0.20264E+01      982.00
  0.44864E+00  0.50201E+03    0.22500E+00  0.22500E+00 -0.45000E+00  0.00000E+00  0.00000E+00  0.00000E+00    0.16347E+03  0.16955E+03 -0.33303E+03  0.28365E+02 -0.28970E+01 -0.15974E+01      982.00
  0.47352E+00  0.50862E+03    0.23750E+00  0.23750E+00 -0.47500E+00  0.00000E+00  0.00000E+00  0.00000E+00    0.16657E+03  0.17089E+03 -0.33746E+03  0.28413E+02 -0.29120E+01 -0.12117E+01      982.00
  0.49840E+00  0.51251E+03    0.25000E+00  0.25000E+00 -0.50000E+00  0.00000E+00  0.00000E+00  0.00000E+00    0.16860E+03  0.17148E+03 -0.34008E+03  0.28312E+02 -0.28913E+01 -0.10111E+01      982.00
  0.52328E+00  0.51608E+03    0.26250E+00  0.26250E+00 -0.52500E+00  0.00000E+00  0.00000E+00  0.00000E+00    0.17045E+03  0.17205E+03 -0.34250E+03  0.28143E+02 -0.28577E+01 -0.80695E+00      982.00
  0.54817E+00  0.51920E+03    0.27500E+00  0.27500E+00 -0.55000E+00  0.00000E+00  0.00000E+00  0.00000E+00    0.17204E+03  0.17257E+03 -0.34461E+03  0.27959E+02 -0.28189E+01 -0.64017E+00      982.00
  0.57306E+00  0.52166E+03    0.28750E+00  0.28750E+00 -0.57500E+00  0.00000E+00  0.00000E+00  0.00000E+00    0.17338E+03  0.17291E+03 -0.34629E+03  0.27620E+02 -0.27563E+01 -0.48526E+00      982.00
  0.59795E+00  0.52357E+03    0.30000E+00  0.30000E+00 -0.60000E+00  0.00000E+00  0.00000E+00  0.00000E+00    0.17449E+03  0.17313E+03 -0.34762E+03  0.27185E+02 -0.26781E+01 -0.34389E+00      982.00
  0.62285E+00  0.52590E+03    0.31250E+00  0.31250E+00 -0.62500E+00  0.00000E+00  0.00000E+00  0.00000E+00    0.17566E+03  0.17353E+03 -0.34919E+03  0.26996E+02 -0.26264E+01 -0.24528E+00      982.00
  0.64775E+00  0.52775E+03    0.32500E+00  0.32500E+00 -0.65000E+00  0.00000E+00  0.00000E+00  0.00000E+00    0.17660E+03  0.17386E+03 -0.35045E+03  0.26789E+02 -0.25716E+01 -0.18303E+00      982.00
  0.67265E+00  0.52919E+03    0.33750E+00  0.33750E+00 -0.67500E+00  0.00000E+00  0.00000E+00  0.00000E+00    0.17737E+03  0.17407E+03 -0.35144E+03  0.26573E+02 -0.25236E+01 -0.13323E+00      982.00
  0.69755E+00  0.53016E+03    0.35000E+00  0.35000E+00 -0.70000E+00  0.00000E+00  0.00000E+00  0.00000E+00    0.17793E+03  0.17419E+03 -0.35212E+03  0.26255E+02 -0.24491E+01 -0.11753E+00      982.00
  0.72246E+00  0.53094E+03    0.36250E+00  0.36250E+00 -0.72500E+00  0.00000E+00  0.00000E+00  0.00000E+00    0.17840E+03  0.17427E+03 -0.35267E+03  0.25908E+02 -0.23604E+01 -0.12819E+00      982.00
  0.74737E+00  0.53132E+03    0.37500E+00  0.37500E+00 -0.75000E+00  0.00000E+00  0.00000E+00  0.00000E+00    0.17870E+03  0.17427E+03 -0.35297E+03  0.25451E+02 -0.22420E+01 -0.19804E+00      982.00
  0.77228E+00  0.53161E+03    0.38750E+00  0.38750E+00 -0.77500E+00  0.00000E+00  0.00000E+00  0.00000E+00    0.17896E+03  0.17424E+03 -0.35320E+03  0.25118E+02 -0.21631E+01 -0.27700E+00      982.00
  0.79720E+00  0.53164E+03    0.40000E+00  0.40000E+00 -0.80000E+00  0.00000E+00  0.00000E+00  0.00000E+00    0.17911E+03  0.17414E+03 -0.35325E+03  0.24760E+02 -0.20795E+01 -0.37782E+00      982.00
  0.82211E+00  0.53154E+03    0.41250E+00  0.41250E+00 -0.82500E+00  0.00000E+00  0.00000E+00  0.00000E+00    0.17919E+03  0.17403E+03 -0.35322E+03  0.24397E+02 -0.19948E+01 -0.50798E+00      982.00
  0.84703E+00  0.53205E+03    0.42500E+00  0.42500E+00 -0.85000E+00  0.00000E+00  0.00000E+00  0.00000E+00    0.17948E+03  0.17409E+03 -0.35357E+03  0.24241E+02 -0.19633E+01 -0.48501E+00      982.00
  0.87195E+00  0.53153E+03    0.43750E+00  0.43750E+00 -0.87500E+00  0.00000E+00  0.00000E+00  0.00000E+00    0.17936E+03  0.17390E+03 -0.35327E+03  0.23762E+02 -0.18449E+01 -0.76888E+00      982.00
  0.89688E+00  0.53147E+03    0.45000E+00  0.45000E+00 -0.90000E+00  0.00000E+00  0.00000E+00  0.00000E+00    0.17944E+03  0.17382E+03 -0.35325E+03  0.23469E+02 -0.17907E+01 -0.81062E+00      982.00
  0.92180E+00  0.53108E+03    0.46250E+00  0.46250E+00 -0.92500E+00  0.00000E+00  0.00000E+00  0.00000E+00    0.17936E+03  0.17367E+03 -0.35303E+03  0.23052E+02 -0.17088E+01 -0.10479E+01      982.00
  0.94673E+00  0.53062E+03    0.47500E+00  0.47500E+00 -0.95000E+00  0.00000E+00  0.00000E+00  0.00000E+00    0.17926E+03  0.17350E+03 -0.35276E+03  0.22606E+02 -0.16337E+01 -0.13321E+01      982.00
  0.97166E+00  0.53011E+03    0.48750E+00  0.48750E+00 -0.97500E+00  0.00000E+00  0.00000E+00  0.00000E+00    0.17914E+03  0.17332E+03 -0.35245E+03  0.22124E+02 -0.15684E+01 -0.16647E+01      982.00
  0.99659E+00  0.52938E+03    0.50000E+00  0.50000E+00 -0.10000E+01  0.00000E+00  0.00000E+00  0.00000E+00    0.17893E+03  0.17308E+03 -0.35201E+03  0.21568E+02 -0.15089E+01 -0.20208E+01      982.00
