          Evm          Svm            E11          E22          E33          E23          E13          E12         SDEV11       SDEV22       SDEV33       SDEV23       SDEV13       SDEV12      TEMP
  0.00000E+00  0.14428E+03    0.00000E+00  0.00000E+00  0.00000E+00  0.00000E+00  0.00000E+00  0.00000E+00    0.40335E+02  0.53190E+02 -0.93525E+02  0.78217E+01  0.84199E+01  0.14334E+02      982.00
  0.24308E-01  0.14372E+03    0.12500E-01  0.12500E-01 -0.25000E-01  0.00000E+00  0.00000E+00  0.00000E+00    0.40610E+02  0.52392E+02 -0.93003E+02  0.77543E+01  0.75771E+01  0.15674E+02      982.00
  0.48575E-01  0.14806E+03    0.25000E-01  0.25000E-01 -0.50000E-01  0.00000E+00  0.00000E+00  0.00000E+00    0.43013E+02  0.52301E+02 -0.95314E+02  0.80066E+01  0.73261E+01  0.18836E+02      982.00
  0.72715E-01  0.16014E+03    0.37500E-01  0.37500E-01 -0.75000E-01  0.00000E+00  0.00000E+00  0.00000E+00    0.48939E+02  0.52869E+02 -0.10181E+03  0.86047E+01  0.76586E+01  0.25254E+02      982.00
  0.96556E-01  0.18650E+03    0.50000E-01  0.50000E-01 -0.10000E+00  0.00000E+00  0.00000E+00  0.00000E+00    0.61646E+02  0.53629E+02 -0.11527E+03  0.97180E+01  0.86013E+01  0.37998E+02      982.00
  0.11973E+00  0.23397E+03    0.62500E-01  0.62500E-01 -0.12500E+00  0.00000E+00  0.00000E+00  0.00000E+00    0.85006E+02  0.52334E+02 -0.13734E+03  0.11296E+02  0.91180E+01  0.60187E+02      982.00
  0.14175E+00  0.26545E+03    0.75000E-01  0.75000E-01 -0.15000E+00  0.00000E+00  0.00000E+00  0.00000E+00    0.98603E+02  0.51916E+02 -0.15052E+03  0.11869E+02  0.80444E+01  0.75799E+02      982.00
  0.16301E+00  0.28674E+03    0.87500E-01  0.87500E-01 -0.17500E+00  0.00000E+00  0.00000E+00  0.00000E+00    0.10384E+03  0.55587E+02 -0.15943E+03  0.11916E+02  0.86049E+01  0.86866E+02      982.00
  0.18386E+00  0.31262E+03    0.10000E+00  0.10000E+00 -0.20000E+00  0.00000E+00  0.00000E+00  0.00000E+00    0.11000E+03  0.60452E+02 -0.17045E+03  0.11872E+02  0.99490E+01  0.99666E+02      982.00
  0.20431E+00  0.34159E+03    0.11250E+00  0.11250E+00 -0.22500E+00  0.00000E+00  0.00000E+00  0.00000E+00    0.11704E+03  0.65827E+02 -0.18287E+03  0.11801E+02  0.11390E+02  0.11354E+03      982.00
  0.22438E+00  0.36969E+03    0.12500E+00  0.12500E+00 -0.25000E+00  0.00000E+00  0.00000E+00  0.00000E+00    0.12382E+03  0.71144E+02 -0.19496E+03  0.11639E+02  0.12576E+02  0.12674E+03      982.00
  0.24416E+00  0.39425E+03    0.13750E+00  0.13750E+00 -0.27500E+00  0.00000E+00  0.00000E+00  0.00000E+00    0.12960E+03  0.76000E+02 -0.20560E+03  0.11371E+02  0.13419E+02  0.13813E+03      982.00
  0.26371E+00  0.41455E+03    0.15000E+00  0.15000E+00 -0.30000E+00  0.00000E+00  0.00000E+00  0.00000E+00    0.13429E+03  0.80175E+02 -0.21447E+03  0.11015E+02  0.13946E+02  0.14744E+03      982.00
  0.28311E+00  0.43091E+03    0.16250E+00  0.16250E+00 -0.32500E+00  0.00000E+00  0.00000E+00  0.00000E+00    0.13804E+03  0.83635E+02 -0.22168E+03  0.10597E+02  0.14221E+02  0.15487E+03      982.00
  0.30241E+00  0.44396E+03    0.17500E+00  0.17500E+00 -0.35000E+00  0.00000E+00  0.00000E+00  0.00000E+00    0.14099E+03  0.86510E+02 -0.22750E+03  0.10144E+02  0.14310E+02  0.16073E+03      982.00
  0.32162E+00  0.45437E+03    0.18750E+00  0.18750E+00 -0.37500E+00  0.00000E+00  0.00000E+00  0.00000E+00    0.14325E+03  0.88946E+02 -0.23219E+03  0.96762E+01  0.14264E+02  0.16537E+03      982.00
  0.34079E+00  0.46269E+03    0.20000E+00  0.20000E+00 -0.40000E+00  0.00000E+00  0.00000E+00  0.00000E+00    0.14502E+03  0.90982E+02 -0.23600E+03  0.91950E+01  0.14113E+02  0.16904E+03      982.00
  0.35991E+00  0.46935E+03    0.21250E+00  0.21250E+00 -0.42500E+00  0.00000E+00  0.00000E+00  0.00000E+00    0.14637E+03  0.92747E+02 -0.23911E+03  0.87112E+01  0.13886E+02  0.17193E+03      982.00
  0.37902E+00  0.47468E+03    0.22500E+00  0.22500E+00 -0.45000E+00  0.00000E+00  0.00000E+00  0.00000E+00    0.14740E+03  0.94262E+02 -0.24166E+03  0.82242E+01  0.13598E+02  0.17420E+03      982.00
  0.39811E+00  0.47895E+03    0.23750E+00  0.23750E+00 -0.47500E+00  0.00000E+00  0.00000E+00  0.00000E+00    0.14809E+03  0.95680E+02 -0.24377E+03  0.77461E+01  0.13261E+02  0.17599E+03      982.00
  0.41720E+00  0.47814E+03    0.25000E+00  0.25000E+00 -0.50000E+00  0.00000E+00  0.00000E+00  0.00000E+00    0.14765E+03  0.95972E+02 -0.24362E+03  0.73688E+01  0.12812E+02  0.17552E+03      982.00
  0.43630E+00  0.47730E+03    0.26250E+00  0.26250E+00 -0.52500E+00  0.00000E+00  0.00000E+00  0.00000E+00    0.14714E+03  0.96329E+02 -0.24347E+03  0.69973E+01  0.12362E+02  0.17502E+03      982.00
  0.45543E+00  0.47626E+03    0.27500E+00  0.27500E+00 -0.55000E+00  0.00000E+00  0.00000E+00  0.00000E+00    0.14655E+03  0.96714E+02 -0.24326E+03  0.66411E+01  0.11911E+02  0.17441E+03      982.00
  0.47459E+00  0.47513E+03    0.28750E+00  0.28750E+00 -0.57500E+00  0.00000E+00  0.00000E+00  0.00000E+00    0.14581E+03  0.97235E+02 -0.24305E+03  0.63005E+01  0.11463E+02  0.17374E+03      982.00
  0.49377E+00  0.47390E+03    0.30000E+00  0.30000E+00 -0.60000E+00  0.00000E+00  0.00000E+00  0.00000E+00    0.14498E+03  0.97838E+02 -0.24281E+03  0.59739E+01  0.11009E+02  0.17300E+03      982.00
  0.51298E+00  0.47253E+03    0.31250E+00  0.31250E+00 -0.62500E+00  0.00000E+00  0.00000E+00  0.00000E+00    0.14404E+03  0.98518E+02 -0.24256E+03  0.56614E+01  0.10547E+02  0.17217E+03      982.00
  0.53223E+00  0.47102E+03    0.32500E+00  0.32500E+00 -0.65000E+00  0.00000E+00  0.00000E+00  0.00000E+00    0.14305E+03  0.99231E+02 -0.24228E+03  0.53639E+01  0.10074E+02  0.17123E+03      982.00
  0.55152E+00  0.46934E+03    0.33750E+00  0.33750E+00 -0.67500E+00  0.00000E+00  0.00000E+00  0.00000E+00    0.14191E+03  0.10006E+03 -0.24197E+03  0.50791E+01  0.95938E+01  0.17018E+03      982.00
  0.57085E+00  0.46748E+03    0.35000E+00  0.35000E+00 -0.70000E+00  0.00000E+00  0.00000E+00  0.00000E+00    0.14066E+03  0.10096E+03 -0.24162E+03  0.48073E+01  0.91045E+01  0.16900E+03      982.00
  0.59023E+00  0.46541E+03    0.36250E+00  0.36250E+00 -0.72500E+00  0.00000E+00  0.00000E+00  0.00000E+00    0.13931E+03  0.10192E+03 -0.24123E+03  0.45472E+01  0.86073E+01  0.16767E+03      982.00
  0.60967E+00  0.46307E+03    0.37500E+00  0.37500E+00 -0.75000E+00  0.00000E+00  0.00000E+00  0.00000E+00    0.13784E+03  0.10295E+03 -0.24079E+03  0.42937E+01  0.81108E+01  0.16615E+03      982.00
  0.62917E+00  0.46053E+03    0.38750E+00  0.38750E+00 -0.77500E+00  0.00000E+00  0.00000E+00  0.00000E+00    0.13632E+03  0.10398E+03 -0.24031E+03  0.40500E+01  0.76081E+01  0.16446E+03      982.00
  0.64874E+00  0.45772E+03    0.40000E+00  0.40000E+00 -0.80000E+00  0.00000E+00  0.00000E+00  0.00000E+00    0.13475E+03  0.10503E+03 -0.23978E+03  0.38102E+01  0.71101E+01  0.16258E+03      982.00
  0.66838E+00  0.45464E+03    0.41250E+00  0.41250E+00 -0.82500E+00  0.00000E+00  0.00000E+00  0.00000E+00    0.13314E+03  0.10605E+03 -0.23919E+03  0.35717E+01  0.66234E+01  0.16047E+03      982.00
  0.68811E+00  0.45126E+03    0.42500E+00  0.42500E+00 -0.85000E+00  0.00000E+00  0.00000E+00  0.00000E+00    0.13142E+03  0.10713E+03 -0.23855E+03  0.33349E+01  0.61689E+01  0.15812E+03      982.00
  0.70794E+00  0.44761E+03    0.43750E+00  0.43750E+00 -0.87500E+00  0.00000E+00  0.00000E+00  0.00000E+00    0.12980E+03  0.10805E+03 -0.23785E+03  0.30936E+01  0.57270E+01  0.15555E+03      982.00
  0.72786E+00  0.44356E+03    0.45000E+00  0.45000E+00 -0.90000E+00  0.00000E+00  0.00000E+00  0.00000E+00    0.12814E+03  0.10890E+03 -0.23704E+03  0.28561E+01  0.53335E+01  0.15268E+03      982.00
  0.74790E+00  0.43918E+03    0.46250E+00  0.46250E+00 -0.92500E+00  0.00000E+00  0.00000E+00  0.00000E+00    0.12643E+03  0.10973E+03 -0.23616E+03  0.26215E+01  0.49945E+01  0.14954E+03      982.00
  0.76807E+00  0.43475E+03    0.47500E+00  0.47500E+00 -0.95000E+00  0.00000E+00  0.00000E+00  0.00000E+00    0.12493E+03  0.11038E+03 -0.23531E+03  0.23816E+01  0.46623E+01  0.14627E+03      982.00
  0.78836E+00  0.43012E+03    0.48750E+00  0.48750E+00 -0.97500E+00  0.00000E+00  0.00000E+00  0.00000E+00    0.12348E+03  0.11093E+03 -0.23441E+03  0.21491E+01  0.43740E+01  0.14280E+03      982.00
  0.80880E+00  0.42542E+03    0.50000E+00  0.50000E+00 -0.10000E+01  0.00000E+00  0.00000E+00  0.00000E+00    0.12216E+03  0.11136E+03 -0.23353E+03  0.19255E+01  0.41052E+01  0.13920E+03      982.00
