          Evm          Svm            E11          E22          E33          E23          E13          E12         SDEV11       SDEV22       SDEV33       SDEV23       SDEV13       SDEV12      TEMP
  0.00000E+00  0.18360E+03    0.00000E+00  0.00000E+00  0.00000E+00  0.00000E+00  0.00000E+00  0.00000E+00    0.54469E+02  0.56975E+02 -0.11144E+03 -0.15468E+02 -0.12153E+02  0.39147E+02      982.00
  0.22763E-01  0.18331E+03    0.12500E-01  0.12500E-01 -0.25000E-01  0.00000E+00  0.00000E+00  0.00000E+00    0.53779E+02  0.57271E+02 -0.11105E+03 -0.12701E+02 -0.99820E+01  0.41087E+02      982.00
  0.45480E-01  0.17221E+03    0.25000E-01  0.25000E-01 -0.50000E-01  0.00000E+00  0.00000E+00  0.00000E+00    0.51468E+02  0.53965E+02 -0.10543E+03 -0.91722E+01 -0.69514E+01  0.37605E+02      982.00
  0.68439E-01  0.17128E+03    0.37500E-01  0.37500E-01 -0.75000E-01  0.00000E+00  0.00000E+00  0.00000E+00    0.51413E+02  0.53047E+02 -0.10446E+03 -0.74994E+01 -0.55633E+01  0.38817E+02      982.00
  0.91310E-01  0.18262E+03    0.50000E-01  0.50000E-01 -0.10000E+00  0.00000E+00  0.00000E+00  0.00000E+00    0.53910E+02  0.55213E+02 -0.10912E+03 -0.71275E+01 -0.53350E+01  0.45898E+02      982.00
  0.11372E+00  0.20513E+03    0.62500E-01  0.62500E-01 -0.12500E+00  0.00000E+00  0.00000E+00  0.00000E+00    0.58637E+02  0.59892E+02 -0.11853E+03 -0.74897E+01 -0.57687E+01  0.58300E+02      982.00
  0.13539E+00  0.23993E+03    0.75000E-01  0.75000E-01 -0.15000E+00  0.00000E+00  0.00000E+00  0.00000E+00    0.65674E+02  0.67030E+02 -0.13270E+03 -0.83428E+01 -0.66739E+01  0.76596E+02      982.00
  0.15613E+00  0.28676E+03    0.87500E-01  0.87500E-01 -0.17500E+00  0.00000E+00  0.00000E+00  0.00000E+00    0.74845E+02  0.76366E+02 -0.15121E+03 -0.95035E+01 -0.79060E+01  0.10054E+03      982.00
  0.17590E+00  0.33919E+03    0.10000E+00  0.10000E+00 -0.20000E+00  0.00000E+00  0.00000E+00  0.00000E+00    0.84914E+02  0.86571E+02 -0.17148E+03 -0.10651E+02 -0.91768E+01  0.12688E+03      982.00
  0.19486E+00  0.38667E+03    0.11250E+00  0.11250E+00 -0.22500E+00  0.00000E+00  0.00000E+00  0.00000E+00    0.93960E+02  0.95692E+02 -0.18965E+03 -0.11500E+02 -0.10200E+02  0.15042E+03      982.00
  0.21325E+00  0.42448E+03    0.12500E+00  0.12500E+00 -0.25000E+00  0.00000E+00  0.00000E+00  0.00000E+00    0.10115E+03  0.10293E+03 -0.20408E+03 -0.12026E+02 -0.10929E+02  0.16899E+03      982.00
  0.23128E+00  0.45340E+03    0.13750E+00  0.13750E+00 -0.27500E+00  0.00000E+00  0.00000E+00  0.00000E+00    0.10666E+03  0.10845E+03 -0.21511E+03 -0.12320E+02 -0.11436E+02  0.18313E+03      982.00
  0.24907E+00  0.47503E+03    0.15000E+00  0.15000E+00 -0.30000E+00  0.00000E+00  0.00000E+00  0.00000E+00    0.11077E+03  0.11257E+03 -0.22334E+03 -0.12485E+02 -0.11802E+02  0.19368E+03      982.00
  0.26670E+00  0.49220E+03    0.16250E+00  0.16250E+00 -0.32500E+00  0.00000E+00  0.00000E+00  0.00000E+00    0.11403E+03  0.11579E+03 -0.22982E+03 -0.12551E+02 -0.12070E+02  0.20208E+03      982.00
  0.28421E+00  0.50533E+03    0.17500E+00  0.17500E+00 -0.35000E+00  0.00000E+00  0.00000E+00  0.00000E+00    0.11650E+03  0.11821E+03 -0.23471E+03 -0.12573E+02 -0.12275E+02  0.20855E+03      982.00
  0.30163E+00  0.51610E+03    0.18750E+00  0.18750E+00 -0.37500E+00  0.00000E+00  0.00000E+00  0.00000E+00    0.11850E+03  0.12013E+03 -0.23863E+03 -0.12538E+02 -0.12421E+02  0.21393E+03      982.00
  0.31897E+00  0.52519E+03    0.20000E+00  0.20000E+00 -0.40000E+00  0.00000E+00  0.00000E+00  0.00000E+00    0.12016E+03  0.12167E+03 -0.24182E+03 -0.12447E+02 -0.12515E+02  0.21857E+03      982.00
  0.33624E+00  0.53219E+03    0.21250E+00  0.21250E+00 -0.42500E+00  0.00000E+00  0.00000E+00  0.00000E+00    0.12139E+03  0.12283E+03 -0.24421E+03 -0.12361E+02 -0.12587E+02  0.22219E+03      982.00
  0.35345E+00  0.53882E+03    0.22500E+00  0.22500E+00 -0.45000E+00  0.00000E+00  0.00000E+00  0.00000E+00    0.12252E+03  0.12386E+03 -0.24638E+03 -0.12219E+02 -0.12616E+02  0.22570E+03      982.00
  0.37059E+00  0.54409E+03    0.23750E+00  0.23750E+00 -0.47500E+00  0.00000E+00  0.00000E+00  0.00000E+00    0.12337E+03  0.12465E+03 -0.24802E+03 -0.12074E+02 -0.12622E+02  0.22856E+03      982.00
  0.38769E+00  0.54871E+03    0.25000E+00  0.25000E+00 -0.50000E+00  0.00000E+00  0.00000E+00  0.00000E+00    0.12407E+03  0.12530E+03 -0.24938E+03 -0.11900E+02 -0.12594E+02  0.23112E+03      982.00
  0.40473E+00  0.55278E+03    0.26250E+00  0.26250E+00 -0.52500E+00  0.00000E+00  0.00000E+00  0.00000E+00    0.12465E+03  0.12586E+03 -0.25050E+03 -0.11701E+02 -0.12534E+02  0.23345E+03      982.00
  0.42172E+00  0.55641E+03    0.27500E+00  0.27500E+00 -0.55000E+00  0.00000E+00  0.00000E+00  0.00000E+00    0.12512E+03  0.12632E+03 -0.25144E+03 -0.11478E+02 -0.12444E+02  0.23557E+03      982.00
  0.43867E+00  0.55747E+03    0.28750E+00  0.28750E+00 -0.57500E+00  0.00000E+00  0.00000E+00  0.00000E+00    0.12515E+03  0.12619E+03 -0.25134E+03 -0.11203E+02 -0.12251E+02  0.23651E+03      982.00
  0.45558E+00  0.55823E+03    0.30000E+00  0.30000E+00 -0.60000E+00  0.00000E+00  0.00000E+00  0.00000E+00    0.12509E+03  0.12605E+03 -0.25114E+03 -0.10902E+02 -0.12035E+02  0.23730E+03      982.00
  0.47245E+00  0.55916E+03    0.31250E+00  0.31250E+00 -0.62500E+00  0.00000E+00  0.00000E+00  0.00000E+00    0.12511E+03  0.12590E+03 -0.25101E+03 -0.10564E+02 -0.11778E+02  0.23815E+03      982.00
  0.48928E+00  0.55982E+03    0.32500E+00  0.32500E+00 -0.65000E+00  0.00000E+00  0.00000E+00  0.00000E+00    0.12504E+03  0.12578E+03 -0.25081E+03 -0.10262E+02 -0.11546E+02  0.23884E+03      982.00
  0.50608E+00  0.56043E+03    0.33750E+00  0.33750E+00 -0.67500E+00  0.00000E+00  0.00000E+00  0.00000E+00    0.12497E+03  0.12565E+03 -0.25062E+03 -0.99630E+01 -0.11306E+02  0.23950E+03      982.00
  0.52285E+00  0.56100E+03    0.35000E+00  0.35000E+00 -0.70000E+00  0.00000E+00  0.00000E+00  0.00000E+00    0.12491E+03  0.12552E+03 -0.25043E+03 -0.96669E+01 -0.11063E+02  0.24011E+03      982.00
  0.53959E+00  0.56153E+03    0.36250E+00  0.36250E+00 -0.72500E+00  0.00000E+00  0.00000E+00  0.00000E+00    0.12486E+03  0.12539E+03 -0.25025E+03 -0.93756E+01 -0.10817E+02  0.24069E+03      982.00
  0.55630E+00  0.56203E+03    0.37500E+00  0.37500E+00 -0.75000E+00  0.00000E+00  0.00000E+00  0.00000E+00    0.12482E+03  0.12527E+03 -0.25008E+03 -0.90902E+01 -0.10570E+02  0.24123E+03      982.00
  0.57299E+00  0.56249E+03    0.38750E+00  0.38750E+00 -0.77500E+00  0.00000E+00  0.00000E+00  0.00000E+00    0.12479E+03  0.12514E+03 -0.24992E+03 -0.88114E+01 -0.10325E+02  0.24173E+03      982.00
  0.58965E+00  0.56292E+03    0.40000E+00  0.40000E+00 -0.80000E+00  0.00000E+00  0.00000E+00  0.00000E+00    0.12477E+03  0.12501E+03 -0.24977E+03 -0.85399E+01 -0.10081E+02  0.24220E+03      982.00
  0.60629E+00  0.56346E+03    0.41250E+00  0.41250E+00 -0.82500E+00  0.00000E+00  0.00000E+00  0.00000E+00    0.12482E+03  0.12486E+03 -0.24968E+03 -0.81819E+01 -0.97526E+01  0.24272E+03      982.00
  0.62291E+00  0.56385E+03    0.42500E+00  0.42500E+00 -0.85000E+00  0.00000E+00  0.00000E+00  0.00000E+00    0.12485E+03  0.12470E+03 -0.24956E+03 -0.79410E+01 -0.95268E+01  0.24313E+03      982.00
  0.63950E+00  0.56416E+03    0.43750E+00  0.43750E+00 -0.87500E+00  0.00000E+00  0.00000E+00  0.00000E+00    0.12487E+03  0.12456E+03 -0.24943E+03 -0.76981E+01 -0.92967E+01  0.24349E+03      982.00
  0.65608E+00  0.56445E+03    0.45000E+00  0.45000E+00 -0.90000E+00  0.00000E+00  0.00000E+00  0.00000E+00    0.12489E+03  0.12443E+03 -0.24932E+03 -0.74622E+01 -0.90707E+01  0.24382E+03      982.00
  0.67265E+00  0.56472E+03    0.46250E+00  0.46250E+00 -0.92500E+00  0.00000E+00  0.00000E+00  0.00000E+00    0.12491E+03  0.12430E+03 -0.24921E+03 -0.72337E+01 -0.88495E+01  0.24412E+03      982.00
  0.68920E+00  0.56493E+03    0.47500E+00  0.47500E+00 -0.95000E+00  0.00000E+00  0.00000E+00  0.00000E+00    0.12495E+03  0.12418E+03 -0.24913E+03 -0.70369E+01 -0.86601E+01  0.24435E+03      982.00
  0.70573E+00  0.56515E+03    0.48750E+00  0.48750E+00 -0.97500E+00  0.00000E+00  0.00000E+00  0.00000E+00    0.12498E+03  0.12405E+03 -0.24903E+03 -0.68234E+01 -0.84495E+01  0.24461E+03      982.00
  0.72226E+00  0.56536E+03    0.50000E+00  0.50000E+00 -0.10000E+01  0.00000E+00  0.00000E+00  0.00000E+00    0.12502E+03  0.12393E+03 -0.24895E+03 -0.66153E+01 -0.82426E+01  0.24485E+03      982.00
