          Evm          Svm            E11          E22          E33          E23          E13          E12         SDEV11       SDEV22       SDEV33       SDEV23       SDEV13       SDEV12      TEMP
  0.00000E+00  0.15753E+03    0.00000E+00  0.00000E+00  0.00000E+00  0.00000E+00  0.00000E+00  0.00000E+00    0.55463E+02  0.47983E+02 -0.10345E+03 -0.79169E+01 -0.10163E+01  0.12991E+02      982.00
  0.24625E-01  0.15664E+03    0.12500E-01  0.12500E-01 -0.25000E-01  0.00000E+00  0.00000E+00  0.00000E+00    0.54176E+02  0.48514E+02 -0.10269E+03 -0.66989E+01 -0.18402E+00  0.14739E+02      982.00
  0.49208E-01  0.16239E+03    0.25000E-01  0.25000E-01 -0.50000E-01  0.00000E+00  0.00000E+00  0.00000E+00    0.53573E+02  0.52373E+02 -0.10595E+03 -0.61697E+01 -0.33958E-01  0.18245E+02      982.00
  0.73675E-01  0.17732E+03    0.37500E-01  0.37500E-01 -0.75000E-01  0.00000E+00  0.00000E+00  0.00000E+00    0.53288E+02  0.61208E+02 -0.11450E+03 -0.62423E+01 -0.65553E+00  0.24364E+02      982.00
  0.97889E-01  0.20624E+03    0.50000E-01  0.50000E-01 -0.10000E+00  0.00000E+00  0.00000E+00  0.00000E+00    0.52358E+02  0.78131E+02 -0.13049E+03 -0.67027E+01 -0.21838E+01  0.34533E+02      982.00
  0.12161E+00  0.23333E+03    0.62500E-01  0.62500E-01 -0.12500E+00  0.00000E+00  0.00000E+00  0.00000E+00    0.48185E+02  0.96488E+02 -0.14467E+03 -0.60016E+01 -0.38326E+01  0.42621E+02      982.00
  0.14487E+00  0.23665E+03    0.75000E-01  0.75000E-01 -0.15000E+00  0.00000E+00  0.00000E+00  0.00000E+00    0.45957E+02  0.10027E+03 -0.14623E+03 -0.57732E+01 -0.49174E+01  0.42852E+02      982.00
  0.16804E+00  0.24967E+03    0.87500E-01  0.87500E-01 -0.17500E+00  0.00000E+00  0.00000E+00  0.00000E+00    0.46860E+02  0.10620E+03 -0.15306E+03 -0.69763E+01 -0.61181E+01  0.47335E+02      982.00
  0.19103E+00  0.27024E+03    0.10000E+00  0.10000E+00 -0.20000E+00  0.00000E+00  0.00000E+00  0.00000E+00    0.49243E+02  0.11473E+03 -0.16398E+03 -0.83570E+01 -0.70516E+01  0.54638E+02      982.00
  0.21378E+00  0.29295E+03    0.11250E+00  0.11250E+00 -0.22500E+00  0.00000E+00  0.00000E+00  0.00000E+00    0.52377E+02  0.12366E+03 -0.17603E+03 -0.93997E+01 -0.76388E+01  0.62847E+02      982.00
  0.23631E+00  0.31330E+03    0.12500E+00  0.12500E+00 -0.25000E+00  0.00000E+00  0.00000E+00  0.00000E+00    0.55776E+02  0.13120E+03 -0.18697E+03 -0.10023E+02 -0.78540E+01  0.70103E+02      982.00
  0.25869E+00  0.32980E+03    0.13750E+00  0.13750E+00 -0.27500E+00  0.00000E+00  0.00000E+00  0.00000E+00    0.59031E+02  0.13704E+03 -0.19607E+03 -0.10304E+02 -0.77982E+01  0.75732E+02      982.00
  0.28099E+00  0.34244E+03    0.15000E+00  0.15000E+00 -0.30000E+00  0.00000E+00  0.00000E+00  0.00000E+00    0.62029E+02  0.14129E+03 -0.20332E+03 -0.10368E+02 -0.75790E+01  0.79685E+02      982.00
  0.30325E+00  0.35181E+03    0.16250E+00  0.16250E+00 -0.32500E+00  0.00000E+00  0.00000E+00  0.00000E+00    0.64735E+02  0.14428E+03 -0.20902E+03 -0.10311E+02 -0.72809E+01  0.82156E+02      982.00
  0.32553E+00  0.35856E+03    0.17500E+00  0.17500E+00 -0.35000E+00  0.00000E+00  0.00000E+00  0.00000E+00    0.67197E+02  0.14629E+03 -0.21349E+03 -0.10197E+02 -0.69587E+01  0.83392E+02      982.00
  0.34786E+00  0.36328E+03    0.18750E+00  0.18750E+00 -0.37500E+00  0.00000E+00  0.00000E+00  0.00000E+00    0.69483E+02  0.14754E+03 -0.21702E+03 -0.10066E+02 -0.66470E+01  0.83646E+02      982.00
  0.37026E+00  0.36647E+03    0.20000E+00  0.20000E+00 -0.40000E+00  0.00000E+00  0.00000E+00  0.00000E+00    0.71632E+02  0.14823E+03 -0.21986E+03 -0.99464E+01 -0.63641E+01  0.83108E+02      982.00
  0.39276E+00  0.36851E+03    0.21250E+00  0.21250E+00 -0.42500E+00  0.00000E+00  0.00000E+00  0.00000E+00    0.73735E+02  0.14844E+03 -0.22217E+03 -0.98643E+01 -0.61205E+01  0.81948E+02      982.00
  0.41537E+00  0.36970E+03    0.22500E+00  0.22500E+00 -0.45000E+00  0.00000E+00  0.00000E+00  0.00000E+00    0.75837E+02  0.14827E+03 -0.22411E+03 -0.98377E+01 -0.59216E+01  0.80292E+02      982.00
  0.43810E+00  0.37044E+03    0.23750E+00  0.23750E+00 -0.47500E+00  0.00000E+00  0.00000E+00  0.00000E+00    0.77890E+02  0.14796E+03 -0.22585E+03 -0.98507E+01 -0.57707E+01  0.78286E+02      982.00
  0.46096E+00  0.36827E+03    0.25000E+00  0.25000E+00 -0.50000E+00  0.00000E+00  0.00000E+00  0.00000E+00    0.79222E+02  0.14666E+03 -0.22588E+03 -0.97732E+01 -0.56292E+01  0.75344E+02      982.00
  0.48397E+00  0.36642E+03    0.26250E+00  0.26250E+00 -0.52500E+00  0.00000E+00  0.00000E+00  0.00000E+00    0.80693E+02  0.14535E+03 -0.22604E+03 -0.97317E+01 -0.54983E+01  0.72540E+02      982.00
  0.50710E+00  0.36483E+03    0.27500E+00  0.27500E+00 -0.55000E+00  0.00000E+00  0.00000E+00  0.00000E+00    0.82214E+02  0.14410E+03 -0.22631E+03 -0.97213E+01 -0.53839E+01  0.69805E+02      982.00
  0.53036E+00  0.36351E+03    0.28750E+00  0.28750E+00 -0.57500E+00  0.00000E+00  0.00000E+00  0.00000E+00    0.83769E+02  0.14292E+03 -0.22669E+03 -0.97365E+01 -0.52856E+01  0.67139E+02      982.00
  0.55375E+00  0.36244E+03    0.30000E+00  0.30000E+00 -0.60000E+00  0.00000E+00  0.00000E+00  0.00000E+00    0.85350E+02  0.14181E+03 -0.22717E+03 -0.97731E+01 -0.52025E+01  0.64544E+02      982.00
  0.57725E+00  0.36147E+03    0.31250E+00  0.31250E+00 -0.62500E+00  0.00000E+00  0.00000E+00  0.00000E+00    0.86994E+02  0.14066E+03 -0.22766E+03 -0.98547E+01 -0.51313E+01  0.61956E+02      982.00
  0.60087E+00  0.36094E+03    0.32500E+00  0.32500E+00 -0.65000E+00  0.00000E+00  0.00000E+00  0.00000E+00    0.88613E+02  0.13973E+03 -0.22834E+03 -0.99194E+01 -0.50746E+01  0.59518E+02      982.00
  0.62459E+00  0.36066E+03    0.33750E+00  0.33750E+00 -0.67500E+00  0.00000E+00  0.00000E+00  0.00000E+00    0.90247E+02  0.13888E+03 -0.22913E+03 -0.99947E+01 -0.50292E+01  0.57160E+02      982.00
  0.64842E+00  0.36063E+03    0.35000E+00  0.35000E+00 -0.70000E+00  0.00000E+00  0.00000E+00  0.00000E+00    0.91891E+02  0.13812E+03 -0.23001E+03 -0.10077E+02 -0.49939E+01  0.54882E+02      982.00
  0.67233E+00  0.36087E+03    0.36250E+00  0.36250E+00 -0.72500E+00  0.00000E+00  0.00000E+00  0.00000E+00    0.93513E+02  0.13748E+03 -0.23099E+03 -0.10159E+02 -0.49562E+01  0.52725E+02      982.00
  0.69634E+00  0.36118E+03    0.37500E+00  0.37500E+00 -0.75000E+00  0.00000E+00  0.00000E+00  0.00000E+00    0.95240E+02  0.13676E+03 -0.23200E+03 -0.10289E+02 -0.49425E+01  0.50546E+02      982.00
  0.72043E+00  0.36182E+03    0.38750E+00  0.38750E+00 -0.77500E+00  0.00000E+00  0.00000E+00  0.00000E+00    0.96891E+02  0.13625E+03 -0.23314E+03 -0.10373E+02 -0.49319E+01  0.48511E+02      982.00
  0.74459E+00  0.36267E+03    0.40000E+00  0.40000E+00 -0.80000E+00  0.00000E+00  0.00000E+00  0.00000E+00    0.98541E+02  0.13582E+03 -0.23436E+03 -0.10454E+02 -0.49265E+01  0.46556E+02      982.00
  0.76882E+00  0.36370E+03    0.41250E+00  0.41250E+00 -0.82500E+00  0.00000E+00  0.00000E+00  0.00000E+00    0.10019E+03  0.13547E+03 -0.23565E+03 -0.10531E+02 -0.49252E+01  0.44679E+02      982.00
  0.79312E+00  0.36482E+03    0.42500E+00  0.42500E+00 -0.85000E+00  0.00000E+00  0.00000E+00  0.00000E+00    0.10181E+03  0.13515E+03 -0.23696E+03 -0.10614E+02 -0.49065E+01  0.42849E+02      982.00
  0.81748E+00  0.36618E+03    0.43750E+00  0.43750E+00 -0.87500E+00  0.00000E+00  0.00000E+00  0.00000E+00    0.10343E+03  0.13494E+03 -0.23838E+03 -0.10676E+02 -0.49097E+01  0.41123E+02      982.00
  0.84189E+00  0.36768E+03    0.45000E+00  0.45000E+00 -0.90000E+00  0.00000E+00  0.00000E+00  0.00000E+00    0.10505E+03  0.13480E+03 -0.23984E+03 -0.10729E+02 -0.49148E+01  0.39470E+02      982.00
  0.86635E+00  0.36932E+03    0.46250E+00  0.46250E+00 -0.92500E+00  0.00000E+00  0.00000E+00  0.00000E+00    0.10669E+03  0.13468E+03 -0.24137E+03 -0.10815E+02 -0.49031E+01  0.37881E+02      982.00
  0.89086E+00  0.37108E+03    0.47500E+00  0.47500E+00 -0.95000E+00  0.00000E+00  0.00000E+00  0.00000E+00    0.10827E+03  0.13466E+03 -0.24293E+03 -0.10843E+02 -0.49129E+01  0.36369E+02      982.00
  0.91541E+00  0.37295E+03    0.48750E+00  0.48750E+00 -0.97500E+00  0.00000E+00  0.00000E+00  0.00000E+00    0.10983E+03  0.13471E+03 -0.24454E+03 -0.10863E+02 -0.49225E+01  0.34923E+02      982.00
  0.94000E+00  0.37492E+03    0.50000E+00  0.50000E+00 -0.10000E+01  0.00000E+00  0.00000E+00  0.00000E+00    0.11137E+03  0.13480E+03 -0.24617E+03 -0.10875E+02 -0.49311E+01  0.33541E+02      982.00
