          Evm          Svm            E11          E22          E33          E23          E13          E12         SDEV11       SDEV22       SDEV33       SDEV23       SDEV13       SDEV12      TEMP
  0.00000E+00  0.17636E+03    0.00000E+00  0.00000E+00  0.00000E+00  0.00000E+00  0.00000E+00  0.00000E+00    0.57586E+02  0.48871E+02 -0.10646E+03 -0.10459E+02 -0.10436E+02  0.40380E+02      982.00
  0.22636E-01  0.17921E+03    0.12500E-01  0.12500E-01 -0.25000E-01  0.00000E+00  0.00000E+00  0.00000E+00    0.57192E+02  0.50267E+02 -0.10746E+03 -0.90511E+01 -0.79962E+01  0.43437E+02      982.00
  0.45122E-01  0.17555E+03    0.25000E-01  0.25000E-01 -0.50000E-01  0.00000E+00  0.00000E+00  0.00000E+00    0.54192E+02  0.51261E+02 -0.10545E+03 -0.71935E+01 -0.61004E+01  0.42914E+02      982.00
  0.67648E-01  0.17989E+03    0.37500E-01  0.37500E-01 -0.75000E-01  0.00000E+00  0.00000E+00  0.00000E+00    0.53498E+02  0.53387E+02 -0.10688E+03 -0.63728E+01 -0.52655E+01  0.46370E+02      982.00
  0.89930E-01  0.19303E+03    0.50000E-01  0.50000E-01 -0.10000E+00  0.00000E+00  0.00000E+00  0.00000E+00    0.55047E+02  0.56985E+02 -0.11203E+03 -0.62853E+01 -0.50516E+01  0.54232E+02      982.00
  0.11169E+00  0.21567E+03    0.62500E-01  0.62500E-01 -0.12500E+00  0.00000E+00  0.00000E+00  0.00000E+00    0.58609E+02  0.62330E+02 -0.12094E+03 -0.67232E+01 -0.52576E+01  0.66768E+02      982.00
  0.13272E+00  0.24943E+03    0.75000E-01  0.75000E-01 -0.15000E+00  0.00000E+00  0.00000E+00  0.00000E+00    0.64211E+02  0.69780E+02 -0.13399E+03 -0.75776E+01 -0.58115E+01  0.84701E+02      982.00
  0.15287E+00  0.29435E+03    0.87500E-01  0.87500E-01 -0.17500E+00  0.00000E+00  0.00000E+00  0.00000E+00    0.71665E+02  0.79318E+02 -0.15098E+03 -0.87135E+01 -0.66374E+01  0.10793E+03      982.00
  0.17210E+00  0.34504E+03    0.10000E+00  0.10000E+00 -0.20000E+00  0.00000E+00  0.00000E+00  0.00000E+00    0.79966E+02  0.89870E+02 -0.16984E+03 -0.98796E+01 -0.75471E+01  0.13368E+03      982.00
  0.19056E+00  0.39175E+03    0.11250E+00  0.11250E+00 -0.22500E+00  0.00000E+00  0.00000E+00  0.00000E+00    0.87530E+02  0.99545E+02 -0.18707E+03 -0.10827E+02 -0.83075E+01  0.15712E+03      982.00
  0.20847E+00  0.42959E+03    0.12500E+00  0.12500E+00 -0.25000E+00  0.00000E+00  0.00000E+00  0.00000E+00    0.93640E+02  0.10739E+03 -0.20103E+03 -0.11491E+02 -0.88473E+01  0.17592E+03      982.00
  0.22602E+00  0.45888E+03    0.13750E+00  0.13750E+00 -0.27500E+00  0.00000E+00  0.00000E+00  0.00000E+00    0.98383E+02  0.11347E+03 -0.21186E+03 -0.11917E+02 -0.92053E+01  0.19038E+03      982.00
  0.24333E+00  0.48098E+03    0.15000E+00  0.15000E+00 -0.30000E+00  0.00000E+00  0.00000E+00  0.00000E+00    0.10198E+03  0.11807E+03 -0.22004E+03 -0.12183E+02 -0.94320E+01  0.20124E+03      982.00
  0.26049E+00  0.49853E+03    0.16250E+00  0.16250E+00 -0.32500E+00  0.00000E+00  0.00000E+00  0.00000E+00    0.10485E+03  0.12169E+03 -0.22653E+03 -0.12314E+02 -0.95747E+01  0.20986E+03      982.00
  0.27753E+00  0.51194E+03    0.17500E+00  0.17500E+00 -0.35000E+00  0.00000E+00  0.00000E+00  0.00000E+00    0.10704E+03  0.12444E+03 -0.23148E+03 -0.12365E+02 -0.96527E+01  0.21645E+03      982.00
  0.29448E+00  0.52292E+03    0.18750E+00  0.18750E+00 -0.37500E+00  0.00000E+00  0.00000E+00  0.00000E+00    0.10883E+03  0.12666E+03 -0.23548E+03 -0.12323E+02 -0.96850E+01  0.22188E+03      982.00
  0.31137E+00  0.53210E+03    0.20000E+00  0.20000E+00 -0.40000E+00  0.00000E+00  0.00000E+00  0.00000E+00    0.11030E+03  0.12847E+03 -0.23877E+03 -0.12202E+02 -0.96834E+01  0.22647E+03      982.00
  0.32820E+00  0.53898E+03    0.21250E+00  0.21250E+00 -0.42500E+00  0.00000E+00  0.00000E+00  0.00000E+00    0.11139E+03  0.12981E+03 -0.24120E+03 -0.12040E+02 -0.96440E+01  0.22995E+03      982.00
  0.34498E+00  0.54502E+03    0.22500E+00  0.22500E+00 -0.45000E+00  0.00000E+00  0.00000E+00  0.00000E+00    0.11234E+03  0.13097E+03 -0.24332E+03 -0.11863E+02 -0.95931E+01  0.23301E+03      982.00
  0.36172E+00  0.55090E+03    0.23750E+00  0.23750E+00 -0.47500E+00  0.00000E+00  0.00000E+00  0.00000E+00    0.11326E+03  0.13206E+03 -0.24532E+03 -0.11638E+02 -0.95315E+01  0.23604E+03      982.00
  0.37842E+00  0.55519E+03    0.25000E+00  0.25000E+00 -0.50000E+00  0.00000E+00  0.00000E+00  0.00000E+00    0.11392E+03  0.13284E+03 -0.24676E+03 -0.11400E+02 -0.94431E+01  0.23826E+03      982.00
  0.39509E+00  0.55893E+03    0.26250E+00  0.26250E+00 -0.52500E+00  0.00000E+00  0.00000E+00  0.00000E+00    0.11451E+03  0.13348E+03 -0.24799E+03 -0.11139E+02 -0.93413E+01  0.24023E+03      982.00
  0.41173E+00  0.56221E+03    0.27500E+00  0.27500E+00 -0.55000E+00  0.00000E+00  0.00000E+00  0.00000E+00    0.11502E+03  0.13402E+03 -0.24904E+03 -0.10861E+02 -0.92283E+01  0.24197E+03      982.00
  0.42834E+00  0.56511E+03    0.28750E+00  0.28750E+00 -0.57500E+00  0.00000E+00  0.00000E+00  0.00000E+00    0.11547E+03  0.13447E+03 -0.24994E+03 -0.10571E+02 -0.91057E+01  0.24354E+03      982.00
  0.44492E+00  0.56548E+03    0.30000E+00  0.30000E+00 -0.60000E+00  0.00000E+00  0.00000E+00  0.00000E+00    0.11569E+03  0.13417E+03 -0.24985E+03 -0.10069E+02 -0.88046E+01  0.24394E+03      982.00
  0.46149E+00  0.56578E+03    0.31250E+00  0.31250E+00 -0.62500E+00  0.00000E+00  0.00000E+00  0.00000E+00    0.11570E+03  0.13405E+03 -0.24975E+03 -0.98504E+01 -0.86977E+01  0.24426E+03      982.00
  0.47805E+00  0.56607E+03    0.32500E+00  0.32500E+00 -0.65000E+00  0.00000E+00  0.00000E+00  0.00000E+00    0.11579E+03  0.13386E+03 -0.24965E+03 -0.94058E+01 -0.84468E+01  0.24459E+03      982.00
  0.49458E+00  0.56628E+03    0.33750E+00  0.33750E+00 -0.67500E+00  0.00000E+00  0.00000E+00  0.00000E+00    0.11584E+03  0.13371E+03 -0.24955E+03 -0.90895E+01 -0.82720E+01  0.24486E+03      982.00
  0.51111E+00  0.56646E+03    0.35000E+00  0.35000E+00 -0.70000E+00  0.00000E+00  0.00000E+00  0.00000E+00    0.11590E+03  0.13354E+03 -0.24944E+03 -0.87993E+01 -0.81109E+01  0.24510E+03      982.00
  0.52762E+00  0.56661E+03    0.36250E+00  0.36250E+00 -0.72500E+00  0.00000E+00  0.00000E+00  0.00000E+00    0.11595E+03  0.13339E+03 -0.24934E+03 -0.85044E+01 -0.79425E+01  0.24531E+03      982.00
  0.54412E+00  0.56674E+03    0.37500E+00  0.37500E+00 -0.75000E+00  0.00000E+00  0.00000E+00  0.00000E+00    0.11601E+03  0.13326E+03 -0.24927E+03 -0.82483E+01 -0.77978E+01  0.24548E+03      982.00
  0.56062E+00  0.56686E+03    0.38750E+00  0.38750E+00 -0.77500E+00  0.00000E+00  0.00000E+00  0.00000E+00    0.11605E+03  0.13313E+03 -0.24918E+03 -0.79728E+01 -0.76351E+01  0.24566E+03      982.00
  0.57710E+00  0.56698E+03    0.40000E+00  0.40000E+00 -0.80000E+00  0.00000E+00  0.00000E+00  0.00000E+00    0.11609E+03  0.13300E+03 -0.24910E+03 -0.77064E+01 -0.74745E+01  0.24583E+03      982.00
  0.59358E+00  0.56709E+03    0.41250E+00  0.41250E+00 -0.82500E+00  0.00000E+00  0.00000E+00  0.00000E+00    0.11614E+03  0.13288E+03 -0.24902E+03 -0.74493E+01 -0.73169E+01  0.24599E+03      982.00
  0.61004E+00  0.56719E+03    0.42500E+00  0.42500E+00 -0.85000E+00  0.00000E+00  0.00000E+00  0.00000E+00    0.11619E+03  0.13276E+03 -0.24895E+03 -0.72013E+01 -0.71620E+01  0.24613E+03      982.00
  0.62650E+00  0.56727E+03    0.43750E+00  0.43750E+00 -0.87500E+00  0.00000E+00  0.00000E+00  0.00000E+00    0.11625E+03  0.13264E+03 -0.24889E+03 -0.69620E+01 -0.70100E+01  0.24626E+03      982.00
  0.64296E+00  0.56735E+03    0.45000E+00  0.45000E+00 -0.90000E+00  0.00000E+00  0.00000E+00  0.00000E+00    0.11631E+03  0.13252E+03 -0.24883E+03 -0.67311E+01 -0.68607E+01  0.24638E+03      982.00
  0.65940E+00  0.56743E+03    0.46250E+00  0.46250E+00 -0.92500E+00  0.00000E+00  0.00000E+00  0.00000E+00    0.11636E+03  0.13241E+03 -0.24877E+03 -0.65081E+01 -0.67142E+01  0.24649E+03      982.00
  0.67584E+00  0.56749E+03    0.47500E+00  0.47500E+00 -0.95000E+00  0.00000E+00  0.00000E+00  0.00000E+00    0.11642E+03  0.13230E+03 -0.24872E+03 -0.62929E+01 -0.65704E+01  0.24659E+03      982.00
  0.69228E+00  0.56755E+03    0.48750E+00  0.48750E+00 -0.97500E+00  0.00000E+00  0.00000E+00  0.00000E+00    0.11649E+03  0.13219E+03 -0.24868E+03 -0.60851E+01 -0.64293E+01  0.24668E+03      982.00
  0.70871E+00  0.56761E+03    0.50000E+00  0.50000E+00 -0.10000E+01  0.00000E+00  0.00000E+00  0.00000E+00    0.11655E+03  0.13209E+03 -0.24864E+03 -0.58843E+01 -0.62909E+01  0.24677E+03      982.00
