          Evm          Svm            E11          E22          E33          E23          E13          E12         SDEV11       SDEV22       SDEV33       SDEV23       SDEV13       SDEV12      TEMP
  0.00000E+00  0.14364E+03    0.00000E+00  0.00000E+00  0.00000E+00  0.00000E+00  0.00000E+00  0.00000E+00    0.52412E+02  0.40103E+02 -0.92515E+02  0.62251E+01  0.95968E+01  0.17006E+02      982.00
  0.24153E-01  0.15048E+03    0.12500E-01  0.12500E-01 -0.25000E-01  0.00000E+00  0.00000E+00  0.00000E+00    0.52091E+02  0.44009E+02 -0.96100E+02  0.59460E+01  0.99292E+01  0.21703E+02      982.00
  0.48102E-01  0.16967E+03    0.25000E-01  0.25000E-01 -0.50000E-01  0.00000E+00  0.00000E+00  0.00000E+00    0.51668E+02  0.54039E+02 -0.10571E+03  0.57493E+01  0.10772E+02  0.32628E+02      982.00
  0.71466E-01  0.18662E+03    0.37500E-01  0.37500E-01 -0.75000E-01  0.00000E+00  0.00000E+00  0.00000E+00    0.49748E+02  0.63440E+02 -0.11319E+03  0.41262E+01  0.10930E+02  0.42624E+02      982.00
  0.94210E-01  0.19482E+03    0.50000E-01  0.50000E-01 -0.10000E+00  0.00000E+00  0.00000E+00  0.00000E+00    0.49457E+02  0.66890E+02 -0.11635E+03  0.34321E+01  0.10705E+02  0.47917E+02      982.00
  0.11661E+00  0.20710E+03    0.62500E-01  0.62500E-01 -0.12500E+00  0.00000E+00  0.00000E+00  0.00000E+00    0.50790E+02  0.70522E+02 -0.12131E+03  0.39265E+01  0.10685E+02  0.55072E+02      982.00
  0.13857E+00  0.22662E+03    0.75000E-01  0.75000E-01 -0.15000E+00  0.00000E+00  0.00000E+00  0.00000E+00    0.53488E+02  0.75895E+02 -0.12938E+03  0.51372E+01  0.10984E+02  0.65505E+02      982.00
  0.15998E+00  0.25514E+03    0.87500E-01  0.87500E-01 -0.17500E+00  0.00000E+00  0.00000E+00  0.00000E+00    0.57447E+02  0.83647E+02 -0.14109E+03  0.67163E+01  0.11620E+02  0.80108E+02      982.00
  0.18072E+00  0.29230E+03    0.10000E+00  0.10000E+00 -0.20000E+00  0.00000E+00  0.00000E+00  0.00000E+00    0.62624E+02  0.93531E+02 -0.15616E+03  0.85179E+01  0.12529E+02  0.98610E+02      982.00
  0.20075E+00  0.33426E+03    0.11250E+00  0.11250E+00 -0.22500E+00  0.00000E+00  0.00000E+00  0.00000E+00    0.68461E+02  0.10445E+03 -0.17291E+03  0.10269E+02  0.13518E+02  0.11919E+03      982.00
  0.22015E+00  0.37428E+03    0.12500E+00  0.12500E+00 -0.25000E+00  0.00000E+00  0.00000E+00  0.00000E+00    0.74157E+02  0.11465E+03 -0.18881E+03  0.11751E+02  0.14330E+02  0.13858E+03      982.00
  0.23907E+00  0.40794E+03    0.13750E+00  0.13750E+00 -0.27500E+00  0.00000E+00  0.00000E+00  0.00000E+00    0.79065E+02  0.12308E+03 -0.20214E+03  0.12847E+02  0.14863E+02  0.15477E+03      982.00
  0.25765E+00  0.43464E+03    0.15000E+00  0.15000E+00 -0.30000E+00  0.00000E+00  0.00000E+00  0.00000E+00    0.83031E+02  0.12968E+03 -0.21272E+03  0.13602E+02  0.15145E+02  0.16756E+03      982.00
  0.27600E+00  0.45566E+03    0.16250E+00  0.16250E+00 -0.32500E+00  0.00000E+00  0.00000E+00  0.00000E+00    0.86159E+02  0.13482E+03 -0.22098E+03  0.14084E+02  0.15275E+02  0.17766E+03      982.00
  0.29419E+00  0.47236E+03    0.17500E+00  0.17500E+00 -0.35000E+00  0.00000E+00  0.00000E+00  0.00000E+00    0.88604E+02  0.13885E+03 -0.22746E+03  0.14373E+02  0.15300E+02  0.18574E+03      982.00
  0.31225E+00  0.48575E+03    0.18750E+00  0.18750E+00 -0.37500E+00  0.00000E+00  0.00000E+00  0.00000E+00    0.90509E+02  0.14204E+03 -0.23255E+03  0.14524E+02  0.15256E+02  0.19231E+03      982.00
  0.33020E+00  0.49649E+03    0.20000E+00  0.20000E+00 -0.40000E+00  0.00000E+00  0.00000E+00  0.00000E+00    0.91990E+02  0.14454E+03 -0.23653E+03  0.14582E+02  0.15165E+02  0.19768E+03      982.00
  0.34807E+00  0.50565E+03    0.21250E+00  0.21250E+00 -0.42500E+00  0.00000E+00  0.00000E+00  0.00000E+00    0.93136E+02  0.14665E+03 -0.23979E+03  0.14561E+02  0.15049E+02  0.20237E+03      982.00
  0.36585E+00  0.51308E+03    0.22500E+00  0.22500E+00 -0.45000E+00  0.00000E+00  0.00000E+00  0.00000E+00    0.93991E+02  0.14830E+03 -0.24230E+03  0.14494E+02  0.14906E+02  0.20628E+03      982.00
  0.38356E+00  0.51990E+03    0.23750E+00  0.23750E+00 -0.47500E+00  0.00000E+00  0.00000E+00  0.00000E+00    0.94639E+02  0.14983E+03 -0.24447E+03  0.14382E+02  0.14747E+02  0.20998E+03      982.00
  0.40119E+00  0.52552E+03    0.25000E+00  0.25000E+00 -0.50000E+00  0.00000E+00  0.00000E+00  0.00000E+00    0.95075E+02  0.15103E+03 -0.24611E+03  0.14240E+02  0.14574E+02  0.21315E+03      982.00
  0.41875E+00  0.52677E+03    0.26250E+00  0.26250E+00 -0.52500E+00  0.00000E+00  0.00000E+00  0.00000E+00    0.94674E+02  0.15124E+03 -0.24591E+03  0.13966E+02  0.14326E+02  0.21434E+03      982.00
  0.43626E+00  0.52805E+03    0.27500E+00  0.27500E+00 -0.55000E+00  0.00000E+00  0.00000E+00  0.00000E+00    0.94239E+02  0.15146E+03 -0.24570E+03  0.13686E+02  0.14059E+02  0.21555E+03      982.00
  0.45371E+00  0.52931E+03    0.28750E+00  0.28750E+00 -0.57500E+00  0.00000E+00  0.00000E+00  0.00000E+00    0.93744E+02  0.15174E+03 -0.24548E+03  0.13419E+02  0.13776E+02  0.21676E+03      982.00
  0.47110E+00  0.53057E+03    0.30000E+00  0.30000E+00 -0.60000E+00  0.00000E+00  0.00000E+00  0.00000E+00    0.93174E+02  0.15208E+03 -0.24526E+03  0.13166E+02  0.13471E+02  0.21794E+03      982.00
  0.48843E+00  0.53180E+03    0.31250E+00  0.31250E+00 -0.62500E+00  0.00000E+00  0.00000E+00  0.00000E+00    0.92520E+02  0.15250E+03 -0.24502E+03  0.12926E+02  0.13140E+02  0.21910E+03      982.00
  0.50571E+00  0.53282E+03    0.32500E+00  0.32500E+00 -0.65000E+00  0.00000E+00  0.00000E+00  0.00000E+00    0.91831E+02  0.15289E+03 -0.24472E+03  0.12698E+02  0.12771E+02  0.22013E+03      982.00
  0.52293E+00  0.53391E+03    0.33750E+00  0.33750E+00 -0.67500E+00  0.00000E+00  0.00000E+00  0.00000E+00    0.91076E+02  0.15338E+03 -0.24446E+03  0.12484E+02  0.12373E+02  0.22118E+03      982.00
  0.54010E+00  0.53503E+03    0.35000E+00  0.35000E+00 -0.70000E+00  0.00000E+00  0.00000E+00  0.00000E+00    0.90266E+02  0.15396E+03 -0.24423E+03  0.12284E+02  0.11946E+02  0.22221E+03      982.00
  0.55722E+00  0.53615E+03    0.36250E+00  0.36250E+00 -0.72500E+00  0.00000E+00  0.00000E+00  0.00000E+00    0.89419E+02  0.15460E+03 -0.24402E+03  0.12092E+02  0.11491E+02  0.22320E+03      982.00
  0.57429E+00  0.53721E+03    0.37500E+00  0.37500E+00 -0.75000E+00  0.00000E+00  0.00000E+00  0.00000E+00    0.88529E+02  0.15529E+03 -0.24382E+03  0.11903E+02  0.11010E+02  0.22413E+03      982.00
  0.59131E+00  0.53822E+03    0.38750E+00  0.38750E+00 -0.77500E+00  0.00000E+00  0.00000E+00  0.00000E+00    0.87641E+02  0.15599E+03 -0.24364E+03  0.11711E+02  0.10510E+02  0.22500E+03      982.00
  0.60828E+00  0.53918E+03    0.40000E+00  0.40000E+00 -0.80000E+00  0.00000E+00  0.00000E+00  0.00000E+00    0.86755E+02  0.15672E+03 -0.24347E+03  0.11512E+02  0.10000E+02  0.22580E+03      982.00
  0.62522E+00  0.54009E+03    0.41250E+00  0.41250E+00 -0.82500E+00  0.00000E+00  0.00000E+00  0.00000E+00    0.85964E+02  0.15737E+03 -0.24334E+03  0.11304E+02  0.94929E+01  0.22656E+03      982.00
  0.64211E+00  0.54096E+03    0.42500E+00  0.42500E+00 -0.85000E+00  0.00000E+00  0.00000E+00  0.00000E+00    0.85218E+02  0.15801E+03 -0.24323E+03  0.11082E+02  0.89976E+01  0.22727E+03      982.00
  0.65897E+00  0.54181E+03    0.43750E+00  0.43750E+00 -0.87500E+00  0.00000E+00  0.00000E+00  0.00000E+00    0.84544E+02  0.15860E+03 -0.24314E+03  0.10846E+02  0.85222E+01  0.22793E+03      982.00
  0.67580E+00  0.54264E+03    0.45000E+00  0.45000E+00 -0.90000E+00  0.00000E+00  0.00000E+00  0.00000E+00    0.83934E+02  0.15915E+03 -0.24308E+03  0.10592E+02  0.80667E+01  0.22857E+03      982.00
  0.69260E+00  0.54332E+03    0.46250E+00  0.46250E+00 -0.92500E+00  0.00000E+00  0.00000E+00  0.00000E+00    0.83497E+02  0.15952E+03 -0.24302E+03  0.10326E+02  0.76383E+01  0.22912E+03      982.00
  0.70937E+00  0.54406E+03    0.47500E+00  0.47500E+00 -0.95000E+00  0.00000E+00  0.00000E+00  0.00000E+00    0.83035E+02  0.15996E+03 -0.24300E+03  0.10037E+02  0.72327E+01  0.22967E+03      982.00
  0.72612E+00  0.54477E+03    0.48750E+00  0.48750E+00 -0.97500E+00  0.00000E+00  0.00000E+00  0.00000E+00    0.82608E+02  0.16039E+03 -0.24299E+03  0.97290E+01  0.68507E+01  0.23019E+03      982.00
  0.74285E+00  0.54531E+03    0.50000E+00  0.50000E+00 -0.10000E+01  0.00000E+00  0.00000E+00  0.00000E+00    0.82398E+02  0.16056E+03 -0.24296E+03  0.94315E+01  0.65167E+01  0.23063E+03      982.00
