          Evm          Svm            E11          E22          E33          E23          E13          E12         SDEV11       SDEV22       SDEV33       SDEV23       SDEV13       SDEV12      TEMP
  0.00000E+00  0.21480E+03    0.00000E+00  0.00000E+00  0.00000E+00  0.00000E+00  0.00000E+00  0.00000E+00    0.70139E+02  0.68732E+02 -0.13887E+03  0.11967E+02  0.14051E+02  0.23962E+02      982.00
  0.24245E-01  0.20564E+03    0.12500E-01  0.12500E-01 -0.25000E-01  0.00000E+00  0.00000E+00  0.00000E+00    0.68106E+02  0.65151E+02 -0.13326E+03  0.98604E+01  0.11785E+02  0.23228E+02      982.00
  0.48545E-01  0.19052E+03    0.25000E-01  0.25000E-01 -0.50000E-01  0.00000E+00  0.00000E+00  0.00000E+00    0.63716E+02  0.60325E+02 -0.12404E+03  0.72137E+01  0.90440E+01  0.20567E+02      982.00
  0.72960E-01  0.18744E+03    0.37500E-01  0.37500E-01 -0.75000E-01  0.00000E+00  0.00000E+00  0.00000E+00    0.63053E+02  0.58965E+02 -0.12202E+03  0.56394E+01  0.73952E+01  0.21301E+02      982.00
  0.97372E-01  0.19267E+03    0.50000E-01  0.50000E-01 -0.10000E+00  0.00000E+00  0.00000E+00  0.00000E+00    0.65004E+02  0.59939E+02 -0.12494E+03  0.48163E+01  0.65048E+01  0.24366E+02      982.00
  0.12169E+00  0.20496E+03    0.62500E-01  0.62500E-01 -0.12500E+00  0.00000E+00  0.00000E+00  0.00000E+00    0.69163E+02  0.62777E+02 -0.13194E+03  0.45011E+01  0.61422E+01  0.29638E+02      982.00
  0.14583E+00  0.22363E+03    0.75000E-01  0.75000E-01 -0.15000E+00  0.00000E+00  0.00000E+00  0.00000E+00    0.75342E+02  0.67154E+02 -0.14250E+03  0.45225E+01  0.61319E+01  0.36974E+02      982.00
  0.16972E+00  0.24672E+03    0.87500E-01  0.87500E-01 -0.17500E+00  0.00000E+00  0.00000E+00  0.00000E+00    0.82994E+02  0.72440E+02 -0.15543E+03  0.47252E+01  0.62978E+01  0.45618E+02      982.00
  0.19335E+00  0.27054E+03    0.10000E+00  0.10000E+00 -0.20000E+00  0.00000E+00  0.00000E+00  0.00000E+00    0.91069E+02  0.77700E+02 -0.16877E+03  0.49842E+01  0.64916E+01  0.54071E+02      982.00
  0.21674E+00  0.29196E+03    0.11250E+00  0.11250E+00 -0.22500E+00  0.00000E+00  0.00000E+00  0.00000E+00    0.98589E+02  0.82292E+02 -0.18088E+03  0.52302E+01  0.66351E+01  0.61133E+02      982.00
  0.23998E+00  0.30950E+03    0.12500E+00  0.12500E+00 -0.25000E+00  0.00000E+00  0.00000E+00  0.00000E+00    0.10496E+03  0.86058E+02 -0.19102E+03  0.54534E+01  0.67170E+01  0.66316E+02      982.00
  0.26312E+00  0.32331E+03    0.13750E+00  0.13750E+00 -0.27500E+00  0.00000E+00  0.00000E+00  0.00000E+00    0.11021E+03  0.89077E+02 -0.19929E+03  0.56483E+01  0.67608E+01  0.69766E+02      982.00
  0.28624E+00  0.33383E+03    0.15000E+00  0.15000E+00 -0.30000E+00  0.00000E+00  0.00000E+00  0.00000E+00    0.11434E+03  0.91568E+02 -0.20591E+03  0.58465E+01  0.67951E+01  0.71693E+02      982.00
  0.30937E+00  0.34189E+03    0.16250E+00  0.16250E+00 -0.32500E+00  0.00000E+00  0.00000E+00  0.00000E+00    0.11764E+03  0.93664E+02 -0.21130E+03  0.60465E+01  0.68347E+01  0.72455E+02      982.00
  0.33254E+00  0.34796E+03    0.17500E+00  0.17500E+00 -0.35000E+00  0.00000E+00  0.00000E+00  0.00000E+00    0.12024E+03  0.95468E+02 -0.21571E+03  0.62635E+01  0.69003E+01  0.72260E+02      982.00
  0.35579E+00  0.35260E+03    0.18750E+00  0.18750E+00 -0.37500E+00  0.00000E+00  0.00000E+00  0.00000E+00    0.12230E+03  0.97130E+02 -0.21943E+03  0.65296E+01  0.70211E+01  0.71276E+02      982.00
  0.37913E+00  0.35619E+03    0.20000E+00  0.20000E+00 -0.40000E+00  0.00000E+00  0.00000E+00  0.00000E+00    0.12395E+03  0.98692E+02 -0.22264E+03  0.68343E+01  0.71908E+01  0.69684E+02      982.00
  0.40257E+00  0.35925E+03    0.21250E+00  0.21250E+00 -0.42500E+00  0.00000E+00  0.00000E+00  0.00000E+00    0.12533E+03  0.10025E+03 -0.22558E+03  0.71432E+01  0.73746E+01  0.67771E+02      982.00
  0.42611E+00  0.36183E+03    0.22500E+00  0.22500E+00 -0.45000E+00  0.00000E+00  0.00000E+00  0.00000E+00    0.12654E+03  0.10174E+03 -0.22828E+03  0.74934E+01  0.76163E+01  0.65487E+02      982.00
  0.44977E+00  0.36417E+03    0.23750E+00  0.23750E+00 -0.47500E+00  0.00000E+00  0.00000E+00  0.00000E+00    0.12764E+03  0.10322E+03 -0.23085E+03  0.78759E+01  0.79028E+01  0.62957E+02      982.00
  0.47354E+00  0.36402E+03    0.25000E+00  0.25000E+00 -0.50000E+00  0.00000E+00  0.00000E+00  0.00000E+00    0.12769E+03  0.10411E+03 -0.23180E+03  0.80725E+01  0.80536E+01  0.60009E+02      982.00
  0.49742E+00  0.36395E+03    0.26250E+00  0.26250E+00 -0.52500E+00  0.00000E+00  0.00000E+00  0.00000E+00    0.12779E+03  0.10497E+03 -0.23275E+03  0.82419E+01  0.81892E+01  0.57065E+02      982.00
  0.52141E+00  0.36427E+03    0.27500E+00  0.27500E+00 -0.55000E+00  0.00000E+00  0.00000E+00  0.00000E+00    0.12800E+03  0.10587E+03 -0.23387E+03  0.84185E+01  0.83342E+01  0.54295E+02      982.00
  0.54548E+00  0.36491E+03    0.28750E+00  0.28750E+00 -0.57500E+00  0.00000E+00  0.00000E+00  0.00000E+00    0.12829E+03  0.10682E+03 -0.23511E+03  0.86143E+01  0.84992E+01  0.51643E+02      982.00
  0.56964E+00  0.36573E+03    0.30000E+00  0.30000E+00 -0.60000E+00  0.00000E+00  0.00000E+00  0.00000E+00    0.12861E+03  0.10780E+03 -0.23641E+03  0.87666E+01  0.86304E+01  0.49089E+02      982.00
  0.59388E+00  0.36667E+03    0.31250E+00  0.31250E+00 -0.62500E+00  0.00000E+00  0.00000E+00  0.00000E+00    0.12893E+03  0.10880E+03 -0.23773E+03  0.88895E+01  0.87411E+01  0.46592E+02      982.00
  0.61820E+00  0.36794E+03    0.32500E+00  0.32500E+00 -0.65000E+00  0.00000E+00  0.00000E+00  0.00000E+00    0.12936E+03  0.10984E+03 -0.23920E+03  0.90142E+01  0.88529E+01  0.44265E+02      982.00
  0.64257E+00  0.36940E+03    0.33750E+00  0.33750E+00 -0.67500E+00  0.00000E+00  0.00000E+00  0.00000E+00    0.12984E+03  0.11090E+03 -0.24074E+03  0.91230E+01  0.89525E+01  0.42046E+02      982.00
  0.66701E+00  0.37104E+03    0.35000E+00  0.35000E+00 -0.70000E+00  0.00000E+00  0.00000E+00  0.00000E+00    0.13035E+03  0.11198E+03 -0.24233E+03  0.92154E+01  0.90389E+01  0.39932E+02      982.00
  0.69150E+00  0.37280E+03    0.36250E+00  0.36250E+00 -0.72500E+00  0.00000E+00  0.00000E+00  0.00000E+00    0.13088E+03  0.11310E+03 -0.24398E+03  0.93481E+01  0.91633E+01  0.37845E+02      982.00
  0.71605E+00  0.37475E+03    0.37500E+00  0.37500E+00 -0.75000E+00  0.00000E+00  0.00000E+00  0.00000E+00    0.13146E+03  0.11423E+03 -0.24569E+03  0.94017E+01  0.92156E+01  0.35943E+02      982.00
  0.74063E+00  0.37681E+03    0.38750E+00  0.38750E+00 -0.77500E+00  0.00000E+00  0.00000E+00  0.00000E+00    0.13208E+03  0.11535E+03 -0.24743E+03  0.94397E+01  0.92544E+01  0.34138E+02      982.00
  0.76526E+00  0.37897E+03    0.40000E+00  0.40000E+00 -0.80000E+00  0.00000E+00  0.00000E+00  0.00000E+00    0.13272E+03  0.11649E+03 -0.24921E+03  0.94637E+01  0.92811E+01  0.32425E+02      982.00
  0.78992E+00  0.38121E+03    0.41250E+00  0.41250E+00 -0.82500E+00  0.00000E+00  0.00000E+00  0.00000E+00    0.13339E+03  0.11762E+03 -0.25101E+03  0.94744E+01  0.92962E+01  0.30799E+02      982.00
  0.81461E+00  0.38361E+03    0.42500E+00  0.42500E+00 -0.85000E+00  0.00000E+00  0.00000E+00  0.00000E+00    0.13408E+03  0.11881E+03 -0.25288E+03  0.95161E+01  0.93365E+01  0.29215E+02      982.00
  0.83933E+00  0.38596E+03    0.43750E+00  0.43750E+00 -0.87500E+00  0.00000E+00  0.00000E+00  0.00000E+00    0.13476E+03  0.11993E+03 -0.25470E+03  0.94996E+01  0.93277E+01  0.27752E+02      982.00
  0.86408E+00  0.38838E+03    0.45000E+00  0.45000E+00 -0.90000E+00  0.00000E+00  0.00000E+00  0.00000E+00    0.13547E+03  0.12106E+03 -0.25653E+03  0.94675E+01  0.93035E+01  0.26374E+02      982.00
  0.88885E+00  0.39083E+03    0.46250E+00  0.46250E+00 -0.92500E+00  0.00000E+00  0.00000E+00  0.00000E+00    0.13618E+03  0.12218E+03 -0.25836E+03  0.94263E+01  0.92711E+01  0.25068E+02      982.00
  0.91364E+00  0.39328E+03    0.47500E+00  0.47500E+00 -0.95000E+00  0.00000E+00  0.00000E+00  0.00000E+00    0.13690E+03  0.12328E+03 -0.26018E+03  0.93770E+01  0.92311E+01  0.23830E+02      982.00
  0.93844E+00  0.39575E+03    0.48750E+00  0.48750E+00 -0.97500E+00  0.00000E+00  0.00000E+00  0.00000E+00    0.13761E+03  0.12437E+03 -0.26199E+03  0.93201E+01  0.91842E+01  0.22657E+02      982.00
  0.96327E+00  0.39821E+03    0.50000E+00  0.50000E+00 -0.10000E+01  0.00000E+00  0.00000E+00  0.00000E+00    0.13833E+03  0.12545E+03 -0.26377E+03  0.92565E+01  0.91308E+01  0.21546E+02      982.00
