          Evm          Svm            E11          E22          E33          E23          E13          E12         SDEV11       SDEV22       SDEV33       SDEV23       SDEV13       SDEV12      TEMP
  0.00000E+00  0.18823E+03    0.00000E+00  0.00000E+00  0.00000E+00  0.00000E+00  0.00000E+00  0.00000E+00    0.57087E+02  0.56335E+02 -0.11342E+03  0.12608E+02  0.16512E+02  0.41591E+02      982.00
  0.22597E-01  0.18770E+03    0.12500E-01  0.12500E-01 -0.25000E-01  0.00000E+00  0.00000E+00  0.00000E+00    0.56958E+02  0.55992E+02 -0.11295E+03  0.10177E+02  0.13670E+02  0.43420E+02      982.00
  0.45162E-01  0.17376E+03    0.25000E-01  0.25000E-01 -0.50000E-01  0.00000E+00  0.00000E+00  0.00000E+00    0.53601E+02  0.52468E+02 -0.10607E+03  0.68622E+01  0.96856E+01  0.38539E+02      982.00
  0.68053E-01  0.17217E+03    0.37500E-01  0.37500E-01 -0.75000E-01  0.00000E+00  0.00000E+00  0.00000E+00    0.53079E+02  0.51710E+02 -0.10479E+03  0.54581E+01  0.78828E+01  0.39411E+02      982.00
  0.90877E-01  0.18333E+03    0.50000E-01  0.50000E-01 -0.10000E+00  0.00000E+00  0.00000E+00  0.00000E+00    0.55549E+02  0.53799E+02 -0.10935E+03  0.52265E+01  0.74865E+01  0.46379E+02      982.00
  0.11324E+00  0.20564E+03    0.62500E-01  0.62500E-01 -0.12500E+00  0.00000E+00  0.00000E+00  0.00000E+00    0.60464E+02  0.58190E+02 -0.11865E+03  0.56424E+01  0.78648E+01  0.58672E+02      982.00
  0.13488E+00  0.24007E+03    0.75000E-01  0.75000E-01 -0.15000E+00  0.00000E+00  0.00000E+00  0.00000E+00    0.67811E+02  0.64850E+02 -0.13266E+03  0.65166E+01  0.87579E+01  0.76756E+02      982.00
  0.15560E+00  0.28604E+03    0.87500E-01  0.87500E-01 -0.17500E+00  0.00000E+00  0.00000E+00  0.00000E+00    0.77296E+02  0.73530E+02 -0.15083E+03  0.77000E+01  0.99819E+01  0.10024E+03      982.00
  0.17538E+00  0.33697E+03    0.10000E+00  0.10000E+00 -0.20000E+00  0.00000E+00  0.00000E+00  0.00000E+00    0.87535E+02  0.83001E+02 -0.17054E+03  0.89004E+01  0.11229E+02  0.12581E+03      982.00
  0.19435E+00  0.38277E+03    0.11250E+00  0.11250E+00 -0.22500E+00  0.00000E+00  0.00000E+00  0.00000E+00    0.96573E+02  0.91513E+02 -0.18809E+03  0.98409E+01  0.12219E+02  0.14850E+03      982.00
  0.21278E+00  0.41915E+03    0.12500E+00  0.12500E+00 -0.25000E+00  0.00000E+00  0.00000E+00  0.00000E+00    0.10363E+03  0.98357E+02 -0.20199E+03  0.10483E+02  0.12906E+02  0.16637E+03      982.00
  0.23085E+00  0.44690E+03    0.13750E+00  0.13750E+00 -0.27500E+00  0.00000E+00  0.00000E+00  0.00000E+00    0.10890E+03  0.10368E+03 -0.21258E+03  0.10900E+02  0.13355E+02  0.17993E+03      982.00
  0.24869E+00  0.46784E+03    0.15000E+00  0.15000E+00 -0.30000E+00  0.00000E+00  0.00000E+00  0.00000E+00    0.11275E+03  0.10778E+03 -0.22053E+03  0.11175E+02  0.13648E+02  0.19017E+03      982.00
  0.26637E+00  0.48433E+03    0.16250E+00  0.16250E+00 -0.32500E+00  0.00000E+00  0.00000E+00  0.00000E+00    0.11564E+03  0.11109E+03 -0.22673E+03  0.11348E+02  0.13820E+02  0.19827E+03      982.00
  0.28392E+00  0.49685E+03    0.17500E+00  0.17500E+00 -0.35000E+00  0.00000E+00  0.00000E+00  0.00000E+00    0.11771E+03  0.11365E+03 -0.23135E+03  0.11456E+02  0.13915E+02  0.20449E+03      982.00
  0.30138E+00  0.50702E+03    0.18750E+00  0.18750E+00 -0.37500E+00  0.00000E+00  0.00000E+00  0.00000E+00    0.11929E+03  0.11573E+03 -0.23502E+03  0.11515E+02  0.13942E+02  0.20961E+03      982.00
  0.31877E+00  0.51563E+03    0.20000E+00  0.20000E+00 -0.40000E+00  0.00000E+00  0.00000E+00  0.00000E+00    0.12047E+03  0.11754E+03 -0.23800E+03  0.11513E+02  0.13897E+02  0.21404E+03      982.00
  0.33608E+00  0.52290E+03    0.21250E+00  0.21250E+00 -0.42500E+00  0.00000E+00  0.00000E+00  0.00000E+00    0.12137E+03  0.11906E+03 -0.24043E+03  0.11473E+02  0.13801E+02  0.21786E+03      982.00
  0.35332E+00  0.52900E+03    0.22500E+00  0.22500E+00 -0.45000E+00  0.00000E+00  0.00000E+00  0.00000E+00    0.12198E+03  0.12038E+03 -0.24236E+03  0.11385E+02  0.13646E+02  0.22116E+03      982.00
  0.37050E+00  0.53439E+03    0.23750E+00  0.23750E+00 -0.47500E+00  0.00000E+00  0.00000E+00  0.00000E+00    0.12243E+03  0.12154E+03 -0.24397E+03  0.11258E+02  0.13443E+02  0.22415E+03      982.00
  0.38762E+00  0.53912E+03    0.25000E+00  0.25000E+00 -0.50000E+00  0.00000E+00  0.00000E+00  0.00000E+00    0.12273E+03  0.12256E+03 -0.24529E+03  0.11094E+02  0.13194E+02  0.22684E+03      982.00
  0.40468E+00  0.54330E+03    0.26250E+00  0.26250E+00 -0.52500E+00  0.00000E+00  0.00000E+00  0.00000E+00    0.12292E+03  0.12347E+03 -0.24639E+03  0.10894E+02  0.12901E+02  0.22929E+03      982.00
  0.42169E+00  0.54696E+03    0.27500E+00  0.27500E+00 -0.55000E+00  0.00000E+00  0.00000E+00  0.00000E+00    0.12297E+03  0.12431E+03 -0.24728E+03  0.10661E+02  0.12570E+02  0.23149E+03      982.00
  0.43864E+00  0.55036E+03    0.28750E+00  0.28750E+00 -0.57500E+00  0.00000E+00  0.00000E+00  0.00000E+00    0.12299E+03  0.12507E+03 -0.24806E+03  0.10402E+02  0.12204E+02  0.23358E+03      982.00
  0.45554E+00  0.55145E+03    0.30000E+00  0.30000E+00 -0.60000E+00  0.00000E+00  0.00000E+00  0.00000E+00    0.12263E+03  0.12529E+03 -0.24792E+03  0.10080E+02  0.11754E+02  0.23458E+03      982.00
  0.47240E+00  0.55244E+03    0.31250E+00  0.31250E+00 -0.62500E+00  0.00000E+00  0.00000E+00  0.00000E+00    0.12226E+03  0.12551E+03 -0.24776E+03  0.97582E+01  0.11310E+02  0.23551E+03      982.00
  0.48922E+00  0.55339E+03    0.32500E+00  0.32500E+00 -0.65000E+00  0.00000E+00  0.00000E+00  0.00000E+00    0.12194E+03  0.12570E+03 -0.24763E+03  0.94313E+01  0.10861E+02  0.23639E+03      982.00
  0.50600E+00  0.55436E+03    0.33750E+00  0.33750E+00 -0.67500E+00  0.00000E+00  0.00000E+00  0.00000E+00    0.12162E+03  0.12591E+03 -0.24753E+03  0.91109E+01  0.10425E+02  0.23725E+03      982.00
  0.52275E+00  0.55525E+03    0.35000E+00  0.35000E+00 -0.70000E+00  0.00000E+00  0.00000E+00  0.00000E+00    0.12135E+03  0.12608E+03 -0.24744E+03  0.87918E+01  0.99861E+01  0.23805E+03      982.00
  0.53946E+00  0.55618E+03    0.36250E+00  0.36250E+00 -0.72500E+00  0.00000E+00  0.00000E+00  0.00000E+00    0.12110E+03  0.12629E+03 -0.24738E+03  0.84774E+01  0.95624E+01  0.23883E+03      982.00
  0.55614E+00  0.55699E+03    0.37500E+00  0.37500E+00 -0.75000E+00  0.00000E+00  0.00000E+00  0.00000E+00    0.12088E+03  0.12644E+03 -0.24732E+03  0.81752E+01  0.91437E+01  0.23954E+03      982.00
  0.57279E+00  0.55787E+03    0.38750E+00  0.38750E+00 -0.77500E+00  0.00000E+00  0.00000E+00  0.00000E+00    0.12067E+03  0.12664E+03 -0.24731E+03  0.78698E+01  0.87286E+01  0.24025E+03      982.00
  0.58941E+00  0.55860E+03    0.40000E+00  0.40000E+00 -0.80000E+00  0.00000E+00  0.00000E+00  0.00000E+00    0.12050E+03  0.12677E+03 -0.24727E+03  0.75903E+01  0.83371E+01  0.24087E+03      982.00
  0.60601E+00  0.55929E+03    0.41250E+00  0.41250E+00 -0.82500E+00  0.00000E+00  0.00000E+00  0.00000E+00    0.12036E+03  0.12689E+03 -0.24725E+03  0.73228E+01  0.79608E+01  0.24144E+03      982.00
  0.62259E+00  0.55994E+03    0.42500E+00  0.42500E+00 -0.85000E+00  0.00000E+00  0.00000E+00  0.00000E+00    0.12024E+03  0.12700E+03 -0.24724E+03  0.70671E+01  0.76000E+01  0.24197E+03      982.00
  0.63915E+00  0.56067E+03    0.43750E+00  0.43750E+00 -0.87500E+00  0.00000E+00  0.00000E+00  0.00000E+00    0.12011E+03  0.12717E+03 -0.24727E+03  0.67891E+01  0.72095E+01  0.24252E+03      982.00
  0.65569E+00  0.56124E+03    0.45000E+00  0.45000E+00 -0.90000E+00  0.00000E+00  0.00000E+00  0.00000E+00    0.12001E+03  0.12726E+03 -0.24728E+03  0.65571E+01  0.68803E+01  0.24297E+03      982.00
  0.67221E+00  0.56177E+03    0.46250E+00  0.46250E+00 -0.92500E+00  0.00000E+00  0.00000E+00  0.00000E+00    0.11994E+03  0.12735E+03 -0.24729E+03  0.63355E+01  0.65655E+01  0.24339E+03      982.00
  0.68871E+00  0.56228E+03    0.47500E+00  0.47500E+00 -0.95000E+00  0.00000E+00  0.00000E+00  0.00000E+00    0.11988E+03  0.12743E+03 -0.24731E+03  0.61285E+01  0.62708E+01  0.24377E+03      982.00
  0.70521E+00  0.56281E+03    0.48750E+00  0.48750E+00 -0.97500E+00  0.00000E+00  0.00000E+00  0.00000E+00    0.11985E+03  0.12753E+03 -0.24738E+03  0.58685E+01  0.59030E+01  0.24414E+03      982.00
  0.72169E+00  0.56325E+03    0.50000E+00  0.50000E+00 -0.10000E+01  0.00000E+00  0.00000E+00  0.00000E+00    0.11981E+03  0.12760E+03 -0.24741E+03  0.56743E+01  0.56274E+01  0.24447E+03      982.00
