          Evm          Svm            E11          E22          E33          E23          E13          E12         SDEV11       SDEV22       SDEV33       SDEV23       SDEV13       SDEV12      TEMP
  0.00000E+00  0.14993E+03    0.00000E+00  0.00000E+00  0.00000E+00  0.00000E+00  0.00000E+00  0.00000E+00    0.49406E+02  0.44401E+02 -0.93807E+02  0.50752E+00  0.11750E+01  0.29751E+02      982.00
  0.23463E-01  0.15171E+03    0.12500E-01  0.12500E-01 -0.25000E-01  0.00000E+00  0.00000E+00  0.00000E+00    0.49961E+02  0.44460E+02 -0.94421E+02  0.43302E+00  0.16195E+01  0.31225E+02      982.00
  0.46802E-01  0.15436E+03    0.25000E-01  0.25000E-01 -0.50000E-01  0.00000E+00  0.00000E+00  0.00000E+00    0.50954E+02  0.44516E+02 -0.95470E+02  0.46257E+00  0.20156E+01  0.33040E+02      982.00
  0.69996E-01  0.15987E+03    0.37500E-01  0.37500E-01 -0.75000E-01  0.00000E+00  0.00000E+00  0.00000E+00    0.52797E+02  0.44933E+02 -0.97730E+02  0.75697E+00  0.22565E+01  0.36545E+02      982.00
  0.92919E-01  0.16935E+03    0.50000E-01  0.50000E-01 -0.10000E+00  0.00000E+00  0.00000E+00  0.00000E+00    0.55699E+02  0.45917E+02 -0.10162E+03  0.12132E+01  0.23947E+01  0.42235E+02      982.00
  0.11542E+00  0.18374E+03    0.62500E-01  0.62500E-01 -0.12500E+00  0.00000E+00  0.00000E+00  0.00000E+00    0.59814E+02  0.47649E+02 -0.10746E+03  0.16990E+01  0.25993E+01  0.50451E+02      982.00
  0.13735E+00  0.20497E+03    0.75000E-01  0.75000E-01 -0.15000E+00  0.00000E+00  0.00000E+00  0.00000E+00    0.65583E+02  0.50304E+02 -0.11589E+03  0.22296E+01  0.28966E+01  0.62129E+02      982.00
  0.15856E+00  0.23506E+03    0.87500E-01  0.87500E-01 -0.17500E+00  0.00000E+00  0.00000E+00  0.00000E+00    0.73431E+02  0.54069E+02 -0.12750E+03  0.28128E+01  0.33235E+01  0.78187E+02      982.00
  0.17890E+00  0.27543E+03    0.10000E+00  0.10000E+00 -0.20000E+00  0.00000E+00  0.00000E+00  0.00000E+00    0.83626E+02  0.59041E+02 -0.14267E+03  0.34438E+01  0.39008E+01  0.99216E+02      982.00
  0.19832E+00  0.32367E+03    0.11250E+00  0.11250E+00 -0.22500E+00  0.00000E+00  0.00000E+00  0.00000E+00    0.95540E+02  0.64876E+02 -0.16042E+03  0.40626E+01  0.45684E+01  0.12389E+03      982.00
  0.21691E+00  0.37219E+03    0.12500E+00  0.12500E+00 -0.25000E+00  0.00000E+00  0.00000E+00  0.00000E+00    0.10737E+03  0.70641E+02 -0.17802E+03  0.45782E+01  0.51685E+01  0.14840E+03      982.00
  0.23484E+00  0.41357E+03    0.13750E+00  0.13750E+00 -0.27500E+00  0.00000E+00  0.00000E+00  0.00000E+00    0.11744E+03  0.75537E+02 -0.19298E+03  0.48868E+01  0.56566E+01  0.16908E+03      982.00
  0.25234E+00  0.44584E+03    0.15000E+00  0.15000E+00 -0.30000E+00  0.00000E+00  0.00000E+00  0.00000E+00    0.12533E+03  0.79398E+02 -0.20473E+03  0.49662E+01  0.60565E+01  0.18502E+03      982.00
  0.26956E+00  0.47049E+03    0.16250E+00  0.16250E+00 -0.32500E+00  0.00000E+00  0.00000E+00  0.00000E+00    0.13136E+03  0.82332E+02 -0.21369E+03  0.49594E+01  0.62929E+01  0.19717E+03      982.00
  0.28659E+00  0.48907E+03    0.17500E+00  0.17500E+00 -0.35000E+00  0.00000E+00  0.00000E+00  0.00000E+00    0.13591E+03  0.84644E+02 -0.22056E+03  0.48126E+01  0.65136E+01  0.20621E+03      982.00
  0.30350E+00  0.50372E+03    0.18750E+00  0.18750E+00 -0.37500E+00  0.00000E+00  0.00000E+00  0.00000E+00    0.13949E+03  0.86459E+02 -0.22594E+03  0.46536E+01  0.66170E+01  0.21336E+03      982.00
  0.32032E+00  0.51542E+03    0.20000E+00  0.20000E+00 -0.40000E+00  0.00000E+00  0.00000E+00  0.00000E+00    0.14230E+03  0.87942E+02 -0.23025E+03  0.44753E+01  0.66559E+01  0.21907E+03      982.00
  0.33708E+00  0.52452E+03    0.21250E+00  0.21250E+00 -0.42500E+00  0.00000E+00  0.00000E+00  0.00000E+00    0.14447E+03  0.89154E+02 -0.23362E+03  0.42663E+01  0.66651E+01  0.22349E+03      982.00
  0.35378E+00  0.53229E+03    0.22500E+00  0.22500E+00 -0.45000E+00  0.00000E+00  0.00000E+00  0.00000E+00    0.14628E+03  0.90184E+02 -0.23646E+03  0.40779E+01  0.66056E+01  0.22729E+03      982.00
  0.37044E+00  0.53851E+03    0.23750E+00  0.23750E+00 -0.47500E+00  0.00000E+00  0.00000E+00  0.00000E+00    0.14768E+03  0.91051E+02 -0.23874E+03  0.38946E+01  0.65088E+01  0.23034E+03      982.00
  0.38706E+00  0.54360E+03    0.25000E+00  0.25000E+00 -0.50000E+00  0.00000E+00  0.00000E+00  0.00000E+00    0.14879E+03  0.91782E+02 -0.24057E+03  0.37443E+01  0.63586E+01  0.23287E+03      982.00
  0.40366E+00  0.54822E+03    0.26250E+00  0.26250E+00 -0.52500E+00  0.00000E+00  0.00000E+00  0.00000E+00    0.14981E+03  0.92453E+02 -0.24227E+03  0.35426E+01  0.62485E+01  0.23514E+03      982.00
  0.42023E+00  0.55213E+03    0.27500E+00  0.27500E+00 -0.55000E+00  0.00000E+00  0.00000E+00  0.00000E+00    0.15064E+03  0.93039E+02 -0.24368E+03  0.33683E+01  0.60989E+01  0.23707E+03      982.00
  0.43678E+00  0.55231E+03    0.28750E+00  0.28750E+00 -0.57500E+00  0.00000E+00  0.00000E+00  0.00000E+00    0.15074E+03  0.92914E+02 -0.24365E+03  0.31934E+01  0.57944E+01  0.23723E+03      982.00
  0.45332E+00  0.55268E+03    0.30000E+00  0.30000E+00 -0.60000E+00  0.00000E+00  0.00000E+00  0.00000E+00    0.15068E+03  0.93031E+02 -0.24371E+03  0.30873E+01  0.55612E+01  0.23749E+03      982.00
  0.46986E+00  0.55289E+03    0.31250E+00  0.31250E+00 -0.62500E+00  0.00000E+00  0.00000E+00  0.00000E+00    0.15059E+03  0.93137E+02 -0.24372E+03  0.29871E+01  0.53392E+01  0.23766E+03      982.00
  0.48639E+00  0.55273E+03    0.32500E+00  0.32500E+00 -0.65000E+00  0.00000E+00  0.00000E+00  0.00000E+00    0.15034E+03  0.93296E+02 -0.24364E+03  0.29221E+01  0.52098E+01  0.23763E+03      982.00
  0.50292E+00  0.55323E+03    0.33750E+00  0.33750E+00 -0.67500E+00  0.00000E+00  0.00000E+00  0.00000E+00    0.15053E+03  0.93208E+02 -0.24373E+03  0.27879E+01  0.49094E+01  0.23793E+03      982.00
  0.51944E+00  0.55339E+03    0.35000E+00  0.35000E+00 -0.70000E+00  0.00000E+00  0.00000E+00  0.00000E+00    0.15042E+03  0.93320E+02 -0.24374E+03  0.26975E+01  0.47030E+01  0.23807E+03      982.00
  0.53596E+00  0.55321E+03    0.36250E+00  0.36250E+00 -0.72500E+00  0.00000E+00  0.00000E+00  0.00000E+00    0.15019E+03  0.93478E+02 -0.24367E+03  0.26426E+01  0.45878E+01  0.23801E+03      982.00
  0.55248E+00  0.55366E+03    0.37500E+00  0.37500E+00 -0.75000E+00  0.00000E+00  0.00000E+00  0.00000E+00    0.15034E+03  0.93421E+02 -0.24376E+03  0.25200E+01  0.43120E+01  0.23829E+03      982.00
  0.56899E+00  0.55379E+03    0.38750E+00  0.38750E+00 -0.77500E+00  0.00000E+00  0.00000E+00  0.00000E+00    0.15023E+03  0.93545E+02 -0.24377E+03  0.24390E+01  0.41256E+01  0.23840E+03      982.00
  0.58549E+00  0.55361E+03    0.40000E+00  0.40000E+00 -0.80000E+00  0.00000E+00  0.00000E+00  0.00000E+00    0.15001E+03  0.93694E+02 -0.24370E+03  0.23913E+01  0.40257E+01  0.23834E+03      982.00
  0.60200E+00  0.55400E+03    0.41250E+00  0.41250E+00 -0.82500E+00  0.00000E+00  0.00000E+00  0.00000E+00    0.15013E+03  0.93656E+02 -0.24379E+03  0.22780E+01  0.37717E+01  0.23857E+03      982.00
  0.61850E+00  0.55411E+03    0.42500E+00  0.42500E+00 -0.85000E+00  0.00000E+00  0.00000E+00  0.00000E+00    0.15001E+03  0.93788E+02 -0.24380E+03  0.22045E+01  0.36043E+01  0.23866E+03      982.00
  0.63500E+00  0.55395E+03    0.43750E+00  0.43750E+00 -0.87500E+00  0.00000E+00  0.00000E+00  0.00000E+00    0.14979E+03  0.93956E+02 -0.24375E+03  0.21635E+01  0.35266E+01  0.23860E+03      982.00
  0.65150E+00  0.55427E+03    0.45000E+00  0.45000E+00 -0.90000E+00  0.00000E+00  0.00000E+00  0.00000E+00    0.14990E+03  0.93926E+02 -0.24382E+03  0.20582E+01  0.32862E+01  0.23879E+03      982.00
  0.66800E+00  0.55436E+03    0.46250E+00  0.46250E+00 -0.92500E+00  0.00000E+00  0.00000E+00  0.00000E+00    0.14978E+03  0.94055E+02 -0.24383E+03  0.19906E+01  0.31353E+01  0.23886E+03      982.00
  0.68449E+00  0.55422E+03    0.47500E+00  0.47500E+00 -0.95000E+00  0.00000E+00  0.00000E+00  0.00000E+00    0.14958E+03  0.94212E+02 -0.24379E+03  0.19538E+01  0.30721E+01  0.23881E+03      982.00
  0.70099E+00  0.55457E+03    0.48750E+00  0.48750E+00 -0.97500E+00  0.00000E+00  0.00000E+00  0.00000E+00    0.14973E+03  0.94139E+02 -0.24387E+03  0.18649E+01  0.28253E+01  0.23902E+03      982.00
  0.71748E+00  0.55435E+03    0.50000E+00  0.50000E+00 -0.10000E+01  0.00000E+00  0.00000E+00  0.00000E+00    0.14941E+03  0.94398E+02 -0.24381E+03  0.18262E+01  0.27935E+01  0.23892E+03      982.00
