          Evm          Svm            E11          E22          E33          E23          E13          E12         SDEV11       SDEV22       SDEV33       SDEV23       SDEV13       SDEV12      TEMP
  0.00000E+00  0.19276E+03    0.00000E+00  0.00000E+00  0.00000E+00  0.00000E+00  0.00000E+00  0.00000E+00    0.64631E+02  0.60667E+02 -0.12530E+03  0.11292E+02  0.10145E+02  0.19386E+02      982.00
  0.24376E-01  0.19766E+03    0.12500E-01  0.12500E-01 -0.25000E-01  0.00000E+00  0.00000E+00  0.00000E+00    0.63678E+02  0.64439E+02 -0.12812E+03  0.10873E+02  0.93653E+01  0.22499E+02      982.00
  0.48683E-01  0.18967E+03    0.25000E-01  0.25000E-01 -0.50000E-01  0.00000E+00  0.00000E+00  0.00000E+00    0.59498E+02  0.63727E+02 -0.12323E+03  0.93311E+01  0.73451E+01  0.21401E+02      982.00
  0.73046E-01  0.18588E+03    0.37500E-01  0.37500E-01 -0.75000E-01  0.00000E+00  0.00000E+00  0.00000E+00    0.57400E+02  0.63402E+02 -0.12080E+03  0.78843E+01  0.56479E+01  0.21672E+02      982.00
  0.97416E-01  0.19047E+03    0.50000E-01  0.50000E-01 -0.10000E+00  0.00000E+00  0.00000E+00  0.00000E+00    0.57801E+02  0.65518E+02 -0.12332E+03  0.69321E+01  0.47128E+01  0.24551E+02      982.00
  0.12169E+00  0.20246E+03    0.62500E-01  0.62500E-01 -0.12500E+00  0.00000E+00  0.00000E+00  0.00000E+00    0.60183E+02  0.69886E+02 -0.13007E+03  0.64618E+01  0.43294E+01  0.29857E+02      982.00
  0.14579E+00  0.22125E+03    0.75000E-01  0.75000E-01 -0.15000E+00  0.00000E+00  0.00000E+00  0.00000E+00    0.64223E+02  0.76333E+02 -0.14056E+03  0.63626E+01  0.43110E+01  0.37473E+02      982.00
  0.16961E+00  0.24493E+03    0.87500E-01  0.87500E-01 -0.17500E+00  0.00000E+00  0.00000E+00  0.00000E+00    0.69348E+02  0.84287E+02 -0.15363E+03  0.64658E+01  0.44883E+01  0.46649E+02      982.00
  0.19313E+00  0.26985E+03    0.10000E+00  0.10000E+00 -0.20000E+00  0.00000E+00  0.00000E+00  0.00000E+00    0.74692E+02  0.92655E+02 -0.16735E+03  0.65980E+01  0.47076E+01  0.55882E+02      982.00
  0.21639E+00  0.29237E+03    0.11250E+00  0.11250E+00 -0.22500E+00  0.00000E+00  0.00000E+00  0.00000E+00    0.79499E+02  0.10034E+03 -0.17984E+03  0.66742E+01  0.48970E+01  0.63718E+02      982.00
  0.23945E+00  0.31077E+03    0.12500E+00  0.12500E+00 -0.25000E+00  0.00000E+00  0.00000E+00  0.00000E+00    0.83477E+02  0.10678E+03 -0.19026E+03  0.66811E+01  0.50412E+01  0.69557E+02      982.00
  0.26241E+00  0.32499E+03    0.13750E+00  0.13750E+00 -0.27500E+00  0.00000E+00  0.00000E+00  0.00000E+00    0.86710E+02  0.11191E+03 -0.19862E+03  0.66649E+01  0.51807E+01  0.73416E+02      982.00
  0.28533E+00  0.33577E+03    0.15000E+00  0.15000E+00 -0.30000E+00  0.00000E+00  0.00000E+00  0.00000E+00    0.89335E+02  0.11593E+03 -0.20527E+03  0.66262E+01  0.52941E+01  0.75701E+02      982.00
  0.30825E+00  0.34374E+03    0.16250E+00  0.16250E+00 -0.32500E+00  0.00000E+00  0.00000E+00  0.00000E+00    0.91547E+02  0.11901E+03 -0.21056E+03  0.66207E+01  0.54404E+01  0.76619E+02      982.00
  0.33123E+00  0.34971E+03    0.17500E+00  0.17500E+00 -0.35000E+00  0.00000E+00  0.00000E+00  0.00000E+00    0.93433E+02  0.12145E+03 -0.21488E+03  0.66500E+01  0.56042E+01  0.76568E+02      982.00
  0.35427E+00  0.35401E+03    0.18750E+00  0.18750E+00 -0.37500E+00  0.00000E+00  0.00000E+00  0.00000E+00    0.95170E+02  0.12326E+03 -0.21843E+03  0.67362E+01  0.58226E+01  0.75599E+02      982.00
  0.37741E+00  0.35735E+03    0.20000E+00  0.20000E+00 -0.40000E+00  0.00000E+00  0.00000E+00  0.00000E+00    0.96819E+02  0.12467E+03 -0.22149E+03  0.68367E+01  0.60400E+01  0.74139E+02      982.00
  0.40065E+00  0.35992E+03    0.21250E+00  0.21250E+00 -0.42500E+00  0.00000E+00  0.00000E+00  0.00000E+00    0.98342E+02  0.12584E+03 -0.22418E+03  0.70073E+01  0.63064E+01  0.72181E+02      982.00
  0.42401E+00  0.36203E+03    0.22500E+00  0.22500E+00 -0.45000E+00  0.00000E+00  0.00000E+00  0.00000E+00    0.99821E+02  0.12683E+03 -0.22665E+03  0.72181E+01  0.65978E+01  0.69894E+02      982.00
  0.44748E+00  0.36387E+03    0.23750E+00  0.23750E+00 -0.47500E+00  0.00000E+00  0.00000E+00  0.00000E+00    0.10129E+03  0.12768E+03 -0.22897E+03  0.74792E+01  0.69254E+01  0.67339E+02      982.00
  0.47108E+00  0.36326E+03    0.25000E+00  0.25000E+00 -0.50000E+00  0.00000E+00  0.00000E+00  0.00000E+00    0.10218E+03  0.12755E+03 -0.22973E+03  0.76286E+01  0.71120E+01  0.64314E+02      982.00
  0.49480E+00  0.36281E+03    0.26250E+00  0.26250E+00 -0.52500E+00  0.00000E+00  0.00000E+00  0.00000E+00    0.10304E+03  0.12749E+03 -0.23053E+03  0.77954E+01  0.73098E+01  0.61280E+02      982.00
  0.51862E+00  0.36269E+03    0.27500E+00  0.27500E+00 -0.55000E+00  0.00000E+00  0.00000E+00  0.00000E+00    0.10394E+03  0.12752E+03 -0.23146E+03  0.79491E+01  0.74906E+01  0.58401E+02      982.00
  0.54255E+00  0.36277E+03    0.28750E+00  0.28750E+00 -0.57500E+00  0.00000E+00  0.00000E+00  0.00000E+00    0.10485E+03  0.12759E+03 -0.23244E+03  0.80866E+01  0.76483E+01  0.55609E+02      982.00
  0.56658E+00  0.36319E+03    0.30000E+00  0.30000E+00 -0.60000E+00  0.00000E+00  0.00000E+00  0.00000E+00    0.10581E+03  0.12776E+03 -0.23357E+03  0.82428E+01  0.78245E+01  0.52935E+02      982.00
  0.59070E+00  0.36385E+03    0.31250E+00  0.31250E+00 -0.62500E+00  0.00000E+00  0.00000E+00  0.00000E+00    0.10682E+03  0.12798E+03 -0.23480E+03  0.84273E+01  0.80304E+01  0.50329E+02      982.00
  0.61490E+00  0.36468E+03    0.32500E+00  0.32500E+00 -0.65000E+00  0.00000E+00  0.00000E+00  0.00000E+00    0.10783E+03  0.12824E+03 -0.23607E+03  0.85390E+01  0.81511E+01  0.47866E+02      982.00
  0.63917E+00  0.36580E+03    0.33750E+00  0.33750E+00 -0.67500E+00  0.00000E+00  0.00000E+00  0.00000E+00    0.10888E+03  0.12858E+03 -0.23746E+03  0.86661E+01  0.82888E+01  0.45523E+02      982.00
  0.66352E+00  0.36711E+03    0.35000E+00  0.35000E+00 -0.70000E+00  0.00000E+00  0.00000E+00  0.00000E+00    0.10995E+03  0.12897E+03 -0.23892E+03  0.87808E+01  0.84117E+01  0.43286E+02      982.00
  0.68792E+00  0.36861E+03    0.36250E+00  0.36250E+00 -0.72500E+00  0.00000E+00  0.00000E+00  0.00000E+00    0.11104E+03  0.12941E+03 -0.24045E+03  0.88821E+01  0.85190E+01  0.41154E+02      982.00
  0.71238E+00  0.37023E+03    0.37500E+00  0.37500E+00 -0.75000E+00  0.00000E+00  0.00000E+00  0.00000E+00    0.11215E+03  0.12987E+03 -0.24202E+03  0.90190E+01  0.86715E+01  0.39044E+02      982.00
  0.73690E+00  0.37205E+03    0.38750E+00  0.38750E+00 -0.77500E+00  0.00000E+00  0.00000E+00  0.00000E+00    0.11327E+03  0.13039E+03 -0.24367E+03  0.90856E+01  0.87405E+01  0.37123E+02      982.00
  0.76146E+00  0.37399E+03    0.40000E+00  0.40000E+00 -0.80000E+00  0.00000E+00  0.00000E+00  0.00000E+00    0.11440E+03  0.13095E+03 -0.24535E+03  0.91382E+01  0.87940E+01  0.35298E+02      982.00
  0.78606E+00  0.37604E+03    0.41250E+00  0.41250E+00 -0.82500E+00  0.00000E+00  0.00000E+00  0.00000E+00    0.11554E+03  0.13153E+03 -0.24707E+03  0.91781E+01  0.88337E+01  0.33564E+02      982.00
  0.81070E+00  0.37819E+03    0.42500E+00  0.42500E+00 -0.85000E+00  0.00000E+00  0.00000E+00  0.00000E+00    0.11668E+03  0.13214E+03 -0.24882E+03  0.92057E+01  0.88604E+01  0.31917E+02      982.00
  0.83537E+00  0.38048E+03    0.43750E+00  0.43750E+00 -0.87500E+00  0.00000E+00  0.00000E+00  0.00000E+00    0.11785E+03  0.13279E+03 -0.25064E+03  0.92575E+01  0.89205E+01  0.30310E+02      982.00
  0.86007E+00  0.38268E+03    0.45000E+00  0.45000E+00 -0.90000E+00  0.00000E+00  0.00000E+00  0.00000E+00    0.11896E+03  0.13341E+03 -0.25237E+03  0.92274E+01  0.88764E+01  0.28865E+02      982.00
  0.88480E+00  0.38509E+03    0.46250E+00  0.46250E+00 -0.92500E+00  0.00000E+00  0.00000E+00  0.00000E+00    0.12012E+03  0.13409E+03 -0.25421E+03  0.92512E+01  0.89071E+01  0.27426E+02      982.00
  0.90956E+00  0.38748E+03    0.47500E+00  0.47500E+00 -0.95000E+00  0.00000E+00  0.00000E+00  0.00000E+00    0.12125E+03  0.13476E+03 -0.25601E+03  0.92298E+01  0.88815E+01  0.26098E+02      982.00
  0.93433E+00  0.38988E+03    0.48750E+00  0.48750E+00 -0.97500E+00  0.00000E+00  0.00000E+00  0.00000E+00    0.12237E+03  0.13544E+03 -0.25780E+03  0.91999E+01  0.88471E+01  0.24838E+02      982.00
  0.95913E+00  0.39230E+03    0.50000E+00  0.50000E+00 -0.10000E+01  0.00000E+00  0.00000E+00  0.00000E+00    0.12347E+03  0.13612E+03 -0.25959E+03  0.91625E+01  0.88053E+01  0.23643E+02      982.00
