          Evm          Svm            E11          E22          E33          E23          E13          E12         SDEV11       SDEV22       SDEV33       SDEV23       SDEV13       SDEV12      TEMP
  0.00000E+00  0.16254E+03    0.00000E+00  0.00000E+00  0.00000E+00  0.00000E+00  0.00000E+00  0.00000E+00    0.53322E+02  0.47049E+02 -0.10037E+03  0.61454E+01  0.43346E+01  0.34413E+02      982.00
  0.23157E-01  0.16157E+03    0.12500E-01  0.12500E-01 -0.25000E-01  0.00000E+00  0.00000E+00  0.00000E+00    0.51351E+02  0.48190E+02 -0.99541E+02  0.47095E+01  0.33335E+01  0.35135E+02      982.00
  0.46260E-01  0.16493E+03    0.25000E-01  0.25000E-01 -0.50000E-01  0.00000E+00  0.00000E+00  0.00000E+00    0.50775E+02  0.49835E+02 -0.10061E+03  0.39013E+01  0.29214E+01  0.38095E+02      982.00
  0.69136E-01  0.17359E+03    0.37500E-01  0.37500E-01 -0.75000E-01  0.00000E+00  0.00000E+00  0.00000E+00    0.51638E+02  0.52317E+02 -0.10395E+03  0.35260E+01  0.27980E+01  0.43804E+02      982.00
  0.91594E-01  0.18861E+03    0.50000E-01  0.50000E-01 -0.10000E+00  0.00000E+00  0.00000E+00  0.00000E+00    0.53959E+02  0.55923E+02 -0.10988E+03  0.34951E+01  0.28672E+01  0.52739E+02      982.00
  0.11344E+00  0.21202E+03    0.62500E-01  0.62500E-01 -0.12500E+00  0.00000E+00  0.00000E+00  0.00000E+00    0.57926E+02  0.61079E+02 -0.11900E+03  0.37546E+01  0.30987E+01  0.65852E+02      982.00
  0.13449E+00  0.24617E+03    0.75000E-01  0.75000E-01 -0.15000E+00  0.00000E+00  0.00000E+00  0.00000E+00    0.63783E+02  0.68218E+02 -0.13200E+03  0.42649E+01  0.34927E+01  0.84239E+02      982.00
  0.15460E+00  0.29141E+03    0.87500E-01  0.87500E-01 -0.17500E+00  0.00000E+00  0.00000E+00  0.00000E+00    0.71423E+02  0.77382E+02 -0.14880E+03  0.49542E+01  0.40106E+01  0.10794E+03      982.00
  0.17375E+00  0.34237E+03    0.10000E+00  0.10000E+00 -0.20000E+00  0.00000E+00  0.00000E+00  0.00000E+00    0.79809E+02  0.87572E+02 -0.16738E+03  0.56611E+01  0.45209E+01  0.13414E+03      982.00
  0.19208E+00  0.38945E+03    0.11250E+00  0.11250E+00 -0.22500E+00  0.00000E+00  0.00000E+00  0.00000E+00    0.87351E+02  0.97025E+02 -0.18438E+03  0.62226E+01  0.48780E+01  0.15803E+03      982.00
  0.20983E+00  0.42707E+03    0.12500E+00  0.12500E+00 -0.25000E+00  0.00000E+00  0.00000E+00  0.00000E+00    0.93260E+02  0.10469E+03 -0.19795E+03  0.66001E+01  0.50588E+01  0.17694E+03      982.00
  0.22721E+00  0.45602E+03    0.13750E+00  0.13750E+00 -0.27500E+00  0.00000E+00  0.00000E+00  0.00000E+00    0.97756E+02  0.11065E+03 -0.20841E+03  0.68272E+01  0.51151E+01  0.19138E+03      982.00
  0.24435E+00  0.47787E+03    0.15000E+00  0.15000E+00 -0.30000E+00  0.00000E+00  0.00000E+00  0.00000E+00    0.10115E+03  0.11519E+03 -0.21634E+03  0.69466E+01  0.50957E+01  0.20222E+03      982.00
  0.26133E+00  0.49554E+03    0.16250E+00  0.16250E+00 -0.32500E+00  0.00000E+00  0.00000E+00  0.00000E+00    0.10386E+03  0.11889E+03 -0.22274E+03  0.69748E+01  0.50161E+01  0.21098E+03      982.00
  0.27819E+00  0.50901E+03    0.17500E+00  0.17500E+00 -0.35000E+00  0.00000E+00  0.00000E+00  0.00000E+00    0.10591E+03  0.12172E+03 -0.22763E+03  0.69495E+01  0.49102E+01  0.21764E+03      982.00
  0.29496E+00  0.51989E+03    0.18750E+00  0.18750E+00 -0.37500E+00  0.00000E+00  0.00000E+00  0.00000E+00    0.10755E+03  0.12401E+03 -0.23156E+03  0.68757E+01  0.47795E+01  0.22303E+03      982.00
  0.31166E+00  0.52822E+03    0.20000E+00  0.20000E+00 -0.40000E+00  0.00000E+00  0.00000E+00  0.00000E+00    0.10884E+03  0.12573E+03 -0.23458E+03  0.67836E+01  0.46461E+01  0.22715E+03      982.00
  0.32831E+00  0.53553E+03    0.21250E+00  0.21250E+00 -0.42500E+00  0.00000E+00  0.00000E+00  0.00000E+00    0.10994E+03  0.12726E+03 -0.23720E+03  0.66531E+01  0.44896E+01  0.23078E+03      982.00
  0.34492E+00  0.54196E+03    0.22500E+00  0.22500E+00 -0.45000E+00  0.00000E+00  0.00000E+00  0.00000E+00    0.11084E+03  0.12865E+03 -0.23949E+03  0.64895E+01  0.43131E+01  0.23399E+03      982.00
  0.36149E+00  0.54685E+03    0.23750E+00  0.23750E+00 -0.47500E+00  0.00000E+00  0.00000E+00  0.00000E+00    0.11157E+03  0.12966E+03 -0.24123E+03  0.63405E+01  0.41553E+01  0.23643E+03      982.00
  0.37803E+00  0.55211E+03    0.25000E+00  0.25000E+00 -0.50000E+00  0.00000E+00  0.00000E+00  0.00000E+00    0.11226E+03  0.13077E+03 -0.24303E+03  0.61478E+01  0.39609E+01  0.23910E+03      982.00
  0.39454E+00  0.55586E+03    0.26250E+00  0.26250E+00 -0.52500E+00  0.00000E+00  0.00000E+00  0.00000E+00    0.11278E+03  0.13159E+03 -0.24436E+03  0.59792E+01  0.37929E+01  0.24098E+03      982.00
  0.41103E+00  0.55917E+03    0.27500E+00  0.27500E+00 -0.55000E+00  0.00000E+00  0.00000E+00  0.00000E+00    0.11324E+03  0.13229E+03 -0.24553E+03  0.58064E+01  0.36235E+01  0.24264E+03      982.00
  0.42749E+00  0.56211E+03    0.28750E+00  0.28750E+00 -0.57500E+00  0.00000E+00  0.00000E+00  0.00000E+00    0.11366E+03  0.13290E+03 -0.24656E+03  0.56326E+01  0.34547E+01  0.24411E+03      982.00
  0.44394E+00  0.56473E+03    0.30000E+00  0.30000E+00 -0.60000E+00  0.00000E+00  0.00000E+00  0.00000E+00    0.11404E+03  0.13344E+03 -0.24748E+03  0.54595E+01  0.32877E+01  0.24543E+03      982.00
  0.46038E+00  0.56525E+03    0.31250E+00  0.31250E+00 -0.62500E+00  0.00000E+00  0.00000E+00  0.00000E+00    0.11417E+03  0.13340E+03 -0.24757E+03  0.51194E+01  0.30075E+01  0.24578E+03      982.00
  0.47680E+00  0.56559E+03    0.32500E+00  0.32500E+00 -0.65000E+00  0.00000E+00  0.00000E+00  0.00000E+00    0.11424E+03  0.13340E+03 -0.24764E+03  0.50412E+01  0.29343E+01  0.24599E+03      982.00
  0.49322E+00  0.56595E+03    0.33750E+00  0.33750E+00 -0.67500E+00  0.00000E+00  0.00000E+00  0.00000E+00    0.11428E+03  0.13340E+03 -0.24768E+03  0.47754E+01  0.27145E+01  0.24624E+03      982.00
  0.50963E+00  0.56620E+03    0.35000E+00  0.35000E+00 -0.70000E+00  0.00000E+00  0.00000E+00  0.00000E+00    0.11432E+03  0.13339E+03 -0.24771E+03  0.46091E+01  0.25736E+01  0.24641E+03      982.00
  0.52604E+00  0.56640E+03    0.36250E+00  0.36250E+00 -0.72500E+00  0.00000E+00  0.00000E+00  0.00000E+00    0.11436E+03  0.13338E+03 -0.24774E+03  0.44519E+01  0.24405E+01  0.24656E+03      982.00
  0.54244E+00  0.56659E+03    0.37500E+00  0.37500E+00 -0.75000E+00  0.00000E+00  0.00000E+00  0.00000E+00    0.11440E+03  0.13337E+03 -0.24777E+03  0.42997E+01  0.23114E+01  0.24669E+03      982.00
  0.55884E+00  0.56677E+03    0.38750E+00  0.38750E+00 -0.77500E+00  0.00000E+00  0.00000E+00  0.00000E+00    0.11444E+03  0.13335E+03 -0.24779E+03  0.41524E+01  0.21863E+01  0.24680E+03      982.00
  0.57523E+00  0.56690E+03    0.40000E+00  0.40000E+00 -0.80000E+00  0.00000E+00  0.00000E+00  0.00000E+00    0.11448E+03  0.13333E+03 -0.24782E+03  0.41131E+01  0.21444E+01  0.24689E+03      982.00
  0.59163E+00  0.56717E+03    0.41250E+00  0.41250E+00 -0.82500E+00  0.00000E+00  0.00000E+00  0.00000E+00    0.11455E+03  0.13332E+03 -0.24787E+03  0.38712E+01  0.19489E+01  0.24707E+03      982.00
  0.60801E+00  0.56733E+03    0.42500E+00  0.42500E+00 -0.85000E+00  0.00000E+00  0.00000E+00  0.00000E+00    0.11460E+03  0.13330E+03 -0.24790E+03  0.37303E+01  0.18282E+01  0.24717E+03      982.00
  0.62440E+00  0.56746E+03    0.43750E+00  0.43750E+00 -0.87500E+00  0.00000E+00  0.00000E+00  0.00000E+00    0.11466E+03  0.13328E+03 -0.24793E+03  0.35964E+01  0.17139E+01  0.24725E+03      982.00
  0.64078E+00  0.56758E+03    0.45000E+00  0.45000E+00 -0.90000E+00  0.00000E+00  0.00000E+00  0.00000E+00    0.11471E+03  0.13326E+03 -0.24796E+03  0.34665E+01  0.16027E+01  0.24732E+03      982.00
  0.65717E+00  0.56769E+03    0.46250E+00  0.46250E+00 -0.92500E+00  0.00000E+00  0.00000E+00  0.00000E+00    0.11476E+03  0.13323E+03 -0.24799E+03  0.33407E+01  0.14951E+01  0.24739E+03      982.00
  0.67355E+00  0.56780E+03    0.47500E+00  0.47500E+00 -0.95000E+00  0.00000E+00  0.00000E+00  0.00000E+00    0.11481E+03  0.13321E+03 -0.24802E+03  0.32191E+01  0.13909E+01  0.24745E+03      982.00
  0.68993E+00  0.56790E+03    0.48750E+00  0.48750E+00 -0.97500E+00  0.00000E+00  0.00000E+00  0.00000E+00    0.11487E+03  0.13318E+03 -0.24805E+03  0.31014E+01  0.12901E+01  0.24751E+03      982.00
  0.70631E+00  0.56800E+03    0.50000E+00  0.50000E+00 -0.10000E+01  0.00000E+00  0.00000E+00  0.00000E+00    0.11492E+03  0.13316E+03 -0.24808E+03  0.29876E+01  0.11925E+01  0.24757E+03      982.00
