          Evm          Svm            E11          E22          E33          E23          E13          E12         SDEV11       SDEV22       SDEV33       SDEV23       SDEV13       SDEV12      TEMP
  0.00000E+00  0.15414E+03    0.00000E+00  0.00000E+00  0.00000E+00  0.00000E+00  0.00000E+00  0.00000E+00    0.44010E+02  0.52704E+02 -0.96714E+02  0.92642E+01  0.35607E+01  0.28057E+02      982.00
  0.23529E-01  0.17235E+03    0.12500E-01  0.12500E-01 -0.25000E-01  0.00000E+00  0.00000E+00  0.00000E+00    0.49957E+02  0.54947E+02 -0.10490E+03  0.91565E+01  0.29348E+01  0.39359E+02      982.00
  0.46354E-01  0.19385E+03    0.25000E-01  0.25000E-01 -0.50000E-01  0.00000E+00  0.00000E+00  0.00000E+00    0.56706E+02  0.57198E+02 -0.11390E+03  0.90894E+01  0.22410E+01  0.52037E+02      982.00
  0.68388E-01  0.23187E+03    0.37500E-01  0.37500E-01 -0.75000E-01  0.00000E+00  0.00000E+00  0.00000E+00    0.67521E+02  0.61540E+02 -0.12906E+03  0.97648E+01  0.22734E+01  0.72931E+02      982.00
  0.89261E-01  0.24714E+03    0.50000E-01  0.50000E-01 -0.10000E+00  0.00000E+00  0.00000E+00  0.00000E+00    0.72094E+02  0.62309E+02 -0.13440E+03  0.99166E+01  0.12728E+01  0.81774E+02      982.00
  0.10966E+00  0.25469E+03    0.62500E-01  0.62500E-01 -0.12500E+00  0.00000E+00  0.00000E+00  0.00000E+00    0.73296E+02  0.63408E+02 -0.13670E+03  0.99825E+01  0.67054E+00  0.86493E+02      982.00
  0.12978E+00  0.26783E+03    0.75000E-01  0.75000E-01 -0.15000E+00  0.00000E+00  0.00000E+00  0.00000E+00    0.75489E+02  0.65711E+02 -0.14120E+03  0.10098E+02  0.71516E+00  0.93976E+02      982.00
  0.14955E+00  0.28823E+03    0.87500E-01  0.87500E-01 -0.17500E+00  0.00000E+00  0.00000E+00  0.00000E+00    0.79271E+02  0.69255E+02 -0.14853E+03  0.10207E+02  0.13292E+01  0.10496E+03      982.00
  0.16888E+00  0.31733E+03    0.10000E+00  0.10000E+00 -0.20000E+00  0.00000E+00  0.00000E+00  0.00000E+00    0.84955E+02  0.74106E+02 -0.15906E+03  0.10345E+02  0.22821E+01  0.12021E+03      982.00
  0.18767E+00  0.35180E+03    0.11250E+00  0.11250E+00 -0.22500E+00  0.00000E+00  0.00000E+00  0.00000E+00    0.91693E+02  0.79875E+02 -0.17157E+03  0.10487E+02  0.33877E+01  0.13792E+03      982.00
  0.20596E+00  0.38734E+03    0.12500E+00  0.12500E+00 -0.25000E+00  0.00000E+00  0.00000E+00  0.00000E+00    0.98546E+02  0.85913E+02 -0.18446E+03  0.10594E+02  0.44419E+01  0.15595E+03      982.00
  0.22382E+00  0.41963E+03    0.13750E+00  0.13750E+00 -0.27500E+00  0.00000E+00  0.00000E+00  0.00000E+00    0.10462E+03  0.91568E+02 -0.19619E+03  0.10619E+02  0.53202E+01  0.17218E+03      982.00
  0.24135E+00  0.44687E+03    0.15000E+00  0.15000E+00 -0.30000E+00  0.00000E+00  0.00000E+00  0.00000E+00    0.10958E+03  0.96531E+02 -0.20611E+03  0.10560E+02  0.59795E+01  0.18578E+03      982.00
  0.25865E+00  0.46899E+03    0.16250E+00  0.16250E+00 -0.32500E+00  0.00000E+00  0.00000E+00  0.00000E+00    0.11341E+03  0.10075E+03 -0.21417E+03  0.10431E+02  0.64327E+01  0.19679E+03      982.00
  0.27577E+00  0.48681E+03    0.17500E+00  0.17500E+00 -0.35000E+00  0.00000E+00  0.00000E+00  0.00000E+00    0.11632E+03  0.10432E+03 -0.22064E+03  0.10255E+02  0.67098E+01  0.20566E+03      982.00
  0.29277E+00  0.50124E+03    0.18750E+00  0.18750E+00 -0.37500E+00  0.00000E+00  0.00000E+00  0.00000E+00    0.11853E+03  0.10733E+03 -0.22586E+03  0.10044E+02  0.68412E+01  0.21286E+03      982.00
  0.30967E+00  0.51303E+03    0.20000E+00  0.20000E+00 -0.40000E+00  0.00000E+00  0.00000E+00  0.00000E+00    0.12022E+03  0.10986E+03 -0.23009E+03  0.98083E+01  0.68569E+01  0.21876E+03      982.00
  0.32649E+00  0.52271E+03    0.21250E+00  0.21250E+00 -0.42500E+00  0.00000E+00  0.00000E+00  0.00000E+00    0.12148E+03  0.11203E+03 -0.23351E+03  0.95592E+01  0.67843E+01  0.22365E+03      982.00
  0.34324E+00  0.53087E+03    0.22500E+00  0.22500E+00 -0.45000E+00  0.00000E+00  0.00000E+00  0.00000E+00    0.12249E+03  0.11386E+03 -0.23634E+03  0.93006E+01  0.66402E+01  0.22781E+03      982.00
  0.35993E+00  0.53772E+03    0.23750E+00  0.23750E+00 -0.47500E+00  0.00000E+00  0.00000E+00  0.00000E+00    0.12324E+03  0.11544E+03 -0.23868E+03  0.90355E+01  0.64484E+01  0.23134E+03      982.00
  0.37658E+00  0.54363E+03    0.25000E+00  0.25000E+00 -0.50000E+00  0.00000E+00  0.00000E+00  0.00000E+00    0.12387E+03  0.11678E+03 -0.24065E+03  0.87637E+01  0.62206E+01  0.23441E+03      982.00
  0.39318E+00  0.54874E+03    0.26250E+00  0.26250E+00 -0.52500E+00  0.00000E+00  0.00000E+00  0.00000E+00    0.12436E+03  0.11794E+03 -0.24230E+03  0.84906E+01  0.59710E+01  0.23711E+03      982.00
  0.40974E+00  0.55317E+03    0.27500E+00  0.27500E+00 -0.55000E+00  0.00000E+00  0.00000E+00  0.00000E+00    0.12476E+03  0.11895E+03 -0.24371E+03  0.82086E+01  0.57148E+01  0.23947E+03      982.00
  0.42626E+00  0.55382E+03    0.28750E+00  0.28750E+00 -0.57500E+00  0.00000E+00  0.00000E+00  0.00000E+00    0.12466E+03  0.11900E+03 -0.24366E+03  0.79459E+01  0.54085E+01  0.24002E+03      982.00
  0.44276E+00  0.55436E+03    0.30000E+00  0.30000E+00 -0.60000E+00  0.00000E+00  0.00000E+00  0.00000E+00    0.12460E+03  0.11900E+03 -0.24360E+03  0.76660E+01  0.51278E+01  0.24050E+03      982.00
  0.45924E+00  0.55504E+03    0.31250E+00  0.31250E+00 -0.62500E+00  0.00000E+00  0.00000E+00  0.00000E+00    0.12458E+03  0.11902E+03 -0.24360E+03  0.73896E+01  0.48894E+01  0.24104E+03      982.00
  0.47569E+00  0.55567E+03    0.32500E+00  0.32500E+00 -0.65000E+00  0.00000E+00  0.00000E+00  0.00000E+00    0.12461E+03  0.11898E+03 -0.24359E+03  0.70850E+01  0.46604E+01  0.24154E+03      982.00
  0.49213E+00  0.55613E+03    0.33750E+00  0.33750E+00 -0.67500E+00  0.00000E+00  0.00000E+00  0.00000E+00    0.12461E+03  0.11894E+03 -0.24355E+03  0.67642E+01  0.44735E+01  0.24193E+03      982.00
  0.50856E+00  0.55669E+03    0.35000E+00  0.35000E+00 -0.70000E+00  0.00000E+00  0.00000E+00  0.00000E+00    0.12475E+03  0.11882E+03 -0.24357E+03  0.64100E+01  0.43073E+01  0.24236E+03      982.00
  0.52496E+00  0.55708E+03    0.36250E+00  0.36250E+00 -0.72500E+00  0.00000E+00  0.00000E+00  0.00000E+00    0.12478E+03  0.11877E+03 -0.24355E+03  0.60538E+01  0.41971E+01  0.24268E+03      982.00
  0.54136E+00  0.55742E+03    0.37500E+00  0.37500E+00 -0.75000E+00  0.00000E+00  0.00000E+00  0.00000E+00    0.12483E+03  0.11872E+03 -0.24355E+03  0.56816E+01  0.41209E+01  0.24295E+03      982.00
  0.55774E+00  0.55774E+03    0.38750E+00  0.38750E+00 -0.77500E+00  0.00000E+00  0.00000E+00  0.00000E+00    0.12491E+03  0.11868E+03 -0.24358E+03  0.52621E+01  0.40591E+01  0.24318E+03      982.00
  0.57412E+00  0.55807E+03    0.40000E+00  0.40000E+00 -0.80000E+00  0.00000E+00  0.00000E+00  0.00000E+00    0.12504E+03  0.11862E+03 -0.24365E+03  0.48230E+01  0.40163E+01  0.24339E+03      982.00
  0.59049E+00  0.55830E+03    0.41250E+00  0.41250E+00 -0.82500E+00  0.00000E+00  0.00000E+00  0.00000E+00    0.12508E+03  0.11864E+03 -0.24372E+03  0.44448E+01  0.40199E+01  0.24353E+03      982.00
  0.60686E+00  0.55846E+03    0.42500E+00  0.42500E+00 -0.85000E+00  0.00000E+00  0.00000E+00  0.00000E+00    0.12511E+03  0.11867E+03 -0.24378E+03  0.40806E+01  0.40306E+01  0.24361E+03      982.00
  0.62323E+00  0.55857E+03    0.43750E+00  0.43750E+00 -0.87500E+00  0.00000E+00  0.00000E+00  0.00000E+00    0.12513E+03  0.11873E+03 -0.24386E+03  0.37363E+01  0.40380E+01  0.24364E+03      982.00
  0.63960E+00  0.55864E+03    0.45000E+00  0.45000E+00 -0.90000E+00  0.00000E+00  0.00000E+00  0.00000E+00    0.12515E+03  0.11880E+03 -0.24394E+03  0.34185E+01  0.40350E+01  0.24363E+03      982.00
  0.65598E+00  0.55860E+03    0.46250E+00  0.46250E+00 -0.92500E+00  0.00000E+00  0.00000E+00  0.00000E+00    0.12518E+03  0.11882E+03 -0.24400E+03  0.31644E+01  0.40286E+01  0.24356E+03      982.00
  0.67236E+00  0.55848E+03    0.47500E+00  0.47500E+00 -0.95000E+00  0.00000E+00  0.00000E+00  0.00000E+00    0.12527E+03  0.11880E+03 -0.24406E+03  0.28512E+01  0.39727E+01  0.24343E+03      982.00
  0.68875E+00  0.55845E+03    0.48750E+00  0.48750E+00 -0.97500E+00  0.00000E+00  0.00000E+00  0.00000E+00    0.12526E+03  0.11889E+03 -0.24415E+03  0.26262E+01  0.39097E+01  0.24335E+03      982.00
  0.70514E+00  0.55840E+03    0.50000E+00  0.50000E+00 -0.10000E+01  0.00000E+00  0.00000E+00  0.00000E+00    0.12522E+03  0.11901E+03 -0.24423E+03  0.24378E+01  0.38296E+01  0.24325E+03      982.00
