          Evm          Svm            E11          E22          E33          E23          E13          E12         SDEV11       SDEV22       SDEV33       SDEV23       SDEV13       SDEV12      TEMP
  0.00000E+00  0.15683E+03    0.00000E+00  0.00000E+00  0.00000E+00  0.00000E+00  0.00000E+00  0.00000E+00    0.45155E+02  0.57901E+02 -0.10306E+03 -0.33245E+01 -0.74419E+01  0.11246E+02      982.00
  0.24641E-01  0.15335E+03    0.12500E-01  0.12500E-01 -0.25000E-01  0.00000E+00  0.00000E+00  0.00000E+00    0.44171E+02  0.56555E+02 -0.10073E+03 -0.26369E+01 -0.62120E+01  0.12064E+02      982.00
  0.49273E-01  0.15456E+03    0.25000E-01  0.25000E-01 -0.50000E-01  0.00000E+00  0.00000E+00  0.00000E+00    0.45173E+02  0.56159E+02 -0.10133E+03 -0.23197E+01 -0.56644E+01  0.13946E+02      982.00
  0.73858E-01  0.16122E+03    0.37500E-01  0.37500E-01 -0.75000E-01  0.00000E+00  0.00000E+00  0.00000E+00    0.48652E+02  0.56613E+02 -0.10527E+03 -0.22948E+01 -0.56639E+01  0.17316E+02      982.00
  0.98343E-01  0.17464E+03    0.50000E-01  0.50000E-01 -0.10000E+00  0.00000E+00  0.00000E+00  0.00000E+00    0.55462E+02  0.57682E+02 -0.11314E+03 -0.25265E+01 -0.61188E+01  0.22803E+02      982.00
  0.12264E+00  0.19723E+03    0.62500E-01  0.62500E-01 -0.12500E+00  0.00000E+00  0.00000E+00  0.00000E+00    0.67106E+02  0.58943E+02 -0.12605E+03 -0.30262E+01 -0.69990E+01  0.31230E+02      982.00
  0.14660E+00  0.23012E+03    0.75000E-01  0.75000E-01 -0.15000E+00  0.00000E+00  0.00000E+00  0.00000E+00    0.84771E+02  0.59361E+02 -0.14413E+03 -0.37512E+01 -0.81521E+01  0.42774E+02      982.00
  0.17009E+00  0.26598E+03    0.87500E-01  0.87500E-01 -0.17500E+00  0.00000E+00  0.00000E+00  0.00000E+00    0.10476E+03  0.58311E+02 -0.16307E+03 -0.43618E+01 -0.91147E+01  0.54747E+02      982.00
  0.19308E+00  0.29266E+03    0.10000E+00  0.10000E+00 -0.20000E+00  0.00000E+00  0.00000E+00  0.00000E+00    0.11849E+03  0.58303E+02 -0.17679E+03 -0.44498E+01 -0.95904E+01  0.63955E+02      982.00
  0.21574E+00  0.31127E+03    0.11250E+00  0.11250E+00 -0.22500E+00  0.00000E+00  0.00000E+00  0.00000E+00    0.12511E+03  0.61406E+02 -0.18652E+03 -0.42804E+01 -0.95990E+01  0.71275E+02      982.00
  0.23821E+00  0.32697E+03    0.12500E+00  0.12500E+00 -0.25000E+00  0.00000E+00  0.00000E+00  0.00000E+00    0.12911E+03  0.65919E+02 -0.19503E+03 -0.42252E+01 -0.93031E+01  0.77507E+02      982.00
  0.26057E+00  0.34070E+03    0.13750E+00  0.13750E+00 -0.27500E+00  0.00000E+00  0.00000E+00  0.00000E+00    0.13251E+03  0.70197E+02 -0.20271E+03 -0.42658E+01 -0.89031E+01  0.82502E+02      982.00
  0.28289E+00  0.35195E+03    0.15000E+00  0.15000E+00 -0.30000E+00  0.00000E+00  0.00000E+00  0.00000E+00    0.13567E+03  0.73613E+02 -0.20928E+03 -0.43532E+01 -0.85503E+01  0.85937E+02      982.00
  0.30518E+00  0.36071E+03    0.16250E+00  0.16250E+00 -0.32500E+00  0.00000E+00  0.00000E+00  0.00000E+00    0.13834E+03  0.76390E+02 -0.21473E+03 -0.44349E+01 -0.82430E+01  0.88002E+02      982.00
  0.32751E+00  0.36724E+03    0.17500E+00  0.17500E+00 -0.35000E+00  0.00000E+00  0.00000E+00  0.00000E+00    0.14051E+03  0.78649E+02 -0.21916E+03 -0.45241E+01 -0.80120E+01  0.88830E+02      982.00
  0.34989E+00  0.37217E+03    0.18750E+00  0.18750E+00 -0.37500E+00  0.00000E+00  0.00000E+00  0.00000E+00    0.14222E+03  0.80653E+02 -0.22288E+03 -0.46153E+01 -0.78459E+01  0.88793E+02      982.00
  0.37234E+00  0.37553E+03    0.20000E+00  0.20000E+00 -0.40000E+00  0.00000E+00  0.00000E+00  0.00000E+00    0.14347E+03  0.82448E+02 -0.22592E+03 -0.47698E+01 -0.77732E+01  0.87824E+02      982.00
  0.39490E+00  0.37791E+03    0.21250E+00  0.21250E+00 -0.42500E+00  0.00000E+00  0.00000E+00  0.00000E+00    0.14430E+03  0.84179E+02 -0.22848E+03 -0.48478E+01 -0.76915E+01  0.86418E+02      982.00
  0.41758E+00  0.37959E+03    0.22500E+00  0.22500E+00 -0.45000E+00  0.00000E+00  0.00000E+00  0.00000E+00    0.14485E+03  0.85884E+02 -0.23074E+03 -0.49785E+01 -0.76953E+01  0.84534E+02      982.00
  0.44037E+00  0.37760E+03    0.23750E+00  0.23750E+00 -0.47500E+00  0.00000E+00  0.00000E+00  0.00000E+00    0.14386E+03  0.87003E+02 -0.23086E+03 -0.50287E+01 -0.76529E+01  0.81610E+02      982.00
  0.46330E+00  0.37581E+03    0.25000E+00  0.25000E+00 -0.50000E+00  0.00000E+00  0.00000E+00  0.00000E+00    0.14296E+03  0.88104E+02 -0.23106E+03 -0.50918E+01 -0.76255E+01  0.78738E+02      982.00
  0.48635E+00  0.37426E+03    0.26250E+00  0.26250E+00 -0.52500E+00  0.00000E+00  0.00000E+00  0.00000E+00    0.14214E+03  0.89215E+02 -0.23135E+03 -0.51705E+01 -0.76224E+01  0.75906E+02      982.00
  0.50954E+00  0.37292E+03    0.27500E+00  0.27500E+00 -0.55000E+00  0.00000E+00  0.00000E+00  0.00000E+00    0.14139E+03  0.90332E+02 -0.23173E+03 -0.52673E+01 -0.76399E+01  0.73119E+02      982.00
  0.53284E+00  0.37184E+03    0.28750E+00  0.28750E+00 -0.57500E+00  0.00000E+00  0.00000E+00  0.00000E+00    0.14073E+03  0.91467E+02 -0.23220E+03 -0.53677E+01 -0.76761E+01  0.70391E+02      982.00
  0.55626E+00  0.37083E+03    0.30000E+00  0.30000E+00 -0.60000E+00  0.00000E+00  0.00000E+00  0.00000E+00    0.14012E+03  0.92577E+02 -0.23269E+03 -0.54973E+01 -0.77390E+01  0.67630E+02      982.00
  0.57979E+00  0.37023E+03    0.31250E+00  0.31250E+00 -0.62500E+00  0.00000E+00  0.00000E+00  0.00000E+00    0.13961E+03  0.93740E+02 -0.23335E+03 -0.56063E+01 -0.78007E+01  0.65038E+02      982.00
  0.60342E+00  0.36991E+03    0.32500E+00  0.32500E+00 -0.65000E+00  0.00000E+00  0.00000E+00  0.00000E+00    0.13920E+03  0.94930E+02 -0.23413E+03 -0.57069E+01 -0.78659E+01  0.62562E+02      982.00
  0.62716E+00  0.36975E+03    0.33750E+00  0.33750E+00 -0.67500E+00  0.00000E+00  0.00000E+00  0.00000E+00    0.13884E+03  0.96119E+02 -0.23496E+03 -0.58192E+01 -0.79450E+01  0.60114E+02      982.00
  0.65099E+00  0.36966E+03    0.35000E+00  0.35000E+00 -0.70000E+00  0.00000E+00  0.00000E+00  0.00000E+00    0.13853E+03  0.97268E+02 -0.23580E+03 -0.59543E+01 -0.80439E+01  0.57636E+02      982.00
  0.67491E+00  0.36993E+03    0.36250E+00  0.36250E+00 -0.72500E+00  0.00000E+00  0.00000E+00  0.00000E+00    0.13831E+03  0.98480E+02 -0.23679E+03 -0.60584E+01 -0.81277E+01  0.55352E+02      982.00
  0.69891E+00  0.37041E+03    0.37500E+00  0.37500E+00 -0.75000E+00  0.00000E+00  0.00000E+00  0.00000E+00    0.13816E+03  0.99700E+02 -0.23786E+03 -0.61578E+01 -0.82123E+01  0.53148E+02      982.00
  0.72299E+00  0.37107E+03    0.38750E+00  0.38750E+00 -0.77500E+00  0.00000E+00  0.00000E+00  0.00000E+00    0.13807E+03  0.10093E+03 -0.23900E+03 -0.62516E+01 -0.82961E+01  0.51024E+02      982.00
  0.74715E+00  0.37190E+03    0.40000E+00  0.40000E+00 -0.80000E+00  0.00000E+00  0.00000E+00  0.00000E+00    0.13804E+03  0.10216E+03 -0.24020E+03 -0.63390E+01 -0.83776E+01  0.48979E+02      982.00
  0.77137E+00  0.37290E+03    0.41250E+00  0.41250E+00 -0.82500E+00  0.00000E+00  0.00000E+00  0.00000E+00    0.13807E+03  0.10339E+03 -0.24146E+03 -0.64191E+01 -0.84556E+01  0.47013E+02      982.00
  0.79565E+00  0.37402E+03    0.42500E+00  0.42500E+00 -0.85000E+00  0.00000E+00  0.00000E+00  0.00000E+00    0.13817E+03  0.10461E+03 -0.24277E+03 -0.65445E+01 -0.85498E+01  0.45040E+02      982.00
  0.81999E+00  0.37523E+03    0.43750E+00  0.43750E+00 -0.87500E+00  0.00000E+00  0.00000E+00  0.00000E+00    0.13825E+03  0.10583E+03 -0.24408E+03 -0.66119E+01 -0.86101E+01  0.43240E+02      982.00
  0.84438E+00  0.37666E+03    0.45000E+00  0.45000E+00 -0.90000E+00  0.00000E+00  0.00000E+00  0.00000E+00    0.13843E+03  0.10707E+03 -0.24550E+03 -0.66621E+01 -0.86700E+01  0.41513E+02      982.00
  0.86882E+00  0.37820E+03    0.46250E+00  0.46250E+00 -0.92500E+00  0.00000E+00  0.00000E+00  0.00000E+00    0.13864E+03  0.10830E+03 -0.24695E+03 -0.67044E+01 -0.87240E+01  0.39857E+02      982.00
  0.89331E+00  0.37984E+03    0.47500E+00  0.47500E+00 -0.95000E+00  0.00000E+00  0.00000E+00  0.00000E+00    0.13890E+03  0.10953E+03 -0.24843E+03 -0.67388E+01 -0.87719E+01  0.38272E+02      982.00
  0.91784E+00  0.38157E+03    0.48750E+00  0.48750E+00 -0.97500E+00  0.00000E+00  0.00000E+00  0.00000E+00    0.13919E+03  0.11076E+03 -0.24995E+03 -0.67656E+01 -0.88134E+01  0.36755E+02      982.00
  0.94240E+00  0.38338E+03    0.50000E+00  0.50000E+00 -0.10000E+01  0.00000E+00  0.00000E+00  0.00000E+00    0.13951E+03  0.11197E+03 -0.25148E+03 -0.67849E+01 -0.88485E+01  0.35304E+02      982.00
