          Evm          Svm            E11          E22          E33          E23          E13          E12         SDEV11       SDEV22       SDEV33       SDEV23       SDEV13       SDEV12      TEMP
  0.00000E+00  0.14484E+03    0.00000E+00  0.00000E+00  0.00000E+00  0.00000E+00  0.00000E+00  0.00000E+00    0.40125E+02  0.51981E+02 -0.92105E+02 -0.11993E+02 -0.75128E+01  0.19864E+02      982.00
  0.23847E-01  0.14742E+03    0.12500E-01  0.12500E-01 -0.25000E-01  0.00000E+00  0.00000E+00  0.00000E+00    0.41055E+02  0.52147E+02 -0.93202E+02 -0.11718E+02 -0.70403E+01  0.22611E+02      982.00
  0.47556E-01  0.15729E+03    0.25000E-01  0.25000E-01 -0.50000E-01  0.00000E+00  0.00000E+00  0.00000E+00    0.44153E+02  0.53815E+02 -0.97968E+02 -0.11804E+02 -0.70981E+01  0.28899E+02      982.00
  0.70913E-01  0.17972E+03    0.37500E-01  0.37500E-01 -0.75000E-01  0.00000E+00  0.00000E+00  0.00000E+00    0.50670E+02  0.57759E+02 -0.10843E+03 -0.12350E+02 -0.77431E+01  0.41518E+02      982.00
  0.93538E-01  0.22277E+03    0.50000E-01  0.50000E-01 -0.10000E+00  0.00000E+00  0.00000E+00  0.00000E+00    0.62424E+02  0.64765E+02 -0.12719E+03 -0.13480E+02 -0.89345E+01  0.64396E+02      982.00
  0.11495E+00  0.27383E+03    0.62500E-01  0.62500E-01 -0.12500E+00  0.00000E+00  0.00000E+00  0.00000E+00    0.77003E+02  0.71088E+02 -0.14809E+03 -0.14312E+02 -0.96550E+01  0.90775E+02      982.00
  0.13523E+00  0.31272E+03    0.75000E-01  0.75000E-01 -0.15000E+00  0.00000E+00  0.00000E+00  0.00000E+00    0.89638E+02  0.73746E+02 -0.16338E+03 -0.14539E+02 -0.98816E+01  0.11047E+03      982.00
  0.15482E+00  0.35303E+03    0.87500E-01  0.87500E-01 -0.17500E+00  0.00000E+00  0.00000E+00  0.00000E+00    0.10242E+03  0.76587E+02 -0.17900E+03 -0.14863E+02 -0.10414E+02  0.13044E+03      982.00
  0.17383E+00  0.39152E+03    0.10000E+00  0.10000E+00 -0.20000E+00  0.00000E+00  0.00000E+00  0.00000E+00    0.11429E+03  0.79553E+02 -0.19384E+03 -0.15093E+02 -0.11073E+02  0.14921E+03      982.00
  0.19240E+00  0.42361E+03    0.11250E+00  0.11250E+00 -0.22500E+00  0.00000E+00  0.00000E+00  0.00000E+00    0.12401E+03  0.82211E+02 -0.20622E+03 -0.15114E+02 -0.11722E+02  0.16467E+03      982.00
  0.21066E+00  0.44885E+03    0.12500E+00  0.12500E+00 -0.25000E+00  0.00000E+00  0.00000E+00  0.00000E+00    0.13146E+03  0.84558E+02 -0.21602E+03 -0.14973E+02 -0.12371E+02  0.17672E+03      982.00
  0.22870E+00  0.46851E+03    0.13750E+00  0.13750E+00 -0.27500E+00  0.00000E+00  0.00000E+00  0.00000E+00    0.13700E+03  0.86718E+02 -0.22372E+03 -0.14738E+02 -0.13056E+02  0.18604E+03      982.00
  0.24661E+00  0.48453E+03    0.15000E+00  0.15000E+00 -0.30000E+00  0.00000E+00  0.00000E+00  0.00000E+00    0.14113E+03  0.88884E+02 -0.23002E+03 -0.14472E+02 -0.13765E+02  0.19364E+03      982.00
  0.26441E+00  0.49674E+03    0.16250E+00  0.16250E+00 -0.32500E+00  0.00000E+00  0.00000E+00  0.00000E+00    0.14346E+03  0.91403E+02 -0.23486E+03 -0.14261E+02 -0.14460E+02  0.19948E+03      982.00
  0.28214E+00  0.50450E+03    0.17500E+00  0.17500E+00 -0.35000E+00  0.00000E+00  0.00000E+00  0.00000E+00    0.14407E+03  0.93711E+02 -0.23778E+03 -0.14174E+02 -0.14845E+02  0.20342E+03      982.00
  0.29982E+00  0.51005E+03    0.18750E+00  0.18750E+00 -0.37500E+00  0.00000E+00  0.00000E+00  0.00000E+00    0.14441E+03  0.95204E+02 -0.23961E+03 -0.14119E+02 -0.14874E+02  0.20647E+03      982.00
  0.31743E+00  0.51469E+03    0.20000E+00  0.20000E+00 -0.40000E+00  0.00000E+00  0.00000E+00  0.00000E+00    0.14493E+03  0.96115E+02 -0.24104E+03 -0.14035E+02 -0.14921E+02  0.20907E+03      982.00
  0.33500E+00  0.51962E+03    0.21250E+00  0.21250E+00 -0.42500E+00  0.00000E+00  0.00000E+00  0.00000E+00    0.14604E+03  0.96472E+02 -0.24251E+03 -0.13867E+02 -0.14917E+02  0.21181E+03      982.00
  0.35250E+00  0.52427E+03    0.22500E+00  0.22500E+00 -0.45000E+00  0.00000E+00  0.00000E+00  0.00000E+00    0.14689E+03  0.97090E+02 -0.24398E+03 -0.13654E+02 -0.15163E+02  0.21433E+03      982.00
  0.36995E+00  0.52841E+03    0.23750E+00  0.23750E+00 -0.47500E+00  0.00000E+00  0.00000E+00  0.00000E+00    0.14756E+03  0.97708E+02 -0.24527E+03 -0.13384E+02 -0.15405E+02  0.21660E+03      982.00
  0.38736E+00  0.53295E+03    0.25000E+00  0.25000E+00 -0.50000E+00  0.00000E+00  0.00000E+00  0.00000E+00    0.14838E+03  0.98283E+02 -0.24666E+03 -0.13080E+02 -0.15561E+02  0.21911E+03      982.00
  0.40471E+00  0.53736E+03    0.26250E+00  0.26250E+00 -0.52500E+00  0.00000E+00  0.00000E+00  0.00000E+00    0.14904E+03  0.98935E+02 -0.24798E+03 -0.12764E+02 -0.15671E+02  0.22158E+03      982.00
  0.42202E+00  0.54158E+03    0.27500E+00  0.27500E+00 -0.55000E+00  0.00000E+00  0.00000E+00  0.00000E+00    0.14961E+03  0.99593E+02 -0.24920E+03 -0.12442E+02 -0.15723E+02  0.22398E+03      982.00
  0.43927E+00  0.54556E+03    0.28750E+00  0.28750E+00 -0.57500E+00  0.00000E+00  0.00000E+00  0.00000E+00    0.15006E+03  0.10025E+03 -0.25030E+03 -0.12120E+02 -0.15715E+02  0.22630E+03      982.00
  0.45648E+00  0.54597E+03    0.30000E+00  0.30000E+00 -0.60000E+00  0.00000E+00  0.00000E+00  0.00000E+00    0.14983E+03  0.10009E+03 -0.24992E+03 -0.11811E+02 -0.15474E+02  0.22698E+03      982.00
  0.47364E+00  0.54638E+03    0.31250E+00  0.31250E+00 -0.62500E+00  0.00000E+00  0.00000E+00  0.00000E+00    0.14959E+03  0.99953E+02 -0.24955E+03 -0.11499E+02 -0.15213E+02  0.22765E+03      982.00
  0.49077E+00  0.54681E+03    0.32500E+00  0.32500E+00 -0.65000E+00  0.00000E+00  0.00000E+00  0.00000E+00    0.14933E+03  0.99867E+02 -0.24920E+03 -0.11192E+02 -0.14936E+02  0.22832E+03      982.00
  0.50786E+00  0.54726E+03    0.33750E+00  0.33750E+00 -0.67500E+00  0.00000E+00  0.00000E+00  0.00000E+00    0.14908E+03  0.99797E+02 -0.24887E+03 -0.10890E+02 -0.14641E+02  0.22899E+03      982.00
  0.52491E+00  0.54771E+03    0.35000E+00  0.35000E+00 -0.70000E+00  0.00000E+00  0.00000E+00  0.00000E+00    0.14879E+03  0.99774E+02 -0.24857E+03 -0.10596E+02 -0.14335E+02  0.22965E+03      982.00
  0.54193E+00  0.54820E+03    0.36250E+00  0.36250E+00 -0.72500E+00  0.00000E+00  0.00000E+00  0.00000E+00    0.14857E+03  0.99718E+02 -0.24829E+03 -0.10307E+02 -0.14016E+02  0.23030E+03      982.00
  0.55892E+00  0.54868E+03    0.37500E+00  0.37500E+00 -0.75000E+00  0.00000E+00  0.00000E+00  0.00000E+00    0.14837E+03  0.99658E+02 -0.24802E+03 -0.10026E+02 -0.13687E+02  0.23094E+03      982.00
  0.57587E+00  0.54916E+03    0.38750E+00  0.38750E+00 -0.77500E+00  0.00000E+00  0.00000E+00  0.00000E+00    0.14818E+03  0.99595E+02 -0.24778E+03 -0.97514E+01 -0.13352E+02  0.23155E+03      982.00
  0.59279E+00  0.54961E+03    0.40000E+00  0.40000E+00 -0.80000E+00  0.00000E+00  0.00000E+00  0.00000E+00    0.14798E+03  0.99566E+02 -0.24754E+03 -0.94870E+01 -0.13015E+02  0.23213E+03      982.00
  0.60968E+00  0.55007E+03    0.41250E+00  0.41250E+00 -0.82500E+00  0.00000E+00  0.00000E+00  0.00000E+00    0.14783E+03  0.99498E+02 -0.24733E+03 -0.92271E+01 -0.12673E+02  0.23270E+03      982.00
  0.62654E+00  0.55089E+03    0.42500E+00  0.42500E+00 -0.85000E+00  0.00000E+00  0.00000E+00  0.00000E+00    0.14794E+03  0.99309E+02 -0.24725E+03 -0.89489E+01 -0.12256E+02  0.23343E+03      982.00
  0.64337E+00  0.55094E+03    0.43750E+00  0.43750E+00 -0.87500E+00  0.00000E+00  0.00000E+00  0.00000E+00    0.14757E+03  0.99381E+02 -0.24695E+03 -0.87328E+01 -0.11995E+02  0.23375E+03      982.00
  0.66018E+00  0.55169E+03    0.45000E+00  0.45000E+00 -0.90000E+00  0.00000E+00  0.00000E+00  0.00000E+00    0.14774E+03  0.99142E+02 -0.24688E+03 -0.84666E+01 -0.11580E+02  0.23440E+03      982.00
  0.67696E+00  0.55173E+03    0.46250E+00  0.46250E+00 -0.92500E+00  0.00000E+00  0.00000E+00  0.00000E+00    0.14742E+03  0.99206E+02 -0.24663E+03 -0.82661E+01 -0.11327E+02  0.23468E+03      982.00
  0.69372E+00  0.55243E+03    0.47500E+00  0.47500E+00 -0.95000E+00  0.00000E+00  0.00000E+00  0.00000E+00    0.14763E+03  0.98950E+02 -0.24658E+03 -0.80163E+01 -0.10926E+02  0.23526E+03      982.00
  0.71046E+00  0.55290E+03    0.48750E+00  0.48750E+00 -0.97500E+00  0.00000E+00  0.00000E+00  0.00000E+00    0.14770E+03  0.98781E+02 -0.24648E+03 -0.77926E+01 -0.10569E+02  0.23572E+03      982.00
  0.72718E+00  0.55319E+03    0.50000E+00  0.50000E+00 -0.10000E+01  0.00000E+00  0.00000E+00  0.00000E+00    0.14762E+03  0.98723E+02 -0.24635E+03 -0.75858E+01 -0.10257E+02  0.23607E+03      982.00
