          Evm          Svm            E11          E22          E33          E23          E13          E12         SDEV11       SDEV22       SDEV33       SDEV23       SDEV13       SDEV12      TEMP
  0.00000E+00  0.15658E+03    0.00000E+00  0.00000E+00  0.00000E+00  0.00000E+00  0.00000E+00  0.00000E+00    0.34648E+02  0.66944E+02 -0.10159E+03 -0.18274E+01  0.57877E+00  0.12920E+02      982.00
  0.24331E-01  0.15834E+03    0.12500E-01  0.12500E-01 -0.25000E-01  0.00000E+00  0.00000E+00  0.00000E+00    0.32942E+02  0.69153E+02 -0.10210E+03 -0.99228E+00  0.80197E+00  0.14504E+02      982.00
  0.48510E-01  0.16721E+03    0.25000E-01  0.25000E-01 -0.50000E-01  0.00000E+00  0.00000E+00  0.00000E+00    0.31288E+02  0.75303E+02 -0.10659E+03 -0.12014E+01  0.73307E+00  0.17664E+02      982.00
  0.72416E-01  0.18609E+03    0.37500E-01  0.37500E-01 -0.75000E-01  0.00000E+00  0.00000E+00  0.00000E+00    0.29199E+02  0.87153E+02 -0.11635E+03 -0.24202E+01  0.37331E+00  0.23337E+02      982.00
  0.95862E-01  0.21765E+03    0.50000E-01  0.50000E-01 -0.10000E+00  0.00000E+00  0.00000E+00  0.00000E+00    0.26088E+02  0.10615E+03 -0.13224E+03 -0.44527E+01 -0.22575E+00  0.32449E+02      982.00
  0.11865E+00  0.25754E+03    0.62500E-01  0.62500E-01 -0.12500E+00  0.00000E+00  0.00000E+00  0.00000E+00    0.22198E+02  0.12949E+03 -0.15169E+03 -0.65204E+01 -0.80340E+00  0.43934E+02      982.00
  0.14073E+00  0.29354E+03    0.75000E-01  0.75000E-01 -0.15000E+00  0.00000E+00  0.00000E+00  0.00000E+00    0.18986E+02  0.15001E+03 -0.16899E+03 -0.80424E+01 -0.11779E+01  0.54256E+02      982.00
  0.16232E+00  0.31991E+03    0.87500E-01  0.87500E-01 -0.17500E+00  0.00000E+00  0.00000E+00  0.00000E+00    0.17254E+02  0.16461E+03 -0.18186E+03 -0.92321E+01 -0.14515E+01  0.61583E+02      982.00
  0.18364E+00  0.34045E+03    0.10000E+00  0.10000E+00 -0.20000E+00  0.00000E+00  0.00000E+00  0.00000E+00    0.16420E+02  0.17571E+03 -0.19213E+03 -0.10091E+02 -0.16100E+01  0.67103E+02      982.00
  0.20480E+00  0.35769E+03    0.11250E+00  0.11250E+00 -0.22500E+00  0.00000E+00  0.00000E+00  0.00000E+00    0.16109E+02  0.18484E+03 -0.20095E+03 -0.10573E+02 -0.16183E+01  0.71632E+02      982.00
  0.22587E+00  0.37188E+03    0.12500E+00  0.12500E+00 -0.25000E+00  0.00000E+00  0.00000E+00  0.00000E+00    0.16256E+02  0.19217E+03 -0.20843E+03 -0.10732E+02 -0.14968E+01  0.75256E+02      982.00
  0.24689E+00  0.38297E+03    0.13750E+00  0.13750E+00 -0.27500E+00  0.00000E+00  0.00000E+00  0.00000E+00    0.16859E+02  0.19769E+03 -0.21455E+03 -0.10681E+02 -0.12932E+01  0.77941E+02      982.00
  0.26790E+00  0.39122E+03    0.15000E+00  0.15000E+00 -0.30000E+00  0.00000E+00  0.00000E+00  0.00000E+00    0.17900E+02  0.20154E+03 -0.21944E+03 -0.10521E+02 -0.10494E+01  0.79746E+02      982.00
  0.28893E+00  0.39664E+03    0.16250E+00  0.16250E+00 -0.32500E+00  0.00000E+00  0.00000E+00  0.00000E+00    0.19432E+02  0.20368E+03 -0.22311E+03 -0.10300E+02 -0.79847E+00  0.80724E+02      982.00
  0.31002E+00  0.40020E+03    0.17500E+00  0.17500E+00 -0.35000E+00  0.00000E+00  0.00000E+00  0.00000E+00    0.21279E+02  0.20473E+03 -0.22601E+03 -0.10165E+02 -0.57102E+00  0.80986E+02      982.00
  0.33120E+00  0.40223E+03    0.18750E+00  0.18750E+00 -0.37500E+00  0.00000E+00  0.00000E+00  0.00000E+00    0.23391E+02  0.20488E+03 -0.22828E+03 -0.10073E+02 -0.36494E+00  0.80683E+02      982.00
  0.35248E+00  0.40275E+03    0.20000E+00  0.20000E+00 -0.40000E+00  0.00000E+00  0.00000E+00  0.00000E+00    0.25883E+02  0.20404E+03 -0.22992E+03 -0.10044E+02 -0.19943E+00  0.79912E+02      982.00
  0.37389E+00  0.40223E+03    0.21250E+00  0.21250E+00 -0.42500E+00  0.00000E+00  0.00000E+00  0.00000E+00    0.28659E+02  0.20249E+03 -0.23114E+03 -0.10109E+02 -0.81866E-01  0.78753E+02      982.00
  0.39544E+00  0.40087E+03    0.22500E+00  0.22500E+00 -0.45000E+00  0.00000E+00  0.00000E+00  0.00000E+00    0.31722E+02  0.20032E+03 -0.23205E+03 -0.10310E+02 -0.25321E-01  0.77249E+02      982.00
  0.41715E+00  0.39896E+03    0.23750E+00  0.23750E+00 -0.47500E+00  0.00000E+00  0.00000E+00  0.00000E+00    0.35013E+02  0.19772E+03 -0.23273E+03 -0.10612E+02 -0.24293E-01  0.75504E+02      982.00
  0.43903E+00  0.39670E+03    0.25000E+00  0.25000E+00 -0.50000E+00  0.00000E+00  0.00000E+00  0.00000E+00    0.38509E+02  0.19477E+03 -0.23328E+03 -0.11017E+02 -0.81526E-01  0.73581E+02      982.00
  0.46108E+00  0.39430E+03    0.26250E+00  0.26250E+00 -0.52500E+00  0.00000E+00  0.00000E+00  0.00000E+00    0.42171E+02  0.19161E+03 -0.23378E+03 -0.11474E+02 -0.18738E+00  0.71564E+02      982.00
  0.48331E+00  0.39188E+03    0.27500E+00  0.27500E+00 -0.55000E+00  0.00000E+00  0.00000E+00  0.00000E+00    0.46005E+02  0.18826E+03 -0.23426E+03 -0.11995E+02 -0.34659E+00  0.69490E+02      982.00
  0.50573E+00  0.38825E+03    0.28750E+00  0.28750E+00 -0.57500E+00  0.00000E+00  0.00000E+00  0.00000E+00    0.49730E+02  0.18424E+03 -0.23397E+03 -0.12448E+02 -0.59547E+00  0.67172E+02      982.00
  0.52833E+00  0.38517E+03    0.30000E+00  0.30000E+00 -0.60000E+00  0.00000E+00  0.00000E+00  0.00000E+00    0.53482E+02  0.18040E+03 -0.23389E+03 -0.12845E+02 -0.85791E+00  0.65044E+02      982.00
  0.55110E+00  0.38262E+03    0.31250E+00  0.31250E+00 -0.62500E+00  0.00000E+00  0.00000E+00  0.00000E+00    0.57237E+02  0.17677E+03 -0.23401E+03 -0.13204E+02 -0.11367E+01  0.63083E+02      982.00
  0.57403E+00  0.38054E+03    0.32500E+00  0.32500E+00 -0.65000E+00  0.00000E+00  0.00000E+00  0.00000E+00    0.61011E+02  0.17331E+03 -0.23432E+03 -0.13563E+02 -0.14385E+01  0.61245E+02      982.00
  0.59712E+00  0.37890E+03    0.33750E+00  0.33750E+00 -0.67500E+00  0.00000E+00  0.00000E+00  0.00000E+00    0.64827E+02  0.16998E+03 -0.23480E+03 -0.13946E+02 -0.17625E+01  0.59517E+02      982.00
  0.62036E+00  0.37770E+03    0.35000E+00  0.35000E+00 -0.70000E+00  0.00000E+00  0.00000E+00  0.00000E+00    0.68582E+02  0.16689E+03 -0.23547E+03 -0.14329E+02 -0.20868E+01  0.57824E+02      982.00
  0.64374E+00  0.37692E+03    0.36250E+00  0.36250E+00 -0.72500E+00  0.00000E+00  0.00000E+00  0.00000E+00    0.72288E+02  0.16401E+03 -0.23630E+03 -0.14734E+02 -0.24077E+01  0.56142E+02      982.00
  0.66725E+00  0.37655E+03    0.37500E+00  0.37500E+00 -0.75000E+00  0.00000E+00  0.00000E+00  0.00000E+00    0.75928E+02  0.16138E+03 -0.23731E+03 -0.15176E+02 -0.27187E+01  0.54451E+02      982.00
  0.69088E+00  0.37656E+03    0.38750E+00  0.38750E+00 -0.77500E+00  0.00000E+00  0.00000E+00  0.00000E+00    0.79492E+02  0.15898E+03 -0.23847E+03 -0.15651E+02 -0.30177E+01  0.52731E+02      982.00
  0.71463E+00  0.37692E+03    0.40000E+00  0.40000E+00 -0.80000E+00  0.00000E+00  0.00000E+00  0.00000E+00    0.82982E+02  0.15680E+03 -0.23979E+03 -0.16199E+02 -0.33197E+01  0.50966E+02      982.00
  0.73849E+00  0.37762E+03    0.41250E+00  0.41250E+00 -0.82500E+00  0.00000E+00  0.00000E+00  0.00000E+00    0.86357E+02  0.15489E+03 -0.24124E+03 -0.16716E+02 -0.35886E+01  0.49167E+02      982.00
  0.76245E+00  0.37871E+03    0.42500E+00  0.42500E+00 -0.85000E+00  0.00000E+00  0.00000E+00  0.00000E+00    0.89684E+02  0.15319E+03 -0.24287E+03 -0.17337E+02 -0.38774E+01  0.47350E+02      982.00
  0.78650E+00  0.38014E+03    0.43750E+00  0.43750E+00 -0.87500E+00  0.00000E+00  0.00000E+00  0.00000E+00    0.92943E+02  0.15171E+03 -0.24465E+03 -0.18021E+02 -0.41815E+01  0.45518E+02      982.00
  0.81063E+00  0.38181E+03    0.45000E+00  0.45000E+00 -0.90000E+00  0.00000E+00  0.00000E+00  0.00000E+00    0.96092E+02  0.15043E+03 -0.24652E+03 -0.18661E+02 -0.44638E+01  0.43669E+02      982.00
  0.83484E+00  0.38377E+03    0.46250E+00  0.46250E+00 -0.92500E+00  0.00000E+00  0.00000E+00  0.00000E+00    0.99166E+02  0.14934E+03 -0.24851E+03 -0.19357E+02 -0.47695E+01  0.41828E+02      982.00
  0.85912E+00  0.38592E+03    0.47500E+00  0.47500E+00 -0.95000E+00  0.00000E+00  0.00000E+00  0.00000E+00    0.10211E+03  0.14844E+03 -0.25055E+03 -0.19967E+02 -0.50444E+01  0.40016E+02      982.00
  0.88347E+00  0.38823E+03    0.48750E+00  0.48750E+00 -0.97500E+00  0.00000E+00  0.00000E+00  0.00000E+00    0.10495E+03  0.14770E+03 -0.25265E+03 -0.20545E+02 -0.53169E+01  0.38233E+02      982.00
  0.90787E+00  0.39064E+03    0.50000E+00  0.50000E+00 -0.10000E+01  0.00000E+00  0.00000E+00  0.00000E+00    0.10766E+03  0.14709E+03 -0.25475E+03 -0.21027E+02 -0.55627E+01  0.36501E+02      982.00
