          Evm          Svm            E11          E22          E33          E23          E13          E12         SDEV11       SDEV22       SDEV33       SDEV23       SDEV13       SDEV12      TEMP
  0.00000E+00  0.15348E+03    0.00000E+00  0.00000E+00  0.00000E+00  0.00000E+00  0.00000E+00  0.00000E+00    0.55422E+02  0.44398E+02 -0.99821E+02 -0.89437E+01 -0.56581E+01  0.15384E+02      982.00
  0.24389E-01  0.15244E+03    0.12500E-01  0.12500E-01 -0.25000E-01  0.00000E+00  0.00000E+00  0.00000E+00    0.54472E+02  0.44525E+02 -0.98997E+02 -0.77725E+01 -0.52454E+01  0.16822E+02      982.00
  0.48742E-01  0.15719E+03    0.25000E-01  0.25000E-01 -0.50000E-01  0.00000E+00  0.00000E+00  0.00000E+00    0.54053E+02  0.47515E+02 -0.10157E+03 -0.73503E+01 -0.53572E+01  0.20153E+02      982.00
  0.72972E-01  0.17111E+03    0.37500E-01  0.37500E-01 -0.75000E-01  0.00000E+00  0.00000E+00  0.00000E+00    0.53523E+02  0.55705E+02 -0.10923E+03 -0.75558E+01 -0.60649E+01  0.26755E+02      982.00
  0.96911E-01  0.19731E+03    0.50000E-01  0.50000E-01 -0.10000E+00  0.00000E+00  0.00000E+00  0.00000E+00    0.50874E+02  0.72064E+02 -0.12294E+03 -0.77790E+01 -0.72250E+01  0.37631E+02      982.00
  0.12028E+00  0.21861E+03    0.62500E-01  0.62500E-01 -0.12500E+00  0.00000E+00  0.00000E+00  0.00000E+00    0.47143E+02  0.86003E+02 -0.13315E+03 -0.70471E+01 -0.81079E+01  0.46279E+02      982.00
  0.14312E+00  0.23478E+03    0.75000E-01  0.75000E-01 -0.15000E+00  0.00000E+00  0.00000E+00  0.00000E+00    0.47199E+02  0.93489E+02 -0.14069E+03 -0.73804E+01 -0.88564E+01  0.53477E+02      982.00
  0.16559E+00  0.25727E+03    0.87500E-01  0.87500E-01 -0.17500E+00  0.00000E+00  0.00000E+00  0.00000E+00    0.50075E+02  0.10140E+03 -0.15147E+03 -0.87103E+01 -0.95321E+01  0.63483E+02      982.00
  0.18767E+00  0.28539E+03    0.10000E+00  0.10000E+00 -0.20000E+00  0.00000E+00  0.00000E+00  0.00000E+00    0.54560E+02  0.11036E+03 -0.16492E+03 -0.10050E+02 -0.10080E+02  0.75954E+02      982.00
  0.20934E+00  0.31400E+03    0.11250E+00  0.11250E+00 -0.22500E+00  0.00000E+00  0.00000E+00  0.00000E+00    0.60094E+02  0.11851E+03 -0.17860E+03 -0.11018E+02 -0.10369E+02  0.88658E+02      982.00
  0.23067E+00  0.33922E+03    0.12500E+00  0.12500E+00 -0.25000E+00  0.00000E+00  0.00000E+00  0.00000E+00    0.65908E+02  0.12482E+03 -0.19073E+03 -0.11516E+02 -0.10358E+02  0.99833E+02      982.00
  0.25175E+00  0.35959E+03    0.13750E+00  0.13750E+00 -0.27500E+00  0.00000E+00  0.00000E+00  0.00000E+00    0.71376E+02  0.12928E+03 -0.20066E+03 -0.11632E+02 -0.10102E+02  0.10875E+03      982.00
  0.27268E+00  0.37525E+03    0.15000E+00  0.15000E+00 -0.30000E+00  0.00000E+00  0.00000E+00  0.00000E+00    0.76148E+02  0.13235E+03 -0.20850E+03 -0.11486E+02 -0.96792E+01  0.11540E+03      982.00
  0.29351E+00  0.38691E+03    0.16250E+00  0.16250E+00 -0.32500E+00  0.00000E+00  0.00000E+00  0.00000E+00    0.80136E+02  0.13446E+03 -0.21460E+03 -0.11177E+02 -0.91568E+01  0.12006E+03      982.00
  0.31431E+00  0.39529E+03    0.17500E+00  0.17500E+00 -0.35000E+00  0.00000E+00  0.00000E+00  0.00000E+00    0.83497E+02  0.13579E+03 -0.21929E+03 -0.10783E+02 -0.85892E+01  0.12306E+03      982.00
  0.33512E+00  0.40106E+03    0.18750E+00  0.18750E+00 -0.37500E+00  0.00000E+00  0.00000E+00  0.00000E+00    0.86323E+02  0.13657E+03 -0.22289E+03 -0.10348E+02 -0.80097E+01  0.12472E+03      982.00
  0.35596E+00  0.40476E+03    0.20000E+00  0.20000E+00 -0.40000E+00  0.00000E+00  0.00000E+00  0.00000E+00    0.88724E+02  0.13692E+03 -0.22564E+03 -0.99069E+01 -0.74404E+01  0.12526E+03      982.00
  0.37686E+00  0.40678E+03    0.21250E+00  0.21250E+00 -0.42500E+00  0.00000E+00  0.00000E+00  0.00000E+00    0.90804E+02  0.13692E+03 -0.22773E+03 -0.94851E+01 -0.68964E+01  0.12488E+03      982.00
  0.39785E+00  0.40744E+03    0.22500E+00  0.22500E+00 -0.45000E+00  0.00000E+00  0.00000E+00  0.00000E+00    0.92640E+02  0.13663E+03 -0.22927E+03 -0.90983E+01 -0.63889E+01  0.12370E+03      982.00
  0.41896E+00  0.40698E+03    0.23750E+00  0.23750E+00 -0.47500E+00  0.00000E+00  0.00000E+00  0.00000E+00    0.94273E+02  0.13613E+03 -0.23040E+03 -0.87559E+01 -0.59295E+01  0.12185E+03      982.00
  0.44019E+00  0.40276E+03    0.25000E+00  0.25000E+00 -0.50000E+00  0.00000E+00  0.00000E+00  0.00000E+00    0.94434E+02  0.13522E+03 -0.22966E+03 -0.84196E+01 -0.55872E+01  0.11831E+03      982.00
  0.46157E+00  0.39865E+03    0.26250E+00  0.26250E+00 -0.52500E+00  0.00000E+00  0.00000E+00  0.00000E+00    0.94938E+02  0.13402E+03 -0.22896E+03 -0.81539E+01 -0.52760E+01  0.11482E+03      982.00
  0.48311E+00  0.39454E+03    0.27500E+00  0.27500E+00 -0.55000E+00  0.00000E+00  0.00000E+00  0.00000E+00    0.95489E+02  0.13278E+03 -0.22827E+03 -0.79442E+01 -0.49959E+01  0.11123E+03      982.00
  0.50480E+00  0.39063E+03    0.28750E+00  0.28750E+00 -0.57500E+00  0.00000E+00  0.00000E+00  0.00000E+00    0.96063E+02  0.13160E+03 -0.22766E+03 -0.77730E+01 -0.47386E+01  0.10767E+03      982.00
  0.52666E+00  0.38681E+03    0.30000E+00  0.30000E+00 -0.60000E+00  0.00000E+00  0.00000E+00  0.00000E+00    0.96686E+02  0.13040E+03 -0.22709E+03 -0.76492E+01 -0.45119E+01  0.10408E+03      982.00
  0.54867E+00  0.38312E+03    0.31250E+00  0.31250E+00 -0.62500E+00  0.00000E+00  0.00000E+00  0.00000E+00    0.97316E+02  0.12926E+03 -0.22657E+03 -0.75705E+01 -0.43088E+01  0.10047E+03      982.00
  0.57085E+00  0.37981E+03    0.32500E+00  0.32500E+00 -0.65000E+00  0.00000E+00  0.00000E+00  0.00000E+00    0.97980E+02  0.12823E+03 -0.22621E+03 -0.75119E+01 -0.41270E+01  0.96984E+02      982.00
  0.59318E+00  0.37673E+03    0.33750E+00  0.33750E+00 -0.67500E+00  0.00000E+00  0.00000E+00  0.00000E+00    0.98680E+02  0.12725E+03 -0.22593E+03 -0.74854E+01 -0.39689E+01  0.93543E+02      982.00
  0.61567E+00  0.37391E+03    0.35000E+00  0.35000E+00 -0.70000E+00  0.00000E+00  0.00000E+00  0.00000E+00    0.99410E+02  0.12634E+03 -0.22575E+03 -0.74869E+01 -0.38331E+01  0.90162E+02      982.00
  0.63831E+00  0.37135E+03    0.36250E+00  0.36250E+00 -0.72500E+00  0.00000E+00  0.00000E+00  0.00000E+00    0.10016E+03  0.12551E+03 -0.22566E+03 -0.75180E+01 -0.37122E+01  0.86850E+02      982.00
  0.66110E+00  0.36894E+03    0.37500E+00  0.37500E+00 -0.75000E+00  0.00000E+00  0.00000E+00  0.00000E+00    0.10094E+03  0.12468E+03 -0.22562E+03 -0.75859E+01 -0.36117E+01  0.83552E+02      982.00
  0.68404E+00  0.36693E+03    0.38750E+00  0.38750E+00 -0.77500E+00  0.00000E+00  0.00000E+00  0.00000E+00    0.10175E+03  0.12399E+03 -0.22574E+03 -0.76460E+01 -0.35342E+01  0.80408E+02      982.00
  0.70711E+00  0.36523E+03    0.40000E+00  0.40000E+00 -0.80000E+00  0.00000E+00  0.00000E+00  0.00000E+00    0.10260E+03  0.12337E+03 -0.22597E+03 -0.76997E+01 -0.34800E+01  0.77373E+02      982.00
  0.73031E+00  0.36377E+03    0.41250E+00  0.41250E+00 -0.82500E+00  0.00000E+00  0.00000E+00  0.00000E+00    0.10347E+03  0.12282E+03 -0.22629E+03 -0.77861E+01 -0.34305E+01  0.74414E+02      982.00
  0.75364E+00  0.36257E+03    0.42500E+00  0.42500E+00 -0.85000E+00  0.00000E+00  0.00000E+00  0.00000E+00    0.10437E+03  0.12233E+03 -0.22670E+03 -0.78800E+01 -0.33934E+01  0.71553E+02      982.00
  0.77708E+00  0.36145E+03    0.43750E+00  0.43750E+00 -0.87500E+00  0.00000E+00  0.00000E+00  0.00000E+00    0.10527E+03  0.12184E+03 -0.22711E+03 -0.80000E+01 -0.33649E+01  0.68717E+02      982.00
  0.80064E+00  0.36078E+03    0.45000E+00  0.45000E+00 -0.90000E+00  0.00000E+00  0.00000E+00  0.00000E+00    0.10620E+03  0.12151E+03 -0.22771E+03 -0.80969E+01 -0.33479E+01  0.66062E+02      982.00
  0.82431E+00  0.36036E+03    0.46250E+00  0.46250E+00 -0.92500E+00  0.00000E+00  0.00000E+00  0.00000E+00    0.10716E+03  0.12125E+03 -0.22840E+03 -0.81949E+01 -0.33390E+01  0.63506E+02      982.00
  0.84808E+00  0.36017E+03    0.47500E+00  0.47500E+00 -0.95000E+00  0.00000E+00  0.00000E+00  0.00000E+00    0.10813E+03  0.12105E+03 -0.22918E+03 -0.82925E+01 -0.33373E+01  0.61045E+02      982.00
  0.87194E+00  0.36020E+03    0.48750E+00  0.48750E+00 -0.97500E+00  0.00000E+00  0.00000E+00  0.00000E+00    0.10912E+03  0.12092E+03 -0.23003E+03 -0.83862E+01 -0.33412E+01  0.58685E+02      982.00
  0.89589E+00  0.36043E+03    0.50000E+00  0.50000E+00 -0.10000E+01  0.00000E+00  0.00000E+00  0.00000E+00    0.11012E+03  0.12085E+03 -0.23096E+03 -0.84759E+01 -0.33500E+01  0.56419E+02      982.00
