          Evm          Svm            E11          E22          E33          E23          E13          E12         SDEV11       SDEV22       SDEV33       SDEV23       SDEV13       SDEV12      TEMP
  0.00000E+00  0.16449E+03    0.00000E+00  0.00000E+00  0.00000E+00  0.00000E+00  0.00000E+00  0.00000E+00    0.52156E+02  0.50694E+02 -0.10285E+03 -0.48291E+01 -0.74692E+01  0.31704E+02      982.00
  0.23448E-01  0.16543E+03    0.12500E-01  0.12500E-01 -0.25000E-01  0.00000E+00  0.00000E+00  0.00000E+00    0.55361E+02  0.47421E+02 -0.10278E+03 -0.49750E+01 -0.52407E+01  0.33635E+02      982.00
  0.46747E-01  0.16647E+03    0.25000E-01  0.25000E-01 -0.50000E-01  0.00000E+00  0.00000E+00  0.00000E+00    0.57051E+02  0.45696E+02 -0.10275E+03 -0.53202E+01 -0.44088E+01  0.35205E+02      982.00
  0.69893E-01  0.17098E+03    0.37500E-01  0.37500E-01 -0.75000E-01  0.00000E+00  0.00000E+00  0.00000E+00    0.59126E+02  0.45221E+02 -0.10435E+03 -0.56542E+01 -0.44037E+01  0.38450E+02      982.00
  0.92779E-01  0.17991E+03    0.50000E-01  0.50000E-01 -0.10000E+00  0.00000E+00  0.00000E+00  0.00000E+00    0.62263E+02  0.45655E+02 -0.10792E+03 -0.60192E+01 -0.48156E+01  0.43889E+02      982.00
  0.11527E+00  0.19432E+03    0.62500E-01  0.62500E-01 -0.12500E+00  0.00000E+00  0.00000E+00  0.00000E+00    0.66856E+02  0.46945E+02 -0.11380E+03 -0.64948E+01 -0.55384E+01  0.51977E+02      982.00
  0.13723E+00  0.21587E+03    0.75000E-01  0.75000E-01 -0.15000E+00  0.00000E+00  0.00000E+00  0.00000E+00    0.73402E+02  0.49137E+02 -0.12254E+03 -0.71582E+01 -0.65407E+01  0.63487E+02      982.00
  0.15852E+00  0.24635E+03    0.87500E-01  0.87500E-01 -0.17500E+00  0.00000E+00  0.00000E+00  0.00000E+00    0.82350E+02  0.52322E+02 -0.13467E+03 -0.80549E+01 -0.78183E+01  0.79220E+02      982.00
  0.17902E+00  0.28694E+03    0.10000E+00  0.10000E+00 -0.20000E+00  0.00000E+00  0.00000E+00  0.00000E+00    0.93959E+02  0.56492E+02 -0.15045E+03 -0.92022E+01 -0.92855E+01  0.99732E+02      982.00
  0.19868E+00  0.33196E+03    0.11250E+00  0.11250E+00 -0.22500E+00  0.00000E+00  0.00000E+00  0.00000E+00    0.10636E+03  0.61421E+02 -0.16778E+03 -0.10327E+02 -0.10903E+02  0.12202E+03      982.00
  0.21764E+00  0.37685E+03    0.12500E+00  0.12500E+00 -0.25000E+00  0.00000E+00  0.00000E+00  0.00000E+00    0.11834E+03  0.66423E+02 -0.18476E+03 -0.11374E+02 -0.12214E+02  0.14416E+03      982.00
  0.23602E+00  0.41316E+03    0.13750E+00  0.13750E+00 -0.27500E+00  0.00000E+00  0.00000E+00  0.00000E+00    0.12762E+03  0.70952E+02 -0.19858E+03 -0.12024E+02 -0.13288E+02  0.16187E+03      982.00
  0.25405E+00  0.44223E+03    0.15000E+00  0.15000E+00 -0.30000E+00  0.00000E+00  0.00000E+00  0.00000E+00    0.13467E+03  0.74862E+02 -0.20953E+03 -0.12466E+02 -0.13965E+02  0.17612E+03      982.00
  0.27181E+00  0.46459E+03    0.16250E+00  0.16250E+00 -0.32500E+00  0.00000E+00  0.00000E+00  0.00000E+00    0.13974E+03  0.78167E+02 -0.21790E+03 -0.12722E+02 -0.14372E+02  0.18714E+03      982.00
  0.28940E+00  0.48195E+03    0.17500E+00  0.17500E+00 -0.35000E+00  0.00000E+00  0.00000E+00  0.00000E+00    0.14339E+03  0.80939E+02 -0.22433E+03 -0.12859E+02 -0.14570E+02  0.19578E+03      982.00
  0.30686E+00  0.49562E+03    0.18750E+00  0.18750E+00 -0.37500E+00  0.00000E+00  0.00000E+00  0.00000E+00    0.14601E+03  0.83288E+02 -0.22930E+03 -0.12921E+02 -0.14603E+02  0.20269E+03      982.00
  0.32421E+00  0.50660E+03    0.20000E+00  0.20000E+00 -0.40000E+00  0.00000E+00  0.00000E+00  0.00000E+00    0.14792E+03  0.85270E+02 -0.23319E+03 -0.12931E+02 -0.14507E+02  0.20834E+03      982.00
  0.34147E+00  0.51556E+03    0.21250E+00  0.21250E+00 -0.42500E+00  0.00000E+00  0.00000E+00  0.00000E+00    0.14930E+03  0.86968E+02 -0.23626E+03 -0.12907E+02 -0.14309E+02  0.21305E+03      982.00
  0.35865E+00  0.52297E+03    0.22500E+00  0.22500E+00 -0.45000E+00  0.00000E+00  0.00000E+00  0.00000E+00    0.15027E+03  0.88452E+02 -0.23873E+03 -0.12852E+02 -0.14032E+02  0.21704E+03      982.00
  0.37577E+00  0.52926E+03    0.23750E+00  0.23750E+00 -0.47500E+00  0.00000E+00  0.00000E+00  0.00000E+00    0.15103E+03  0.89700E+02 -0.24073E+03 -0.12767E+02 -0.13695E+02  0.22049E+03      982.00
  0.39283E+00  0.53462E+03    0.25000E+00  0.25000E+00 -0.50000E+00  0.00000E+00  0.00000E+00  0.00000E+00    0.15160E+03  0.90782E+02 -0.24238E+03 -0.12652E+02 -0.13317E+02  0.22350E+03      982.00
  0.40983E+00  0.53927E+03    0.26250E+00  0.26250E+00 -0.52500E+00  0.00000E+00  0.00000E+00  0.00000E+00    0.15206E+03  0.91690E+02 -0.24375E+03 -0.12503E+02 -0.12911E+02  0.22614E+03      982.00
  0.42678E+00  0.53988E+03    0.27500E+00  0.27500E+00 -0.55000E+00  0.00000E+00  0.00000E+00  0.00000E+00    0.15182E+03  0.91718E+02 -0.24354E+03 -0.12290E+02 -0.12369E+02  0.22686E+03      982.00
  0.44370E+00  0.54047E+03    0.28750E+00  0.28750E+00 -0.57500E+00  0.00000E+00  0.00000E+00  0.00000E+00    0.15166E+03  0.91703E+02 -0.24336E+03 -0.12058E+02 -0.11853E+02  0.22752E+03      982.00
  0.46058E+00  0.54104E+03    0.30000E+00  0.30000E+00 -0.60000E+00  0.00000E+00  0.00000E+00  0.00000E+00    0.15155E+03  0.91646E+02 -0.24320E+03 -0.11807E+02 -0.11365E+02  0.22815E+03      982.00
  0.47744E+00  0.54161E+03    0.31250E+00  0.31250E+00 -0.62500E+00  0.00000E+00  0.00000E+00  0.00000E+00    0.15151E+03  0.91549E+02 -0.24306E+03 -0.11541E+02 -0.10908E+02  0.22874E+03      982.00
  0.49427E+00  0.54246E+03    0.32500E+00  0.32500E+00 -0.65000E+00  0.00000E+00  0.00000E+00  0.00000E+00    0.15164E+03  0.91407E+02 -0.24304E+03 -0.11275E+02 -0.10492E+02  0.22943E+03      982.00
  0.51107E+00  0.54315E+03    0.33750E+00  0.33750E+00 -0.67500E+00  0.00000E+00  0.00000E+00  0.00000E+00    0.15185E+03  0.91135E+02 -0.24299E+03 -0.10971E+02 -0.10039E+02  0.23003E+03      982.00
  0.52784E+00  0.54364E+03    0.35000E+00  0.35000E+00 -0.70000E+00  0.00000E+00  0.00000E+00  0.00000E+00    0.15195E+03  0.90938E+02 -0.24289E+03 -0.10668E+02 -0.96435E+01  0.23050E+03      982.00
  0.54460E+00  0.54408E+03    0.36250E+00  0.36250E+00 -0.72500E+00  0.00000E+00  0.00000E+00  0.00000E+00    0.15208E+03  0.90715E+02 -0.24279E+03 -0.10360E+02 -0.92692E+01  0.23093E+03      982.00
  0.56133E+00  0.54450E+03    0.37500E+00  0.37500E+00 -0.75000E+00  0.00000E+00  0.00000E+00  0.00000E+00    0.15222E+03  0.90487E+02 -0.24271E+03 -0.10051E+02 -0.89145E+01  0.23133E+03      982.00
  0.57805E+00  0.54490E+03    0.38750E+00  0.38750E+00 -0.77500E+00  0.00000E+00  0.00000E+00  0.00000E+00    0.15238E+03  0.90263E+02 -0.24264E+03 -0.97426E+01 -0.85780E+01  0.23170E+03      982.00
  0.59475E+00  0.54528E+03    0.40000E+00  0.40000E+00 -0.80000E+00  0.00000E+00  0.00000E+00  0.00000E+00    0.15253E+03  0.90048E+02 -0.24257E+03 -0.94368E+01 -0.82583E+01  0.23205E+03      982.00
  0.61143E+00  0.54566E+03    0.41250E+00  0.41250E+00 -0.82500E+00  0.00000E+00  0.00000E+00  0.00000E+00    0.15268E+03  0.89845E+02 -0.24253E+03 -0.91393E+01 -0.79554E+01  0.23238E+03      982.00
  0.62810E+00  0.54598E+03    0.42500E+00  0.42500E+00 -0.85000E+00  0.00000E+00  0.00000E+00  0.00000E+00    0.15285E+03  0.89627E+02 -0.24247E+03 -0.88421E+01 -0.76649E+01  0.23267E+03      982.00
  0.64475E+00  0.54629E+03    0.43750E+00  0.43750E+00 -0.87500E+00  0.00000E+00  0.00000E+00  0.00000E+00    0.15299E+03  0.89435E+02 -0.24242E+03 -0.85520E+01 -0.73879E+01  0.23294E+03      982.00
  0.66139E+00  0.54657E+03    0.45000E+00  0.45000E+00 -0.90000E+00  0.00000E+00  0.00000E+00  0.00000E+00    0.15312E+03  0.89258E+02 -0.24238E+03 -0.82694E+01 -0.71229E+01  0.23319E+03      982.00
  0.67802E+00  0.54683E+03    0.46250E+00  0.46250E+00 -0.92500E+00  0.00000E+00  0.00000E+00  0.00000E+00    0.15322E+03  0.89126E+02 -0.24235E+03 -0.79864E+01 -0.68523E+01  0.23343E+03      982.00
  0.69464E+00  0.54707E+03    0.47500E+00  0.47500E+00 -0.95000E+00  0.00000E+00  0.00000E+00  0.00000E+00    0.15334E+03  0.88969E+02 -0.24231E+03 -0.77208E+01 -0.66097E+01  0.23364E+03      982.00
  0.71125E+00  0.54727E+03    0.48750E+00  0.48750E+00 -0.97500E+00  0.00000E+00  0.00000E+00  0.00000E+00    0.15345E+03  0.88833E+02 -0.24229E+03 -0.74844E+01 -0.63976E+01  0.23381E+03      982.00
  0.72785E+00  0.54747E+03    0.50000E+00  0.50000E+00 -0.10000E+01  0.00000E+00  0.00000E+00  0.00000E+00    0.15355E+03  0.88701E+02 -0.24225E+03 -0.72325E+01 -0.61702E+01  0.23399E+03      982.00
