          Evm          Svm            E11          E22          E33          E23          E13          E12         SDEV11       SDEV22       SDEV33       SDEV23       SDEV13       SDEV12      TEMP
  0.00000E+00  0.17715E+03    0.00000E+00  0.00000E+00  0.00000E+00  0.00000E+00  0.00000E+00  0.00000E+00    0.57547E+02  0.54973E+02 -0.11252E+03  0.12687E+02  0.14743E+02  0.24187E+02      982.00
  0.23819E-01  0.17653E+03    0.12500E-01  0.12500E-01 -0.25000E-01  0.00000E+00  0.00000E+00  0.00000E+00    0.57101E+02  0.54804E+02 -0.11191E+03  0.11780E+02  0.13643E+02  0.25878E+02      982.00
  0.47590E-01  0.17978E+03    0.25000E-01  0.25000E-01 -0.50000E-01  0.00000E+00  0.00000E+00  0.00000E+00    0.57682E+02  0.55696E+02 -0.11338E+03  0.11299E+02  0.12952E+02  0.28925E+02      982.00
  0.71239E-01  0.18805E+03    0.37500E-01  0.37500E-01 -0.75000E-01  0.00000E+00  0.00000E+00  0.00000E+00    0.59582E+02  0.57910E+02 -0.11749E+03  0.11085E+02  0.12540E+02  0.33970E+02      982.00
  0.94669E-01  0.20478E+03    0.50000E-01  0.50000E-01 -0.10000E+00  0.00000E+00  0.00000E+00  0.00000E+00    0.63575E+02  0.62261E+02 -0.12584E+03  0.11073E+02  0.12366E+02  0.42732E+02      982.00
  0.11771E+00  0.23739E+03    0.62500E-01  0.62500E-01 -0.12500E+00  0.00000E+00  0.00000E+00  0.00000E+00    0.71060E+02  0.70546E+02 -0.14161E+03  0.11245E+02  0.12437E+02  0.58864E+02      982.00
  0.14008E+00  0.26267E+03    0.75000E-01  0.75000E-01 -0.15000E+00  0.00000E+00  0.00000E+00  0.00000E+00    0.76186E+02  0.77135E+02 -0.15332E+03  0.10916E+02  0.11956E+02  0.71457E+02      982.00
  0.16197E+00  0.26336E+03    0.87500E-01  0.87500E-01 -0.17500E+00  0.00000E+00  0.00000E+00  0.00000E+00    0.76484E+02  0.77010E+02 -0.15349E+03  0.10004E+02  0.10777E+02  0.72337E+02      982.00
  0.18383E+00  0.28205E+03    0.10000E+00  0.10000E+00 -0.20000E+00  0.00000E+00  0.00000E+00  0.00000E+00    0.81017E+02  0.80920E+02 -0.16194E+03  0.92254E+01  0.98778E+01  0.81650E+02      982.00
  0.20536E+00  0.31165E+03    0.11250E+00  0.11250E+00 -0.22500E+00  0.00000E+00  0.00000E+00  0.00000E+00    0.87969E+02  0.87308E+02 -0.17528E+03  0.87034E+01  0.93150E+01  0.95767E+02      982.00
  0.22645E+00  0.34233E+03    0.12500E+00  0.12500E+00 -0.25000E+00  0.00000E+00  0.00000E+00  0.00000E+00    0.95153E+02  0.93909E+02 -0.18906E+03  0.82630E+01  0.88518E+01  0.11004E+03      982.00
  0.24716E+00  0.36829E+03    0.13750E+00  0.13750E+00 -0.27500E+00  0.00000E+00  0.00000E+00  0.00000E+00    0.10132E+03  0.99509E+02 -0.20083E+03  0.78284E+01  0.83913E+01  0.12178E+03      982.00
  0.26761E+00  0.38822E+03    0.15000E+00  0.15000E+00 -0.30000E+00  0.00000E+00  0.00000E+00  0.00000E+00    0.10619E+03  0.10387E+03 -0.21006E+03  0.73917E+01  0.79207E+01  0.13048E+03      982.00
  0.28790E+00  0.40302E+03    0.16250E+00  0.16250E+00 -0.32500E+00  0.00000E+00  0.00000E+00  0.00000E+00    0.10994E+03  0.10721E+03 -0.21715E+03  0.69534E+01  0.74437E+01  0.13664E+03      982.00
  0.30810E+00  0.41376E+03    0.17500E+00  0.17500E+00 -0.35000E+00  0.00000E+00  0.00000E+00  0.00000E+00    0.11281E+03  0.10975E+03 -0.22256E+03  0.65131E+01  0.69618E+01  0.14080E+03      982.00
  0.32827E+00  0.42132E+03    0.18750E+00  0.18750E+00 -0.37500E+00  0.00000E+00  0.00000E+00  0.00000E+00    0.11498E+03  0.11168E+03 -0.22666E+03  0.60769E+01  0.64824E+01  0.14338E+03      982.00
  0.34845E+00  0.42638E+03    0.20000E+00  0.20000E+00 -0.40000E+00  0.00000E+00  0.00000E+00  0.00000E+00    0.11661E+03  0.11313E+03 -0.22974E+03  0.56364E+01  0.59992E+01  0.14472E+03      982.00
  0.36865E+00  0.42950E+03    0.21250E+00  0.21250E+00 -0.42500E+00  0.00000E+00  0.00000E+00  0.00000E+00    0.11785E+03  0.11423E+03 -0.23208E+03  0.52278E+01  0.55491E+01  0.14504E+03      982.00
  0.38892E+00  0.43058E+03    0.22500E+00  0.22500E+00 -0.45000E+00  0.00000E+00  0.00000E+00  0.00000E+00    0.11870E+03  0.11499E+03 -0.23369E+03  0.49319E+01  0.52092E+01  0.14417E+03      982.00
  0.40927E+00  0.43059E+03    0.23750E+00  0.23750E+00 -0.47500E+00  0.00000E+00  0.00000E+00  0.00000E+00    0.11926E+03  0.11558E+03 -0.23483E+03  0.45117E+01  0.47477E+01  0.14282E+03      982.00
  0.42972E+00  0.42648E+03    0.25000E+00  0.25000E+00 -0.50000E+00  0.00000E+00  0.00000E+00  0.00000E+00    0.11877E+03  0.11527E+03 -0.23404E+03  0.42122E+01  0.44248E+01  0.13968E+03      982.00
  0.45030E+00  0.42217E+03    0.26250E+00  0.26250E+00 -0.52500E+00  0.00000E+00  0.00000E+00  0.00000E+00    0.11830E+03  0.11489E+03 -0.23319E+03  0.39437E+01  0.41353E+01  0.13634E+03      982.00
  0.47101E+00  0.41774E+03    0.27500E+00  0.27500E+00 -0.55000E+00  0.00000E+00  0.00000E+00  0.00000E+00    0.11783E+03  0.11450E+03 -0.23233E+03  0.37157E+01  0.38863E+01  0.13286E+03      982.00
  0.49187E+00  0.41301E+03    0.28750E+00  0.28750E+00 -0.57500E+00  0.00000E+00  0.00000E+00  0.00000E+00    0.11732E+03  0.11408E+03 -0.23141E+03  0.35497E+01  0.36987E+01  0.12910E+03      982.00
  0.51288E+00  0.40846E+03    0.30000E+00  0.30000E+00 -0.60000E+00  0.00000E+00  0.00000E+00  0.00000E+00    0.11686E+03  0.11369E+03 -0.23056E+03  0.34048E+01  0.35330E+01  0.12537E+03      982.00
  0.53405E+00  0.40401E+03    0.31250E+00  0.31250E+00 -0.62500E+00  0.00000E+00  0.00000E+00  0.00000E+00    0.11644E+03  0.11332E+03 -0.22976E+03  0.32873E+01  0.33958E+01  0.12161E+03      982.00
  0.55537E+00  0.39950E+03    0.32500E+00  0.32500E+00 -0.65000E+00  0.00000E+00  0.00000E+00  0.00000E+00    0.11601E+03  0.11296E+03 -0.22897E+03  0.32268E+01  0.33149E+01  0.11771E+03      982.00
  0.57687E+00  0.39508E+03    0.33750E+00  0.33750E+00 -0.67500E+00  0.00000E+00  0.00000E+00  0.00000E+00    0.11561E+03  0.11262E+03 -0.22823E+03  0.32063E+01  0.32744E+01  0.11375E+03      982.00
  0.59853E+00  0.39070E+03    0.35000E+00  0.35000E+00 -0.70000E+00  0.00000E+00  0.00000E+00  0.00000E+00    0.11523E+03  0.11229E+03 -0.22752E+03  0.32360E+01  0.32840E+01  0.10971E+03      982.00
  0.62037E+00  0.38661E+03    0.36250E+00  0.36250E+00 -0.72500E+00  0.00000E+00  0.00000E+00  0.00000E+00    0.11490E+03  0.11202E+03 -0.22692E+03  0.32907E+01  0.33192E+01  0.10573E+03      982.00
  0.64238E+00  0.38272E+03    0.37500E+00  0.37500E+00 -0.75000E+00  0.00000E+00  0.00000E+00  0.00000E+00    0.11462E+03  0.11179E+03 -0.22640E+03  0.33790E+01  0.33884E+01  0.10177E+03      982.00
  0.66456E+00  0.37893E+03    0.38750E+00  0.38750E+00 -0.77500E+00  0.00000E+00  0.00000E+00  0.00000E+00    0.11435E+03  0.11158E+03 -0.22593E+03  0.35288E+01  0.35178E+01  0.97738E+02      982.00
  0.68692E+00  0.37557E+03    0.40000E+00  0.40000E+00 -0.80000E+00  0.00000E+00  0.00000E+00  0.00000E+00    0.11417E+03  0.11145E+03 -0.22561E+03  0.36711E+01  0.36418E+01  0.93882E+02      982.00
  0.70945E+00  0.37251E+03    0.41250E+00  0.41250E+00 -0.82500E+00  0.00000E+00  0.00000E+00  0.00000E+00    0.11404E+03  0.11136E+03 -0.22540E+03  0.38356E+01  0.37886E+01  0.90101E+02      982.00
  0.73214E+00  0.36975E+03    0.42500E+00  0.42500E+00 -0.85000E+00  0.00000E+00  0.00000E+00  0.00000E+00    0.11397E+03  0.11134E+03 -0.22531E+03  0.40183E+01  0.39539E+01  0.86408E+02      982.00
  0.75499E+00  0.36731E+03    0.43750E+00  0.43750E+00 -0.87500E+00  0.00000E+00  0.00000E+00  0.00000E+00    0.11396E+03  0.11136E+03 -0.22532E+03  0.42147E+01  0.41335E+01  0.82814E+02      982.00
  0.77799E+00  0.36518E+03    0.45000E+00  0.45000E+00 -0.90000E+00  0.00000E+00  0.00000E+00  0.00000E+00    0.11400E+03  0.11145E+03 -0.22545E+03  0.44204E+01  0.43231E+01  0.79330E+02      982.00
  0.80114E+00  0.36344E+03    0.46250E+00  0.46250E+00 -0.92500E+00  0.00000E+00  0.00000E+00  0.00000E+00    0.11412E+03  0.11160E+03 -0.22572E+03  0.46195E+01  0.45072E+01  0.75992E+02      982.00
  0.82443E+00  0.36178E+03    0.47500E+00  0.47500E+00 -0.95000E+00  0.00000E+00  0.00000E+00  0.00000E+00    0.11423E+03  0.11176E+03 -0.22599E+03  0.48617E+01  0.47339E+01  0.72649E+02      982.00
  0.84786E+00  0.36059E+03    0.48750E+00  0.48750E+00 -0.97500E+00  0.00000E+00  0.00000E+00  0.00000E+00    0.11444E+03  0.11200E+03 -0.22644E+03  0.50692E+01  0.49277E+01  0.69535E+02      982.00
  0.87141E+00  0.35970E+03    0.50000E+00  0.50000E+00 -0.10000E+01  0.00000E+00  0.00000E+00  0.00000E+00    0.11470E+03  0.11229E+03 -0.22699E+03  0.52717E+01  0.51174E+01  0.66548E+02      982.00
