          Evm          Svm            E11          E22          E33          E23          E13          E12         SDEV11       SDEV22       SDEV33       SDEV23       SDEV13       SDEV12      TEMP
  0.00000E+00  0.18097E+03    0.00000E+00  0.00000E+00  0.00000E+00  0.00000E+00  0.00000E+00  0.00000E+00    0.57950E+02  0.51022E+02 -0.10897E+03 -0.12977E+02 -0.11332E+02  0.41253E+02      982.00
  0.22581E-01  0.18218E+03    0.12500E-01  0.12500E-01 -0.25000E-01  0.00000E+00  0.00000E+00  0.00000E+00    0.57896E+02  0.51362E+02 -0.10926E+03 -0.11103E+02 -0.86381E+01  0.43614E+02      982.00
  0.45070E-01  0.17460E+03    0.25000E-01  0.25000E-01 -0.50000E-01  0.00000E+00  0.00000E+00  0.00000E+00    0.54075E+02  0.51388E+02 -0.10546E+03 -0.84524E+01 -0.62607E+01  0.41322E+02      982.00
  0.67721E-01  0.17667E+03    0.37500E-01  0.37500E-01 -0.75000E-01  0.00000E+00  0.00000E+00  0.00000E+00    0.52909E+02  0.52990E+02 -0.10590E+03 -0.72598E+01 -0.52598E+01  0.43728E+02      982.00
  0.90200E-01  0.18906E+03    0.50000E-01  0.50000E-01 -0.10000E+00  0.00000E+00  0.00000E+00  0.00000E+00    0.54408E+02  0.56429E+02 -0.11084E+03 -0.70657E+01 -0.50572E+01  0.51232E+02      982.00
  0.11218E+00  0.21166E+03    0.62500E-01  0.62500E-01 -0.12500E+00  0.00000E+00  0.00000E+00  0.00000E+00    0.58098E+02  0.61820E+02 -0.11992E+03 -0.75031E+01 -0.53498E+01  0.63716E+02      982.00
  0.13343E+00  0.24585E+03    0.75000E-01  0.75000E-01 -0.15000E+00  0.00000E+00  0.00000E+00  0.00000E+00    0.63934E+02  0.69447E+02 -0.13338E+03 -0.84041E+01 -0.60364E+01  0.81794E+02      982.00
  0.15377E+00  0.29158E+03    0.87500E-01  0.87500E-01 -0.17500E+00  0.00000E+00  0.00000E+00  0.00000E+00    0.71713E+02  0.79237E+02 -0.15095E+03 -0.96074E+01 -0.70243E+01  0.10533E+03      982.00
  0.17319E+00  0.34304E+03    0.10000E+00  0.10000E+00 -0.20000E+00  0.00000E+00  0.00000E+00  0.00000E+00    0.80359E+02  0.89994E+02 -0.17035E+03 -0.10828E+02 -0.80879E+01  0.13135E+03      982.00
  0.19181E+00  0.39016E+03    0.11250E+00  0.11250E+00 -0.22500E+00  0.00000E+00  0.00000E+00  0.00000E+00    0.88221E+02  0.99751E+02 -0.18797E+03 -0.11793E+02 -0.89676E+01  0.15489E+03      982.00
  0.20988E+00  0.42811E+03    0.12500E+00  0.12500E+00 -0.25000E+00  0.00000E+00  0.00000E+00  0.00000E+00    0.94562E+02  0.10758E+03 -0.20214E+03 -0.12447E+02 -0.95955E+01  0.17366E+03      982.00
  0.22758E+00  0.45733E+03    0.13750E+00  0.13750E+00 -0.27500E+00  0.00000E+00  0.00000E+00  0.00000E+00    0.99479E+02  0.11358E+03 -0.21306E+03 -0.12852E+02 -0.10022E+02  0.18803E+03      982.00
  0.24505E+00  0.47931E+03    0.15000E+00  0.15000E+00 -0.30000E+00  0.00000E+00  0.00000E+00  0.00000E+00    0.10321E+03  0.11807E+03 -0.22128E+03 -0.13097E+02 -0.10309E+02  0.19881E+03      982.00
  0.26237E+00  0.49676E+03    0.16250E+00  0.16250E+00 -0.32500E+00  0.00000E+00  0.00000E+00  0.00000E+00    0.10618E+03  0.12159E+03 -0.22777E+03 -0.13210E+02 -0.10504E+02  0.20737E+03      982.00
  0.27956E+00  0.51009E+03    0.17500E+00  0.17500E+00 -0.35000E+00  0.00000E+00  0.00000E+00  0.00000E+00    0.10845E+03  0.12425E+03 -0.23270E+03 -0.13248E+02 -0.10632E+02  0.21394E+03      982.00
  0.29667E+00  0.52099E+03    0.18750E+00  0.18750E+00 -0.37500E+00  0.00000E+00  0.00000E+00  0.00000E+00    0.11029E+03  0.12636E+03 -0.23666E+03 -0.13199E+02 -0.10707E+02  0.21936E+03      982.00
  0.31370E+00  0.53013E+03    0.20000E+00  0.20000E+00 -0.40000E+00  0.00000E+00  0.00000E+00  0.00000E+00    0.11182E+03  0.12808E+03 -0.23990E+03 -0.13073E+02 -0.10740E+02  0.22397E+03      982.00
  0.33067E+00  0.53700E+03    0.21250E+00  0.21250E+00 -0.42500E+00  0.00000E+00  0.00000E+00  0.00000E+00    0.11293E+03  0.12935E+03 -0.24227E+03 -0.12905E+02 -0.10731E+02  0.22749E+03      982.00
  0.34759E+00  0.54311E+03    0.22500E+00  0.22500E+00 -0.45000E+00  0.00000E+00  0.00000E+00  0.00000E+00    0.11390E+03  0.13045E+03 -0.24435E+03 -0.12726E+02 -0.10708E+02  0.23064E+03      982.00
  0.36446E+00  0.54914E+03    0.23750E+00  0.23750E+00 -0.47500E+00  0.00000E+00  0.00000E+00  0.00000E+00    0.11485E+03  0.13149E+03 -0.24634E+03 -0.12499E+02 -0.10664E+02  0.23381E+03      982.00
  0.38128E+00  0.55351E+03    0.25000E+00  0.25000E+00 -0.50000E+00  0.00000E+00  0.00000E+00  0.00000E+00    0.11551E+03  0.13222E+03 -0.24773E+03 -0.12255E+02 -0.10588E+02  0.23614E+03      982.00
  0.39807E+00  0.55733E+03    0.26250E+00  0.26250E+00 -0.52500E+00  0.00000E+00  0.00000E+00  0.00000E+00    0.11607E+03  0.13283E+03 -0.24890E+03 -0.11985E+02 -0.10491E+02  0.23822E+03      982.00
  0.41482E+00  0.56110E+03    0.27500E+00  0.27500E+00 -0.55000E+00  0.00000E+00  0.00000E+00  0.00000E+00    0.11663E+03  0.13339E+03 -0.25002E+03 -0.11685E+02 -0.10371E+02  0.24030E+03      982.00
  0.43153E+00  0.56405E+03    0.28750E+00  0.28750E+00 -0.57500E+00  0.00000E+00  0.00000E+00  0.00000E+00    0.11705E+03  0.13381E+03 -0.25086E+03 -0.11378E+02 -0.10239E+02  0.24197E+03      982.00
  0.44820E+00  0.56429E+03    0.30000E+00  0.30000E+00 -0.60000E+00  0.00000E+00  0.00000E+00  0.00000E+00    0.11711E+03  0.13352E+03 -0.25064E+03 -0.10988E+02 -0.99952E+01  0.24236E+03      982.00
  0.46486E+00  0.56474E+03    0.31250E+00  0.31250E+00 -0.62500E+00  0.00000E+00  0.00000E+00  0.00000E+00    0.11713E+03  0.13337E+03 -0.25050E+03 -0.10625E+02 -0.97868E+01  0.24284E+03      982.00
  0.48149E+00  0.56509E+03    0.32500E+00  0.32500E+00 -0.65000E+00  0.00000E+00  0.00000E+00  0.00000E+00    0.11713E+03  0.13322E+03 -0.25034E+03 -0.10272E+02 -0.95782E+01  0.24326E+03      982.00
  0.49811E+00  0.56542E+03    0.33750E+00  0.33750E+00 -0.67500E+00  0.00000E+00  0.00000E+00  0.00000E+00    0.11713E+03  0.13307E+03 -0.25020E+03 -0.99291E+01 -0.93718E+01  0.24365E+03      982.00
  0.51470E+00  0.56584E+03    0.35000E+00  0.35000E+00 -0.70000E+00  0.00000E+00  0.00000E+00  0.00000E+00    0.11720E+03  0.13290E+03 -0.25010E+03 -0.94816E+01 -0.90910E+01  0.24409E+03      982.00
  0.53128E+00  0.56612E+03    0.36250E+00  0.36250E+00 -0.72500E+00  0.00000E+00  0.00000E+00  0.00000E+00    0.11722E+03  0.13275E+03 -0.24997E+03 -0.91660E+01 -0.88926E+01  0.24442E+03      982.00
  0.54783E+00  0.56636E+03    0.37500E+00  0.37500E+00 -0.75000E+00  0.00000E+00  0.00000E+00  0.00000E+00    0.11724E+03  0.13261E+03 -0.24985E+03 -0.88618E+01 -0.86978E+01  0.24472E+03      982.00
  0.56438E+00  0.56659E+03    0.38750E+00  0.38750E+00 -0.77500E+00  0.00000E+00  0.00000E+00  0.00000E+00    0.11730E+03  0.13244E+03 -0.24974E+03 -0.85828E+01 -0.85162E+01  0.24500E+03      982.00
  0.58091E+00  0.56679E+03    0.40000E+00  0.40000E+00 -0.80000E+00  0.00000E+00  0.00000E+00  0.00000E+00    0.11734E+03  0.13230E+03 -0.24963E+03 -0.82995E+01 -0.83275E+01  0.24526E+03      982.00
  0.59742E+00  0.56695E+03    0.41250E+00  0.41250E+00 -0.82500E+00  0.00000E+00  0.00000E+00  0.00000E+00    0.11732E+03  0.13224E+03 -0.24957E+03 -0.80367E+01 -0.81517E+01  0.24545E+03      982.00
  0.61393E+00  0.56712E+03    0.42500E+00  0.42500E+00 -0.85000E+00  0.00000E+00  0.00000E+00  0.00000E+00    0.11736E+03  0.13211E+03 -0.24948E+03 -0.77716E+01 -0.79691E+01  0.24566E+03      982.00
  0.63043E+00  0.56726E+03    0.43750E+00  0.43750E+00 -0.87500E+00  0.00000E+00  0.00000E+00  0.00000E+00    0.11747E+03  0.13191E+03 -0.24938E+03 -0.75367E+01 -0.78054E+01  0.24586E+03      982.00
  0.64691E+00  0.56739E+03    0.45000E+00  0.45000E+00 -0.90000E+00  0.00000E+00  0.00000E+00  0.00000E+00    0.11750E+03  0.13180E+03 -0.24930E+03 -0.72940E+01 -0.76335E+01  0.24604E+03      982.00
  0.66339E+00  0.56752E+03    0.46250E+00  0.46250E+00 -0.92500E+00  0.00000E+00  0.00000E+00  0.00000E+00    0.11755E+03  0.13167E+03 -0.24923E+03 -0.70552E+01 -0.74611E+01  0.24621E+03      982.00
  0.67986E+00  0.56763E+03    0.47500E+00  0.47500E+00 -0.95000E+00  0.00000E+00  0.00000E+00  0.00000E+00    0.11760E+03  0.13155E+03 -0.24916E+03 -0.68248E+01 -0.72924E+01  0.24636E+03      982.00
  0.69632E+00  0.56773E+03    0.48750E+00  0.48750E+00 -0.97500E+00  0.00000E+00  0.00000E+00  0.00000E+00    0.11766E+03  0.13144E+03 -0.24910E+03 -0.66023E+01 -0.71272E+01  0.24650E+03      982.00
  0.71277E+00  0.56783E+03    0.50000E+00  0.50000E+00 -0.10000E+01  0.00000E+00  0.00000E+00  0.00000E+00    0.11772E+03  0.13133E+03 -0.24904E+03 -0.63873E+01 -0.69655E+01  0.24662E+03      982.00
