          Evm          Svm            E11          E22          E33          E23          E13          E12         SDEV11       SDEV22       SDEV33       SDEV23       SDEV13       SDEV12      TEMP
  0.00000E+00  0.21121E+03    0.00000E+00  0.00000E+00  0.00000E+00  0.00000E+00  0.00000E+00  0.00000E+00    0.70543E+02  0.69458E+02 -0.14000E+03  0.65903E+01  0.58342E+01  0.95606E+01      982.00
  0.24857E-01  0.19921E+03    0.12500E-01  0.12500E-01 -0.25000E-01  0.00000E+00  0.00000E+00  0.00000E+00    0.66065E+02  0.66141E+02 -0.13221E+03  0.49265E+01  0.40660E+01  0.88325E+01      982.00
  0.49745E-01  0.19459E+03    0.25000E-01  0.25000E-01 -0.50000E-01  0.00000E+00  0.00000E+00  0.00000E+00    0.64167E+02  0.65010E+02 -0.12918E+03  0.38414E+01  0.30791E+01  0.91091E+01      982.00
  0.74638E-01  0.19594E+03    0.37500E-01  0.37500E-01 -0.75000E-01  0.00000E+00  0.00000E+00  0.00000E+00    0.64298E+02  0.65712E+02 -0.13001E+03  0.32024E+01  0.25815E+01  0.10177E+02      982.00
  0.99520E-01  0.20306E+03    0.50000E-01  0.50000E-01 -0.10000E+00  0.00000E+00  0.00000E+00  0.00000E+00    0.66320E+02  0.68241E+02 -0.13456E+03  0.29192E+01  0.24188E+01  0.12199E+02      982.00
  0.12437E+00  0.21620E+03    0.62500E-01  0.62500E-01 -0.12500E+00  0.00000E+00  0.00000E+00  0.00000E+00    0.70267E+02  0.72708E+02 -0.14298E+03  0.29494E+01  0.25371E+01  0.15263E+02      982.00
  0.14917E+00  0.23407E+03    0.75000E-01  0.75000E-01 -0.15000E+00  0.00000E+00  0.00000E+00  0.00000E+00    0.75697E+02  0.78684E+02 -0.15438E+03  0.31757E+01  0.28190E+01  0.19147E+02      982.00
  0.17390E+00  0.25485E+03    0.87500E-01  0.87500E-01 -0.17500E+00  0.00000E+00  0.00000E+00  0.00000E+00    0.82073E+02  0.85586E+02 -0.16766E+03  0.35805E+01  0.32562E+01  0.23265E+02      982.00
  0.19857E+00  0.27578E+03    0.10000E+00  0.10000E+00 -0.20000E+00  0.00000E+00  0.00000E+00  0.00000E+00    0.88561E+02  0.92506E+02 -0.18107E+03  0.40799E+01  0.37715E+01  0.26975E+02      982.00
  0.22319E+00  0.29500E+03    0.11250E+00  0.11250E+00 -0.22500E+00  0.00000E+00  0.00000E+00  0.00000E+00    0.94601E+02  0.98896E+02 -0.19350E+03  0.46876E+01  0.43874E+01  0.29701E+02      982.00
  0.24779E+00  0.31195E+03    0.12500E+00  0.12500E+00 -0.25000E+00  0.00000E+00  0.00000E+00  0.00000E+00    0.10001E+03  0.10457E+03 -0.20458E+03  0.53424E+01  0.50432E+01  0.31445E+02      982.00
  0.27238E+00  0.32672E+03    0.13750E+00  0.13750E+00 -0.27500E+00  0.00000E+00  0.00000E+00  0.00000E+00    0.10479E+03  0.10956E+03 -0.21435E+03  0.60291E+01  0.57251E+01  0.32332E+02      982.00
  0.29699E+00  0.33975E+03    0.15000E+00  0.15000E+00 -0.30000E+00  0.00000E+00  0.00000E+00  0.00000E+00    0.10910E+03  0.11401E+03 -0.22311E+03  0.67668E+01  0.64568E+01  0.32411E+02      982.00
  0.32161E+00  0.35081E+03    0.16250E+00  0.16250E+00 -0.32500E+00  0.00000E+00  0.00000E+00  0.00000E+00    0.11285E+03  0.11780E+03 -0.23065E+03  0.75037E+01  0.71878E+01  0.31785E+02      982.00
  0.34627E+00  0.36028E+03    0.17500E+00  0.17500E+00 -0.35000E+00  0.00000E+00  0.00000E+00  0.00000E+00    0.11613E+03  0.12103E+03 -0.23716E+03  0.81880E+01  0.78573E+01  0.30773E+02      982.00
  0.37095E+00  0.36940E+03    0.18750E+00  0.18750E+00 -0.37500E+00  0.00000E+00  0.00000E+00  0.00000E+00    0.11933E+03  0.12415E+03 -0.24348E+03  0.88996E+01  0.85477E+01  0.29433E+02      982.00
  0.39567E+00  0.37783E+03    0.20000E+00  0.20000E+00 -0.40000E+00  0.00000E+00  0.00000E+00  0.00000E+00    0.12233E+03  0.12701E+03 -0.24934E+03  0.95595E+01  0.91717E+01  0.27886E+02      982.00
  0.42042E+00  0.38609E+03    0.21250E+00  0.21250E+00 -0.42500E+00  0.00000E+00  0.00000E+00  0.00000E+00    0.12528E+03  0.12980E+03 -0.25508E+03  0.10246E+02  0.98296E+01  0.26101E+02      982.00
  0.44519E+00  0.39382E+03    0.22500E+00  0.22500E+00 -0.45000E+00  0.00000E+00  0.00000E+00  0.00000E+00    0.12807E+03  0.13239E+03 -0.26046E+03  0.10830E+02  0.10365E+02  0.24299E+02      982.00
  0.46999E+00  0.39755E+03    0.23750E+00  0.23750E+00 -0.47500E+00  0.00000E+00  0.00000E+00  0.00000E+00    0.12957E+03  0.13362E+03 -0.26319E+03  0.10920E+02  0.10445E+02  0.22372E+02      982.00
  0.49482E+00  0.40135E+03    0.25000E+00  0.25000E+00 -0.50000E+00  0.00000E+00  0.00000E+00  0.00000E+00    0.13106E+03  0.13486E+03 -0.26592E+03  0.10954E+02  0.10464E+02  0.20663E+02      982.00
  0.51966E+00  0.40522E+03    0.26250E+00  0.26250E+00 -0.52500E+00  0.00000E+00  0.00000E+00  0.00000E+00    0.13255E+03  0.13612E+03 -0.26867E+03  0.10973E+02  0.10469E+02  0.19056E+02      982.00
  0.54453E+00  0.40899E+03    0.27500E+00  0.27500E+00 -0.55000E+00  0.00000E+00  0.00000E+00  0.00000E+00    0.13400E+03  0.13734E+03 -0.27133E+03  0.10972E+02  0.10460E+02  0.17554E+02      982.00
  0.56941E+00  0.41290E+03    0.28750E+00  0.28750E+00 -0.57500E+00  0.00000E+00  0.00000E+00  0.00000E+00    0.13548E+03  0.13860E+03 -0.27407E+03  0.10961E+02  0.10437E+02  0.16137E+02      982.00
  0.59430E+00  0.41678E+03    0.30000E+00  0.30000E+00 -0.60000E+00  0.00000E+00  0.00000E+00  0.00000E+00    0.13693E+03  0.13984E+03 -0.27678E+03  0.10937E+02  0.10402E+02  0.14808E+02      982.00
  0.61920E+00  0.42063E+03    0.31250E+00  0.31250E+00 -0.62500E+00  0.00000E+00  0.00000E+00  0.00000E+00    0.13837E+03  0.14107E+03 -0.27944E+03  0.10901E+02  0.10357E+02  0.13564E+02      982.00
  0.64411E+00  0.42430E+03    0.32500E+00  0.32500E+00 -0.65000E+00  0.00000E+00  0.00000E+00  0.00000E+00    0.13973E+03  0.14224E+03 -0.28197E+03  0.10842E+02  0.10293E+02  0.12412E+02      982.00
  0.66903E+00  0.42800E+03    0.33750E+00  0.33750E+00 -0.67500E+00  0.00000E+00  0.00000E+00  0.00000E+00    0.14110E+03  0.14342E+03 -0.28451E+03  0.10797E+02  0.10241E+02  0.11313E+02      982.00
  0.69396E+00  0.43147E+03    0.35000E+00  0.35000E+00 -0.70000E+00  0.00000E+00  0.00000E+00  0.00000E+00    0.14238E+03  0.14452E+03 -0.28689E+03  0.10718E+02  0.10146E+02  0.10313E+02      982.00
  0.71890E+00  0.43494E+03    0.36250E+00  0.36250E+00 -0.72500E+00  0.00000E+00  0.00000E+00  0.00000E+00    0.14365E+03  0.14561E+03 -0.28926E+03  0.10639E+02  0.10064E+02  0.93690E+01      982.00
  0.74384E+00  0.43827E+03    0.37500E+00  0.37500E+00 -0.75000E+00  0.00000E+00  0.00000E+00  0.00000E+00    0.14487E+03  0.14667E+03 -0.29154E+03  0.10551E+02  0.99738E+01  0.84929E+01      982.00
  0.76878E+00  0.44147E+03    0.38750E+00  0.38750E+00 -0.77500E+00  0.00000E+00  0.00000E+00  0.00000E+00    0.14604E+03  0.14767E+03 -0.29371E+03  0.10454E+02  0.98756E+01  0.76812E+01      982.00
  0.79373E+00  0.44452E+03    0.40000E+00  0.40000E+00 -0.80000E+00  0.00000E+00  0.00000E+00  0.00000E+00    0.14715E+03  0.14863E+03 -0.29578E+03  0.10349E+02  0.97702E+01  0.69305E+01      982.00
  0.81868E+00  0.44740E+03    0.41250E+00  0.41250E+00 -0.82500E+00  0.00000E+00  0.00000E+00  0.00000E+00    0.14820E+03  0.14953E+03 -0.29774E+03  0.10237E+02  0.96585E+01  0.62373E+01      982.00
  0.84364E+00  0.45013E+03    0.42500E+00  0.42500E+00 -0.85000E+00  0.00000E+00  0.00000E+00  0.00000E+00    0.14920E+03  0.15039E+03 -0.29958E+03  0.10119E+02  0.95412E+01  0.55985E+01      982.00
  0.86860E+00  0.45269E+03    0.43750E+00  0.43750E+00 -0.87500E+00  0.00000E+00  0.00000E+00  0.00000E+00    0.15013E+03  0.15119E+03 -0.30132E+03  0.99953E+01  0.94192E+01  0.50107E+01      982.00
  0.89356E+00  0.45522E+03    0.45000E+00  0.45000E+00 -0.90000E+00  0.00000E+00  0.00000E+00  0.00000E+00    0.15105E+03  0.15198E+03 -0.30303E+03  0.98705E+01  0.93004E+01  0.44743E+01      982.00
  0.91852E+00  0.45745E+03    0.46250E+00  0.46250E+00 -0.92500E+00  0.00000E+00  0.00000E+00  0.00000E+00    0.15187E+03  0.15267E+03 -0.30454E+03  0.97382E+01  0.91699E+01  0.39804E+01      982.00
  0.94349E+00  0.45955E+03    0.47500E+00  0.47500E+00 -0.95000E+00  0.00000E+00  0.00000E+00  0.00000E+00    0.15264E+03  0.15332E+03 -0.30596E+03  0.96059E+01  0.90362E+01  0.35289E+01      982.00
  0.96845E+00  0.46146E+03    0.48750E+00  0.48750E+00 -0.97500E+00  0.00000E+00  0.00000E+00  0.00000E+00    0.15334E+03  0.15391E+03 -0.30725E+03  0.94687E+01  0.89019E+01  0.31149E+01      982.00
  0.99342E+00  0.46325E+03    0.50000E+00  0.50000E+00 -0.10000E+01  0.00000E+00  0.00000E+00  0.00000E+00    0.15399E+03  0.15447E+03 -0.30846E+03  0.93332E+01  0.87691E+01  0.27384E+01      982.00
