          Evm          Svm            E11          E22          E33          E23          E13          E12         SDEV11       SDEV22       SDEV33       SDEV23       SDEV13       SDEV12      TEMP
  0.00000E+00  0.15683E+03    0.00000E+00  0.00000E+00  0.00000E+00  0.00000E+00  0.00000E+00  0.00000E+00    0.57901E+02  0.45155E+02 -0.10306E+03  0.74419E+01  0.33242E+01  0.11246E+02      982.00
  0.24641E-01  0.15335E+03    0.12500E-01  0.12500E-01 -0.25000E-01  0.00000E+00  0.00000E+00  0.00000E+00    0.56555E+02  0.44171E+02 -0.10073E+03  0.62121E+01  0.26367E+01  0.12065E+02      982.00
  0.49273E-01  0.15456E+03    0.25000E-01  0.25000E-01 -0.50000E-01  0.00000E+00  0.00000E+00  0.00000E+00    0.56159E+02  0.45173E+02 -0.10133E+03  0.56644E+01  0.23195E+01  0.13947E+02      982.00
  0.73858E-01  0.16122E+03    0.37500E-01  0.37500E-01 -0.75000E-01  0.00000E+00  0.00000E+00  0.00000E+00    0.56614E+02  0.48652E+02 -0.10527E+03  0.56640E+01  0.22946E+01  0.17317E+02      982.00
  0.98343E-01  0.17464E+03    0.50000E-01  0.50000E-01 -0.10000E+00  0.00000E+00  0.00000E+00  0.00000E+00    0.57683E+02  0.55462E+02 -0.11315E+03  0.61188E+01  0.25260E+01  0.22804E+02      982.00
  0.12264E+00  0.19723E+03    0.62500E-01  0.62500E-01 -0.12500E+00  0.00000E+00  0.00000E+00  0.00000E+00    0.58945E+02  0.67106E+02 -0.12605E+03  0.69991E+01  0.30255E+01  0.31232E+02      982.00
  0.14660E+00  0.23013E+03    0.75000E-01  0.75000E-01 -0.15000E+00  0.00000E+00  0.00000E+00  0.00000E+00    0.59364E+02  0.84770E+02 -0.14413E+03  0.81522E+01  0.37500E+01  0.42777E+02      982.00
  0.17009E+00  0.26599E+03    0.87500E-01  0.87500E-01 -0.17500E+00  0.00000E+00  0.00000E+00  0.00000E+00    0.58316E+02  0.10475E+03 -0.16307E+03  0.91149E+01  0.43603E+01  0.54750E+02      982.00
  0.19308E+00  0.29266E+03    0.10000E+00  0.10000E+00 -0.20000E+00  0.00000E+00  0.00000E+00  0.00000E+00    0.58310E+02  0.11848E+03 -0.17679E+03  0.95908E+01  0.44481E+01  0.63957E+02      982.00
  0.21574E+00  0.31127E+03    0.11250E+00  0.11250E+00 -0.22500E+00  0.00000E+00  0.00000E+00  0.00000E+00    0.61417E+02  0.12510E+03 -0.18652E+03  0.95995E+01  0.42783E+01  0.71277E+02      982.00
  0.23821E+00  0.32698E+03    0.12500E+00  0.12500E+00 -0.25000E+00  0.00000E+00  0.00000E+00  0.00000E+00    0.65933E+02  0.12910E+03 -0.19503E+03  0.93038E+01  0.42226E+01  0.77511E+02      982.00
  0.26057E+00  0.34071E+03    0.13750E+00  0.13750E+00 -0.27500E+00  0.00000E+00  0.00000E+00  0.00000E+00    0.70215E+02  0.13250E+03 -0.20271E+03  0.89038E+01  0.42625E+01  0.82507E+02      982.00
  0.28289E+00  0.35196E+03    0.15000E+00  0.15000E+00 -0.30000E+00  0.00000E+00  0.00000E+00  0.00000E+00    0.73632E+02  0.13566E+03 -0.20929E+03  0.85511E+01  0.43494E+01  0.85943E+02      982.00
  0.30518E+00  0.36072E+03    0.16250E+00  0.16250E+00 -0.32500E+00  0.00000E+00  0.00000E+00  0.00000E+00    0.76409E+02  0.13832E+03 -0.21473E+03  0.82439E+01  0.44307E+01  0.88007E+02      982.00
  0.32751E+00  0.36725E+03    0.17500E+00  0.17500E+00 -0.35000E+00  0.00000E+00  0.00000E+00  0.00000E+00    0.78667E+02  0.14050E+03 -0.21917E+03  0.80130E+01  0.45196E+01  0.88835E+02      982.00
  0.34989E+00  0.37217E+03    0.18750E+00  0.18750E+00 -0.37500E+00  0.00000E+00  0.00000E+00  0.00000E+00    0.80669E+02  0.14221E+03 -0.22288E+03  0.78470E+01  0.46106E+01  0.88797E+02      982.00
  0.37234E+00  0.37553E+03    0.20000E+00  0.20000E+00 -0.40000E+00  0.00000E+00  0.00000E+00  0.00000E+00    0.82462E+02  0.14346E+03 -0.22592E+03  0.77744E+01  0.47651E+01  0.87826E+02      982.00
  0.39490E+00  0.37792E+03    0.21250E+00  0.21250E+00 -0.42500E+00  0.00000E+00  0.00000E+00  0.00000E+00    0.84191E+02  0.14429E+03 -0.22848E+03  0.76926E+01  0.48430E+01  0.86419E+02      982.00
  0.41758E+00  0.37959E+03    0.22500E+00  0.22500E+00 -0.45000E+00  0.00000E+00  0.00000E+00  0.00000E+00    0.85894E+02  0.14485E+03 -0.23074E+03  0.76965E+01  0.49738E+01  0.84534E+02      982.00
  0.44037E+00  0.37760E+03    0.23750E+00  0.23750E+00 -0.47500E+00  0.00000E+00  0.00000E+00  0.00000E+00    0.87011E+02  0.14386E+03 -0.23087E+03  0.76541E+01  0.50242E+01  0.81608E+02      982.00
  0.46330E+00  0.37581E+03    0.25000E+00  0.25000E+00 -0.50000E+00  0.00000E+00  0.00000E+00  0.00000E+00    0.88110E+02  0.14295E+03 -0.23106E+03  0.76269E+01  0.50877E+01  0.78735E+02      982.00
  0.48636E+00  0.37426E+03    0.26250E+00  0.26250E+00 -0.52500E+00  0.00000E+00  0.00000E+00  0.00000E+00    0.89220E+02  0.14214E+03 -0.23135E+03  0.76238E+01  0.51668E+01  0.75902E+02      982.00
  0.50954E+00  0.37292E+03    0.27500E+00  0.27500E+00 -0.55000E+00  0.00000E+00  0.00000E+00  0.00000E+00    0.90336E+02  0.14139E+03 -0.23173E+03  0.76415E+01  0.52639E+01  0.73114E+02      982.00
  0.53284E+00  0.37184E+03    0.28750E+00  0.28750E+00 -0.57500E+00  0.00000E+00  0.00000E+00  0.00000E+00    0.91471E+02  0.14073E+03 -0.23220E+03  0.76779E+01  0.53646E+01  0.70386E+02      982.00
  0.55626E+00  0.37083E+03    0.30000E+00  0.30000E+00 -0.60000E+00  0.00000E+00  0.00000E+00  0.00000E+00    0.92579E+02  0.14012E+03 -0.23270E+03  0.77409E+01  0.54945E+01  0.67624E+02      982.00
  0.57979E+00  0.37023E+03    0.31250E+00  0.31250E+00 -0.62500E+00  0.00000E+00  0.00000E+00  0.00000E+00    0.93743E+02  0.13961E+03 -0.23336E+03  0.78028E+01  0.56037E+01  0.65032E+02      982.00
  0.60343E+00  0.36991E+03    0.32500E+00  0.32500E+00 -0.65000E+00  0.00000E+00  0.00000E+00  0.00000E+00    0.94932E+02  0.13920E+03 -0.23413E+03  0.78681E+01  0.57045E+01  0.62556E+02      982.00
  0.62716E+00  0.36975E+03    0.33750E+00  0.33750E+00 -0.67500E+00  0.00000E+00  0.00000E+00  0.00000E+00    0.96121E+02  0.13884E+03 -0.23496E+03  0.79473E+01  0.58170E+01  0.60107E+02      982.00
  0.65099E+00  0.36966E+03    0.35000E+00  0.35000E+00 -0.70000E+00  0.00000E+00  0.00000E+00  0.00000E+00    0.97270E+02  0.13853E+03 -0.23580E+03  0.80464E+01  0.59523E+01  0.57629E+02      982.00
  0.67491E+00  0.36994E+03    0.36250E+00  0.36250E+00 -0.72500E+00  0.00000E+00  0.00000E+00  0.00000E+00    0.98482E+02  0.13832E+03 -0.23680E+03  0.81304E+01  0.60564E+01  0.55345E+02      982.00
  0.69892E+00  0.37041E+03    0.37500E+00  0.37500E+00 -0.75000E+00  0.00000E+00  0.00000E+00  0.00000E+00    0.99702E+02  0.13817E+03 -0.23787E+03  0.82152E+01  0.61560E+01  0.53141E+02      982.00
  0.72300E+00  0.37107E+03    0.38750E+00  0.38750E+00 -0.77500E+00  0.00000E+00  0.00000E+00  0.00000E+00    0.10093E+03  0.13808E+03 -0.23901E+03  0.82991E+01  0.62499E+01  0.51017E+02      982.00
  0.74715E+00  0.37191E+03    0.40000E+00  0.40000E+00 -0.80000E+00  0.00000E+00  0.00000E+00  0.00000E+00    0.10216E+03  0.13805E+03 -0.24021E+03  0.83808E+01  0.63373E+01  0.48972E+02      982.00
  0.77137E+00  0.37291E+03    0.41250E+00  0.41250E+00 -0.82500E+00  0.00000E+00  0.00000E+00  0.00000E+00    0.10340E+03  0.13807E+03 -0.24147E+03  0.84591E+01  0.64174E+01  0.47006E+02      982.00
  0.79565E+00  0.37403E+03    0.42500E+00  0.42500E+00 -0.85000E+00  0.00000E+00  0.00000E+00  0.00000E+00    0.10461E+03  0.13817E+03 -0.24278E+03  0.85536E+01  0.65429E+01  0.45033E+02      982.00
  0.81999E+00  0.37524E+03    0.43750E+00  0.43750E+00 -0.87500E+00  0.00000E+00  0.00000E+00  0.00000E+00    0.10584E+03  0.13826E+03 -0.24409E+03  0.86142E+01  0.66104E+01  0.43234E+02      982.00
  0.84439E+00  0.37667E+03    0.45000E+00  0.45000E+00 -0.90000E+00  0.00000E+00  0.00000E+00  0.00000E+00    0.10708E+03  0.13843E+03 -0.24551E+03  0.86746E+01  0.66607E+01  0.41506E+02      982.00
  0.86883E+00  0.37821E+03    0.46250E+00  0.46250E+00 -0.92500E+00  0.00000E+00  0.00000E+00  0.00000E+00    0.10831E+03  0.13864E+03 -0.24696E+03  0.87290E+01  0.67030E+01  0.39851E+02      982.00
  0.89332E+00  0.37985E+03    0.47500E+00  0.47500E+00 -0.95000E+00  0.00000E+00  0.00000E+00  0.00000E+00    0.10955E+03  0.13890E+03 -0.24844E+03  0.87774E+01  0.67375E+01  0.38266E+02      982.00
  0.91784E+00  0.38158E+03    0.48750E+00  0.48750E+00 -0.97500E+00  0.00000E+00  0.00000E+00  0.00000E+00    0.11077E+03  0.13919E+03 -0.24996E+03  0.88195E+01  0.67644E+01  0.36749E+02      982.00
  0.94241E+00  0.38339E+03    0.50000E+00  0.50000E+00 -0.10000E+01  0.00000E+00  0.00000E+00  0.00000E+00    0.11199E+03  0.13950E+03 -0.25149E+03  0.88553E+01  0.67839E+01  0.35298E+02      982.00
