          Evm          Svm            E11          E22          E33          E23          E13          E12         SDEV11       SDEV22       SDEV33       SDEV23       SDEV13       SDEV12      TEMP
  0.00000E+00  0.17949E+03    0.00000E+00  0.00000E+00  0.00000E+00  0.00000E+00  0.00000E+00  0.00000E+00    0.55210E+02  0.57930E+02 -0.11314E+03  0.14425E+02  0.14959E+02  0.26543E+02      982.00
  0.23638E-01  0.17925E+03    0.12500E-01  0.12500E-01 -0.25000E-01  0.00000E+00  0.00000E+00  0.00000E+00    0.55500E+02  0.57227E+02 -0.11273E+03  0.13444E+02  0.13921E+02  0.28359E+02      982.00
  0.47221E-01  0.18286E+03    0.25000E-01  0.25000E-01 -0.50000E-01  0.00000E+00  0.00000E+00  0.00000E+00    0.56991E+02  0.57357E+02 -0.11435E+03  0.12819E+02  0.13462E+02  0.31517E+02      982.00
  0.70672E-01  0.19102E+03    0.37500E-01  0.37500E-01 -0.75000E-01  0.00000E+00  0.00000E+00  0.00000E+00    0.59866E+02  0.58438E+02 -0.11830E+03  0.12416E+02  0.13405E+02  0.36491E+02      982.00
  0.93896E-01  0.20506E+03    0.50000E-01  0.50000E-01 -0.10000E+00  0.00000E+00  0.00000E+00  0.00000E+00    0.64436E+02  0.60711E+02 -0.12515E+03  0.12125E+02  0.13559E+02  0.44002E+02      982.00
  0.11678E+00  0.22896E+03    0.62500E-01  0.62500E-01 -0.12500E+00  0.00000E+00  0.00000E+00  0.00000E+00    0.71775E+02  0.64807E+02 -0.13658E+03  0.11921E+02  0.13844E+02  0.56015E+02      982.00
  0.13915E+00  0.26887E+03    0.75000E-01  0.75000E-01 -0.15000E+00  0.00000E+00  0.00000E+00  0.00000E+00    0.83738E+02  0.71288E+02 -0.15503E+03  0.11719E+02  0.14070E+02  0.75493E+02      982.00
  0.16077E+00  0.30415E+03    0.87500E-01  0.87500E-01 -0.17500E+00  0.00000E+00  0.00000E+00  0.00000E+00    0.95155E+02  0.75556E+02 -0.17071E+03  0.11020E+02  0.13639E+02  0.92598E+02      982.00
  0.18182E+00  0.30694E+03    0.10000E+00  0.10000E+00 -0.20000E+00  0.00000E+00  0.00000E+00  0.00000E+00    0.96268E+02  0.75629E+02 -0.17190E+03  0.10087E+02  0.12947E+02  0.94168E+02      982.00
  0.20282E+00  0.32270E+03    0.11250E+00  0.11250E+00 -0.22500E+00  0.00000E+00  0.00000E+00  0.00000E+00    0.10024E+03  0.78558E+02 -0.17879E+03  0.91433E+01  0.12070E+02  0.10193E+03      982.00
  0.22360E+00  0.34759E+03    0.12500E+00  0.12500E+00 -0.25000E+00  0.00000E+00  0.00000E+00  0.00000E+00    0.10692E+03  0.82811E+02 -0.18973E+03  0.84058E+01  0.11304E+02  0.11371E+03      982.00
  0.24407E+00  0.37235E+03    0.13750E+00  0.13750E+00 -0.27500E+00  0.00000E+00  0.00000E+00  0.00000E+00    0.11384E+03  0.86837E+02 -0.20068E+03  0.77991E+01  0.10635E+02  0.12511E+03      982.00
  0.26428E+00  0.39292E+03    0.15000E+00  0.15000E+00 -0.30000E+00  0.00000E+00  0.00000E+00  0.00000E+00    0.11983E+03  0.90101E+02 -0.20993E+03  0.72711E+01  0.10025E+02  0.13429E+03      982.00
  0.28432E+00  0.40886E+03    0.16250E+00  0.16250E+00 -0.32500E+00  0.00000E+00  0.00000E+00  0.00000E+00    0.12466E+03  0.92636E+02 -0.21730E+03  0.67936E+01  0.94480E+01  0.14113E+03      982.00
  0.30425E+00  0.42073E+03    0.17500E+00  0.17500E+00 -0.35000E+00  0.00000E+00  0.00000E+00  0.00000E+00    0.12844E+03  0.94569E+02 -0.22301E+03  0.63478E+01  0.88894E+01  0.14594E+03      982.00
  0.32412E+00  0.42928E+03    0.18750E+00  0.18750E+00 -0.37500E+00  0.00000E+00  0.00000E+00  0.00000E+00    0.13132E+03  0.96073E+02 -0.22739E+03  0.59305E+01  0.83450E+01  0.14911E+03      982.00
  0.34399E+00  0.43539E+03    0.20000E+00  0.20000E+00 -0.40000E+00  0.00000E+00  0.00000E+00  0.00000E+00    0.13355E+03  0.97236E+02 -0.23079E+03  0.55152E+01  0.77956E+01  0.15106E+03      982.00
  0.36386E+00  0.43946E+03    0.21250E+00  0.21250E+00 -0.42500E+00  0.00000E+00  0.00000E+00  0.00000E+00    0.13522E+03  0.98175E+02 -0.23339E+03  0.51142E+01  0.72516E+01  0.15198E+03      982.00
  0.38378E+00  0.44187E+03    0.22500E+00  0.22500E+00 -0.45000E+00  0.00000E+00  0.00000E+00  0.00000E+00    0.13646E+03  0.98901E+02 -0.23536E+03  0.47206E+01  0.67130E+01  0.15204E+03      982.00
  0.40375E+00  0.44263E+03    0.23750E+00  0.23750E+00 -0.47500E+00  0.00000E+00  0.00000E+00  0.00000E+00    0.13723E+03  0.99516E+02 -0.23675E+03  0.43725E+01  0.62163E+01  0.15119E+03      982.00
  0.42381E+00  0.43882E+03    0.25000E+00  0.25000E+00 -0.50000E+00  0.00000E+00  0.00000E+00  0.00000E+00    0.13641E+03  0.99590E+02 -0.23600E+03  0.40719E+01  0.57870E+01  0.14841E+03      982.00
  0.44398E+00  0.43489E+03    0.26250E+00  0.26250E+00 -0.52500E+00  0.00000E+00  0.00000E+00  0.00000E+00    0.13572E+03  0.99515E+02 -0.23523E+03  0.37737E+01  0.53728E+01  0.14550E+03      982.00
  0.46426E+00  0.43076E+03    0.27500E+00  0.27500E+00 -0.55000E+00  0.00000E+00  0.00000E+00  0.00000E+00    0.13500E+03  0.99422E+02 -0.23443E+03  0.35071E+01  0.49967E+01  0.14241E+03      982.00
  0.48467E+00  0.42655E+03    0.28750E+00  0.28750E+00 -0.57500E+00  0.00000E+00  0.00000E+00  0.00000E+00    0.13429E+03  0.99323E+02 -0.23362E+03  0.32626E+01  0.46480E+01  0.13921E+03      982.00
  0.50521E+00  0.42212E+03    0.30000E+00  0.30000E+00 -0.60000E+00  0.00000E+00  0.00000E+00  0.00000E+00    0.13352E+03  0.99236E+02 -0.23276E+03  0.30638E+01  0.43513E+01  0.13579E+03      982.00
  0.52589E+00  0.41757E+03    0.31250E+00  0.31250E+00 -0.62500E+00  0.00000E+00  0.00000E+00  0.00000E+00    0.13273E+03  0.99160E+02 -0.23189E+03  0.29004E+01  0.40963E+01  0.13223E+03      982.00
  0.54671E+00  0.41270E+03    0.32500E+00  0.32500E+00 -0.65000E+00  0.00000E+00  0.00000E+00  0.00000E+00    0.13185E+03  0.99091E+02 -0.23094E+03  0.27954E+01  0.39061E+01  0.12839E+03      982.00
  0.56770E+00  0.40817E+03    0.33750E+00  0.33750E+00 -0.67500E+00  0.00000E+00  0.00000E+00  0.00000E+00    0.13107E+03  0.99043E+02 -0.23012E+03  0.26908E+01  0.37228E+01  0.12466E+03      982.00
  0.58884E+00  0.40351E+03    0.35000E+00  0.35000E+00 -0.70000E+00  0.00000E+00  0.00000E+00  0.00000E+00    0.13025E+03  0.99023E+02 -0.22928E+03  0.26377E+01  0.35977E+01  0.12077E+03      982.00
  0.61015E+00  0.39893E+03    0.36250E+00  0.36250E+00 -0.72500E+00  0.00000E+00  0.00000E+00  0.00000E+00    0.12944E+03  0.99033E+02 -0.22848E+03  0.26203E+01  0.35147E+01  0.11682E+03      982.00
  0.63162E+00  0.39446E+03    0.37500E+00  0.37500E+00 -0.75000E+00  0.00000E+00  0.00000E+00  0.00000E+00    0.12866E+03  0.99078E+02 -0.22773E+03  0.26379E+01  0.34731E+01  0.11283E+03      982.00
  0.65327E+00  0.39014E+03    0.38750E+00  0.38750E+00 -0.77500E+00  0.00000E+00  0.00000E+00  0.00000E+00    0.12789E+03  0.99159E+02 -0.22705E+03  0.26887E+01  0.34708E+01  0.10884E+03      982.00
  0.67510E+00  0.38590E+03    0.40000E+00  0.40000E+00 -0.80000E+00  0.00000E+00  0.00000E+00  0.00000E+00    0.12714E+03  0.99266E+02 -0.22641E+03  0.27820E+01  0.35176E+01  0.10479E+03      982.00
  0.69710E+00  0.38200E+03    0.41250E+00  0.41250E+00 -0.82500E+00  0.00000E+00  0.00000E+00  0.00000E+00    0.12646E+03  0.99431E+02 -0.22589E+03  0.28916E+01  0.35852E+01  0.10083E+03      982.00
  0.71927E+00  0.37835E+03    0.42500E+00  0.42500E+00 -0.85000E+00  0.00000E+00  0.00000E+00  0.00000E+00    0.12583E+03  0.99640E+02 -0.22547E+03  0.30261E+01  0.36827E+01  0.96929E+02      982.00
  0.74162E+00  0.37484E+03    0.43750E+00  0.43750E+00 -0.87500E+00  0.00000E+00  0.00000E+00  0.00000E+00    0.12521E+03  0.99893E+02 -0.22510E+03  0.32095E+01  0.38354E+01  0.92999E+02      982.00
  0.76414E+00  0.37179E+03    0.45000E+00  0.45000E+00 -0.90000E+00  0.00000E+00  0.00000E+00  0.00000E+00    0.12469E+03  0.10020E+03 -0.22489E+03  0.33801E+01  0.39774E+01  0.89257E+02      982.00
  0.78682E+00  0.36904E+03    0.46250E+00  0.46250E+00 -0.92500E+00  0.00000E+00  0.00000E+00  0.00000E+00    0.12424E+03  0.10054E+03 -0.22479E+03  0.35645E+01  0.41368E+01  0.85612E+02      982.00
  0.80966E+00  0.36668E+03    0.47500E+00  0.47500E+00 -0.95000E+00  0.00000E+00  0.00000E+00  0.00000E+00    0.12388E+03  0.10095E+03 -0.22483E+03  0.37475E+01  0.42970E+01  0.82105E+02      982.00
  0.83266E+00  0.36456E+03    0.48750E+00  0.48750E+00 -0.97500E+00  0.00000E+00  0.00000E+00  0.00000E+00    0.12356E+03  0.10139E+03 -0.22495E+03  0.39498E+01  0.44804E+01  0.78680E+02      982.00
  0.85580E+00  0.36275E+03    0.50000E+00  0.50000E+00 -0.10000E+01  0.00000E+00  0.00000E+00  0.00000E+00    0.12330E+03  0.10187E+03 -0.22517E+03  0.41547E+01  0.46687E+01  0.75375E+02      982.00
