          Evm          Svm            E11          E22          E33          E23          E13          E12         SDEV11       SDEV22       SDEV33       SDEV23       SDEV13       SDEV12      TEMP
  0.00000E+00  0.16062E+03    0.00000E+00  0.00000E+00  0.00000E+00  0.00000E+00  0.00000E+00  0.00000E+00    0.55213E+02  0.49951E+02 -0.10516E+03  0.92745E+01  0.12648E+01  0.14515E+02      982.00
  0.24552E-01  0.15919E+03    0.12500E-01  0.12500E-01 -0.25000E-01  0.00000E+00  0.00000E+00  0.00000E+00    0.53865E+02  0.50208E+02 -0.10407E+03  0.78066E+01  0.42787E+00  0.16121E+02      982.00
  0.49068E-01  0.16443E+03    0.25000E-01  0.25000E-01 -0.50000E-01  0.00000E+00  0.00000E+00  0.00000E+00    0.53193E+02  0.53766E+02 -0.10696E+03  0.71495E+01  0.24032E+00  0.19509E+02      982.00
  0.73461E-01  0.17859E+03    0.37500E-01  0.37500E-01 -0.75000E-01  0.00000E+00  0.00000E+00  0.00000E+00    0.52877E+02  0.62072E+02 -0.11495E+03  0.72165E+01  0.77032E+00  0.25439E+02      982.00
  0.97599E-01  0.20610E+03    0.50000E-01  0.50000E-01 -0.10000E+00  0.00000E+00  0.00000E+00  0.00000E+00    0.52231E+02  0.77822E+02 -0.13005E+03  0.79174E+01  0.21005E+01  0.35248E+02      982.00
  0.12126E+00  0.24053E+03    0.62500E-01  0.62500E-01 -0.12500E+00  0.00000E+00  0.00000E+00  0.00000E+00    0.48760E+02  0.99320E+02 -0.14808E+03  0.79864E+01  0.36500E+01  0.46070E+02      982.00
  0.14435E+00  0.24619E+03    0.75000E-01  0.75000E-01 -0.15000E+00  0.00000E+00  0.00000E+00  0.00000E+00    0.45260E+02  0.10548E+03 -0.15074E+03  0.73097E+01  0.47001E+01  0.46668E+02      982.00
  0.16731E+00  0.25604E+03    0.87500E-01  0.87500E-01 -0.17500E+00  0.00000E+00  0.00000E+00  0.00000E+00    0.46054E+02  0.10981E+03 -0.15586E+03  0.82162E+01  0.59551E+01  0.50127E+02      982.00
  0.19014E+00  0.27533E+03    0.10000E+00  0.10000E+00 -0.20000E+00  0.00000E+00  0.00000E+00  0.00000E+00    0.48947E+02  0.11708E+03 -0.16603E+03  0.95507E+01  0.70421E+01  0.57391E+02      982.00
  0.21275E+00  0.29742E+03    0.11250E+00  0.11250E+00 -0.22500E+00  0.00000E+00  0.00000E+00  0.00000E+00    0.53197E+02  0.12451E+03 -0.17770E+03  0.10628E+02  0.77730E+01  0.66015E+02      982.00
  0.23516E+00  0.31754E+03    0.12500E+00  0.12500E+00 -0.25000E+00  0.00000E+00  0.00000E+00  0.00000E+00    0.58006E+02  0.13045E+03 -0.18846E+03  0.11280E+02  0.81147E+01  0.73954E+02      982.00
  0.25741E+00  0.33397E+03    0.13750E+00  0.13750E+00 -0.27500E+00  0.00000E+00  0.00000E+00  0.00000E+00    0.62690E+02  0.13473E+03 -0.19742E+03  0.11574E+02  0.81467E+01  0.80310E+02      982.00
  0.27958E+00  0.34662E+03    0.15000E+00  0.15000E+00 -0.30000E+00  0.00000E+00  0.00000E+00  0.00000E+00    0.66874E+02  0.13770E+03 -0.20458E+03  0.11630E+02  0.79719E+01  0.84893E+02      982.00
  0.30171E+00  0.35604E+03    0.16250E+00  0.16250E+00 -0.32500E+00  0.00000E+00  0.00000E+00  0.00000E+00    0.70515E+02  0.13971E+03 -0.21022E+03  0.11551E+02  0.76797E+01  0.87867E+02      982.00
  0.32385E+00  0.36286E+03    0.17500E+00  0.17500E+00 -0.35000E+00  0.00000E+00  0.00000E+00  0.00000E+00    0.73699E+02  0.14097E+03 -0.21467E+03  0.11406E+02  0.73351E+01  0.89508E+02      982.00
  0.34604E+00  0.36764E+03    0.18750E+00  0.18750E+00 -0.37500E+00  0.00000E+00  0.00000E+00  0.00000E+00    0.76531E+02  0.14167E+03 -0.21820E+03  0.11244E+02  0.69781E+01  0.90050E+02      982.00
  0.36830E+00  0.37086E+03    0.20000E+00  0.20000E+00 -0.40000E+00  0.00000E+00  0.00000E+00  0.00000E+00    0.79117E+02  0.14192E+03 -0.22104E+03  0.11096E+02  0.66354E+01  0.89725E+02      982.00
  0.39065E+00  0.37289E+03    0.21250E+00  0.21250E+00 -0.42500E+00  0.00000E+00  0.00000E+00  0.00000E+00    0.81536E+02  0.14182E+03 -0.22335E+03  0.10976E+02  0.63213E+01  0.88689E+02      982.00
  0.41311E+00  0.37406E+03    0.22500E+00  0.22500E+00 -0.45000E+00  0.00000E+00  0.00000E+00  0.00000E+00    0.83804E+02  0.14149E+03 -0.22530E+03  0.10899E+02  0.60458E+01  0.87085E+02      982.00
  0.43569E+00  0.37460E+03    0.23750E+00  0.23750E+00 -0.47500E+00  0.00000E+00  0.00000E+00  0.00000E+00    0.86014E+02  0.14096E+03 -0.22697E+03  0.10883E+02  0.58142E+01  0.85034E+02      982.00
  0.45842E+00  0.37234E+03    0.25000E+00  0.25000E+00 -0.50000E+00  0.00000E+00  0.00000E+00  0.00000E+00    0.87124E+02  0.13989E+03 -0.22702E+03  0.10731E+02  0.56076E+01  0.81950E+02      982.00
  0.48128E+00  0.37023E+03    0.26250E+00  0.26250E+00 -0.52500E+00  0.00000E+00  0.00000E+00  0.00000E+00    0.88491E+02  0.13862E+03 -0.22711E+03  0.10643E+02  0.54211E+01  0.78974E+02      982.00
  0.50428E+00  0.36824E+03    0.27500E+00  0.27500E+00 -0.55000E+00  0.00000E+00  0.00000E+00  0.00000E+00    0.89897E+02  0.13732E+03 -0.22722E+03  0.10599E+02  0.52561E+01  0.75997E+02      982.00
  0.52742E+00  0.36668E+03    0.28750E+00  0.28750E+00 -0.57500E+00  0.00000E+00  0.00000E+00  0.00000E+00    0.91311E+02  0.13621E+03 -0.22752E+03  0.10567E+02  0.51115E+01  0.73160E+02      982.00
  0.55069E+00  0.36539E+03    0.30000E+00  0.30000E+00 -0.60000E+00  0.00000E+00  0.00000E+00  0.00000E+00    0.92745E+02  0.13518E+03 -0.22792E+03  0.10558E+02  0.49862E+01  0.70396E+02      982.00
  0.57408E+00  0.36436E+03    0.31250E+00  0.31250E+00 -0.62500E+00  0.00000E+00  0.00000E+00  0.00000E+00    0.94192E+02  0.13423E+03 -0.22842E+03  0.10568E+02  0.48787E+01  0.67708E+02      982.00
  0.59759E+00  0.36349E+03    0.32500E+00  0.32500E+00 -0.65000E+00  0.00000E+00  0.00000E+00  0.00000E+00    0.95626E+02  0.13333E+03 -0.22896E+03  0.10605E+02  0.47749E+01  0.65076E+02      982.00
  0.62121E+00  0.36299E+03    0.33750E+00  0.33750E+00 -0.67500E+00  0.00000E+00  0.00000E+00  0.00000E+00    0.97082E+02  0.13258E+03 -0.22966E+03  0.10637E+02  0.47005E+01  0.62554E+02      982.00
  0.64494E+00  0.36274E+03    0.35000E+00  0.35000E+00 -0.70000E+00  0.00000E+00  0.00000E+00  0.00000E+00    0.98548E+02  0.13191E+03 -0.23046E+03  0.10678E+02  0.46390E+01  0.60116E+02      982.00
  0.66876E+00  0.36272E+03    0.36250E+00  0.36250E+00 -0.72500E+00  0.00000E+00  0.00000E+00  0.00000E+00    0.10002E+03  0.13132E+03 -0.23134E+03  0.10725E+02  0.45891E+01  0.57763E+02      982.00
  0.69268E+00  0.36281E+03    0.37500E+00  0.37500E+00 -0.75000E+00  0.00000E+00  0.00000E+00  0.00000E+00    0.10152E+03  0.13074E+03 -0.23225E+03  0.10807E+02  0.45533E+01  0.55419E+02      982.00
  0.71669E+00  0.36327E+03    0.38750E+00  0.38750E+00 -0.77500E+00  0.00000E+00  0.00000E+00  0.00000E+00    0.10298E+03  0.13034E+03 -0.23332E+03  0.10851E+02  0.45225E+01  0.53242E+02      982.00
  0.74077E+00  0.36392E+03    0.40000E+00  0.40000E+00 -0.80000E+00  0.00000E+00  0.00000E+00  0.00000E+00    0.10444E+03  0.13002E+03 -0.23446E+03  0.10895E+02  0.44990E+01  0.51150E+02      982.00
  0.76493E+00  0.36477E+03    0.41250E+00  0.41250E+00 -0.82500E+00  0.00000E+00  0.00000E+00  0.00000E+00    0.10590E+03  0.12977E+03 -0.23567E+03  0.10935E+02  0.44818E+01  0.49142E+02      982.00
  0.78916E+00  0.36570E+03    0.42500E+00  0.42500E+00 -0.85000E+00  0.00000E+00  0.00000E+00  0.00000E+00    0.10733E+03  0.12957E+03 -0.23689E+03  0.10980E+02  0.44501E+01  0.47184E+02      982.00
  0.81345E+00  0.36689E+03    0.43750E+00  0.43750E+00 -0.87500E+00  0.00000E+00  0.00000E+00  0.00000E+00    0.10877E+03  0.12946E+03 -0.23823E+03  0.11009E+02  0.44415E+01  0.45337E+02      982.00
  0.83780E+00  0.36820E+03    0.45000E+00  0.45000E+00 -0.90000E+00  0.00000E+00  0.00000E+00  0.00000E+00    0.11022E+03  0.12939E+03 -0.23961E+03  0.11067E+02  0.44168E+01  0.43545E+02      982.00
  0.86220E+00  0.36968E+03    0.46250E+00  0.46250E+00 -0.92500E+00  0.00000E+00  0.00000E+00  0.00000E+00    0.11163E+03  0.12943E+03 -0.24106E+03  0.11075E+02  0.44177E+01  0.41852E+02      982.00
  0.88666E+00  0.37146E+03    0.47500E+00  0.47500E+00 -0.95000E+00  0.00000E+00  0.00000E+00  0.00000E+00    0.11315E+03  0.12952E+03 -0.24267E+03  0.11144E+02  0.44113E+01  0.40187E+02      982.00
  0.91115E+00  0.37319E+03    0.48750E+00  0.48750E+00 -0.97500E+00  0.00000E+00  0.00000E+00  0.00000E+00    0.11454E+03  0.12968E+03 -0.24421E+03  0.11133E+02  0.44164E+01  0.38641E+02      982.00
  0.93569E+00  0.37503E+03    0.50000E+00  0.50000E+00 -0.10000E+01  0.00000E+00  0.00000E+00  0.00000E+00    0.11591E+03  0.12988E+03 -0.24579E+03  0.11118E+02  0.44222E+01  0.37166E+02      982.00
