          Evm          Svm            E11          E22          E33          E23          E13          E12         SDEV11       SDEV22       SDEV33       SDEV23       SDEV13       SDEV12      TEMP
  0.00000E+00  0.20887E+03    0.00000E+00  0.00000E+00  0.00000E+00  0.00000E+00  0.00000E+00  0.00000E+00    0.68938E+02  0.66545E+02 -0.13548E+03  0.11657E+02  0.12400E+02  0.22021E+02      982.00
  0.24324E-01  0.20151E+03    0.12500E-01  0.12500E-01 -0.25000E-01  0.00000E+00  0.00000E+00  0.00000E+00    0.65740E+02  0.65178E+02 -0.13092E+03  0.99023E+01  0.10402E+02  0.21768E+02      982.00
  0.48688E-01  0.18768E+03    0.25000E-01  0.25000E-01 -0.50000E-01  0.00000E+00  0.00000E+00  0.00000E+00    0.61119E+02  0.61331E+02 -0.12245E+03  0.76382E+01  0.77488E+01  0.19428E+02      982.00
  0.73154E-01  0.18502E+03    0.37500E-01  0.37500E-01 -0.75000E-01  0.00000E+00  0.00000E+00  0.00000E+00    0.60031E+02  0.60665E+02 -0.12070E+03  0.61854E+01  0.61559E+01  0.20212E+02      982.00
  0.97617E-01  0.19033E+03    0.50000E-01  0.50000E-01 -0.10000E+00  0.00000E+00  0.00000E+00  0.00000E+00    0.61373E+02  0.62332E+02 -0.12371E+03  0.53625E+01  0.53181E+01  0.23250E+02      982.00
  0.12199E+00  0.20257E+03    0.62500E-01  0.62500E-01 -0.12500E+00  0.00000E+00  0.00000E+00  0.00000E+00    0.64742E+02  0.65986E+02 -0.13073E+03  0.50171E+01  0.49907E+01  0.28469E+02      982.00
  0.14619E+00  0.22118E+03    0.75000E-01  0.75000E-01 -0.15000E+00  0.00000E+00  0.00000E+00  0.00000E+00    0.69904E+02  0.71408E+02 -0.14131E+03  0.50057E+01  0.49970E+01  0.35780E+02      982.00
  0.17015E+00  0.24428E+03    0.87500E-01  0.87500E-01 -0.17500E+00  0.00000E+00  0.00000E+00  0.00000E+00    0.76314E+02  0.78009E+02 -0.15432E+03  0.51766E+01  0.51772E+01  0.44449E+02      982.00
  0.19384E+00  0.26837E+03    0.10000E+00  0.10000E+00 -0.20000E+00  0.00000E+00  0.00000E+00  0.00000E+00    0.83054E+02  0.84800E+02 -0.16785E+03  0.53847E+01  0.53859E+01  0.53086E+02      982.00
  0.21729E+00  0.29004E+03    0.11250E+00  0.11250E+00 -0.22500E+00  0.00000E+00  0.00000E+00  0.00000E+00    0.89247E+02  0.90899E+02 -0.18015E+03  0.55664E+01  0.55617E+01  0.60322E+02      982.00
  0.24059E+00  0.30778E+03    0.12500E+00  0.12500E+00 -0.25000E+00  0.00000E+00  0.00000E+00  0.00000E+00    0.94478E+02  0.95951E+02 -0.19043E+03  0.57082E+01  0.56920E+01  0.65670E+02      982.00
  0.26379E+00  0.32151E+03    0.13750E+00  0.13750E+00 -0.27500E+00  0.00000E+00  0.00000E+00  0.00000E+00    0.98709E+02  0.10000E+03 -0.19871E+03  0.58525E+01  0.58196E+01  0.69085E+02      982.00
  0.28696E+00  0.33217E+03    0.15000E+00  0.15000E+00 -0.30000E+00  0.00000E+00  0.00000E+00  0.00000E+00    0.10216E+03  0.10326E+03 -0.20541E+03  0.59638E+01  0.59119E+01  0.71155E+02      982.00
  0.31015E+00  0.34006E+03    0.16250E+00  0.16250E+00 -0.32500E+00  0.00000E+00  0.00000E+00  0.00000E+00    0.10490E+03  0.10586E+03 -0.21075E+03  0.61277E+01  0.60557E+01  0.71830E+02      982.00
  0.33339E+00  0.34651E+03    0.17500E+00  0.17500E+00 -0.35000E+00  0.00000E+00  0.00000E+00  0.00000E+00    0.10731E+03  0.10812E+03 -0.21543E+03  0.63617E+01  0.62738E+01  0.71673E+02      982.00
  0.35671E+00  0.35082E+03    0.18750E+00  0.18750E+00 -0.37500E+00  0.00000E+00  0.00000E+00  0.00000E+00    0.10913E+03  0.10986E+03 -0.21899E+03  0.65816E+01  0.64709E+01  0.70522E+02      982.00
  0.38012E+00  0.35448E+03    0.20000E+00  0.20000E+00 -0.40000E+00  0.00000E+00  0.00000E+00  0.00000E+00    0.11077E+03  0.11143E+03 -0.22220E+03  0.67924E+01  0.66568E+01  0.69038E+02      982.00
  0.40362E+00  0.35754E+03    0.21250E+00  0.21250E+00 -0.42500E+00  0.00000E+00  0.00000E+00  0.00000E+00    0.11227E+03  0.11285E+03 -0.22512E+03  0.70777E+01  0.69218E+01  0.67095E+02      982.00
  0.42723E+00  0.36018E+03    0.22500E+00  0.22500E+00 -0.45000E+00  0.00000E+00  0.00000E+00  0.00000E+00    0.11368E+03  0.11416E+03 -0.22784E+03  0.74008E+01  0.72247E+01  0.64834E+02      982.00
  0.45096E+00  0.36261E+03    0.23750E+00  0.23750E+00 -0.47500E+00  0.00000E+00  0.00000E+00  0.00000E+00    0.11502E+03  0.11542E+03 -0.23044E+03  0.77626E+01  0.75666E+01  0.62329E+02      982.00
  0.47479E+00  0.36254E+03    0.25000E+00  0.25000E+00 -0.50000E+00  0.00000E+00  0.00000E+00  0.00000E+00    0.11553E+03  0.11589E+03 -0.23142E+03  0.79695E+01  0.77687E+01  0.59359E+02      982.00
  0.49872E+00  0.36272E+03    0.26250E+00  0.26250E+00 -0.52500E+00  0.00000E+00  0.00000E+00  0.00000E+00    0.11609E+03  0.11638E+03 -0.23247E+03  0.81475E+01  0.79414E+01  0.56514E+02      982.00
  0.52276E+00  0.36309E+03    0.27500E+00  0.27500E+00 -0.55000E+00  0.00000E+00  0.00000E+00  0.00000E+00    0.11667E+03  0.11691E+03 -0.23358E+03  0.83025E+01  0.80912E+01  0.53758E+02      982.00
  0.54688E+00  0.36379E+03    0.28750E+00  0.28750E+00 -0.57500E+00  0.00000E+00  0.00000E+00  0.00000E+00    0.11733E+03  0.11752E+03 -0.23485E+03  0.85147E+01  0.83016E+01  0.51077E+02      982.00
  0.57109E+00  0.36474E+03    0.30000E+00  0.30000E+00 -0.60000E+00  0.00000E+00  0.00000E+00  0.00000E+00    0.11803E+03  0.11817E+03 -0.23619E+03  0.86670E+01  0.84503E+01  0.48555E+02      982.00
  0.59537E+00  0.36584E+03    0.31250E+00  0.31250E+00 -0.62500E+00  0.00000E+00  0.00000E+00  0.00000E+00    0.11874E+03  0.11884E+03 -0.23759E+03  0.87840E+01  0.85636E+01  0.46131E+02      982.00
  0.61973E+00  0.36722E+03    0.32500E+00  0.32500E+00 -0.65000E+00  0.00000E+00  0.00000E+00  0.00000E+00    0.11952E+03  0.11957E+03 -0.23910E+03  0.89157E+01  0.86934E+01  0.43825E+02      982.00
  0.64414E+00  0.36879E+03    0.33750E+00  0.33750E+00 -0.67500E+00  0.00000E+00  0.00000E+00  0.00000E+00    0.12033E+03  0.12035E+03 -0.24068E+03  0.90322E+01  0.88084E+01  0.41625E+02      982.00
  0.66862E+00  0.37053E+03    0.35000E+00  0.35000E+00 -0.70000E+00  0.00000E+00  0.00000E+00  0.00000E+00    0.12117E+03  0.12115E+03 -0.24232E+03  0.91327E+01  0.89079E+01  0.39529E+02      982.00
  0.69314E+00  0.37241E+03    0.36250E+00  0.36250E+00 -0.72500E+00  0.00000E+00  0.00000E+00  0.00000E+00    0.12203E+03  0.12198E+03 -0.24402E+03  0.92696E+01  0.90479E+01  0.37458E+02      982.00
  0.71771E+00  0.37445E+03    0.37500E+00  0.37500E+00 -0.75000E+00  0.00000E+00  0.00000E+00  0.00000E+00    0.12293E+03  0.12284E+03 -0.24577E+03  0.93316E+01  0.91091E+01  0.35573E+02      982.00
  0.74233E+00  0.37660E+03    0.38750E+00  0.38750E+00 -0.77500E+00  0.00000E+00  0.00000E+00  0.00000E+00    0.12384E+03  0.12372E+03 -0.24756E+03  0.93780E+01  0.91552E+01  0.33783E+02      982.00
  0.76698E+00  0.37886E+03    0.40000E+00  0.40000E+00 -0.80000E+00  0.00000E+00  0.00000E+00  0.00000E+00    0.12476E+03  0.12462E+03 -0.24938E+03  0.94105E+01  0.91877E+01  0.32083E+02      982.00
  0.79166E+00  0.38119E+03    0.41250E+00  0.41250E+00 -0.82500E+00  0.00000E+00  0.00000E+00  0.00000E+00    0.12569E+03  0.12552E+03 -0.25122E+03  0.94298E+01  0.92072E+01  0.30470E+02      982.00
  0.81637E+00  0.38368E+03    0.42500E+00  0.42500E+00 -0.85000E+00  0.00000E+00  0.00000E+00  0.00000E+00    0.12666E+03  0.12647E+03 -0.25314E+03  0.94759E+01  0.92556E+01  0.28898E+02      982.00
  0.84111E+00  0.38611E+03    0.43750E+00  0.43750E+00 -0.87500E+00  0.00000E+00  0.00000E+00  0.00000E+00    0.12760E+03  0.12739E+03 -0.25499E+03  0.94686E+01  0.92486E+01  0.27446E+02      982.00
  0.86588E+00  0.38861E+03    0.45000E+00  0.45000E+00 -0.90000E+00  0.00000E+00  0.00000E+00  0.00000E+00    0.12855E+03  0.12831E+03 -0.25686E+03  0.94451E+01  0.92255E+01  0.26079E+02      982.00
  0.89067E+00  0.39112E+03    0.46250E+00  0.46250E+00 -0.92500E+00  0.00000E+00  0.00000E+00  0.00000E+00    0.12950E+03  0.12923E+03 -0.25873E+03  0.94123E+01  0.91934E+01  0.24783E+02      982.00
  0.91547E+00  0.39365E+03    0.47500E+00  0.47500E+00 -0.95000E+00  0.00000E+00  0.00000E+00  0.00000E+00    0.13044E+03  0.13014E+03 -0.26058E+03  0.93710E+01  0.91532E+01  0.23554E+02      982.00
  0.94030E+00  0.39618E+03    0.48750E+00  0.48750E+00 -0.97500E+00  0.00000E+00  0.00000E+00  0.00000E+00    0.13137E+03  0.13105E+03 -0.26242E+03  0.93220E+01  0.91055E+01  0.22390E+02      982.00
  0.96514E+00  0.39870E+03    0.50000E+00  0.50000E+00 -0.10000E+01  0.00000E+00  0.00000E+00  0.00000E+00    0.13229E+03  0.13195E+03 -0.26424E+03  0.92660E+01  0.90509E+01  0.21287E+02      982.00
