          Evm          Svm            E11          E22          E33          E23          E13          E12         SDEV11       SDEV22       SDEV33       SDEV23       SDEV13       SDEV12      TEMP
  0.00000E+00  0.14680E+03    0.00000E+00  0.00000E+00  0.00000E+00  0.00000E+00  0.00000E+00  0.00000E+00    0.51975E+02  0.40723E+02 -0.92698E+02  0.58277E+01  0.11742E+02  0.23125E+02      982.00
  0.23680E-01  0.15641E+03    0.12500E-01  0.12500E-01 -0.25000E-01  0.00000E+00  0.00000E+00  0.00000E+00    0.53245E+02  0.43991E+02 -0.97237E+02  0.57885E+01  0.11662E+02  0.29544E+02      982.00
  0.46993E-01  0.17936E+03    0.25000E-01  0.25000E-01 -0.50000E-01  0.00000E+00  0.00000E+00  0.00000E+00    0.56661E+02  0.50977E+02 -0.10764E+03  0.62116E+01  0.12065E+02  0.42910E+02      982.00
  0.69498E-01  0.21792E+03    0.37500E-01  0.37500E-01 -0.75000E-01  0.00000E+00  0.00000E+00  0.00000E+00    0.61989E+02  0.61904E+02 -0.12389E+03  0.69383E+01  0.12842E+02  0.64066E+02      982.00
  0.90818E-01  0.26441E+03    0.50000E-01  0.50000E-01 -0.10000E+00  0.00000E+00  0.00000E+00  0.00000E+00    0.67114E+02  0.75305E+02 -0.14242E+03  0.81606E+01  0.13654E+02  0.88442E+02      982.00
  0.11102E+00  0.31121E+03    0.62500E-01  0.62500E-01 -0.12500E+00  0.00000E+00  0.00000E+00  0.00000E+00    0.70034E+02  0.90276E+02 -0.16031E+03  0.91961E+01  0.14433E+02  0.11231E+03      982.00
  0.13033E+00  0.32432E+03    0.75000E-01  0.75000E-01 -0.15000E+00  0.00000E+00  0.00000E+00  0.00000E+00    0.71450E+02  0.93149E+02 -0.16460E+03  0.79886E+01  0.14465E+02  0.11979E+03      982.00
  0.14937E+00  0.33853E+03    0.87500E-01  0.87500E-01 -0.17500E+00  0.00000E+00  0.00000E+00  0.00000E+00    0.74123E+02  0.95307E+02 -0.16943E+03  0.75747E+01  0.14555E+02  0.12763E+03      982.00
  0.16813E+00  0.35814E+03    0.10000E+00  0.10000E+00 -0.20000E+00  0.00000E+00  0.00000E+00  0.00000E+00    0.77368E+02  0.99033E+02 -0.17640E+03  0.79587E+01  0.14623E+02  0.13792E+03      982.00
  0.18660E+00  0.38055E+03    0.11250E+00  0.11250E+00 -0.22500E+00  0.00000E+00  0.00000E+00  0.00000E+00    0.80846E+02  0.10376E+03 -0.18460E+03  0.89174E+01  0.14572E+02  0.14930E+03      982.00
  0.20480E+00  0.40517E+03    0.12500E+00  0.12500E+00 -0.25000E+00  0.00000E+00  0.00000E+00  0.00000E+00    0.84084E+02  0.10961E+03 -0.19370E+03  0.10069E+02  0.14389E+02  0.16159E+03      982.00
  0.22272E+00  0.42844E+03    0.13750E+00  0.13750E+00 -0.27500E+00  0.00000E+00  0.00000E+00  0.00000E+00    0.86976E+02  0.11540E+03 -0.20237E+03  0.11225E+02  0.14115E+02  0.17305E+03      982.00
  0.24044E+00  0.44922E+03    0.15000E+00  0.15000E+00 -0.30000E+00  0.00000E+00  0.00000E+00  0.00000E+00    0.89456E+02  0.12071E+03 -0.21016E+03  0.12251E+02  0.13789E+02  0.18318E+03      982.00
  0.25798E+00  0.46710E+03    0.16250E+00  0.16250E+00 -0.32500E+00  0.00000E+00  0.00000E+00  0.00000E+00    0.91524E+02  0.12535E+03 -0.21687E+03  0.13086E+02  0.13435E+02  0.19187E+03      982.00
  0.27539E+00  0.48223E+03    0.17500E+00  0.17500E+00 -0.35000E+00  0.00000E+00  0.00000E+00  0.00000E+00    0.93264E+02  0.12927E+03 -0.22254E+03  0.13718E+02  0.13073E+02  0.19922E+03      982.00
  0.29270E+00  0.49548E+03    0.18750E+00  0.18750E+00 -0.37500E+00  0.00000E+00  0.00000E+00  0.00000E+00    0.94624E+02  0.13275E+03 -0.22738E+03  0.14076E+02  0.12734E+02  0.20575E+03      982.00
  0.30991E+00  0.50630E+03    0.20000E+00  0.20000E+00 -0.40000E+00  0.00000E+00  0.00000E+00  0.00000E+00    0.96034E+02  0.13533E+03 -0.23136E+03  0.14397E+02  0.12384E+02  0.21108E+03      982.00
  0.32704E+00  0.51534E+03    0.21250E+00  0.21250E+00 -0.42500E+00  0.00000E+00  0.00000E+00  0.00000E+00    0.97243E+02  0.13738E+03 -0.23463E+03  0.14559E+02  0.12021E+02  0.21559E+03      982.00
  0.34412E+00  0.52296E+03    0.22500E+00  0.22500E+00 -0.45000E+00  0.00000E+00  0.00000E+00  0.00000E+00    0.98287E+02  0.13902E+03 -0.23731E+03  0.14589E+02  0.11658E+02  0.21946E+03      982.00
  0.36113E+00  0.52973E+03    0.23750E+00  0.23750E+00 -0.47500E+00  0.00000E+00  0.00000E+00  0.00000E+00    0.99197E+02  0.14041E+03 -0.23961E+03  0.14502E+02  0.11305E+02  0.22297E+03      982.00
  0.37809E+00  0.53543E+03    0.25000E+00  0.25000E+00 -0.50000E+00  0.00000E+00  0.00000E+00  0.00000E+00    0.99991E+02  0.14150E+03 -0.24149E+03  0.14338E+02  0.10943E+02  0.22598E+03      982.00
  0.39501E+00  0.54006E+03    0.26250E+00  0.26250E+00 -0.52500E+00  0.00000E+00  0.00000E+00  0.00000E+00    0.10061E+03  0.14235E+03 -0.24296E+03  0.14102E+02  0.10574E+02  0.22848E+03      982.00
  0.41188E+00  0.54476E+03    0.27500E+00  0.27500E+00 -0.55000E+00  0.00000E+00  0.00000E+00  0.00000E+00    0.10121E+03  0.14320E+03 -0.24442E+03  0.13821E+02  0.10211E+02  0.23104E+03      982.00
  0.42870E+00  0.54572E+03    0.28750E+00  0.28750E+00 -0.57500E+00  0.00000E+00  0.00000E+00  0.00000E+00    0.10084E+03  0.14353E+03 -0.24437E+03  0.13269E+02  0.98004E+01  0.23185E+03      982.00
  0.44550E+00  0.54581E+03    0.30000E+00  0.30000E+00 -0.60000E+00  0.00000E+00  0.00000E+00  0.00000E+00    0.10098E+03  0.14311E+03 -0.24409E+03  0.12894E+02  0.94893E+01  0.23220E+03      982.00
  0.46227E+00  0.54688E+03    0.31250E+00  0.31250E+00 -0.62500E+00  0.00000E+00  0.00000E+00  0.00000E+00    0.10064E+03  0.14348E+03 -0.24412E+03  0.12359E+02  0.91125E+01  0.23303E+03      982.00
  0.47901E+00  0.54692E+03    0.32500E+00  0.32500E+00 -0.65000E+00  0.00000E+00  0.00000E+00  0.00000E+00    0.10080E+03  0.14307E+03 -0.24387E+03  0.11996E+02  0.88248E+01  0.23331E+03      982.00
  0.49573E+00  0.54795E+03    0.33750E+00  0.33750E+00 -0.67500E+00  0.00000E+00  0.00000E+00  0.00000E+00    0.10049E+03  0.14345E+03 -0.24393E+03  0.11481E+02  0.84720E+01  0.23408E+03      982.00
  0.51242E+00  0.54847E+03    0.35000E+00  0.35000E+00 -0.70000E+00  0.00000E+00  0.00000E+00  0.00000E+00    0.10048E+03  0.14338E+03 -0.24387E+03  0.11060E+02  0.81744E+01  0.23457E+03      982.00
  0.52909E+00  0.54897E+03    0.36250E+00  0.36250E+00 -0.72500E+00  0.00000E+00  0.00000E+00  0.00000E+00    0.10044E+03  0.14337E+03 -0.24381E+03  0.10649E+02  0.78843E+01  0.23502E+03      982.00
  0.54575E+00  0.54945E+03    0.37500E+00  0.37500E+00 -0.75000E+00  0.00000E+00  0.00000E+00  0.00000E+00    0.10039E+03  0.14338E+03 -0.24377E+03  0.10249E+02  0.76035E+01  0.23545E+03      982.00
  0.56239E+00  0.54990E+03    0.38750E+00  0.38750E+00 -0.77500E+00  0.00000E+00  0.00000E+00  0.00000E+00    0.10034E+03  0.14340E+03 -0.24374E+03  0.98605E+01  0.73325E+01  0.23585E+03      982.00
  0.57901E+00  0.55035E+03    0.40000E+00  0.40000E+00 -0.80000E+00  0.00000E+00  0.00000E+00  0.00000E+00    0.10033E+03  0.14341E+03 -0.24374E+03  0.95343E+01  0.71028E+01  0.23622E+03      982.00
  0.59562E+00  0.55085E+03    0.41250E+00  0.41250E+00 -0.82500E+00  0.00000E+00  0.00000E+00  0.00000E+00    0.10025E+03  0.14351E+03 -0.24377E+03  0.91066E+01  0.68163E+01  0.23660E+03      982.00
  0.61221E+00  0.55125E+03    0.42500E+00  0.42500E+00 -0.85000E+00  0.00000E+00  0.00000E+00  0.00000E+00    0.10022E+03  0.14354E+03 -0.24376E+03  0.87574E+01  0.65750E+01  0.23693E+03      982.00
  0.62879E+00  0.55160E+03    0.43750E+00  0.43750E+00 -0.87500E+00  0.00000E+00  0.00000E+00  0.00000E+00    0.10020E+03  0.14356E+03 -0.24376E+03  0.84227E+01  0.63432E+01  0.23723E+03      982.00
  0.64537E+00  0.55193E+03    0.45000E+00  0.45000E+00 -0.90000E+00  0.00000E+00  0.00000E+00  0.00000E+00    0.10019E+03  0.14357E+03 -0.24376E+03  0.80992E+01  0.61193E+01  0.23750E+03      982.00
  0.66193E+00  0.55225E+03    0.46250E+00  0.46250E+00 -0.92500E+00  0.00000E+00  0.00000E+00  0.00000E+00    0.10017E+03  0.14359E+03 -0.24377E+03  0.77866E+01  0.59033E+01  0.23775E+03      982.00
  0.67848E+00  0.55261E+03    0.47500E+00  0.47500E+00 -0.95000E+00  0.00000E+00  0.00000E+00  0.00000E+00    0.10009E+03  0.14371E+03 -0.24380E+03  0.75052E+01  0.57057E+01  0.23801E+03      982.00
  0.69502E+00  0.55286E+03    0.48750E+00  0.48750E+00 -0.97500E+00  0.00000E+00  0.00000E+00  0.00000E+00    0.10010E+03  0.14371E+03 -0.24381E+03  0.72101E+01  0.55010E+01  0.23822E+03      982.00
  0.71156E+00  0.55312E+03    0.50000E+00  0.50000E+00 -0.10000E+01  0.00000E+00  0.00000E+00  0.00000E+00    0.10010E+03  0.14372E+03 -0.24382E+03  0.69234E+01  0.53024E+01  0.23841E+03      982.00
