          Evm          Svm            E11          E22          E33          E23          E13          E12         SDEV11       SDEV22       SDEV33       SDEV23       SDEV13       SDEV12      TEMP
  0.00000E+00  0.14480E+03    0.00000E+00  0.00000E+00  0.00000E+00  0.00000E+00  0.00000E+00  0.00000E+00    0.41062E+02  0.52046E+02 -0.93107E+02  0.77620E+01  0.85419E+01  0.18006E+02      982.00
  0.24112E-01  0.15165E+03    0.12500E-01  0.12500E-01 -0.25000E-01  0.00000E+00  0.00000E+00  0.00000E+00    0.44893E+02  0.51740E+02 -0.96633E+02  0.81288E+01  0.83427E+01  0.22686E+02      982.00
  0.48008E-01  0.17208E+03    0.25000E-01  0.25000E-01 -0.50000E-01  0.00000E+00  0.00000E+00  0.00000E+00    0.55133E+02  0.51655E+02 -0.10679E+03  0.89716E+01  0.87629E+01  0.34027E+02      982.00
  0.71279E-01  0.19481E+03    0.37500E-01  0.37500E-01 -0.75000E-01  0.00000E+00  0.00000E+00  0.00000E+00    0.67100E+02  0.49760E+02 -0.11686E+03  0.94807E+01  0.75215E+01  0.46756E+02      982.00
  0.93775E-01  0.20349E+03    0.50000E-01  0.50000E-01 -0.10000E+00  0.00000E+00  0.00000E+00  0.00000E+00    0.71020E+02  0.49047E+02 -0.12007E+03  0.94819E+01  0.62691E+01  0.52348E+02      982.00
  0.11590E+00  0.21488E+03    0.62500E-01  0.62500E-01 -0.12500E+00  0.00000E+00  0.00000E+00  0.00000E+00    0.74471E+02  0.50054E+02 -0.12453E+03  0.95140E+01  0.64901E+01  0.58992E+02      982.00
  0.13763E+00  0.23397E+03    0.75000E-01  0.75000E-01 -0.15000E+00  0.00000E+00  0.00000E+00  0.00000E+00    0.79999E+02  0.52271E+02 -0.13227E+03  0.97622E+01  0.75782E+01  0.69137E+02      982.00
  0.15883E+00  0.26201E+03    0.87500E-01  0.87500E-01 -0.17500E+00  0.00000E+00  0.00000E+00  0.00000E+00    0.88014E+02  0.55648E+02 -0.14366E+03  0.10291E+02  0.91666E+01  0.83381E+02      982.00
  0.17939E+00  0.29838E+03    0.10000E+00  0.10000E+00 -0.20000E+00  0.00000E+00  0.00000E+00  0.00000E+00    0.98188E+02  0.60094E+02 -0.15828E+03  0.11051E+02  0.11000E+02  0.10139E+03      982.00
  0.19929E+00  0.33884E+03    0.11250E+00  0.11250E+00 -0.22500E+00  0.00000E+00  0.00000E+00  0.00000E+00    0.10914E+03  0.65251E+02 -0.17439E+03  0.11850E+02  0.12800E+02  0.12114E+03      982.00
  0.21859E+00  0.37730E+03    0.12500E+00  0.12500E+00 -0.25000E+00  0.00000E+00  0.00000E+00  0.00000E+00    0.11912E+03  0.70498E+02 -0.18962E+03  0.12486E+02  0.14310E+02  0.13976E+03      982.00
  0.23743E+00  0.40978E+03    0.13750E+00  0.13750E+00 -0.27500E+00  0.00000E+00  0.00000E+00  0.00000E+00    0.12713E+03  0.75323E+02 -0.20246E+03  0.12877E+02  0.15435E+02  0.15543E+03      982.00
  0.25596E+00  0.43579E+03    0.15000E+00  0.15000E+00 -0.30000E+00  0.00000E+00  0.00000E+00  0.00000E+00    0.13325E+03  0.79455E+02 -0.21271E+03  0.13058E+02  0.16213E+02  0.16797E+03      982.00
  0.27427E+00  0.45631E+03    0.16250E+00  0.16250E+00 -0.32500E+00  0.00000E+00  0.00000E+00  0.00000E+00    0.13783E+03  0.82924E+02 -0.22075E+03  0.13105E+02  0.16719E+02  0.17792E+03      982.00
  0.29241E+00  0.47254E+03    0.17500E+00  0.17500E+00 -0.35000E+00  0.00000E+00  0.00000E+00  0.00000E+00    0.14126E+03  0.85766E+02 -0.22703E+03  0.13064E+02  0.17020E+02  0.18586E+03      982.00
  0.31042E+00  0.48558E+03    0.18750E+00  0.18750E+00 -0.37500E+00  0.00000E+00  0.00000E+00  0.00000E+00    0.14387E+03  0.88108E+02 -0.23197E+03  0.12982E+02  0.17165E+02  0.19235E+03      982.00
  0.32834E+00  0.49621E+03    0.20000E+00  0.20000E+00 -0.40000E+00  0.00000E+00  0.00000E+00  0.00000E+00    0.14583E+03  0.90056E+02 -0.23589E+03  0.12883E+02  0.17187E+02  0.19775E+03      982.00
  0.34616E+00  0.50507E+03    0.21250E+00  0.21250E+00 -0.42500E+00  0.00000E+00  0.00000E+00  0.00000E+00    0.14735E+03  0.91671E+02 -0.23902E+03  0.12784E+02  0.17110E+02  0.20236E+03      982.00
  0.36391E+00  0.51256E+03    0.22500E+00  0.22500E+00 -0.45000E+00  0.00000E+00  0.00000E+00  0.00000E+00    0.14849E+03  0.93058E+02 -0.24155E+03  0.12699E+02  0.16948E+02  0.20639E+03      982.00
  0.38158E+00  0.51895E+03    0.23750E+00  0.23750E+00 -0.47500E+00  0.00000E+00  0.00000E+00  0.00000E+00    0.14927E+03  0.94307E+02 -0.24358E+03  0.12633E+02  0.16715E+02  0.20994E+03      982.00
  0.39918E+00  0.52455E+03    0.25000E+00  0.25000E+00 -0.50000E+00  0.00000E+00  0.00000E+00  0.00000E+00    0.14987E+03  0.95374E+02 -0.24524E+03  0.12584E+02  0.16414E+02  0.21316E+03      982.00
  0.41672E+00  0.52945E+03    0.26250E+00  0.26250E+00 -0.52500E+00  0.00000E+00  0.00000E+00  0.00000E+00    0.15021E+03  0.96381E+02 -0.24659E+03  0.12555E+02  0.16056E+02  0.21609E+03      982.00
  0.43418E+00  0.53056E+03    0.27500E+00  0.27500E+00 -0.55000E+00  0.00000E+00  0.00000E+00  0.00000E+00    0.14977E+03  0.96596E+02 -0.24636E+03  0.12512E+02  0.15519E+02  0.21727E+03      982.00
  0.45160E+00  0.53167E+03    0.28750E+00  0.28750E+00 -0.57500E+00  0.00000E+00  0.00000E+00  0.00000E+00    0.14934E+03  0.96808E+02 -0.24615E+03  0.12474E+02  0.14968E+02  0.21843E+03      982.00
  0.46896E+00  0.53271E+03    0.30000E+00  0.30000E+00 -0.60000E+00  0.00000E+00  0.00000E+00  0.00000E+00    0.14884E+03  0.97079E+02 -0.24592E+03  0.12433E+02  0.14415E+02  0.21955E+03      982.00
  0.48627E+00  0.53372E+03    0.31250E+00  0.31250E+00 -0.62500E+00  0.00000E+00  0.00000E+00  0.00000E+00    0.14839E+03  0.97301E+02 -0.24570E+03  0.12377E+02  0.13861E+02  0.22063E+03      982.00
  0.50353E+00  0.53469E+03    0.32500E+00  0.32500E+00 -0.65000E+00  0.00000E+00  0.00000E+00  0.00000E+00    0.14800E+03  0.97479E+02 -0.24548E+03  0.12301E+02  0.13315E+02  0.22167E+03      982.00
  0.52075E+00  0.53560E+03    0.33750E+00  0.33750E+00 -0.67500E+00  0.00000E+00  0.00000E+00  0.00000E+00    0.14763E+03  0.97627E+02 -0.24526E+03  0.12199E+02  0.12783E+02  0.22264E+03      982.00
  0.53792E+00  0.53647E+03    0.35000E+00  0.35000E+00 -0.70000E+00  0.00000E+00  0.00000E+00  0.00000E+00    0.14733E+03  0.97712E+02 -0.24505E+03  0.12069E+02  0.12267E+02  0.22357E+03      982.00
  0.55505E+00  0.53730E+03    0.36250E+00  0.36250E+00 -0.72500E+00  0.00000E+00  0.00000E+00  0.00000E+00    0.14711E+03  0.97731E+02 -0.24484E+03  0.11910E+02  0.11771E+02  0.22445E+03      982.00
  0.57214E+00  0.53811E+03    0.37500E+00  0.37500E+00 -0.75000E+00  0.00000E+00  0.00000E+00  0.00000E+00    0.14696E+03  0.97696E+02 -0.24465E+03  0.11725E+02  0.11297E+02  0.22529E+03      982.00
  0.58919E+00  0.53891E+03    0.38750E+00  0.38750E+00 -0.77500E+00  0.00000E+00  0.00000E+00  0.00000E+00    0.14688E+03  0.97601E+02 -0.24448E+03  0.11514E+02  0.10847E+02  0.22610E+03      982.00
  0.60620E+00  0.54015E+03    0.40000E+00  0.40000E+00 -0.80000E+00  0.00000E+00  0.00000E+00  0.00000E+00    0.14705E+03  0.97421E+02 -0.24447E+03  0.11289E+02  0.10400E+02  0.22711E+03      982.00
  0.62317E+00  0.54082E+03    0.41250E+00  0.41250E+00 -0.82500E+00  0.00000E+00  0.00000E+00  0.00000E+00    0.14704E+03  0.97270E+02 -0.24431E+03  0.11039E+02  0.10010E+02  0.22779E+03      982.00
  0.64011E+00  0.54155E+03    0.42500E+00  0.42500E+00 -0.85000E+00  0.00000E+00  0.00000E+00  0.00000E+00    0.14716E+03  0.97018E+02 -0.24418E+03  0.10761E+02  0.96038E+01  0.22848E+03      982.00
  0.65702E+00  0.54252E+03    0.43750E+00  0.43750E+00 -0.87500E+00  0.00000E+00  0.00000E+00  0.00000E+00    0.14749E+03  0.96642E+02 -0.24414E+03  0.10463E+02  0.91768E+01  0.22928E+03      982.00
  0.67390E+00  0.54321E+03    0.45000E+00  0.45000E+00 -0.90000E+00  0.00000E+00  0.00000E+00  0.00000E+00    0.14766E+03  0.96372E+02 -0.24403E+03  0.10164E+02  0.88085E+01  0.22991E+03      982.00
  0.69074E+00  0.54387E+03    0.46250E+00  0.46250E+00 -0.92500E+00  0.00000E+00  0.00000E+00  0.00000E+00    0.14783E+03  0.96099E+02 -0.24393E+03  0.98586E+01  0.84560E+01  0.23051E+03      982.00
  0.70756E+00  0.54451E+03    0.47500E+00  0.47500E+00 -0.95000E+00  0.00000E+00  0.00000E+00  0.00000E+00    0.14801E+03  0.95836E+02 -0.24385E+03  0.95497E+01  0.81186E+01  0.23108E+03      982.00
  0.72436E+00  0.54513E+03    0.48750E+00  0.48750E+00 -0.97500E+00  0.00000E+00  0.00000E+00  0.00000E+00    0.14819E+03  0.95586E+02 -0.24378E+03  0.92401E+01  0.77957E+01  0.23162E+03      982.00
  0.74113E+00  0.54573E+03    0.50000E+00  0.50000E+00 -0.10000E+01  0.00000E+00  0.00000E+00  0.00000E+00    0.14837E+03  0.95351E+02 -0.24372E+03  0.89319E+01  0.74864E+01  0.23213E+03      982.00
