          Evm          Svm            E11          E22          E33          E23          E13          E12         SDEV11       SDEV22       SDEV33       SDEV23       SDEV13       SDEV12      TEMP
  0.00000E+00  0.17714E+03    0.00000E+00  0.00000E+00  0.00000E+00  0.00000E+00  0.00000E+00  0.00000E+00    0.54980E+02  0.57537E+02 -0.11252E+03 -0.14740E+02 -0.12687E+02  0.24185E+02      982.00
  0.23819E-01  0.17653E+03    0.12500E-01  0.12500E-01 -0.25000E-01  0.00000E+00  0.00000E+00  0.00000E+00    0.54814E+02  0.57089E+02 -0.11190E+03 -0.13638E+02 -0.11779E+02  0.25877E+02      982.00
  0.47591E-01  0.17978E+03    0.25000E-01  0.25000E-01 -0.50000E-01  0.00000E+00  0.00000E+00  0.00000E+00    0.55710E+02  0.57665E+02 -0.11337E+03 -0.12947E+02 -0.11298E+02  0.28924E+02      982.00
  0.71240E-01  0.18804E+03    0.37500E-01  0.37500E-01 -0.75000E-01  0.00000E+00  0.00000E+00  0.00000E+00    0.57929E+02  0.59556E+02 -0.11749E+03 -0.12533E+02 -0.11083E+02  0.33967E+02      982.00
  0.94669E-01  0.20475E+03    0.50000E-01  0.50000E-01 -0.10000E+00  0.00000E+00  0.00000E+00  0.00000E+00    0.62293E+02  0.63527E+02 -0.12582E+03 -0.12356E+02 -0.11068E+02  0.42724E+02      982.00
  0.11771E+00  0.23733E+03    0.62500E-01  0.62500E-01 -0.12500E+00  0.00000E+00  0.00000E+00  0.00000E+00    0.70622E+02  0.70952E+02 -0.14157E+03 -0.12415E+02 -0.11232E+02  0.58847E+02      982.00
  0.14008E+00  0.26283E+03    0.75000E-01  0.75000E-01 -0.15000E+00  0.00000E+00  0.00000E+00  0.00000E+00    0.77326E+02  0.76059E+02 -0.15339E+03 -0.11924E+02 -0.10898E+02  0.71551E+02      982.00
  0.16197E+00  0.26347E+03    0.87500E-01  0.87500E-01 -0.17500E+00  0.00000E+00  0.00000E+00  0.00000E+00    0.77209E+02  0.76329E+02 -0.15354E+03 -0.10750E+02 -0.99897E+01  0.72407E+02      982.00
  0.18382E+00  0.28211E+03    0.10000E+00  0.10000E+00 -0.20000E+00  0.00000E+00  0.00000E+00  0.00000E+00    0.81197E+02  0.80760E+02 -0.16196E+03 -0.98410E+01 -0.92050E+01  0.81702E+02      982.00
  0.20535E+00  0.31177E+03    0.11250E+00  0.11250E+00 -0.22500E+00  0.00000E+00  0.00000E+00  0.00000E+00    0.87780E+02  0.87529E+02 -0.17531E+03 -0.92551E+01 -0.86672E+01  0.95863E+02      982.00
  0.22644E+00  0.34245E+03    0.12500E+00  0.12500E+00 -0.25000E+00  0.00000E+00  0.00000E+00  0.00000E+00    0.94671E+02  0.94417E+02 -0.18909E+03 -0.87640E+01 -0.82091E+01  0.11014E+03      982.00
  0.24714E+00  0.36848E+03    0.13750E+00  0.13750E+00 -0.27500E+00  0.00000E+00  0.00000E+00  0.00000E+00    0.10062E+03  0.10025E+03 -0.20087E+03 -0.82697E+01 -0.77469E+01  0.12194E+03      982.00
  0.26758E+00  0.38859E+03    0.15000E+00  0.15000E+00 -0.30000E+00  0.00000E+00  0.00000E+00  0.00000E+00    0.10536E+03  0.10481E+03 -0.21016E+03 -0.77662E+01 -0.72767E+01  0.13075E+03      982.00
  0.28787E+00  0.40343E+03    0.16250E+00  0.16250E+00 -0.32500E+00  0.00000E+00  0.00000E+00  0.00000E+00    0.10900E+03  0.10826E+03 -0.21726E+03 -0.72682E+01 -0.68112E+01  0.13693E+03      982.00
  0.30806E+00  0.41416E+03    0.17500E+00  0.17500E+00 -0.35000E+00  0.00000E+00  0.00000E+00  0.00000E+00    0.11179E+03  0.11087E+03 -0.22265E+03 -0.67732E+01 -0.63472E+01  0.14110E+03      982.00
  0.32822E+00  0.42167E+03    0.18750E+00  0.18750E+00 -0.37500E+00  0.00000E+00  0.00000E+00  0.00000E+00    0.11391E+03  0.11283E+03 -0.22674E+03 -0.62894E+01 -0.58916E+01  0.14366E+03      982.00
  0.34838E+00  0.42664E+03    0.20000E+00  0.20000E+00 -0.40000E+00  0.00000E+00  0.00000E+00  0.00000E+00    0.11550E+03  0.11429E+03 -0.22979E+03 -0.58097E+01 -0.54375E+01  0.14495E+03      982.00
  0.36858E+00  0.42965E+03    0.21250E+00  0.21250E+00 -0.42500E+00  0.00000E+00  0.00000E+00  0.00000E+00    0.11668E+03  0.11540E+03 -0.23208E+03 -0.53715E+01 -0.50213E+01  0.14520E+03      982.00
  0.38884E+00  0.43055E+03    0.22500E+00  0.22500E+00 -0.45000E+00  0.00000E+00  0.00000E+00  0.00000E+00    0.11745E+03  0.11616E+03 -0.23362E+03 -0.50262E+01 -0.46940E+01  0.14426E+03      982.00
  0.40919E+00  0.43063E+03    0.23750E+00  0.23750E+00 -0.47500E+00  0.00000E+00  0.00000E+00  0.00000E+00    0.11802E+03  0.11678E+03 -0.23480E+03 -0.46143E+01 -0.42982E+01  0.14291E+03      982.00
  0.42963E+00  0.42627E+03    0.25000E+00  0.25000E+00 -0.50000E+00  0.00000E+00  0.00000E+00  0.00000E+00    0.11755E+03  0.11637E+03 -0.23392E+03 -0.43201E+01 -0.40156E+01  0.13963E+03      982.00
  0.45021E+00  0.42186E+03    0.26250E+00  0.26250E+00 -0.52500E+00  0.00000E+00  0.00000E+00  0.00000E+00    0.11707E+03  0.11597E+03 -0.23304E+03 -0.40539E+01 -0.37623E+01  0.13624E+03      982.00
  0.47093E+00  0.41735E+03    0.27500E+00  0.27500E+00 -0.55000E+00  0.00000E+00  0.00000E+00  0.00000E+00    0.11658E+03  0.11558E+03 -0.23216E+03 -0.38273E+01 -0.35496E+01  0.13271E+03      982.00
  0.49179E+00  0.41257E+03    0.28750E+00  0.28750E+00 -0.57500E+00  0.00000E+00  0.00000E+00  0.00000E+00    0.11604E+03  0.11517E+03 -0.23121E+03 -0.36627E+01 -0.33994E+01  0.12891E+03      982.00
  0.51280E+00  0.40798E+03    0.30000E+00  0.30000E+00 -0.60000E+00  0.00000E+00  0.00000E+00  0.00000E+00    0.11555E+03  0.11481E+03 -0.23036E+03 -0.35171E+01 -0.32696E+01  0.12515E+03      982.00
  0.53398E+00  0.40352E+03    0.31250E+00  0.31250E+00 -0.62500E+00  0.00000E+00  0.00000E+00  0.00000E+00    0.11508E+03  0.11447E+03 -0.22955E+03 -0.33972E+01 -0.31668E+01  0.12138E+03      982.00
  0.55531E+00  0.39901E+03    0.32500E+00  0.32500E+00 -0.65000E+00  0.00000E+00  0.00000E+00  0.00000E+00    0.11462E+03  0.11414E+03 -0.22876E+03 -0.33327E+01 -0.31203E+01  0.11747E+03      982.00
  0.57681E+00  0.39461E+03    0.33750E+00  0.33750E+00 -0.67500E+00  0.00000E+00  0.00000E+00  0.00000E+00    0.11418E+03  0.11385E+03 -0.22803E+03 -0.33065E+01 -0.31127E+01  0.11352E+03      982.00
  0.59848E+00  0.39025E+03    0.35000E+00  0.35000E+00 -0.70000E+00  0.00000E+00  0.00000E+00  0.00000E+00    0.11375E+03  0.11357E+03 -0.22732E+03 -0.33284E+01 -0.31543E+01  0.10949E+03      982.00
  0.62032E+00  0.38618E+03    0.36250E+00  0.36250E+00 -0.72500E+00  0.00000E+00  0.00000E+00  0.00000E+00    0.11338E+03  0.11335E+03 -0.22673E+03 -0.33736E+01 -0.32194E+01  0.10553E+03      982.00
  0.64234E+00  0.38233E+03    0.37500E+00  0.37500E+00 -0.75000E+00  0.00000E+00  0.00000E+00  0.00000E+00    0.11306E+03  0.11316E+03 -0.22623E+03 -0.34505E+01 -0.33167E+01  0.10158E+03      982.00
  0.66453E+00  0.37857E+03    0.38750E+00  0.38750E+00 -0.77500E+00  0.00000E+00  0.00000E+00  0.00000E+00    0.11276E+03  0.11300E+03 -0.22576E+03 -0.35861E+01 -0.34740E+01  0.97578E+02      982.00
  0.68689E+00  0.37526E+03    0.40000E+00  0.40000E+00 -0.80000E+00  0.00000E+00  0.00000E+00  0.00000E+00    0.11254E+03  0.11291E+03 -0.22546E+03 -0.37139E+01 -0.36225E+01  0.93748E+02      982.00
  0.70942E+00  0.37223E+03    0.41250E+00  0.41250E+00 -0.82500E+00  0.00000E+00  0.00000E+00  0.00000E+00    0.11239E+03  0.11287E+03 -0.22526E+03 -0.38627E+01 -0.37920E+01  0.89993E+02      982.00
  0.73211E+00  0.36951E+03    0.42500E+00  0.42500E+00 -0.85000E+00  0.00000E+00  0.00000E+00  0.00000E+00    0.11229E+03  0.11288E+03 -0.22517E+03 -0.40287E+01 -0.39786E+01  0.86326E+02      982.00
  0.75497E+00  0.36709E+03    0.43750E+00  0.43750E+00 -0.87500E+00  0.00000E+00  0.00000E+00  0.00000E+00    0.11225E+03  0.11294E+03 -0.22520E+03 -0.42078E+01 -0.41778E+01  0.82758E+02      982.00
  0.77797E+00  0.36500E+03    0.45000E+00  0.45000E+00 -0.90000E+00  0.00000E+00  0.00000E+00  0.00000E+00    0.11227E+03  0.11306E+03 -0.22533E+03 -0.43959E+01 -0.43856E+01  0.79297E+02      982.00
  0.80112E+00  0.36328E+03    0.46250E+00  0.46250E+00 -0.92500E+00  0.00000E+00  0.00000E+00  0.00000E+00    0.11237E+03  0.11324E+03 -0.22561E+03 -0.45778E+01 -0.45862E+01  0.75981E+02      982.00
  0.82441E+00  0.36163E+03    0.47500E+00  0.47500E+00 -0.95000E+00  0.00000E+00  0.00000E+00  0.00000E+00    0.11247E+03  0.11341E+03 -0.22588E+03 -0.48016E+01 -0.48294E+01  0.72659E+02      982.00
  0.84783E+00  0.36046E+03    0.48750E+00  0.48750E+00 -0.97500E+00  0.00000E+00  0.00000E+00  0.00000E+00    0.11266E+03  0.11368E+03 -0.22634E+03 -0.49924E+01 -0.50375E+01  0.69563E+02      982.00
  0.87138E+00  0.35958E+03    0.50000E+00  0.50000E+00 -0.10000E+01  0.00000E+00  0.00000E+00  0.00000E+00    0.11291E+03  0.11398E+03 -0.22689E+03 -0.51789E+01 -0.52406E+01  0.66592E+02      982.00
