          Evm          Svm            E11          E22          E33          E23          E13          E12         SDEV11       SDEV22       SDEV33       SDEV23       SDEV13       SDEV12      TEMP
  0.00000E+00  0.16776E+03    0.00000E+00  0.00000E+00  0.00000E+00  0.00000E+00  0.00000E+00  0.00000E+00    0.61224E+02  0.43364E+02 -0.10459E+03  0.25942E+01  0.53180E+01  0.32595E+02      982.00
  0.23379E-01  0.17107E+03    0.12500E-01  0.12500E-01 -0.25000E-01  0.00000E+00  0.00000E+00  0.00000E+00    0.62494E+02  0.43424E+02 -0.10592E+03  0.23250E+01  0.55100E+01  0.34846E+02      982.00
  0.46597E-01  0.16989E+03    0.25000E-01  0.25000E-01 -0.50000E-01  0.00000E+00  0.00000E+00  0.00000E+00    0.62862E+02  0.42213E+02 -0.10508E+03  0.18455E+01  0.53843E+01  0.34659E+02      982.00
  0.69790E-01  0.17087E+03    0.37500E-01  0.37500E-01 -0.75000E-01  0.00000E+00  0.00000E+00  0.00000E+00    0.64375E+02  0.40843E+02 -0.10522E+03  0.20089E+01  0.55323E+01  0.35442E+02      982.00
  0.92882E-01  0.17786E+03    0.50000E-01  0.50000E-01 -0.10000E+00  0.00000E+00  0.00000E+00  0.00000E+00    0.68090E+02  0.40088E+02 -0.10818E+03  0.27501E+01  0.60711E+01  0.39086E+02      982.00
  0.11569E+00  0.19135E+03    0.62500E-01  0.62500E-01 -0.12500E+00  0.00000E+00  0.00000E+00  0.00000E+00    0.74183E+02  0.39840E+02 -0.11402E+03  0.37317E+01  0.68724E+01  0.45806E+02      982.00
  0.13804E+00  0.21286E+03    0.75000E-01  0.75000E-01 -0.15000E+00  0.00000E+00  0.00000E+00  0.00000E+00    0.83146E+02  0.40050E+02 -0.12320E+03  0.48725E+01  0.79204E+01  0.56294E+02      982.00
  0.15974E+00  0.24333E+03    0.87500E-01  0.87500E-01 -0.17500E+00  0.00000E+00  0.00000E+00  0.00000E+00    0.95179E+02  0.40761E+02 -0.13594E+03  0.61040E+01  0.93164E+01  0.70800E+02      982.00
  0.18069E+00  0.28316E+03    0.10000E+00  0.10000E+00 -0.20000E+00  0.00000E+00  0.00000E+00  0.00000E+00    0.11039E+03  0.41827E+02 -0.15221E+03  0.74066E+01  0.10960E+02  0.89443E+02      982.00
  0.20085E+00  0.32813E+03    0.11250E+00  0.11250E+00 -0.22500E+00  0.00000E+00  0.00000E+00  0.00000E+00    0.12721E+03  0.43052E+02 -0.17026E+03  0.86148E+01  0.12622E+02  0.11020E+03      982.00
  0.22031E+00  0.37047E+03    0.12500E+00  0.12500E+00 -0.25000E+00  0.00000E+00  0.00000E+00  0.00000E+00    0.14289E+03  0.44246E+02 -0.18714E+03  0.95061E+01  0.14039E+02  0.12948E+03      982.00
  0.23925E+00  0.40589E+03    0.13750E+00  0.13750E+00 -0.27500E+00  0.00000E+00  0.00000E+00  0.00000E+00    0.15598E+03  0.45215E+02 -0.20119E+03  0.10070E+02  0.15051E+02  0.14547E+03      982.00
  0.25784E+00  0.43354E+03    0.15000E+00  0.15000E+00 -0.30000E+00  0.00000E+00  0.00000E+00  0.00000E+00    0.16619E+03  0.46024E+02 -0.21222E+03  0.10339E+02  0.15770E+02  0.15783E+03      982.00
  0.27619E+00  0.45485E+03    0.16250E+00  0.16250E+00 -0.32500E+00  0.00000E+00  0.00000E+00  0.00000E+00    0.17404E+03  0.46670E+02 -0.22071E+03  0.10436E+02  0.16233E+02  0.16734E+03      982.00
  0.29439E+00  0.47147E+03    0.17500E+00  0.17500E+00 -0.35000E+00  0.00000E+00  0.00000E+00  0.00000E+00    0.18010E+03  0.47197E+02 -0.22730E+03  0.10426E+02  0.16522E+02  0.17478E+03      982.00
  0.31247E+00  0.48478E+03    0.18750E+00  0.18750E+00 -0.37500E+00  0.00000E+00  0.00000E+00  0.00000E+00    0.18488E+03  0.47639E+02 -0.23252E+03  0.10362E+02  0.16683E+02  0.18081E+03      982.00
  0.33045E+00  0.49537E+03    0.20000E+00  0.20000E+00 -0.40000E+00  0.00000E+00  0.00000E+00  0.00000E+00    0.18858E+03  0.48046E+02 -0.23662E+03  0.10264E+02  0.16765E+02  0.18569E+03      982.00
  0.34837E+00  0.50433E+03    0.21250E+00  0.21250E+00 -0.42500E+00  0.00000E+00  0.00000E+00  0.00000E+00    0.19163E+03  0.48371E+02 -0.24000E+03  0.10153E+02  0.16767E+02  0.18992E+03      982.00
  0.36621E+00  0.51154E+03    0.22500E+00  0.22500E+00 -0.45000E+00  0.00000E+00  0.00000E+00  0.00000E+00    0.19395E+03  0.48691E+02 -0.24264E+03  0.10035E+02  0.16733E+02  0.19343E+03      982.00
  0.38400E+00  0.51786E+03    0.23750E+00  0.23750E+00 -0.47500E+00  0.00000E+00  0.00000E+00  0.00000E+00    0.19591E+03  0.48945E+02 -0.24485E+03  0.99139E+01  0.16654E+02  0.19660E+03      982.00
  0.40173E+00  0.52316E+03    0.25000E+00  0.25000E+00 -0.50000E+00  0.00000E+00  0.00000E+00  0.00000E+00    0.19750E+03  0.49110E+02 -0.24662E+03  0.97904E+01  0.16542E+02  0.19936E+03      982.00
  0.41941E+00  0.52424E+03    0.26250E+00  0.26250E+00 -0.52500E+00  0.00000E+00  0.00000E+00  0.00000E+00    0.19761E+03  0.48938E+02 -0.24655E+03  0.96496E+01  0.16239E+02  0.20034E+03      982.00
  0.43704E+00  0.52525E+03    0.27500E+00  0.27500E+00 -0.55000E+00  0.00000E+00  0.00000E+00  0.00000E+00    0.19767E+03  0.48771E+02 -0.24644E+03  0.95156E+01  0.15944E+02  0.20131E+03      982.00
  0.45464E+00  0.52625E+03    0.28750E+00  0.28750E+00 -0.57500E+00  0.00000E+00  0.00000E+00  0.00000E+00    0.19771E+03  0.48600E+02 -0.24631E+03  0.93863E+01  0.15651E+02  0.20229E+03      982.00
  0.47219E+00  0.52723E+03    0.30000E+00  0.30000E+00 -0.60000E+00  0.00000E+00  0.00000E+00  0.00000E+00    0.19774E+03  0.48422E+02 -0.24616E+03  0.92594E+01  0.15360E+02  0.20326E+03      982.00
  0.48970E+00  0.52820E+03    0.31250E+00  0.31250E+00 -0.62500E+00  0.00000E+00  0.00000E+00  0.00000E+00    0.19776E+03  0.48234E+02 -0.24599E+03  0.91331E+01  0.15067E+02  0.20424E+03      982.00
  0.50716E+00  0.52914E+03    0.32500E+00  0.32500E+00 -0.65000E+00  0.00000E+00  0.00000E+00  0.00000E+00    0.19778E+03  0.48036E+02 -0.24581E+03  0.90055E+01  0.14769E+02  0.20520E+03      982.00
  0.52458E+00  0.53006E+03    0.33750E+00  0.33750E+00 -0.67500E+00  0.00000E+00  0.00000E+00  0.00000E+00    0.19779E+03  0.47826E+02 -0.24561E+03  0.88751E+01  0.14467E+02  0.20616E+03      982.00
  0.54196E+00  0.53096E+03    0.35000E+00  0.35000E+00 -0.70000E+00  0.00000E+00  0.00000E+00  0.00000E+00    0.19779E+03  0.47605E+02 -0.24540E+03  0.87404E+01  0.14157E+02  0.20710E+03      982.00
  0.55929E+00  0.53183E+03    0.36250E+00  0.36250E+00 -0.72500E+00  0.00000E+00  0.00000E+00  0.00000E+00    0.19780E+03  0.47375E+02 -0.24518E+03  0.86004E+01  0.13839E+02  0.20802E+03      982.00
  0.57658E+00  0.53264E+03    0.37500E+00  0.37500E+00 -0.75000E+00  0.00000E+00  0.00000E+00  0.00000E+00    0.19777E+03  0.47165E+02 -0.24494E+03  0.84572E+01  0.13514E+02  0.20892E+03      982.00
  0.59382E+00  0.53346E+03    0.38750E+00  0.38750E+00 -0.77500E+00  0.00000E+00  0.00000E+00  0.00000E+00    0.19778E+03  0.46922E+02 -0.24471E+03  0.83049E+01  0.13180E+02  0.20980E+03      982.00
  0.61103E+00  0.53425E+03    0.40000E+00  0.40000E+00 -0.80000E+00  0.00000E+00  0.00000E+00  0.00000E+00    0.19780E+03  0.46669E+02 -0.24447E+03  0.81459E+01  0.12838E+02  0.21065E+03      982.00
  0.62819E+00  0.53502E+03    0.41250E+00  0.41250E+00 -0.82500E+00  0.00000E+00  0.00000E+00  0.00000E+00    0.19783E+03  0.46412E+02 -0.24424E+03  0.79807E+01  0.12489E+02  0.21148E+03      982.00
  0.64530E+00  0.53578E+03    0.42500E+00  0.42500E+00 -0.85000E+00  0.00000E+00  0.00000E+00  0.00000E+00    0.19786E+03  0.46153E+02 -0.24402E+03  0.78098E+01  0.12134E+02  0.21228E+03      982.00
  0.66238E+00  0.53649E+03    0.43750E+00  0.43750E+00 -0.87500E+00  0.00000E+00  0.00000E+00  0.00000E+00    0.19787E+03  0.45921E+02 -0.24379E+03  0.76362E+01  0.11778E+02  0.21305E+03      982.00
  0.67942E+00  0.53720E+03    0.45000E+00  0.45000E+00 -0.90000E+00  0.00000E+00  0.00000E+00  0.00000E+00    0.19792E+03  0.45668E+02 -0.24359E+03  0.74561E+01  0.11415E+02  0.21380E+03      982.00
  0.69643E+00  0.53789E+03    0.46250E+00  0.46250E+00 -0.92500E+00  0.00000E+00  0.00000E+00  0.00000E+00    0.19799E+03  0.45415E+02 -0.24340E+03  0.72728E+01  0.11051E+02  0.21451E+03      982.00
  0.71340E+00  0.53898E+03    0.47500E+00  0.47500E+00 -0.95000E+00  0.00000E+00  0.00000E+00  0.00000E+00    0.19824E+03  0.45105E+02 -0.24335E+03  0.70918E+01  0.10664E+02  0.21539E+03      982.00
  0.73033E+00  0.53920E+03    0.48750E+00  0.48750E+00 -0.97500E+00  0.00000E+00  0.00000E+00  0.00000E+00    0.19809E+03  0.44956E+02 -0.24305E+03  0.69016E+01  0.10324E+02  0.21584E+03      982.00
  0.74723E+00  0.54044E+03    0.50000E+00  0.50000E+00 -0.10000E+01  0.00000E+00  0.00000E+00  0.00000E+00    0.19853E+03  0.44568E+02 -0.24310E+03  0.67154E+01  0.99242E+01  0.21671E+03      982.00
