          Evm          Svm            E11          E22          E33          E23          E13          E12         SDEV11       SDEV22       SDEV33       SDEV23       SDEV13       SDEV12      TEMP
  0.00000E+00  0.14311E+03    0.00000E+00  0.00000E+00  0.00000E+00  0.00000E+00  0.00000E+00  0.00000E+00    0.41542E+02  0.48483E+02 -0.90025E+02  0.48609E+00  0.53858E+00  0.27118E+02      982.00
  0.23591E-01  0.14559E+03    0.12500E-01  0.12500E-01 -0.25000E-01  0.00000E+00  0.00000E+00  0.00000E+00    0.41994E+02  0.48900E+02 -0.90894E+02  0.56800E+00  0.37901E+00  0.29270E+02      982.00
  0.47003E-01  0.15132E+03    0.25000E-01  0.25000E-01 -0.50000E-01  0.00000E+00  0.00000E+00  0.00000E+00    0.43023E+02  0.50371E+02 -0.93394E+02  0.92609E+00  0.32733E+00  0.32811E+02      982.00
  0.70147E-01  0.16000E+03    0.37500E-01  0.37500E-01 -0.75000E-01  0.00000E+00  0.00000E+00  0.00000E+00    0.44286E+02  0.52968E+02 -0.97254E+02  0.14784E+01  0.35539E+00  0.37668E+02      982.00
  0.92940E-01  0.17034E+03    0.50000E-01  0.50000E-01 -0.10000E+00  0.00000E+00  0.00000E+00  0.00000E+00    0.45321E+02  0.56428E+02 -0.10175E+03  0.20972E+01  0.40745E+00  0.43269E+02      982.00
  0.11534E+00  0.18398E+03    0.62500E-01  0.62500E-01 -0.12500E+00  0.00000E+00  0.00000E+00  0.00000E+00    0.46499E+02  0.60935E+02 -0.10743E+03  0.25655E+01  0.69525E+00  0.50668E+02      982.00
  0.13724E+00  0.20387E+03    0.75000E-01  0.75000E-01 -0.15000E+00  0.00000E+00  0.00000E+00  0.00000E+00    0.48408E+02  0.67017E+02 -0.11543E+03  0.29473E+01  0.12233E+01  0.61363E+02      982.00
  0.15847E+00  0.23303E+03    0.87500E-01  0.87500E-01 -0.17500E+00  0.00000E+00  0.00000E+00  0.00000E+00    0.51404E+02  0.75348E+02 -0.12675E+03  0.33375E+01  0.19235E+01  0.76772E+02      982.00
  0.17887E+00  0.27292E+03    0.10000E+00  0.10000E+00 -0.20000E+00  0.00000E+00  0.00000E+00  0.00000E+00    0.55595E+02  0.86198E+02 -0.14179E+03  0.38374E+01  0.26938E+01  0.97436E+02      982.00
  0.19835E+00  0.32161E+03    0.11250E+00  0.11250E+00 -0.22500E+00  0.00000E+00  0.00000E+00  0.00000E+00    0.60705E+02  0.99014E+02 -0.15972E+03  0.44166E+01  0.34660E+01  0.12226E+03      982.00
  0.21697E+00  0.37063E+03    0.12500E+00  0.12500E+00 -0.25000E+00  0.00000E+00  0.00000E+00  0.00000E+00    0.65829E+02  0.11170E+03 -0.17753E+03  0.49864E+01  0.40933E+01  0.14692E+03      982.00
  0.23493E+00  0.41255E+03    0.13750E+00  0.13750E+00 -0.27500E+00  0.00000E+00  0.00000E+00  0.00000E+00    0.70189E+02  0.12251E+03 -0.19270E+03  0.54748E+01  0.44972E+01  0.16778E+03      982.00
  0.25245E+00  0.44539E+03    0.15000E+00  0.15000E+00 -0.30000E+00  0.00000E+00  0.00000E+00  0.00000E+00    0.73559E+02  0.13102E+03 -0.20458E+03  0.58340E+01  0.47198E+01  0.18399E+03      982.00
  0.26967E+00  0.46981E+03    0.16250E+00  0.16250E+00 -0.32500E+00  0.00000E+00  0.00000E+00  0.00000E+00    0.76092E+02  0.13741E+03 -0.21350E+03  0.61439E+01  0.47627E+01  0.19593E+03      982.00
  0.28672E+00  0.48883E+03    0.17500E+00  0.17500E+00 -0.35000E+00  0.00000E+00  0.00000E+00  0.00000E+00    0.78042E+02  0.14242E+03 -0.22046E+03  0.63615E+01  0.47326E+01  0.20519E+03      982.00
  0.30363E+00  0.50348E+03    0.18750E+00  0.18750E+00 -0.37500E+00  0.00000E+00  0.00000E+00  0.00000E+00    0.79552E+02  0.14629E+03 -0.22584E+03  0.65153E+01  0.46444E+01  0.21229E+03      982.00
  0.32045E+00  0.51512E+03    0.20000E+00  0.20000E+00 -0.40000E+00  0.00000E+00  0.00000E+00  0.00000E+00    0.80775E+02  0.14934E+03 -0.23012E+03  0.66090E+01  0.45316E+01  0.21793E+03      982.00
  0.33720E+00  0.52411E+03    0.21250E+00  0.21250E+00 -0.42500E+00  0.00000E+00  0.00000E+00  0.00000E+00    0.81787E+02  0.15167E+03 -0.23345E+03  0.66771E+01  0.43843E+01  0.22226E+03      982.00
  0.35391E+00  0.53176E+03    0.22500E+00  0.22500E+00 -0.45000E+00  0.00000E+00  0.00000E+00  0.00000E+00    0.82643E+02  0.15362E+03 -0.23626E+03  0.66723E+01  0.42552E+01  0.22599E+03      982.00
  0.37057E+00  0.53770E+03    0.23750E+00  0.23750E+00 -0.47500E+00  0.00000E+00  0.00000E+00  0.00000E+00    0.83381E+02  0.15508E+03 -0.23846E+03  0.66485E+01  0.41159E+01  0.22887E+03      982.00
  0.38720E+00  0.54278E+03    0.25000E+00  0.25000E+00 -0.50000E+00  0.00000E+00  0.00000E+00  0.00000E+00    0.83989E+02  0.15629E+03 -0.24027E+03  0.65232E+01  0.40301E+01  0.23138E+03      982.00
  0.40380E+00  0.54724E+03    0.26250E+00  0.26250E+00 -0.52500E+00  0.00000E+00  0.00000E+00  0.00000E+00    0.84579E+02  0.15734E+03 -0.24192E+03  0.64655E+01  0.38861E+01  0.23355E+03      982.00
  0.42038E+00  0.55098E+03    0.27500E+00  0.27500E+00 -0.55000E+00  0.00000E+00  0.00000E+00  0.00000E+00    0.85098E+02  0.15819E+03 -0.24329E+03  0.63596E+01  0.37657E+01  0.23540E+03      982.00
  0.43693E+00  0.55087E+03    0.28750E+00  0.28750E+00 -0.57500E+00  0.00000E+00  0.00000E+00  0.00000E+00    0.85114E+02  0.15806E+03 -0.24317E+03  0.60972E+01  0.36301E+01  0.23542E+03      982.00
  0.45349E+00  0.55100E+03    0.30000E+00  0.30000E+00 -0.60000E+00  0.00000E+00  0.00000E+00  0.00000E+00    0.85325E+02  0.15785E+03 -0.24318E+03  0.59595E+01  0.35829E+01  0.23555E+03      982.00
  0.47004E+00  0.55123E+03    0.31250E+00  0.31250E+00 -0.62500E+00  0.00000E+00  0.00000E+00  0.00000E+00    0.85304E+02  0.15787E+03 -0.24317E+03  0.56783E+01  0.34756E+01  0.23574E+03      982.00
  0.48658E+00  0.55112E+03    0.32500E+00  0.32500E+00 -0.65000E+00  0.00000E+00  0.00000E+00  0.00000E+00    0.85461E+02  0.15764E+03 -0.24311E+03  0.55476E+01  0.34305E+01  0.23574E+03      982.00
  0.50312E+00  0.55135E+03    0.33750E+00  0.33750E+00 -0.67500E+00  0.00000E+00  0.00000E+00  0.00000E+00    0.85445E+02  0.15767E+03 -0.24311E+03  0.52775E+01  0.33314E+01  0.23592E+03      982.00
  0.51966E+00  0.55121E+03    0.35000E+00  0.35000E+00 -0.70000E+00  0.00000E+00  0.00000E+00  0.00000E+00    0.85619E+02  0.15742E+03 -0.24304E+03  0.51594E+01  0.32938E+01  0.23590E+03      982.00
  0.53619E+00  0.55144E+03    0.36250E+00  0.36250E+00 -0.72500E+00  0.00000E+00  0.00000E+00  0.00000E+00    0.85592E+02  0.15746E+03 -0.24306E+03  0.48961E+01  0.31988E+01  0.23607E+03      982.00
  0.55272E+00  0.55131E+03    0.37500E+00  0.37500E+00 -0.75000E+00  0.00000E+00  0.00000E+00  0.00000E+00    0.85748E+02  0.15725E+03 -0.24299E+03  0.47855E+01  0.31644E+01  0.23605E+03      982.00
  0.56925E+00  0.55152E+03    0.38750E+00  0.38750E+00 -0.77500E+00  0.00000E+00  0.00000E+00  0.00000E+00    0.85720E+02  0.15729E+03 -0.24301E+03  0.45344E+01  0.30735E+01  0.23620E+03      982.00
  0.58577E+00  0.55153E+03    0.40000E+00  0.40000E+00 -0.80000E+00  0.00000E+00  0.00000E+00  0.00000E+00    0.85838E+02  0.15714E+03 -0.24298E+03  0.43632E+01  0.30156E+01  0.23626E+03      982.00
  0.60229E+00  0.55142E+03    0.41250E+00  0.41250E+00 -0.82500E+00  0.00000E+00  0.00000E+00  0.00000E+00    0.85950E+02  0.15698E+03 -0.24293E+03  0.42676E+01  0.29847E+01  0.23623E+03      982.00
  0.61881E+00  0.55161E+03    0.42500E+00  0.42500E+00 -0.85000E+00  0.00000E+00  0.00000E+00  0.00000E+00    0.85912E+02  0.15704E+03 -0.24295E+03  0.40329E+01  0.28978E+01  0.23636E+03      982.00
  0.63533E+00  0.55160E+03    0.43750E+00  0.43750E+00 -0.87500E+00  0.00000E+00  0.00000E+00  0.00000E+00    0.86020E+02  0.15690E+03 -0.24292E+03  0.38772E+01  0.28432E+01  0.23640E+03      982.00
  0.65184E+00  0.55161E+03    0.45000E+00  0.45000E+00 -0.90000E+00  0.00000E+00  0.00000E+00  0.00000E+00    0.86112E+02  0.15679E+03 -0.24290E+03  0.37280E+01  0.27905E+01  0.23644E+03      982.00
  0.66836E+00  0.55150E+03    0.46250E+00  0.46250E+00 -0.92500E+00  0.00000E+00  0.00000E+00  0.00000E+00    0.86220E+02  0.15665E+03 -0.24287E+03  0.36574E+01  0.27622E+01  0.23640E+03      982.00
  0.68487E+00  0.55167E+03    0.47500E+00  0.47500E+00 -0.95000E+00  0.00000E+00  0.00000E+00  0.00000E+00    0.86171E+02  0.15671E+03 -0.24288E+03  0.34370E+01  0.26804E+01  0.23651E+03      982.00
  0.70138E+00  0.55166E+03    0.48750E+00  0.48750E+00 -0.97500E+00  0.00000E+00  0.00000E+00  0.00000E+00    0.86263E+02  0.15660E+03 -0.24286E+03  0.32997E+01  0.26289E+01  0.23654E+03      982.00
  0.71789E+00  0.55166E+03    0.50000E+00  0.50000E+00 -0.10000E+01  0.00000E+00  0.00000E+00  0.00000E+00    0.86347E+02  0.15650E+03 -0.24285E+03  0.31693E+01  0.25800E+01  0.23656E+03      982.00
