          Evm          Svm            E11          E22          E33          E23          E13          E12         SDEV11       SDEV22       SDEV33       SDEV23       SDEV13       SDEV12      TEMP
  0.00000E+00  0.16621E+03    0.00000E+00  0.00000E+00  0.00000E+00  0.00000E+00  0.00000E+00  0.00000E+00    0.56588E+02  0.48709E+02 -0.10530E+03 -0.11097E+02 -0.14973E+02  0.23027E+02      982.00
  0.23757E-01  0.16658E+03    0.12500E-01  0.12500E-01 -0.25000E-01  0.00000E+00  0.00000E+00  0.00000E+00    0.56059E+02  0.49129E+02 -0.10519E+03 -0.10477E+02 -0.14218E+02  0.25055E+02      982.00
  0.47436E-01  0.17176E+03    0.25000E-01  0.25000E-01 -0.50000E-01  0.00000E+00  0.00000E+00  0.00000E+00    0.56521E+02  0.51115E+02 -0.10764E+03 -0.10541E+02 -0.13950E+02  0.28837E+02      982.00
  0.70936E-01  0.18250E+03    0.37500E-01  0.37500E-01 -0.75000E-01  0.00000E+00  0.00000E+00  0.00000E+00    0.58025E+02  0.54892E+02 -0.11292E+03 -0.11171E+02 -0.14058E+02  0.34851E+02      982.00
  0.94138E-01  0.19929E+03    0.50000E-01  0.50000E-01 -0.10000E+00  0.00000E+00  0.00000E+00  0.00000E+00    0.60549E+02  0.60537E+02 -0.12109E+03 -0.12139E+02 -0.14368E+02  0.43458E+02      982.00
  0.11692E+00  0.22253E+03    0.62500E-01  0.62500E-01 -0.12500E+00  0.00000E+00  0.00000E+00  0.00000E+00    0.64094E+02  0.68013E+02 -0.13211E+03 -0.13221E+02 -0.14723E+02  0.54977E+02      982.00
  0.13918E+00  0.25191E+03    0.75000E-01  0.75000E-01 -0.15000E+00  0.00000E+00  0.00000E+00  0.00000E+00    0.68600E+02  0.77023E+02 -0.14562E+03 -0.14167E+02 -0.14954E+02  0.69329E+02      982.00
  0.16086E+00  0.28570E+03    0.87500E-01  0.87500E-01 -0.17500E+00  0.00000E+00  0.00000E+00  0.00000E+00    0.73799E+02  0.86940E+02 -0.16074E+03 -0.14751E+02 -0.14890E+02  0.85716E+02      982.00
  0.18196E+00  0.32058E+03    0.10000E+00  0.10000E+00 -0.20000E+00  0.00000E+00  0.00000E+00  0.00000E+00    0.79149E+02  0.96862E+02 -0.17601E+03 -0.14847E+02 -0.14431E+02  0.10254E+03      982.00
  0.20255E+00  0.35274E+03    0.11250E+00  0.11250E+00 -0.22500E+00  0.00000E+00  0.00000E+00  0.00000E+00    0.84026E+02  0.10588E+03 -0.18991E+03 -0.14477E+02 -0.13611E+02  0.11795E+03      982.00
  0.22274E+00  0.37986E+03    0.12500E+00  0.12500E+00 -0.25000E+00  0.00000E+00  0.00000E+00  0.00000E+00    0.88080E+02  0.11351E+03 -0.20159E+03 -0.13839E+02 -0.12598E+02  0.13080E+03      982.00
  0.24264E+00  0.40225E+03    0.13750E+00  0.13750E+00 -0.27500E+00  0.00000E+00  0.00000E+00  0.00000E+00    0.91280E+02  0.11995E+03 -0.21123E+03 -0.13002E+02 -0.11466E+02  0.14130E+03      982.00
  0.26233E+00  0.42022E+03    0.15000E+00  0.15000E+00 -0.30000E+00  0.00000E+00  0.00000E+00  0.00000E+00    0.93706E+02  0.12535E+03 -0.21905E+03 -0.12079E+02 -0.10316E+02  0.14957E+03      982.00
  0.28188E+00  0.43441E+03    0.16250E+00  0.16250E+00 -0.32500E+00  0.00000E+00  0.00000E+00  0.00000E+00    0.95503E+02  0.12983E+03 -0.22533E+03 -0.11121E+02 -0.91987E+01  0.15595E+03      982.00
  0.30133E+00  0.44534E+03    0.17500E+00  0.17500E+00 -0.35000E+00  0.00000E+00  0.00000E+00  0.00000E+00    0.96812E+02  0.13351E+03 -0.23032E+03 -0.10166E+02 -0.81446E+01  0.16068E+03      982.00
  0.32073E+00  0.45396E+03    0.18750E+00  0.18750E+00 -0.37500E+00  0.00000E+00  0.00000E+00  0.00000E+00    0.97784E+02  0.13661E+03 -0.23439E+03 -0.91959E+01 -0.71431E+01  0.16424E+03      982.00
  0.34009E+00  0.46060E+03    0.20000E+00  0.20000E+00 -0.40000E+00  0.00000E+00  0.00000E+00  0.00000E+00    0.98491E+02  0.13919E+03 -0.23768E+03 -0.82258E+01 -0.62012E+01  0.16681E+03      982.00
  0.35944E+00  0.46505E+03    0.21250E+00  0.21250E+00 -0.42500E+00  0.00000E+00  0.00000E+00  0.00000E+00    0.99023E+02  0.14115E+03 -0.24017E+03 -0.73315E+01 -0.53645E+01  0.16824E+03      982.00
  0.37881E+00  0.46824E+03    0.22500E+00  0.22500E+00 -0.45000E+00  0.00000E+00  0.00000E+00  0.00000E+00    0.99425E+02  0.14274E+03 -0.24217E+03 -0.64405E+01 -0.45739E+01  0.16902E+03      982.00
  0.39820E+00  0.46958E+03    0.23750E+00  0.23750E+00 -0.47500E+00  0.00000E+00  0.00000E+00  0.00000E+00    0.99735E+02  0.14379E+03 -0.24352E+03 -0.56666E+01 -0.39073E+01  0.16880E+03      982.00
  0.41765E+00  0.46978E+03    0.25000E+00  0.25000E+00 -0.50000E+00  0.00000E+00  0.00000E+00  0.00000E+00    0.99905E+02  0.14455E+03 -0.24446E+03 -0.49467E+01 -0.33103E+01  0.16797E+03      982.00
  0.43716E+00  0.46901E+03    0.26250E+00  0.26250E+00 -0.52500E+00  0.00000E+00  0.00000E+00  0.00000E+00    0.10008E+03  0.14502E+03 -0.24510E+03 -0.42988E+01 -0.27906E+01  0.16655E+03      982.00
  0.45676E+00  0.46425E+03    0.27500E+00  0.27500E+00 -0.55000E+00  0.00000E+00  0.00000E+00  0.00000E+00    0.99666E+02  0.14439E+03 -0.24406E+03 -0.39872E+01 -0.25613E+01  0.16323E+03      982.00
  0.47647E+00  0.45789E+03    0.28750E+00  0.28750E+00 -0.57500E+00  0.00000E+00  0.00000E+00  0.00000E+00    0.99356E+02  0.14312E+03 -0.24248E+03 -0.39628E+01 -0.25564E+01  0.15903E+03      982.00
  0.49633E+00  0.45074E+03    0.30000E+00  0.30000E+00 -0.60000E+00  0.00000E+00  0.00000E+00  0.00000E+00    0.99002E+02  0.14158E+03 -0.24058E+03 -0.40231E+01 -0.26087E+01  0.15440E+03      982.00
  0.51634E+00  0.44366E+03    0.31250E+00  0.31250E+00 -0.62500E+00  0.00000E+00  0.00000E+00  0.00000E+00    0.98684E+02  0.14001E+03 -0.23869E+03 -0.39942E+01 -0.25885E+01  0.14977E+03      982.00
  0.53652E+00  0.43707E+03    0.32500E+00  0.32500E+00 -0.65000E+00  0.00000E+00  0.00000E+00  0.00000E+00    0.98392E+02  0.13860E+03 -0.23699E+03 -0.38476E+01 -0.24847E+01  0.14536E+03      982.00
  0.55685E+00  0.43091E+03    0.33750E+00  0.33750E+00 -0.67500E+00  0.00000E+00  0.00000E+00  0.00000E+00    0.98121E+02  0.13735E+03 -0.23547E+03 -0.36329E+01 -0.23356E+01  0.14109E+03      982.00
  0.57735E+00  0.42510E+03    0.35000E+00  0.35000E+00 -0.70000E+00  0.00000E+00  0.00000E+00  0.00000E+00    0.97876E+02  0.13622E+03 -0.23410E+03 -0.33948E+01 -0.21749E+01  0.13694E+03      982.00
  0.59800E+00  0.41952E+03    0.36250E+00  0.36250E+00 -0.72500E+00  0.00000E+00  0.00000E+00  0.00000E+00    0.97664E+02  0.13518E+03 -0.23285E+03 -0.31679E+01 -0.20236E+01  0.13281E+03      982.00
  0.61881E+00  0.41412E+03    0.37500E+00  0.37500E+00 -0.75000E+00  0.00000E+00  0.00000E+00  0.00000E+00    0.97490E+02  0.13420E+03 -0.23169E+03 -0.29720E+01 -0.18964E+01  0.12867E+03      982.00
  0.63979E+00  0.40888E+03    0.38750E+00  0.38750E+00 -0.77500E+00  0.00000E+00  0.00000E+00  0.00000E+00    0.97359E+02  0.13325E+03 -0.23061E+03 -0.28189E+01 -0.18011E+01  0.12453E+03      982.00
  0.66094E+00  0.40386E+03    0.40000E+00  0.40000E+00 -0.80000E+00  0.00000E+00  0.00000E+00  0.00000E+00    0.97278E+02  0.13236E+03 -0.22964E+03 -0.27029E+01 -0.17340E+01  0.12040E+03      982.00
  0.68226E+00  0.39887E+03    0.41250E+00  0.41250E+00 -0.82500E+00  0.00000E+00  0.00000E+00  0.00000E+00    0.97254E+02  0.13146E+03 -0.22871E+03 -0.26538E+01 -0.17152E+01  0.11618E+03      982.00
  0.70377E+00  0.39422E+03    0.42500E+00  0.42500E+00 -0.85000E+00  0.00000E+00  0.00000E+00  0.00000E+00    0.97289E+02  0.13062E+03 -0.22791E+03 -0.26352E+01 -0.17192E+01  0.11206E+03      982.00
  0.72545E+00  0.38978E+03    0.43750E+00  0.43750E+00 -0.87500E+00  0.00000E+00  0.00000E+00  0.00000E+00    0.97382E+02  0.12982E+03 -0.22720E+03 -0.26633E+01 -0.17568E+01  0.10795E+03      982.00
  0.74730E+00  0.38540E+03    0.45000E+00  0.45000E+00 -0.90000E+00  0.00000E+00  0.00000E+00  0.00000E+00    0.97542E+02  0.12898E+03 -0.22652E+03 -0.27662E+01 -0.18459E+01  0.10377E+03      982.00
  0.76935E+00  0.38148E+03    0.46250E+00  0.46250E+00 -0.92500E+00  0.00000E+00  0.00000E+00  0.00000E+00    0.97763E+02  0.12825E+03 -0.22602E+03 -0.28744E+01 -0.19411E+01  0.99767E+02      982.00
  0.79156E+00  0.37786E+03    0.47500E+00  0.47500E+00 -0.95000E+00  0.00000E+00  0.00000E+00  0.00000E+00    0.98047E+02  0.12757E+03 -0.22562E+03 -0.30161E+01 -0.20603E+01  0.95837E+02      982.00
  0.81395E+00  0.37455E+03    0.48750E+00  0.48750E+00 -0.97500E+00  0.00000E+00  0.00000E+00  0.00000E+00    0.98393E+02  0.12694E+03 -0.22533E+03 -0.31862E+01 -0.22000E+01  0.91994E+02      982.00
  0.83651E+00  0.37155E+03    0.50000E+00  0.50000E+00 -0.10000E+01  0.00000E+00  0.00000E+00  0.00000E+00    0.98799E+02  0.12636E+03 -0.22516E+03 -0.33794E+01 -0.23561E+01  0.88249E+02      982.00
