          Evm          Svm            E11          E22          E33          E23          E13          E12         SDEV11       SDEV22       SDEV33       SDEV23       SDEV13       SDEV12      TEMP
  0.00000E+00  0.17775E+03    0.00000E+00  0.00000E+00  0.00000E+00  0.00000E+00  0.00000E+00  0.00000E+00    0.49796E+02  0.59645E+02 -0.10944E+03  0.44270E+01  0.74191E+01  0.38080E+02      982.00
  0.23089E-01  0.16484E+03    0.12500E-01  0.12500E-01 -0.25000E-01  0.00000E+00  0.00000E+00  0.00000E+00    0.46284E+02  0.56573E+02 -0.10286E+03  0.25481E+01  0.58326E+01  0.32490E+02      982.00
  0.46488E-01  0.16224E+03    0.25000E-01  0.25000E-01 -0.50000E-01  0.00000E+00  0.00000E+00  0.00000E+00    0.44536E+02  0.56639E+02 -0.10117E+03  0.23727E+01  0.58745E+01  0.31945E+02      982.00
  0.69873E-01  0.16557E+03    0.37500E-01  0.37500E-01 -0.75000E-01  0.00000E+00  0.00000E+00  0.00000E+00    0.43897E+02  0.58500E+02 -0.10240E+03  0.27505E+01  0.63082E+01  0.34262E+02      982.00
  0.93064E-01  0.17427E+03    0.50000E-01  0.50000E-01 -0.10000E+00  0.00000E+00  0.00000E+00  0.00000E+00    0.44045E+02  0.62030E+02 -0.10607E+03  0.33179E+01  0.69383E+01  0.39301E+02      982.00
  0.11589E+00  0.18843E+03    0.62500E-01  0.62500E-01 -0.12500E+00  0.00000E+00  0.00000E+00  0.00000E+00    0.45023E+02  0.67126E+02 -0.11215E+03  0.41095E+01  0.76874E+01  0.46951E+02      982.00
  0.13821E+00  0.20967E+03    0.75000E-01  0.75000E-01 -0.15000E+00  0.00000E+00  0.00000E+00  0.00000E+00    0.46844E+02  0.74298E+02 -0.12114E+03  0.51534E+01  0.85994E+01  0.57951E+02      982.00
  0.15987E+00  0.24008E+03    0.87500E-01  0.87500E-01 -0.17500E+00  0.00000E+00  0.00000E+00  0.00000E+00    0.49556E+02  0.84159E+02 -0.13372E+03  0.64543E+01  0.97310E+01  0.73263E+02      982.00
  0.18076E+00  0.28024E+03    0.10000E+00  0.10000E+00 -0.20000E+00  0.00000E+00  0.00000E+00  0.00000E+00    0.53162E+02  0.96754E+02 -0.14992E+03  0.80001E+01  0.11043E+02  0.93066E+02      982.00
  0.20082E+00  0.32631E+03    0.11250E+00  0.11250E+00 -0.22500E+00  0.00000E+00  0.00000E+00  0.00000E+00    0.57404E+02  0.11077E+03 -0.16817E+03  0.96224E+01  0.12352E+02  0.11543E+03      982.00
  0.22015E+00  0.37090E+03    0.12500E+00  0.12500E+00 -0.25000E+00  0.00000E+00  0.00000E+00  0.00000E+00    0.61671E+02  0.12397E+03 -0.18564E+03  0.11007E+02  0.13428E+02  0.13688E+03      982.00
  0.23892E+00  0.40778E+03    0.13750E+00  0.13750E+00 -0.27500E+00  0.00000E+00  0.00000E+00  0.00000E+00    0.65486E+02  0.13460E+03 -0.20008E+03  0.12051E+02  0.14127E+02  0.15448E+03      982.00
  0.25732E+00  0.43623E+03    0.15000E+00  0.15000E+00 -0.30000E+00  0.00000E+00  0.00000E+00  0.00000E+00    0.68591E+02  0.14265E+03 -0.21124E+03  0.12777E+02  0.14500E+02  0.16799E+03      982.00
  0.27548E+00  0.45888E+03    0.16250E+00  0.16250E+00 -0.32500E+00  0.00000E+00  0.00000E+00  0.00000E+00    0.71136E+02  0.14891E+03 -0.22005E+03  0.13245E+02  0.14686E+02  0.17880E+03      982.00
  0.29346E+00  0.47610E+03    0.17500E+00  0.17500E+00 -0.35000E+00  0.00000E+00  0.00000E+00  0.00000E+00    0.73081E+02  0.15363E+03 -0.22672E+03  0.13552E+02  0.14711E+02  0.18704E+03      982.00
  0.31132E+00  0.48989E+03    0.18750E+00  0.18750E+00 -0.37500E+00  0.00000E+00  0.00000E+00  0.00000E+00    0.74544E+02  0.15742E+03 -0.23196E+03  0.13732E+02  0.14649E+02  0.19370E+03      982.00
  0.32907E+00  0.50095E+03    0.20000E+00  0.20000E+00 -0.40000E+00  0.00000E+00  0.00000E+00  0.00000E+00    0.75624E+02  0.16046E+03 -0.23609E+03  0.13831E+02  0.14525E+02  0.19912E+03      982.00
  0.34675E+00  0.51011E+03    0.21250E+00  0.21250E+00 -0.42500E+00  0.00000E+00  0.00000E+00  0.00000E+00    0.76382E+02  0.16301E+03 -0.23939E+03  0.13863E+02  0.14363E+02  0.20367E+03      982.00
  0.36434E+00  0.51743E+03    0.22500E+00  0.22500E+00 -0.45000E+00  0.00000E+00  0.00000E+00  0.00000E+00    0.76890E+02  0.16505E+03 -0.24194E+03  0.13850E+02  0.14170E+02  0.20739E+03      982.00
  0.38188E+00  0.52410E+03    0.23750E+00  0.23750E+00 -0.47500E+00  0.00000E+00  0.00000E+00  0.00000E+00    0.77189E+02  0.16695E+03 -0.24414E+03  0.13789E+02  0.13961E+02  0.21085E+03      982.00
  0.39935E+00  0.52978E+03    0.25000E+00  0.25000E+00 -0.50000E+00  0.00000E+00  0.00000E+00  0.00000E+00    0.77319E+02  0.16859E+03 -0.24591E+03  0.13693E+02  0.13738E+02  0.21387E+03      982.00
  0.41675E+00  0.53039E+03    0.26250E+00  0.26250E+00 -0.52500E+00  0.00000E+00  0.00000E+00  0.00000E+00    0.76701E+02  0.16891E+03 -0.24561E+03  0.13432E+02  0.13446E+02  0.21457E+03      982.00
  0.43412E+00  0.53130E+03    0.27500E+00  0.27500E+00 -0.55000E+00  0.00000E+00  0.00000E+00  0.00000E+00    0.76182E+02  0.16923E+03 -0.24542E+03  0.13161E+02  0.13151E+02  0.21543E+03      982.00
  0.45144E+00  0.53241E+03    0.28750E+00  0.28750E+00 -0.57500E+00  0.00000E+00  0.00000E+00  0.00000E+00    0.75653E+02  0.16963E+03 -0.24528E+03  0.12884E+02  0.12862E+02  0.21639E+03      982.00
  0.46872E+00  0.53326E+03    0.30000E+00  0.30000E+00 -0.60000E+00  0.00000E+00  0.00000E+00  0.00000E+00    0.75205E+02  0.16986E+03 -0.24507E+03  0.12606E+02  0.12568E+02  0.21723E+03      982.00
  0.48595E+00  0.53407E+03    0.31250E+00  0.31250E+00 -0.62500E+00  0.00000E+00  0.00000E+00  0.00000E+00    0.74781E+02  0.17006E+03 -0.24484E+03  0.12323E+02  0.12275E+02  0.21805E+03      982.00
  0.50314E+00  0.53486E+03    0.32500E+00  0.32500E+00 -0.65000E+00  0.00000E+00  0.00000E+00  0.00000E+00    0.74376E+02  0.17024E+03 -0.24461E+03  0.12034E+02  0.11980E+02  0.21885E+03      982.00
  0.52029E+00  0.53561E+03    0.33750E+00  0.33750E+00 -0.67500E+00  0.00000E+00  0.00000E+00  0.00000E+00    0.73988E+02  0.17039E+03 -0.24438E+03  0.11739E+02  0.11684E+02  0.21963E+03      982.00
  0.53740E+00  0.53634E+03    0.35000E+00  0.35000E+00 -0.70000E+00  0.00000E+00  0.00000E+00  0.00000E+00    0.73618E+02  0.17054E+03 -0.24416E+03  0.11438E+02  0.11387E+02  0.22038E+03      982.00
  0.55447E+00  0.53704E+03    0.36250E+00  0.36250E+00 -0.72500E+00  0.00000E+00  0.00000E+00  0.00000E+00    0.73266E+02  0.17067E+03 -0.24393E+03  0.11133E+02  0.11090E+02  0.22111E+03      982.00
  0.57151E+00  0.53794E+03    0.37500E+00  0.37500E+00 -0.75000E+00  0.00000E+00  0.00000E+00  0.00000E+00    0.72858E+02  0.17094E+03 -0.24380E+03  0.10806E+02  0.10793E+02  0.22191E+03      982.00
  0.58850E+00  0.53857E+03    0.38750E+00  0.38750E+00 -0.77500E+00  0.00000E+00  0.00000E+00  0.00000E+00    0.72549E+02  0.17104E+03 -0.24359E+03  0.10496E+02  0.10497E+02  0.22257E+03      982.00
  0.60546E+00  0.53917E+03    0.40000E+00  0.40000E+00 -0.80000E+00  0.00000E+00  0.00000E+00  0.00000E+00    0.72256E+02  0.17113E+03 -0.24339E+03  0.10186E+02  0.10204E+02  0.22321E+03      982.00
  0.62239E+00  0.53968E+03    0.41250E+00  0.41250E+00 -0.82500E+00  0.00000E+00  0.00000E+00  0.00000E+00    0.72031E+02  0.17116E+03 -0.24319E+03  0.98944E+01  0.99244E+01  0.22378E+03      982.00
  0.63929E+00  0.54023E+03    0.42500E+00  0.42500E+00 -0.85000E+00  0.00000E+00  0.00000E+00  0.00000E+00    0.71775E+02  0.17124E+03 -0.24301E+03  0.95843E+01  0.96360E+01  0.22435E+03      982.00
  0.65616E+00  0.54097E+03    0.43750E+00  0.43750E+00 -0.87500E+00  0.00000E+00  0.00000E+00  0.00000E+00    0.71416E+02  0.17150E+03 -0.24292E+03  0.92471E+01  0.93410E+01  0.22498E+03      982.00
  0.67300E+00  0.54146E+03    0.45000E+00  0.45000E+00 -0.90000E+00  0.00000E+00  0.00000E+00  0.00000E+00    0.71207E+02  0.17156E+03 -0.24276E+03  0.89471E+01  0.90648E+01  0.22549E+03      982.00
  0.68981E+00  0.54191E+03    0.46250E+00  0.46250E+00 -0.92500E+00  0.00000E+00  0.00000E+00  0.00000E+00    0.71009E+02  0.17161E+03 -0.24262E+03  0.86516E+01  0.87938E+01  0.22596E+03      982.00
  0.70660E+00  0.54238E+03    0.47500E+00  0.47500E+00 -0.95000E+00  0.00000E+00  0.00000E+00  0.00000E+00    0.70832E+02  0.17167E+03 -0.24250E+03  0.83639E+01  0.85337E+01  0.22642E+03      982.00
  0.72336E+00  0.54278E+03    0.48750E+00  0.48750E+00 -0.97500E+00  0.00000E+00  0.00000E+00  0.00000E+00    0.70643E+02  0.17174E+03 -0.24238E+03  0.80791E+01  0.82749E+01  0.22683E+03      982.00
  0.74011E+00  0.54315E+03    0.50000E+00  0.50000E+00 -0.10000E+01  0.00000E+00  0.00000E+00  0.00000E+00    0.70485E+02  0.17179E+03 -0.24227E+03  0.78017E+01  0.80241E+01  0.22721E+03      982.00
