          Evm          Svm            E11          E22          E33          E23          E13          E12         SDEV11       SDEV22       SDEV33       SDEV23       SDEV13       SDEV12      TEMP
  0.00000E+00  0.17746E+03    0.00000E+00  0.00000E+00  0.00000E+00  0.00000E+00  0.00000E+00  0.00000E+00    0.52057E+02  0.56524E+02 -0.10858E+03 -0.13843E+02 -0.11476E+02  0.36429E+02      982.00
  0.22944E-01  0.17760E+03    0.12500E-01  0.12500E-01 -0.25000E-01  0.00000E+00  0.00000E+00  0.00000E+00    0.51495E+02  0.56854E+02 -0.10835E+03 -0.11262E+02 -0.95008E+01  0.38539E+02      982.00
  0.45822E-01  0.16982E+03    0.25000E-01  0.25000E-01 -0.50000E-01  0.00000E+00  0.00000E+00  0.00000E+00    0.50458E+02  0.53807E+02 -0.10426E+03 -0.83339E+01 -0.68636E+01  0.36616E+02      982.00
  0.68845E-01  0.17031E+03    0.37500E-01  0.37500E-01 -0.75000E-01  0.00000E+00  0.00000E+00  0.00000E+00    0.51172E+02  0.52796E+02 -0.10397E+03 -0.69221E+01 -0.55948E+01  0.38497E+02      982.00
  0.91737E-01  0.18215E+03    0.50000E-01  0.50000E-01 -0.10000E+00  0.00000E+00  0.00000E+00  0.00000E+00    0.54090E+02  0.54765E+02 -0.10885E+03 -0.66270E+01 -0.53974E+01  0.45816E+02      982.00
  0.11415E+00  0.20491E+03    0.62500E-01  0.62500E-01 -0.12500E+00  0.00000E+00  0.00000E+00  0.00000E+00    0.59129E+02  0.59216E+02 -0.11835E+03 -0.69907E+01 -0.58418E+01  0.58380E+02      982.00
  0.13581E+00  0.23987E+03    0.75000E-01  0.75000E-01 -0.15000E+00  0.00000E+00  0.00000E+00  0.00000E+00    0.66456E+02  0.66084E+02 -0.13254E+03 -0.78157E+01 -0.67528E+01  0.76797E+02      982.00
  0.15653E+00  0.28690E+03    0.87500E-01  0.87500E-01 -0.17500E+00  0.00000E+00  0.00000E+00  0.00000E+00    0.75937E+02  0.75122E+02 -0.15106E+03 -0.89397E+01 -0.79908E+01  0.10089E+03      982.00
  0.17627E+00  0.33951E+03    0.10000E+00  0.10000E+00 -0.20000E+00  0.00000E+00  0.00000E+00  0.00000E+00    0.86296E+02  0.85030E+02 -0.17133E+03 -0.10058E+02 -0.92761E+01  0.12735E+03      982.00
  0.19520E+00  0.38726E+03    0.11250E+00  0.11250E+00 -0.22500E+00  0.00000E+00  0.00000E+00  0.00000E+00    0.95583E+02  0.93942E+02 -0.18952E+03 -0.10886E+02 -0.10324E+02  0.15108E+03      982.00
  0.21355E+00  0.42518E+03    0.12500E+00  0.12500E+00 -0.25000E+00  0.00000E+00  0.00000E+00  0.00000E+00    0.10290E+03  0.10104E+03 -0.20394E+03 -0.11402E+02 -0.11083E+02  0.16974E+03      982.00
  0.23153E+00  0.45408E+03    0.13750E+00  0.13750E+00 -0.27500E+00  0.00000E+00  0.00000E+00  0.00000E+00    0.10844E+03  0.10648E+03 -0.21491E+03 -0.11692E+02 -0.11617E+02  0.18389E+03      982.00
  0.24928E+00  0.47584E+03    0.15000E+00  0.15000E+00 -0.30000E+00  0.00000E+00  0.00000E+00  0.00000E+00    0.11257E+03  0.11058E+03 -0.22315E+03 -0.11852E+02 -0.12005E+02  0.19453E+03      982.00
  0.26687E+00  0.49303E+03    0.16250E+00  0.16250E+00 -0.32500E+00  0.00000E+00  0.00000E+00  0.00000E+00    0.11580E+03  0.11381E+03 -0.22961E+03 -0.11917E+02 -0.12286E+02  0.20296E+03      982.00
  0.28433E+00  0.50617E+03    0.17500E+00  0.17500E+00 -0.35000E+00  0.00000E+00  0.00000E+00  0.00000E+00    0.11823E+03  0.11624E+03 -0.23447E+03 -0.11939E+02 -0.12498E+02  0.20945E+03      982.00
  0.30170E+00  0.51695E+03    0.18750E+00  0.18750E+00 -0.37500E+00  0.00000E+00  0.00000E+00  0.00000E+00    0.12019E+03  0.11819E+03 -0.23838E+03 -0.11905E+02 -0.12643E+02  0.21485E+03      982.00
  0.31900E+00  0.52604E+03    0.20000E+00  0.20000E+00 -0.40000E+00  0.00000E+00  0.00000E+00  0.00000E+00    0.12179E+03  0.11977E+03 -0.24156E+03 -0.11815E+02 -0.12730E+02  0.21948E+03      982.00
  0.33622E+00  0.53302E+03    0.21250E+00  0.21250E+00 -0.42500E+00  0.00000E+00  0.00000E+00  0.00000E+00    0.12297E+03  0.12096E+03 -0.24393E+03 -0.11729E+02 -0.12789E+02  0.22310E+03      982.00
  0.35338E+00  0.53963E+03    0.22500E+00  0.22500E+00 -0.45000E+00  0.00000E+00  0.00000E+00  0.00000E+00    0.12406E+03  0.12202E+03 -0.24608E+03 -0.11589E+02 -0.12801E+02  0.22661E+03      982.00
  0.37048E+00  0.54487E+03    0.23750E+00  0.23750E+00 -0.47500E+00  0.00000E+00  0.00000E+00  0.00000E+00    0.12487E+03  0.12284E+03 -0.24771E+03 -0.11444E+02 -0.12786E+02  0.22945E+03      982.00
  0.38753E+00  0.54946E+03    0.25000E+00  0.25000E+00 -0.50000E+00  0.00000E+00  0.00000E+00  0.00000E+00    0.12554E+03  0.12352E+03 -0.24906E+03 -0.11272E+02 -0.12734E+02  0.23200E+03      982.00
  0.40452E+00  0.55350E+03    0.26250E+00  0.26250E+00 -0.52500E+00  0.00000E+00  0.00000E+00  0.00000E+00    0.12609E+03  0.12409E+03 -0.25018E+03 -0.11075E+02 -0.12648E+02  0.23430E+03      982.00
  0.42147E+00  0.55710E+03    0.27500E+00  0.27500E+00 -0.55000E+00  0.00000E+00  0.00000E+00  0.00000E+00    0.12654E+03  0.12457E+03 -0.25111E+03 -0.10856E+02 -0.12532E+02  0.23639E+03      982.00
  0.43838E+00  0.55831E+03    0.28750E+00  0.28750E+00 -0.57500E+00  0.00000E+00  0.00000E+00  0.00000E+00    0.12665E+03  0.12443E+03 -0.25109E+03 -0.10555E+02 -0.12281E+02  0.23739E+03      982.00
  0.45524E+00  0.55883E+03    0.30000E+00  0.30000E+00 -0.60000E+00  0.00000E+00  0.00000E+00  0.00000E+00    0.12649E+03  0.12432E+03 -0.25082E+03 -0.10301E+02 -0.12073E+02  0.23804E+03      982.00
  0.47207E+00  0.55970E+03    0.31250E+00  0.31250E+00 -0.62500E+00  0.00000E+00  0.00000E+00  0.00000E+00    0.12652E+03  0.12418E+03 -0.25070E+03 -0.99799E+01 -0.11794E+02  0.23884E+03      982.00
  0.48887E+00  0.56032E+03    0.32500E+00  0.32500E+00 -0.65000E+00  0.00000E+00  0.00000E+00  0.00000E+00    0.12644E+03  0.12406E+03 -0.25051E+03 -0.96939E+01 -0.11542E+02  0.23949E+03      982.00
  0.50563E+00  0.56089E+03    0.33750E+00  0.33750E+00 -0.67500E+00  0.00000E+00  0.00000E+00  0.00000E+00    0.12638E+03  0.12394E+03 -0.25032E+03 -0.94108E+01 -0.11286E+02  0.24011E+03      982.00
  0.52237E+00  0.56142E+03    0.35000E+00  0.35000E+00 -0.70000E+00  0.00000E+00  0.00000E+00  0.00000E+00    0.12634E+03  0.12381E+03 -0.25015E+03 -0.91321E+01 -0.11028E+02  0.24068E+03      982.00
  0.53908E+00  0.56191E+03    0.36250E+00  0.36250E+00 -0.72500E+00  0.00000E+00  0.00000E+00  0.00000E+00    0.12630E+03  0.12368E+03 -0.24998E+03 -0.88587E+01 -0.10771E+02  0.24121E+03      982.00
  0.55576E+00  0.56237E+03    0.37500E+00  0.37500E+00 -0.75000E+00  0.00000E+00  0.00000E+00  0.00000E+00    0.12627E+03  0.12356E+03 -0.24983E+03 -0.85916E+01 -0.10515E+02  0.24171E+03      982.00
  0.57242E+00  0.56280E+03    0.38750E+00  0.38750E+00 -0.77500E+00  0.00000E+00  0.00000E+00  0.00000E+00    0.12625E+03  0.12343E+03 -0.24968E+03 -0.83312E+01 -0.10261E+02  0.24218E+03      982.00
  0.58906E+00  0.56334E+03    0.40000E+00  0.40000E+00 -0.80000E+00  0.00000E+00  0.00000E+00  0.00000E+00    0.12631E+03  0.12328E+03 -0.24959E+03 -0.79878E+01 -0.99208E+01  0.24269E+03      982.00
  0.60567E+00  0.56373E+03    0.41250E+00  0.41250E+00 -0.82500E+00  0.00000E+00  0.00000E+00  0.00000E+00    0.12634E+03  0.12313E+03 -0.24947E+03 -0.77571E+01 -0.96874E+01  0.24310E+03      982.00
  0.62227E+00  0.56404E+03    0.42500E+00  0.42500E+00 -0.85000E+00  0.00000E+00  0.00000E+00  0.00000E+00    0.12636E+03  0.12299E+03 -0.24935E+03 -0.75235E+01 -0.94492E+01  0.24345E+03      982.00
  0.63884E+00  0.56433E+03    0.43750E+00  0.43750E+00 -0.87500E+00  0.00000E+00  0.00000E+00  0.00000E+00    0.12638E+03  0.12285E+03 -0.24923E+03 -0.72964E+01 -0.92156E+01  0.24378E+03      982.00
  0.65541E+00  0.56460E+03    0.45000E+00  0.45000E+00 -0.90000E+00  0.00000E+00  0.00000E+00  0.00000E+00    0.12641E+03  0.12272E+03 -0.24913E+03 -0.70764E+01 -0.89873E+01  0.24408E+03      982.00
  0.67195E+00  0.56481E+03    0.46250E+00  0.46250E+00 -0.92500E+00  0.00000E+00  0.00000E+00  0.00000E+00    0.12645E+03  0.12260E+03 -0.24905E+03 -0.68864E+01 -0.87920E+01  0.24431E+03      982.00
  0.68849E+00  0.56502E+03    0.47500E+00  0.47500E+00 -0.95000E+00  0.00000E+00  0.00000E+00  0.00000E+00    0.12648E+03  0.12247E+03 -0.24895E+03 -0.66803E+01 -0.85749E+01  0.24456E+03      982.00
  0.70501E+00  0.56523E+03    0.48750E+00  0.48750E+00 -0.97500E+00  0.00000E+00  0.00000E+00  0.00000E+00    0.12652E+03  0.12235E+03 -0.24887E+03 -0.64795E+01 -0.83620E+01  0.24480E+03      982.00
  0.72152E+00  0.56541E+03    0.50000E+00  0.50000E+00 -0.10000E+01  0.00000E+00  0.00000E+00  0.00000E+00    0.12657E+03  0.12222E+03 -0.24879E+03 -0.62848E+01 -0.81544E+01  0.24501E+03      982.00
